TN:
SF:src/db/db1.js
FN:9,getOrCreateCart
FN:61,getCartById
FN:76,getCartItems
FN:91,getCartItem
FN:106,addItemToCart
FN:168,updateItemQuantity
FN:219,removeItemFromCart
FN:250,clearCart
FN:276,logCartHistory
FNF:9
FNH:9
FNDA:10,getOrCreateCart
FNDA:16,getCartById
FNDA:16,getCartItems
FNDA:36,getCartItem
FNDA:6,addItemToCart
FNDA:9,updateItemQuantity
FNDA:5,removeItemFromCart
FNDA:4,clearCart
FNDA:21,logCartHistory
DA:1,1
DA:2,1
DA:3,1
DA:4,1
DA:5,1
DA:6,1
DA:7,1
DA:8,1
DA:9,1
DA:10,10
DA:11,10
DA:12,10
DA:13,10
DA:14,10
DA:15,10
DA:16,8
DA:17,8
DA:18,8
DA:19,6
DA:20,8
DA:21,4
DA:22,4
DA:23,10
DA:24,2
DA:25,2
DA:26,2
DA:27,2
DA:28,2
DA:29,2
DA:30,2
DA:31,2
DA:32,2
DA:33,2
DA:34,2
DA:35,2
DA:36,2
DA:37,2
DA:38,2
DA:39,2
DA:40,2
DA:41,10
DA:42,10
DA:43,10
DA:44,10
DA:45,10
DA:46,10
DA:47,10
DA:48,10
DA:49,1
DA:50,1
DA:51,1
DA:52,10
DA:53,3
DA:54,3
DA:55,3
DA:56,10
DA:57,1
DA:58,1
DA:59,1
DA:60,1
DA:61,1
DA:62,16
DA:63,16
DA:64,16
DA:65,16
DA:66,16
DA:67,16
DA:68,0
DA:69,0
DA:70,0
DA:71,16
DA:72,1
DA:73,1
DA:74,1
DA:75,1
DA:76,1
DA:77,16
DA:78,16
DA:79,16
DA:80,16
DA:81,16
DA:82,16
DA:83,0
DA:84,0
DA:85,0
DA:86,16
DA:87,1
DA:88,1
DA:89,1
DA:90,1
DA:91,1
DA:92,36
DA:93,36
DA:94,36
DA:95,36
DA:96,36
DA:97,36
DA:98,0
DA:99,0
DA:100,0
DA:101,36
DA:102,1
DA:103,1
DA:104,1
DA:105,1
DA:106,1
DA:107,6
DA:108,6
DA:109,6
DA:110,6
DA:111,6
DA:112,6
DA:113,6
DA:114,5
DA:115,6
DA:116,1
DA:117,1
DA:118,1
DA:119,1
DA:120,1
DA:121,1
DA:122,1
DA:123,1
DA:124,1
DA:125,1
DA:126,1
DA:127,1
DA:128,1
DA:129,1
DA:130,1
DA:131,1
DA:132,1
DA:133,6
DA:134,4
DA:135,4
DA:136,4
DA:137,4
DA:138,4
DA:139,4
DA:140,4
DA:141,4
DA:142,4
DA:143,4
DA:144,4
DA:145,4
DA:146,4
DA:147,4
DA:148,4
DA:149,4
DA:150,4
DA:151,4
DA:152,4
DA:153,4
DA:154,4
DA:155,4
DA:156,4
DA:157,4
DA:158,4
DA:159,6
DA:160,1
DA:161,1
DA:162,1
DA:163,6
DA:164,1
DA:165,1
DA:166,1
DA:167,1
DA:168,1
DA:169,9
DA:170,9
DA:171,9
DA:172,1
DA:173,1
DA:174,8
DA:175,8
DA:176,8
DA:177,9
DA:178,3
DA:179,3
DA:180,3
DA:181,3
DA:182,3
DA:183,3
DA:184,3
DA:185,3
DA:186,3
DA:187,3
DA:188,3
DA:189,3
DA:190,3
DA:191,3
DA:192,9
DA:193,5
DA:194,5
DA:195,5
DA:196,5
DA:197,5
DA:198,5
DA:199,5
DA:200,5
DA:201,5
DA:202,5
DA:203,5
DA:204,5
DA:205,5
DA:206,5
DA:207,5
DA:208,5
DA:209,5
DA:210,9
DA:211,1
DA:212,1
DA:213,1
DA:214,9
DA:215,1
DA:216,1
DA:217,1
DA:218,1
DA:219,1
DA:220,5
DA:221,5
DA:222,5
DA:223,1
DA:224,1
DA:225,4
DA:226,4
DA:227,4
DA:228,4
DA:229,4
DA:230,4
DA:231,4
DA:232,4
DA:233,4
DA:234,4
DA:235,4
DA:236,4
DA:237,4
DA:238,4
DA:239,4
DA:240,4
DA:241,5
DA:242,1
DA:243,1
DA:244,1
DA:245,5
DA:246,1
DA:247,1
DA:248,1
DA:249,1
DA:250,1
DA:251,4
DA:252,4
DA:253,4
DA:254,4
DA:255,4
DA:256,4
DA:257,4
DA:258,4
DA:259,4
DA:260,4
DA:261,4
DA:262,4
DA:263,4
DA:264,4
DA:265,4
DA:266,4
DA:267,4
DA:268,0
DA:269,0
DA:270,0
DA:271,4
DA:272,1
DA:273,1
DA:274,1
DA:275,1
DA:276,21
DA:277,21
DA:278,21
DA:279,21
DA:280,21
DA:281,21
DA:282,21
DA:283,21
DA:284,21
DA:285,21
DA:286,21
DA:287,21
DA:288,21
DA:289,21
DA:290,21
DA:291,21
DA:292,21
DA:293,9
DA:294,9
DA:295,9
DA:296,21
LF:296
LH:284
BRDA:1,0,0,1
BRDA:9,1,0,10
BRDA:15,2,0,8
BRDA:19,3,0,6
BRDA:20,4,0,4
BRDA:23,5,0,2
BRDA:41,6,0,0
BRDA:42,7,0,1
BRDA:49,8,0,1
BRDA:52,9,0,3
BRDA:61,10,0,16
BRDA:66,11,0,4
BRDA:67,12,0,0
BRDA:76,13,0,16
BRDA:81,14,0,0
BRDA:82,15,0,0
BRDA:91,16,0,36
BRDA:96,17,0,4
BRDA:97,18,0,0
BRDA:106,19,0,6
BRDA:114,20,0,5
BRDA:115,21,0,1
BRDA:133,22,0,4
BRDA:159,23,0,1
BRDA:168,24,0,9
BRDA:171,25,0,1
BRDA:174,26,0,8
BRDA:177,27,0,3
BRDA:192,28,0,5
BRDA:210,29,0,1
BRDA:219,30,0,5
BRDA:222,31,0,1
BRDA:225,32,0,4
BRDA:241,33,0,1
BRDA:250,34,0,4
BRDA:267,35,0,0
BRDA:276,36,0,21
BRDA:286,37,0,0
BRDA:287,38,0,4
BRDA:288,39,0,2
BRDA:292,40,0,12
BRDA:292,41,0,9
BRF:42
BRH:35
end_of_record
TN:
SF:src/handlers/cartHandlers.js
FN:9,getCart
FN:43,getCartById
FN:86,addItem
FN:135,updateQuantity
FN:195,removeItem
FN:240,clearCart
FN:273,getTotal
FNF:7
FNH:7
FNDA:5,getCart
FNDA:4,getCartById
FNDA:7,addItem
FNDA:6,updateQuantity
FNDA:3,removeItem
FNDA:3,clearCart
FNDA:3,getTotal
DA:1,1
DA:2,1
DA:3,1
DA:4,1
DA:5,1
DA:6,1
DA:7,1
DA:8,1
DA:9,1
DA:10,5
DA:11,5
DA:12,5
DA:13,5
DA:14,5
DA:15,5
DA:16,1
DA:17,1
DA:18,1
DA:19,1
DA:20,1
DA:21,1
DA:22,1
DA:23,1
DA:24,4
DA:25,4
DA:26,3
DA:27,3
DA:28,3
DA:29,3
DA:30,3
DA:31,5
DA:32,1
DA:33,1
DA:34,1
DA:35,1
DA:36,1
DA:37,1
DA:38,5
DA:39,1
DA:40,1
DA:41,1
DA:42,1
DA:43,1
DA:44,4
DA:45,4
DA:46,4
DA:47,4
DA:48,4
DA:49,1
DA:50,1
DA:51,1
DA:52,1
DA:53,1
DA:54,1
DA:55,1
DA:56,1
DA:57,3
DA:58,3
DA:59,3
DA:60,4
DA:61,1
DA:62,1
DA:63,1
DA:64,1
DA:65,1
DA:66,1
DA:67,1
DA:68,1
DA:69,2
DA:70,2
DA:71,2
DA:72,2
DA:73,2
DA:74,4
DA:75,0
DA:76,0
DA:77,0
DA:78,0
DA:79,0
DA:80,0
DA:81,4
DA:82,1
DA:83,1
DA:84,1
DA:85,1
DA:86,1
DA:87,7
DA:88,7
DA:89,7
DA:90,7
DA:91,7
DA:92,7
DA:93,7
DA:94,7
DA:95,1
DA:96,1
DA:97,1
DA:98,1
DA:99,1
DA:100,1
DA:101,1
DA:102,1
DA:103,6
DA:104,6
DA:105,6
DA:106,7
DA:107,1
DA:108,1
DA:109,1
DA:110,1
DA:111,1
DA:112,1
DA:113,1
DA:114,1
DA:115,5
DA:116,5
DA:117,2
DA:118,2
DA:119,2
DA:120,2
DA:121,2
DA:122,7
DA:123,3
DA:124,3
DA:125,3
DA:126,3
DA:127,3
DA:128,3
DA:129,3
DA:130,7
DA:131,1
DA:132,1
DA:133,1
DA:134,1
DA:135,1
DA:136,6
DA:137,6
DA:138,6
DA:139,6
DA:140,6
DA:141,6
DA:142,6
DA:143,6
DA:144,6
DA:145,1
DA:146,1
DA:147,1
DA:148,1
DA:149,1
DA:150,1
DA:151,1
DA:152,1
DA:153,5
DA:154,5
DA:155,6
DA:156,1
DA:157,1
DA:158,1
DA:159,1
DA:160,1
DA:161,1
DA:162,1
DA:163,1
DA:164,4
DA:165,4
DA:166,4
DA:167,4
DA:168,4
DA:169,3
DA:170,6
DA:171,1
DA:172,1
DA:173,1
DA:174,1
DA:175,1
DA:176,1
DA:177,2
DA:178,2
DA:179,2
DA:180,2
DA:181,2
DA:182,6
DA:183,1
DA:184,1
DA:185,1
DA:186,1
DA:187,1
DA:188,1
DA:189,1
DA:190,6
DA:191,1
DA:192,1
DA:193,1
DA:194,1
DA:195,1
DA:196,3
DA:197,3
DA:198,3
DA:199,3
DA:200,3
DA:201,3
DA:202,1
DA:203,1
DA:204,1
DA:205,1
DA:206,1
DA:207,1
DA:208,1
DA:209,1
DA:210,2
DA:211,2
DA:212,3
DA:213,0
DA:214,0
DA:215,0
DA:216,0
DA:217,0
DA:218,0
DA:219,0
DA:220,0
DA:221,2
DA:222,2
DA:223,2
DA:224,2
DA:225,2
DA:226,2
DA:227,2
DA:228,3
DA:229,0
DA:230,0
DA:231,0
DA:232,0
DA:233,0
DA:234,0
DA:235,3
DA:236,1
DA:237,1
DA:238,1
DA:239,1
DA:240,1
DA:241,3
DA:242,3
DA:243,3
DA:244,3
DA:245,3
DA:246,1
DA:247,1
DA:248,1
DA:249,1
DA:250,1
DA:251,1
DA:252,1
DA:253,1
DA:254,2
DA:255,2
DA:256,2
DA:257,2
DA:258,2
DA:259,2
DA:260,2
DA:261,3
DA:262,0
DA:263,0
DA:264,0
DA:265,0
DA:266,0
DA:267,0
DA:268,3
DA:269,1
DA:270,1
DA:271,1
DA:272,1
DA:273,1
DA:274,3
DA:275,3
DA:276,3
DA:277,3
DA:278,3
DA:279,1
DA:280,1
DA:281,1
DA:282,1
DA:283,1
DA:284,1
DA:285,1
DA:286,1
DA:287,2
DA:288,2
DA:289,2
DA:290,2
DA:291,2
DA:292,2
DA:293,2
DA:294,3
DA:295,0
DA:296,0
DA:297,0
DA:298,0
DA:299,0
DA:300,0
DA:301,3
LF:301
LH:269
BRDA:1,0,0,1
BRDA:9,1,0,5
BRDA:12,2,0,2
BRDA:13,3,0,4
BRDA:15,4,0,2
BRDA:15,5,0,1
BRDA:24,6,0,4
BRDA:26,7,0,3
BRDA:31,8,0,1
BRDA:43,9,0,4
BRDA:48,10,0,1
BRDA:52,11,0,0
BRDA:57,12,0,3
BRDA:60,13,0,1
BRDA:69,14,0,2
BRDA:74,15,0,0
BRDA:86,16,0,7
BRDA:91,17,0,0
BRDA:94,18,0,1
BRDA:98,19,0,0
BRDA:103,20,0,6
BRDA:106,21,0,5
BRDA:106,22,0,1
BRDA:115,23,0,5
BRDA:117,24,0,2
BRDA:122,25,0,3
BRDA:124,26,0,1
BRDA:124,27,0,2
BRDA:124,28,0,1
BRDA:135,29,0,6
BRDA:141,30,0,0
BRDA:144,31,0,1
BRDA:148,32,0,0
BRDA:153,33,0,5
BRDA:155,34,0,1
BRDA:159,35,0,0
BRDA:164,36,0,4
BRDA:169,37,0,3
BRDA:170,38,0,1
BRDA:177,39,0,2
BRDA:182,40,0,1
BRDA:184,41,0,0
BRDA:184,42,0,0
BRDA:195,43,0,3
BRDA:201,44,0,1
BRDA:205,45,0,0
BRDA:210,46,0,2
BRDA:212,47,0,0
BRDA:221,48,0,2
BRDA:228,49,0,0
BRDA:240,50,0,3
BRDA:245,51,0,1
BRDA:249,52,0,0
BRDA:254,53,0,2
BRDA:261,54,0,0
BRDA:273,55,0,3
BRDA:278,56,0,1
BRDA:282,57,0,0
BRDA:287,58,0,2
BRDA:294,59,0,0
BRF:60
BRH:44
end_of_record
TN:
SF:src/middleware/cors.js
FN:7,handleCORS
FN:26,addCORSHeaders
FN:55,withCORS
FNF:3
FNH:3
FNDA:5,handleCORS
FNDA:6,addCORSHeaders
FNDA:3,withCORS
DA:1,1
DA:2,1
DA:3,1
DA:4,1
DA:5,1
DA:6,1
DA:7,1
DA:8,5
DA:9,5
DA:10,5
DA:11,5
DA:12,5
DA:13,5
DA:14,5
DA:15,5
DA:16,5
DA:17,5
DA:18,5
DA:19,5
DA:20,5
DA:21,5
DA:22,1
DA:23,1
DA:24,1
DA:25,1
DA:26,1
DA:27,6
DA:28,1
DA:29,1
DA:30,5
DA:31,5
DA:32,6
DA:33,6
DA:34,6
DA:35,6
DA:36,6
DA:37,6
DA:38,6
DA:39,6
DA:40,2
DA:41,2
DA:42,5
DA:43,5
DA:44,5
DA:45,5
DA:46,5
DA:47,5
DA:48,5
DA:49,6
DA:50,1
DA:51,1
DA:52,1
DA:53,1
DA:54,1
DA:55,1
DA:56,3
DA:57,3
DA:58,3
DA:59,1
DA:60,1
DA:61,2
DA:62,2
DA:63,2
DA:64,2
DA:65,2
DA:66,2
DA:67,3
DA:68,3
LF:68
LH:68
BRDA:1,0,0,1
BRDA:7,1,0,5
BRDA:9,2,0,2
BRDA:17,3,0,3
BRDA:17,4,0,2
BRDA:26,5,0,6
BRDA:27,6,0,1
BRDA:30,7,0,5
BRDA:32,8,0,3
BRDA:39,9,0,2
BRDA:42,10,0,5
BRDA:55,11,0,3
BRDA:56,12,0,3
BRDA:58,13,0,1
BRDA:61,14,0,2
BRF:15
BRH:15
end_of_record
TN:
SF:src/middleware/logger.js
FN:8,withLogger
FNF:1
FNH:1
FNDA:7,withLogger
DA:1,1
DA:2,1
DA:3,1
DA:4,1
DA:5,1
DA:6,1
DA:7,1
DA:8,1
DA:9,7
DA:10,7
DA:11,7
DA:12,7
DA:13,7
DA:14,7
DA:15,7
DA:16,7
DA:17,6
DA:18,6
DA:19,6
DA:20,6
DA:21,6
DA:22,6
DA:23,7
DA:24,7
DA:25,7
DA:26,6
DA:27,6
DA:28,6
DA:29,6
DA:30,6
DA:31,6
DA:32,7
DA:33,7
DA:34,7
DA:35,7
DA:36,7
DA:37,7
DA:38,7
DA:39,7
DA:40,7
DA:41,7
DA:42,7
DA:43,7
DA:44,1
DA:45,1
DA:46,1
DA:47,1
DA:48,1
DA:49,1
DA:50,7
DA:51,7
DA:52,7
DA:53,7
DA:54,6
DA:55,6
DA:56,6
DA:57,6
DA:58,6
DA:59,6
DA:60,6
DA:61,5
DA:62,5
DA:63,5
DA:64,5
DA:65,5
DA:66,6
DA:67,6
DA:68,6
DA:69,6
DA:70,6
DA:71,6
DA:72,6
DA:73,7
DA:74,1
DA:75,1
DA:76,1
DA:77,1
DA:78,1
DA:79,1
DA:80,1
DA:81,1
DA:82,1
DA:83,1
DA:84,1
DA:85,1
DA:86,1
DA:87,7
DA:88,0
DA:89,0
DA:90,0
DA:91,0
DA:92,0
DA:93,0
DA:94,0
DA:95,0
DA:96,7
DA:97,7
LF:97
LH:89
BRDA:1,0,0,1
BRDA:8,1,0,7
BRDA:9,2,0,7
BRDA:12,3,0,6
BRDA:12,4,0,1
BRDA:13,5,0,6
BRDA:13,6,0,1
BRDA:16,7,0,6
BRDA:18,8,0,1
BRDA:20,9,0,1
BRDA:21,10,0,1
BRDA:25,11,0,6
BRDA:43,12,0,6
BRDA:43,13,0,1
BRDA:46,14,0,0
BRDA:53,15,0,6
BRDA:60,16,0,5
BRDA:73,17,0,1
BRDA:87,18,0,0
BRF:19
BRH:17
end_of_record
TN:
SF:src/middleware/validate.js
FN:7,validateBody
FN:46,validateQuery
FNF:2
FNH:2
FNDA:4,validateBody
FNDA:3,validateQuery
DA:1,1
DA:2,1
DA:3,1
DA:4,1
DA:5,1
DA:6,1
DA:7,1
DA:8,4
DA:9,4
DA:10,4
DA:11,3
DA:12,3
DA:13,4
DA:14,1
DA:15,1
DA:16,1
DA:17,1
DA:18,1
DA:19,1
DA:20,1
DA:21,1
DA:22,1
DA:23,1
DA:24,1
DA:25,1
DA:26,1
DA:27,2
DA:28,2
DA:29,2
DA:30,4
DA:31,1
DA:32,1
DA:33,1
DA:34,1
DA:35,1
DA:36,1
DA:37,1
DA:38,1
DA:39,1
DA:40,4
DA:41,4
DA:42,1
DA:43,1
DA:44,1
DA:45,1
DA:46,1
DA:47,3
DA:48,3
DA:49,3
DA:50,3
DA:51,3
DA:52,3
DA:53,3
DA:54,3
DA:55,3
DA:56,3
DA:57,3
DA:58,3
DA:59,1
DA:60,1
DA:61,1
DA:62,1
DA:63,1
DA:64,1
DA:65,1
DA:66,1
DA:67,1
DA:68,1
DA:69,1
DA:70,1
DA:71,1
DA:72,2
DA:73,2
DA:74,2
DA:75,3
DA:76,3
LF:76
LH:76
BRDA:1,0,0,1
BRDA:7,1,0,4
BRDA:8,2,0,4
BRDA:11,3,0,3
BRDA:13,4,0,1
BRDA:27,5,0,2
BRDA:30,6,0,1
BRDA:18,7,0,1
BRDA:46,8,0,3
BRDA:47,9,0,3
BRDA:58,10,0,1
BRDA:72,11,0,2
BRDA:63,12,0,1
BRF:13
BRH:13
end_of_record
TN:
SF:src/routers/cart.js
FNF:0
FNH:0
DA:1,1
DA:2,1
DA:3,1
DA:4,1
DA:5,1
DA:6,1
DA:7,1
DA:8,1
DA:9,1
DA:10,1
DA:11,1
DA:12,1
DA:13,1
DA:14,1
DA:15,1
DA:16,1
DA:17,1
DA:18,1
DA:19,1
DA:20,1
DA:21,1
DA:22,1
DA:23,1
DA:24,1
DA:25,1
DA:26,1
DA:27,1
DA:28,1
DA:29,1
DA:30,1
DA:31,1
DA:32,1
DA:33,1
DA:34,1
DA:35,1
DA:36,1
DA:37,9
DA:38,9
DA:39,9
DA:40,9
DA:41,9
DA:42,9
DA:43,9
DA:44,9
DA:45,9
DA:46,9
DA:47,9
DA:48,9
DA:49,1
DA:50,1
DA:51,1
DA:52,1
DA:53,1
DA:54,1
DA:55,1
DA:56,1
DA:57,1
DA:58,8
DA:59,8
DA:60,8
DA:61,8
DA:62,8
DA:63,8
DA:64,8
DA:65,8
DA:66,8
DA:67,9
DA:68,1
DA:69,1
DA:70,1
DA:71,1
DA:72,1
DA:73,1
DA:74,1
DA:75,1
DA:76,1
DA:77,1
DA:78,7
DA:79,7
DA:80,7
DA:81,9
DA:82,3
DA:83,3
DA:84,3
DA:85,3
DA:86,3
DA:87,3
DA:88,3
DA:89,3
DA:90,3
DA:91,0
DA:92,3
DA:93,0
DA:94,3
DA:95,3
DA:96,3
DA:97,3
DA:98,3
DA:99,3
DA:100,3
DA:101,3
DA:102,3
DA:103,3
DA:104,3
DA:105,3
DA:106,3
DA:107,3
DA:108,4
DA:109,4
DA:110,9
DA:111,1
DA:112,1
DA:113,1
DA:114,1
DA:115,1
DA:116,1
DA:117,1
DA:118,1
DA:119,3
DA:120,3
DA:121,3
DA:122,3
DA:123,3
DA:124,3
DA:125,3
DA:126,3
DA:127,3
DA:128,9
DA:129,1
DA:130,1
DA:131,1
DA:132,1
DA:133,1
DA:134,2
DA:135,2
DA:136,2
DA:137,1
DA:138,1
DA:139,1
DA:140,1
DA:141,1
DA:142,2
DA:143,2
DA:144,2
DA:145,2
DA:146,9
DA:147,9
DA:148,0
DA:149,0
DA:150,0
DA:151,0
DA:152,0
DA:153,0
DA:154,9
DA:155,1
DA:156,1
DA:157,1
DA:158,1
DA:159,4
DA:160,4
DA:161,4
DA:162,4
DA:163,1
DA:164,1
DA:165,1
DA:166,1
DA:167,1
DA:168,1
DA:169,1
DA:170,1
DA:171,1
DA:172,3
DA:173,3
DA:174,3
DA:175,3
DA:176,3
DA:177,3
DA:178,3
DA:179,3
DA:180,3
DA:181,4
DA:182,1
DA:183,1
DA:184,1
DA:185,1
DA:186,1
DA:187,1
DA:188,1
DA:189,1
DA:190,1
DA:191,1
DA:192,2
DA:193,2
DA:194,2
DA:195,4
DA:196,1
DA:197,1
DA:198,1
DA:199,1
DA:200,1
DA:201,1
DA:202,1
DA:203,1
DA:204,1
DA:205,0
DA:206,1
DA:207,0
DA:208,1
DA:209,1
DA:210,1
DA:211,1
DA:212,1
DA:213,1
DA:214,1
DA:215,1
DA:216,1
DA:217,1
DA:218,1
DA:219,1
DA:220,1
DA:221,1
DA:222,1
DA:223,1
DA:224,4
DA:225,0
DA:226,0
DA:227,0
DA:228,0
DA:229,0
DA:230,0
DA:231,0
DA:232,0
DA:233,1
DA:234,1
DA:235,1
DA:236,1
DA:237,1
DA:238,1
DA:239,1
DA:240,1
DA:241,1
DA:242,4
DA:243,0
DA:244,0
DA:245,0
DA:246,0
DA:247,0
DA:248,0
DA:249,0
DA:250,0
DA:251,0
DA:252,0
DA:253,0
DA:254,0
DA:255,0
DA:256,1
DA:257,1
DA:258,1
DA:259,1
DA:260,4
DA:261,4
DA:262,0
DA:263,0
DA:264,0
DA:265,0
DA:266,0
DA:267,0
DA:268,4
DA:269,1
DA:270,1
DA:271,1
DA:272,1
DA:273,1
DA:274,1
DA:275,1
DA:276,1
DA:277,1
DA:278,1
DA:279,1
DA:280,1
DA:281,1
DA:282,1
DA:283,1
DA:284,1
DA:285,1
DA:286,1
DA:287,1
DA:288,1
DA:289,1
DA:290,1
DA:291,1
DA:292,1
DA:293,1
DA:294,1
DA:295,1
DA:296,1
LF:296
LH:259
BRDA:1,0,0,1
BRDA:10,1,0,1
BRDA:23,2,0,1
BRDA:24,3,0,0
BRDA:27,4,0,1
BRDA:28,5,0,0
BRDA:31,6,0,1
BRDA:32,7,0,0
BRDA:36,8,0,9
BRDA:48,9,0,8
BRDA:48,10,0,1
BRDA:58,11,0,8
BRDA:67,12,0,1
BRDA:67,13,0,1
BRDA:78,14,0,7
BRDA:81,15,0,3
BRDA:90,16,0,0
BRDA:92,17,0,0
BRDA:108,18,0,4
BRDA:110,19,0,1
BRDA:119,20,0,3
BRDA:128,21,0,1
BRDA:142,22,0,2
BRDA:146,23,0,0
BRDA:147,24,0,0
BRDA:133,25,0,2
BRDA:158,26,0,4
BRDA:162,27,0,3
BRDA:162,28,0,1
BRDA:172,29,0,3
BRDA:181,30,0,1
BRDA:181,31,0,1
BRDA:192,32,0,2
BRDA:195,33,0,1
BRDA:204,34,0,0
BRDA:206,35,0,0
BRDA:224,36,0,0
BRDA:233,37,0,1
BRDA:242,38,0,0
BRDA:256,39,0,1
BRDA:260,40,0,0
BRDA:261,41,0,0
BRDA:271,42,0,1
BRDA:272,43,0,0
BRDA:275,44,0,1
BRDA:276,45,0,0
BRDA:280,46,0,1
BRF:47
BRH:32
end_of_record
TN:
SF:src/services/cartService.js
FN:17,getPriceFromPricingWorker
FN:53,checkStockFromInventoryWorker
FN:103,getCart
FN:136,getCartByIdService
FN:170,addItem
FN:198,updateQuantity
FN:243,removeItem
FN:257,clear
FN:271,calculateTotal
FNF:9
FNH:9
FNDA:9,getPriceFromPricingWorker
FNDA:16,checkStockFromInventoryWorker
FNDA:6,getCart
FNDA:13,getCartByIdService
FNDA:10,addItem
FNDA:10,updateQuantity
FNDA:3,removeItem
FNDA:3,clear
FNDA:8,calculateTotal
DA:1,1
DA:2,1
DA:3,1
DA:4,1
DA:5,1
DA:6,1
DA:7,1
DA:8,1
DA:9,1
DA:10,1
DA:11,1
DA:12,1
DA:13,1
DA:14,1
DA:15,1
DA:16,1
DA:17,9
DA:18,9
DA:19,9
DA:20,9
DA:21,0
DA:22,0
DA:23,0
DA:24,9
DA:25,9
DA:26,9
DA:27,9
DA:28,9
DA:29,9
DA:30,9
DA:31,9
DA:32,9
DA:33,9
DA:34,9
DA:35,1
DA:36,1
DA:37,1
DA:38,1
DA:39,1
DA:40,1
DA:41,7
DA:42,7
DA:43,9
DA:44,9
DA:45,1
DA:46,1
DA:47,1
DA:48,9
DA:49,1
DA:50,1
DA:51,1
DA:52,1
DA:53,16
DA:54,16
DA:55,16
DA:56,16
DA:57,1
DA:58,1
DA:59,1
DA:60,15
DA:61,15
DA:62,15
DA:63,15
DA:64,15
DA:65,15
DA:66,15
DA:67,15
DA:68,15
DA:69,15
DA:70,16
DA:71,1
DA:72,1
DA:73,1
DA:74,1
DA:75,1
DA:76,1
DA:77,13
DA:78,13
DA:79,16
DA:80,16
DA:81,16
DA:82,5
DA:83,5
DA:84,5
DA:85,5
DA:86,5
DA:87,5
DA:88,8
DA:89,8
DA:90,8
DA:91,8
DA:92,8
DA:93,8
DA:94,16
DA:95,1
DA:96,1
DA:97,1
DA:98,16
DA:99,1
DA:100,1
DA:101,1
DA:102,1
DA:103,1
DA:104,6
DA:105,6
DA:106,6
DA:107,0
DA:108,0
DA:109,4
DA:110,4
DA:111,4
DA:112,4
DA:113,4
DA:114,4
DA:115,4
DA:116,4
DA:117,4
DA:118,1
DA:119,1
DA:120,1
DA:121,1
DA:122,4
DA:123,4
DA:124,4
DA:125,4
DA:126,4
DA:127,6
DA:128,2
DA:129,2
DA:130,2
DA:131,6
DA:132,1
DA:133,1
DA:134,1
DA:135,1
DA:136,1
DA:137,13
DA:138,13
DA:139,13
DA:140,3
DA:141,3
DA:142,10
DA:143,10
DA:144,10
DA:145,10
DA:146,10
DA:147,10
DA:148,10
DA:149,10
DA:150,10
DA:151,10
DA:152,11
DA:153,11
DA:154,11
DA:155,11
DA:156,10
DA:157,10
DA:158,10
DA:159,10
DA:160,10
DA:161,13
DA:162,0
DA:163,0
DA:164,0
DA:165,13
DA:166,1
DA:167,1
DA:168,1
DA:169,1
DA:170,1
DA:171,10
DA:172,10
DA:173,10
DA:174,10
DA:175,6
DA:176,6
DA:177,4
DA:178,4
DA:179,4
DA:180,4
DA:181,3
DA:182,3
DA:183,3
DA:184,10
DA:185,7
DA:186,7
DA:187,7
DA:188,10
DA:189,1
DA:190,1
DA:191,1
DA:192,1
DA:193,1
DA:194,1
DA:195,1
DA:196,1
DA:197,1
DA:198,1
DA:199,10
DA:200,10
DA:201,10
DA:202,10
DA:203,1
DA:204,1
DA:205,9
DA:206,9
DA:207,9
DA:208,9
DA:209,10
DA:210,2
DA:211,2
DA:212,2
DA:213,1
DA:214,1
DA:215,10
DA:216,6
DA:217,6
DA:218,7
DA:219,1
DA:220,1
DA:221,8
DA:222,8
DA:223,10
DA:224,6
DA:225,6
DA:226,6
DA:227,2
DA:228,2
DA:229,6
DA:230,6
DA:231,6
DA:232,6
DA:233,6
DA:234,10
DA:235,4
DA:236,4
DA:237,4
DA:238,10
DA:239,1
DA:240,1
DA:241,1
DA:242,1
DA:243,1
DA:244,3
DA:245,3
DA:246,3
DA:247,3
DA:248,3
DA:249,0
DA:250,0
DA:251,0
DA:252,3
DA:253,1
DA:254,1
DA:255,1
DA:256,1
DA:257,1
DA:258,3
DA:259,3
DA:260,3
DA:261,3
DA:262,3
DA:263,0
DA:264,0
DA:265,0
DA:266,3
DA:267,1
DA:268,1
DA:269,1
DA:270,1
DA:271,1
DA:272,8
DA:273,8
DA:274,8
DA:275,1
DA:276,1
DA:277,7
DA:278,8
DA:279,8
DA:280,8
DA:281,8
DA:282,8
DA:283,8
DA:284,8
DA:285,10
DA:286,10
DA:287,10
DA:288,10
DA:289,9
DA:290,9
DA:291,7
DA:292,7
DA:293,9
DA:294,10
DA:295,10
DA:296,10
DA:297,10
DA:298,10
DA:299,10
DA:300,10
DA:301,10
DA:302,10
DA:303,10
DA:304,10
DA:305,10
DA:306,7
DA:307,7
DA:308,7
DA:309,7
DA:310,8
DA:311,8
DA:312,8
DA:313,8
DA:314,8
DA:315,1
DA:316,1
DA:317,1
DA:318,8
LF:318
LH:304
BRDA:1,0,0,1
BRDA:17,1,0,9
BRDA:20,2,0,0
BRDA:34,3,0,8
BRDA:34,4,0,1
BRDA:41,5,0,7
BRDA:43,6,0,1
BRDA:43,7,0,0
BRDA:44,8,0,1
BRDA:53,9,0,16
BRDA:56,10,0,1
BRDA:60,11,0,15
BRDA:70,12,0,14
BRDA:70,13,0,1
BRDA:77,14,0,13
BRDA:79,15,0,0
BRDA:81,16,0,5
BRDA:88,17,0,8
BRDA:94,18,0,1
BRDA:103,19,0,6
BRDA:106,20,0,4
BRDA:106,21,0,0
BRDA:109,22,0,4
BRDA:127,23,0,2
BRDA:117,24,0,1
BRDA:136,25,0,13
BRDA:139,26,0,3
BRDA:142,27,0,10
BRDA:161,28,0,0
BRDA:151,29,0,11
BRDA:170,30,0,10
BRDA:174,31,0,6
BRDA:175,32,0,0
BRDA:177,33,0,4
BRDA:181,34,0,3
BRDA:184,35,0,7
BRDA:198,36,0,10
BRDA:202,37,0,1
BRDA:205,38,0,9
BRDA:209,39,0,5
BRDA:209,40,0,2
BRDA:212,41,0,1
BRDA:215,42,0,7
BRDA:215,43,0,6
BRDA:218,44,0,1
BRDA:221,45,0,8
BRDA:223,46,0,6
BRDA:226,47,0,2
BRDA:227,48,0,0
BRDA:234,49,0,4
BRDA:243,50,0,3
BRDA:248,51,0,0
BRDA:257,52,0,3
BRDA:262,53,0,0
BRDA:271,54,0,8
BRDA:274,55,0,1
BRDA:277,56,0,7
BRDA:278,57,0,0
BRDA:284,58,0,10
BRDA:288,59,0,9
BRDA:290,60,0,7
BRDA:306,61,0,7
BRDA:310,62,0,0
BRDA:314,63,0,1
BRF:64
BRH:53
end_of_record
TN:
SF:src/utils/logger.js
FN:11,addLogToSpan
FN:45,logger
FN:72,logError
FN:104,logWarn
FN:127,logInfo
FNF:5
FNH:5
FNDA:70,addLogToSpan
FNDA:23,logger
FNDA:43,logError
FNDA:2,logWarn
FNDA:2,logInfo
DA:1,1
DA:2,1
DA:3,1
DA:4,1
DA:5,1
DA:6,1
DA:7,1
DA:8,1
DA:9,1
DA:10,1
DA:11,70
DA:12,70
DA:13,6
DA:14,6
DA:15,6
DA:16,6
DA:17,6
DA:18,6
DA:19,6
DA:20,6
DA:21,6
DA:22,6
DA:23,6
DA:24,6
DA:25,6
DA:26,6
DA:27,6
DA:28,6
DA:29,6
DA:30,6
DA:31,70
DA:32,70
DA:33,6
DA:34,6
DA:35,70
DA:36,70
DA:37,70
DA:38,70
DA:39,70
DA:40,1
DA:41,1
DA:42,1
DA:43,1
DA:44,1
DA:45,1
DA:46,23
DA:47,23
DA:48,23
DA:49,23
DA:50,23
DA:51,23
DA:52,23
DA:53,23
DA:54,23
DA:55,23
DA:56,23
DA:57,23
DA:58,23
DA:59,23
DA:60,23
DA:61,23
DA:62,23
DA:63,23
DA:64,23
DA:65,23
DA:66,23
DA:67,23
DA:68,1
DA:69,1
DA:70,1
DA:71,1
DA:72,1
DA:73,43
DA:74,43
DA:75,43
DA:76,43
DA:77,43
DA:78,43
DA:79,43
DA:80,39
DA:81,39
DA:82,39
DA:83,43
DA:84,43
DA:85,43
DA:86,43
DA:87,43
DA:88,43
DA:89,43
DA:90,43
DA:91,43
DA:92,1
DA:93,1
DA:94,43
DA:95,1
DA:96,1
DA:97,43
DA:98,43
DA:99,43
DA:100,1
DA:101,1
DA:102,1
DA:103,1
DA:104,1
DA:105,2
DA:106,2
DA:107,2
DA:108,2
DA:109,2
DA:110,2
DA:111,2
DA:112,2
DA:113,2
DA:114,2
DA:115,2
DA:116,2
DA:117,2
DA:118,2
DA:119,2
DA:120,2
DA:121,2
DA:122,2
DA:123,1
DA:124,1
DA:125,1
DA:126,1
DA:127,1
DA:128,2
DA:129,2
DA:130,2
DA:131,2
DA:132,2
DA:133,2
DA:134,2
DA:135,2
DA:136,2
DA:137,2
DA:138,2
DA:139,2
DA:140,2
DA:141,2
DA:142,2
DA:143,2
DA:144,2
DA:145,2
LF:145
LH:145
BRDA:1,0,0,1
BRDA:11,1,0,70
BRDA:12,2,0,64
BRDA:13,3,0,6
BRDA:31,4,0,4
BRDA:32,5,0,6
BRDA:32,6,0,2
BRDA:33,7,0,6
BRDA:35,8,0,4
BRDA:35,9,0,0
BRDA:45,10,0,23
BRDA:72,11,0,43
BRDA:79,12,0,39
BRDA:83,13,0,4
BRDA:91,14,0,2
BRDA:91,15,0,1
BRDA:94,16,0,42
BRDA:94,17,0,1
BRDA:104,18,0,2
BRDA:106,19,0,1
BRDA:106,20,0,1
BRDA:107,21,0,1
BRDA:107,22,0,1
BRDA:127,23,0,2
BRDA:129,24,0,1
BRDA:129,25,0,1
BRDA:130,26,0,1
BRDA:130,27,0,1
BRF:28
BRH:27
end_of_record
TN:
SF:src/utils/tracing.js
FN:5,resolveConfig
FNF:1
FNH:1
FNDA:9,resolveConfig
DA:1,1
DA:2,1
DA:3,1
DA:4,1
DA:5,1
DA:6,9
DA:7,9
DA:8,9
DA:9,9
DA:10,9
DA:11,9
DA:12,9
DA:13,9
DA:14,9
DA:15,9
DA:16,9
DA:17,9
DA:18,9
DA:19,9
DA:20,9
DA:21,9
DA:22,9
DA:23,9
DA:24,9
DA:25,9
DA:26,9
DA:27,9
DA:28,9
DA:29,9
DA:30,9
DA:31,9
DA:32,9
DA:33,9
DA:34,9
DA:35,9
LF:35
LH:35
BRDA:1,0,0,1
BRDA:5,1,0,9
BRDA:7,2,0,8
BRDA:8,3,0,8
BRDA:8,4,0,7
BRDA:9,5,0,8
BRF:6
BRH:6
end_of_record
TN:
SF:src/utils/validators.js
FN:41,validateAddItem
FN:45,validateUpdateQuantity
FN:49,validateCartId
FN:53,validateItemId
FN:57,validateSkuId
FNF:5
FNH:5
FNDA:11,validateAddItem
FNDA:9,validateUpdateQuantity
FNDA:31,validateCartId
FNDA:11,validateItemId
FNDA:4,validateSkuId
DA:1,1
DA:2,1
DA:3,1
DA:4,1
DA:5,1
DA:6,1
DA:7,1
DA:8,1
DA:9,1
DA:10,1
DA:11,1
DA:12,1
DA:13,1
DA:14,1
DA:15,1
DA:16,1
DA:17,1
DA:18,1
DA:19,1
DA:20,1
DA:21,1
DA:22,1
DA:23,1
DA:24,1
DA:25,1
DA:26,1
DA:27,1
DA:28,1
DA:29,1
DA:30,1
DA:31,1
DA:32,1
DA:33,1
DA:34,1
DA:35,1
DA:36,1
DA:37,1
DA:38,1
DA:39,1
DA:40,1
DA:41,1
DA:42,11
DA:43,11
DA:44,1
DA:45,1
DA:46,9
DA:47,9
DA:48,1
DA:49,1
DA:50,31
DA:51,31
DA:52,1
DA:53,1
DA:54,11
DA:55,11
DA:56,1
DA:57,1
DA:58,4
DA:59,4
LF:59
LH:59
BRDA:1,0,0,1
BRDA:41,1,0,11
BRDA:45,2,0,9
BRDA:49,3,0,31
BRDA:53,4,0,11
BRDA:57,5,0,4
BRF:6
BRH:6
end_of_record
