TN:
SF:src/db/db1.js
FN:21,consolidateProductFields
FN:25,parseJson
FN:317,slugExists
FN:339,getProductById
FN:354,getProducts
FN:396,getProductsByCategory
FN:411,searchProducts
FN:440,stringifyJsonFields
FN:482,createProduct
FN:542,updateProduct
FN:603,deleteProduct
FN:620,getProductSkus
FN:635,getSkuById
FN:650,createSku
FN:673,updateSku
FN:701,deleteSku
FN:726,getSkusByAttributes
FN:767,searchSkusByAttribute
FN:793,getSkuByAttribute
FNF:19
FNH:19
FNDA:77,consolidateProductFields
FNDA:874,parseJson
FNDA:26,slugExists
FNDA:71,getProductById
FNDA:20,getProducts
FNDA:24,getProductsByCategory
FNDA:12,searchProducts
FNDA:77,stringifyJsonFields
FNDA:52,createProduct
FNDA:26,updateProduct
FNDA:5,deleteProduct
FNDA:15,getProductSkus
FNDA:2,getSkuById
FNDA:17,createSku
FNDA:10,updateSku
FNDA:8,deleteSku
FNDA:4,getSkusByAttributes
FNDA:2,searchSkusByAttribute
FNDA:3,getSkuByAttribute
DA:1,1
DA:2,1
DA:3,1
DA:4,1
DA:5,1
DA:6,1
DA:7,1
DA:8,1
DA:9,1
DA:10,1
DA:11,1
DA:12,1
DA:13,1
DA:14,1
DA:15,1
DA:16,1
DA:17,1
DA:18,1
DA:19,1
DA:20,1
DA:21,77
DA:22,77
DA:23,77
DA:24,77
DA:25,77
DA:26,874
DA:27,874
DA:28,20
DA:29,20
DA:30,46
DA:31,77
DA:32,77
DA:33,77
DA:34,77
DA:35,77
DA:36,8
DA:37,4
DA:38,4
DA:39,8
DA:40,77
DA:41,77
DA:42,77
DA:43,77
DA:44,77
DA:45,77
DA:46,77
DA:47,77
DA:48,77
DA:49,77
DA:50,77
DA:51,77
DA:52,77
DA:53,2
DA:54,2
DA:55,2
DA:56,2
DA:57,2
DA:58,2
DA:59,2
DA:60,2
DA:61,2
DA:62,2
DA:63,2
DA:64,2
DA:65,2
DA:66,2
DA:67,2
DA:68,2
DA:69,2
DA:70,2
DA:71,2
DA:72,77
DA:73,77
DA:74,77
DA:75,77
DA:76,77
DA:77,77
DA:78,77
DA:79,77
DA:80,77
DA:81,77
DA:82,5
DA:83,0
DA:84,0
DA:85,5
DA:86,5
DA:87,5
DA:88,77
DA:89,77
DA:90,13
DA:91,77
DA:92,2
DA:93,2
DA:94,77
DA:95,77
DA:96,77
DA:97,77
DA:98,77
DA:99,77
DA:100,77
DA:101,77
DA:102,77
DA:103,77
DA:104,77
DA:105,77
DA:106,9
DA:107,9
DA:108,9
DA:109,9
DA:110,9
DA:111,9
DA:112,9
DA:113,9
DA:114,9
DA:115,9
DA:116,9
DA:117,9
DA:118,9
DA:119,9
DA:120,9
DA:121,9
DA:122,9
DA:123,9
DA:124,9
DA:125,9
DA:126,9
DA:127,77
DA:128,77
DA:129,77
DA:130,77
DA:131,924
DA:132,1
DA:133,1
DA:134,1
DA:135,1
DA:136,77
DA:137,77
DA:138,77
DA:139,11
DA:140,77
DA:141,2
DA:142,2
DA:143,77
DA:144,77
DA:145,77
DA:146,77
DA:147,77
DA:148,77
DA:149,77
DA:150,77
DA:151,693
DA:152,28
DA:153,28
DA:154,28
DA:155,28
DA:156,77
DA:157,77
DA:158,77
DA:159,12
DA:160,12
DA:161,77
DA:162,77
DA:163,77
DA:164,77
DA:165,77
DA:166,77
DA:167,77
DA:168,308
DA:169,3
DA:170,3
DA:171,3
DA:172,3
DA:173,77
DA:174,77
DA:175,77
DA:176,1
DA:177,1
DA:178,77
DA:179,77
DA:180,77
DA:181,77
DA:182,77
DA:183,77
DA:184,77
DA:185,385
DA:186,3
DA:187,3
DA:188,3
DA:189,3
DA:190,77
DA:191,77
DA:192,77
DA:193,1
DA:194,1
DA:195,77
DA:196,77
DA:197,77
DA:198,77
DA:199,77
DA:200,77
DA:201,77
DA:202,77
DA:203,770
DA:204,57
DA:205,57
DA:206,57
DA:207,57
DA:208,77
DA:209,77
DA:210,77
DA:211,7
DA:212,7
DA:213,77
DA:214,77
DA:215,77
DA:216,77
DA:217,77
DA:218,77
DA:219,77
DA:220,77
DA:221,77
DA:222,1078
DA:223,81
DA:224,81
DA:225,81
DA:226,81
DA:227,77
DA:228,77
DA:229,77
DA:230,7
DA:231,7
DA:232,77
DA:233,77
DA:234,77
DA:235,77
DA:236,77
DA:237,77
DA:238,77
DA:239,77
DA:240,616
DA:241,10
DA:242,10
DA:243,10
DA:244,10
DA:245,77
DA:246,77
DA:247,77
DA:248,8
DA:249,8
DA:250,77
DA:251,77
DA:252,77
DA:253,77
DA:254,77
DA:255,77
DA:256,77
DA:257,77
DA:258,693
DA:259,6
DA:260,6
DA:261,6
DA:262,6
DA:263,77
DA:264,77
DA:265,77
DA:266,18
DA:267,18
DA:268,77
DA:269,77
DA:270,77
DA:271,77
DA:272,77
DA:273,77
DA:274,77
DA:275,385
DA:276,3
DA:277,3
DA:278,3
DA:279,3
DA:280,77
DA:281,77
DA:282,77
DA:283,2
DA:284,2
DA:285,77
DA:286,77
DA:287,77
DA:288,77
DA:289,77
DA:290,77
DA:291,77
DA:292,77
DA:293,77
DA:294,77
DA:295,77
DA:296,77
DA:297,77
DA:298,77
DA:299,77
DA:300,3542
DA:301,4
DA:302,4
DA:303,4
DA:304,4
DA:305,77
DA:306,77
DA:307,77
DA:308,2
DA:309,2
DA:310,77
DA:311,77
DA:312,77
DA:313,1
DA:314,1
DA:315,1
DA:316,1
DA:317,1
DA:318,26
DA:319,26
DA:320,26
DA:321,26
DA:322,26
DA:323,26
DA:324,7
DA:325,7
DA:326,7
DA:327,26
DA:328,26
DA:329,26
DA:330,26
DA:331,2
DA:332,2
DA:333,2
DA:334,26
DA:335,1
DA:336,1
DA:337,1
DA:338,1
DA:339,1
DA:340,71
DA:341,71
DA:342,71
DA:343,71
DA:344,71
DA:345,71
DA:346,1
DA:347,1
DA:348,1
DA:349,71
DA:350,1
DA:351,1
DA:352,1
DA:353,1
DA:354,1
DA:355,20
DA:356,20
DA:357,20
DA:358,20
DA:359,20
DA:360,20
DA:361,20
DA:362,20
DA:363,20
DA:364,20
DA:365,3
DA:366,3
DA:367,3
DA:368,3
DA:369,20
DA:370,20
DA:371,4
DA:372,4
DA:373,4
DA:374,20
DA:375,20
DA:376,2
DA:377,2
DA:378,2
DA:379,2
DA:380,2
DA:381,20
DA:382,20
DA:383,20
DA:384,20
DA:385,20
DA:386,20
DA:387,20
DA:388,3
DA:389,3
DA:390,3
DA:391,20
DA:392,1
DA:393,1
DA:394,1
DA:395,1
DA:396,1
DA:397,24
DA:398,24
DA:399,24
DA:400,24
DA:401,24
DA:402,24
DA:403,0
DA:404,0
DA:405,0
DA:406,24
DA:407,1
DA:408,1
DA:409,1
DA:410,1
DA:411,1
DA:412,12
DA:413,12
DA:414,12
DA:415,12
DA:416,12
DA:417,12
DA:418,12
DA:419,12
DA:420,0
DA:421,0
DA:422,0
DA:423,0
DA:424,12
DA:425,12
DA:426,12
DA:427,12
DA:428,12
DA:429,12
DA:430,12
DA:431,1
DA:432,1
DA:433,1
DA:434,12
DA:435,1
DA:436,1
DA:437,1
DA:438,1
DA:439,1
DA:440,77
DA:441,77
DA:442,77
DA:443,452
DA:444,1
DA:445,452
DA:446,0
DA:447,0
DA:448,451
DA:449,420
DA:450,420
DA:451,420
DA:452,92
DA:453,92
DA:454,92
DA:455,92
DA:456,0
DA:457,0
DA:458,0
DA:459,420
DA:460,328
DA:461,328
DA:462,328
DA:463,451
DA:464,0
DA:465,0
DA:466,0
DA:467,0
DA:468,0
DA:469,0
DA:470,0
DA:471,31
DA:472,31
DA:473,31
DA:474,31
DA:475,452
DA:476,77
DA:477,77
DA:478,1
DA:479,1
DA:480,1
DA:481,1
DA:482,1
DA:483,52
DA:484,52
DA:485,52
DA:486,52
DA:487,52
DA:488,52
DA:489,52
DA:490,52
DA:491,52
DA:492,52
DA:493,52
DA:494,52
DA:495,52
DA:496,52
DA:497,52
DA:498,52
DA:499,359
DA:500,359
DA:501,52
DA:502,52
DA:503,52
DA:504,52
DA:505,52
DA:506,52
DA:507,0
DA:508,0
DA:509,0
DA:510,52
DA:511,0
DA:512,0
DA:513,0
DA:514,0
DA:515,52
DA:516,52
DA:517,52
DA:518,52
DA:519,52
DA:520,352
DA:521,352
DA:522,352
DA:523,0
DA:524,0
DA:525,352
DA:526,52
DA:527,52
DA:528,52
DA:529,52
DA:530,50
DA:531,50
DA:532,50
DA:533,52
DA:534,2
DA:535,2
DA:536,2
DA:537,52
DA:538,1
DA:539,1
DA:540,1
DA:541,1
DA:542,1
DA:543,26
DA:544,26
DA:545,26
DA:546,25
DA:547,25
DA:548,25
DA:549,25
DA:550,25
DA:551,25
DA:552,25
DA:553,25
DA:554,25
DA:555,25
DA:556,25
DA:557,25
DA:558,93
DA:559,93
DA:560,25
DA:561,25
DA:562,25
DA:563,26
DA:564,0
DA:565,0
DA:566,0
DA:567,26
DA:568,0
DA:569,0
DA:570,0
DA:571,0
DA:572,25
DA:573,26
DA:574,24
DA:575,24
DA:576,24
DA:577,90
DA:578,90
DA:579,90
DA:580,0
DA:581,0
DA:582,90
DA:583,24
DA:584,24
DA:585,24
DA:586,24
DA:587,24
DA:588,24
DA:589,24
DA:590,24
DA:591,21
DA:592,21
DA:593,21
DA:594,26
DA:595,3
DA:596,3
DA:597,3
DA:598,26
DA:599,1
DA:600,1
DA:601,1
DA:602,1
DA:603,1
DA:604,5
DA:605,5
DA:606,5
DA:607,5
DA:608,5
DA:609,5
DA:610,5
DA:611,5
DA:612,0
DA:613,0
DA:614,0
DA:615,5
DA:616,1
DA:617,1
DA:618,1
DA:619,1
DA:620,1
DA:621,15
DA:622,15
DA:623,15
DA:624,15
DA:625,15
DA:626,15
DA:627,0
DA:628,0
DA:629,0
DA:630,15
DA:631,1
DA:632,1
DA:633,1
DA:634,1
DA:635,1
DA:636,2
DA:637,2
DA:638,2
DA:639,2
DA:640,2
DA:641,2
DA:642,0
DA:643,0
DA:644,0
DA:645,2
DA:646,1
DA:647,1
DA:648,1
DA:649,1
DA:650,1
DA:651,17
DA:652,17
DA:653,17
DA:654,17
DA:655,17
DA:656,17
DA:657,17
DA:658,17
DA:659,17
DA:660,17
DA:661,15
DA:662,15
DA:663,15
DA:664,17
DA:665,2
DA:666,2
DA:667,2
DA:668,17
DA:669,1
DA:670,1
DA:671,1
DA:672,1
DA:673,1
DA:674,10
DA:675,10
DA:676,10
DA:677,10
DA:678,10
DA:679,10
DA:680,15
DA:681,9
DA:682,9
DA:683,6
DA:684,10
DA:685,10
DA:686,10
DA:687,10
DA:688,10
DA:689,8
DA:690,8
DA:691,8
DA:692,10
DA:693,2
DA:694,2
DA:695,2
DA:696,10
DA:697,1
DA:698,1
DA:699,1
DA:700,1
DA:701,1
DA:702,8
DA:703,8
DA:704,8
DA:705,8
DA:706,5
DA:707,5
DA:708,5
DA:709,8
DA:710,3
DA:711,3
DA:712,3
DA:713,8
DA:714,1
DA:715,1
DA:716,1
DA:717,1
DA:718,1
DA:719,1
DA:720,1
DA:721,1
DA:722,1
DA:723,1
DA:724,1
DA:725,1
DA:726,1
DA:727,4
DA:728,4
DA:729,4
DA:730,4
DA:731,4
DA:732,4
DA:733,1
DA:734,1
DA:735,1
DA:736,4
DA:737,4
DA:738,4
DA:739,4
DA:740,7
DA:741,5
DA:742,5
DA:743,5
DA:744,4
DA:745,4
DA:746,4
DA:747,4
DA:748,4
DA:749,0
DA:750,0
DA:751,0
DA:752,4
DA:753,1
DA:754,1
DA:755,1
DA:756,1
DA:757,1
DA:758,1
DA:759,1
DA:760,1
DA:761,1
DA:762,1
DA:763,1
DA:764,1
DA:765,1
DA:766,1
DA:767,1
DA:768,2
DA:769,2
DA:770,2
DA:771,2
DA:772,2
DA:773,1
DA:774,1
DA:775,1
DA:776,2
DA:777,2
DA:778,2
DA:779,2
DA:780,0
DA:781,0
DA:782,0
DA:783,2
DA:784,1
DA:785,1
DA:786,1
DA:787,1
DA:788,1
DA:789,1
DA:790,1
DA:791,1
DA:792,1
DA:793,1
DA:794,3
DA:795,3
DA:796,3
DA:797,3
DA:798,3
DA:799,1
DA:800,1
DA:801,1
DA:802,3
DA:803,3
DA:804,3
DA:805,3
DA:806,3
DA:807,3
DA:808,0
DA:809,0
DA:810,0
DA:811,3
LF:811
LH:754
BRDA:1,0,0,1
BRDA:21,1,0,77
BRDA:35,2,0,13
BRDA:35,3,0,8
BRDA:36,4,0,5
BRDA:36,5,0,4
BRDA:47,6,0,64
BRDA:51,7,0,76
BRDA:51,8,0,75
BRDA:51,9,0,75
BRDA:51,10,0,75
BRDA:52,11,0,75
BRDA:52,12,0,75
BRDA:52,13,0,2
BRDA:54,14,0,1
BRDA:55,15,0,1
BRDA:56,16,0,0
BRDA:57,17,0,1
BRDA:58,18,0,1
BRDA:59,19,0,1
BRDA:60,20,0,1
BRDA:61,21,0,1
BRDA:72,22,0,3
BRDA:73,23,0,1
BRDA:74,24,0,1
BRDA:76,25,0,1
BRDA:77,26,0,2
BRDA:78,27,0,1
BRDA:81,28,0,5
BRDA:82,29,0,0
BRDA:89,30,0,67
BRDA:89,31,0,13
BRDA:91,32,0,64
BRDA:91,33,0,2
BRDA:97,34,0,72
BRDA:102,35,0,75
BRDA:102,36,0,69
BRDA:103,37,0,68
BRDA:103,38,0,68
BRDA:104,39,0,68
BRDA:104,40,0,68
BRDA:105,41,0,68
BRDA:105,42,0,9
BRDA:107,43,0,8
BRDA:108,44,0,2
BRDA:108,45,0,7
BRDA:108,46,0,1
BRDA:109,47,0,6
BRDA:109,48,0,3
BRDA:109,49,0,1
BRDA:110,50,0,2
BRDA:110,51,0,7
BRDA:110,52,0,0
BRDA:111,53,0,1
BRDA:111,54,0,8
BRDA:111,55,0,1
BRDA:112,56,0,1
BRDA:112,57,0,8
BRDA:112,58,0,1
BRDA:113,59,0,6
BRDA:113,60,0,3
BRDA:113,61,0,1
BRDA:114,62,0,0
BRDA:114,63,0,1
BRDA:115,64,0,1
BRDA:115,65,0,8
BRDA:115,66,0,1
BRDA:138,67,0,68
BRDA:138,68,0,11
BRDA:140,69,0,66
BRDA:140,70,0,2
BRDA:145,71,0,74
BRDA:158,72,0,68
BRDA:158,73,0,12
BRDA:175,74,0,76
BRDA:175,75,0,1
BRDA:192,76,0,76
BRDA:192,77,0,1
BRDA:210,78,0,70
BRDA:210,79,0,7
BRDA:229,80,0,70
BRDA:229,81,0,7
BRDA:234,82,0,76
BRDA:247,83,0,69
BRDA:247,84,0,8
BRDA:252,85,0,56
BRDA:265,86,0,73
BRDA:265,87,0,18
BRDA:270,88,0,76
BRDA:282,89,0,75
BRDA:282,90,0,2
BRDA:287,91,0,76
BRDA:307,92,0,75
BRDA:307,93,0,2
BRDA:25,94,0,874
BRDA:26,95,0,808
BRDA:27,96,0,66
BRDA:27,97,0,20
BRDA:28,98,0,7
BRDA:30,99,0,46
BRDA:130,100,0,924
BRDA:131,101,0,1
BRDA:150,102,0,693
BRDA:151,103,0,28
BRDA:167,104,0,308
BRDA:168,105,0,3
BRDA:184,106,0,385
BRDA:185,107,0,3
BRDA:202,108,0,770
BRDA:203,109,0,57
BRDA:221,110,0,1078
BRDA:222,111,0,81
BRDA:239,112,0,616
BRDA:240,113,0,10
BRDA:257,114,0,693
BRDA:258,115,0,6
BRDA:274,116,0,385
BRDA:275,117,0,3
BRDA:299,118,0,3542
BRDA:300,119,0,4
BRDA:317,120,0,26
BRDA:319,121,0,0
BRDA:323,122,0,7
BRDA:329,123,0,24
BRDA:329,124,0,21
BRDA:329,125,0,23
BRDA:330,126,0,2
BRDA:339,127,0,71
BRDA:344,128,0,70
BRDA:344,129,0,9
BRDA:345,130,0,1
BRDA:354,131,0,20
BRDA:364,132,0,3
BRDA:370,133,0,4
BRDA:372,134,0,0
BRDA:375,135,0,2
BRDA:386,136,0,17
BRDA:386,137,0,0
BRDA:387,138,0,3
BRDA:396,139,0,24
BRDA:401,140,0,0
BRDA:402,141,0,0
BRDA:411,142,0,12
BRDA:419,143,0,0
BRDA:429,144,0,11
BRDA:429,145,0,0
BRDA:430,146,0,1
BRDA:440,147,0,77
BRDA:442,148,0,452
BRDA:443,149,0,451
BRDA:443,150,0,1
BRDA:445,151,0,451
BRDA:445,152,0,0
BRDA:448,153,0,420
BRDA:451,154,0,328
BRDA:451,155,0,92
BRDA:451,156,0,92
BRDA:455,157,0,0
BRDA:459,158,0,328
BRDA:463,159,0,31
BRDA:463,160,0,0
BRDA:482,161,0,52
BRDA:491,162,0,31
BRDA:492,163,0,31
BRDA:506,164,0,1
BRDA:506,165,0,0
BRDA:510,166,0,3
BRDA:510,167,0,0
BRDA:530,168,0,50
BRDA:533,169,0,2
BRDA:498,170,0,359
BRDA:518,171,0,352
BRDA:519,172,0,352
BRDA:522,173,0,351
BRDA:522,174,0,351
BRDA:522,175,0,0
BRDA:542,176,0,26
BRDA:545,177,0,1
BRDA:546,178,0,25
BRDA:563,179,0,1
BRDA:563,180,0,0
BRDA:567,181,0,25
BRDA:567,182,0,3
BRDA:567,183,0,0
BRDA:573,184,0,1
BRDA:574,185,0,24
BRDA:591,186,0,21
BRDA:594,187,0,3
BRDA:557,188,0,93
BRDA:575,189,0,90
BRDA:576,190,0,90
BRDA:579,191,0,0
BRDA:603,192,0,5
BRDA:611,193,0,0
BRDA:620,194,0,15
BRDA:625,195,0,0
BRDA:626,196,0,0
BRDA:635,197,0,2
BRDA:640,198,0,0
BRDA:641,199,0,0
BRDA:650,200,0,17
BRDA:657,201,0,0
BRDA:657,202,0,1
BRDA:658,203,0,1
BRDA:659,204,0,1
BRDA:661,205,0,15
BRDA:664,206,0,2
BRDA:673,207,0,10
BRDA:676,208,0,0
BRDA:689,209,0,8
BRDA:692,210,0,2
BRDA:678,211,0,15
BRDA:679,212,0,15
BRDA:680,213,0,10
BRDA:680,214,0,9
BRDA:683,215,0,6
BRDA:701,216,0,8
BRDA:706,217,0,5
BRDA:709,218,0,3
BRDA:726,219,0,4
BRDA:732,220,0,1
BRDA:747,221,0,0
BRDA:748,222,0,0
BRDA:739,223,0,7
BRDA:740,224,0,6
BRDA:740,225,0,5
BRDA:767,226,0,2
BRDA:772,227,0,1
BRDA:778,228,0,0
BRDA:779,229,0,0
BRDA:793,230,0,3
BRDA:798,231,0,1
BRDA:806,232,0,1
BRDA:807,233,0,0
BRF:234
BRH:202
end_of_record
TN:
SF:src/handlers/adminHandlers.js
FN:18,createProduct
FN:75,updateProduct
FN:134,deleteProduct
FN:168,createSku
FN:229,updateSku
FN:303,deleteSku
FN:350,uploadProductImage
FNF:7
FNH:7
FNDA:5,createProduct
FNDA:6,updateProduct
FNDA:2,deleteProduct
FNDA:6,createSku
FNDA:6,updateSku
FNDA:3,deleteSku
FNDA:7,uploadProductImage
DA:1,1
DA:2,1
DA:3,1
DA:4,1
DA:5,1
DA:6,1
DA:7,1
DA:8,1
DA:9,1
DA:10,1
DA:11,1
DA:12,1
DA:13,1
DA:14,1
DA:15,1
DA:16,1
DA:17,1
DA:18,1
DA:19,5
DA:20,5
DA:21,5
DA:22,5
DA:23,5
DA:24,1
DA:25,1
DA:26,1
DA:27,1
DA:28,1
DA:29,1
DA:30,1
DA:31,1
DA:32,1
DA:33,4
DA:34,4
DA:35,4
DA:36,5
DA:37,1
DA:38,1
DA:39,1
DA:40,1
DA:41,1
DA:42,1
DA:43,1
DA:44,1
DA:45,1
DA:46,1
DA:47,1
DA:48,1
DA:49,1
DA:50,3
DA:51,3
DA:52,5
DA:53,5
DA:54,5
DA:55,5
DA:56,5
DA:57,5
DA:58,3
DA:59,3
DA:60,3
DA:61,3
DA:62,3
DA:63,5
DA:64,0
DA:65,0
DA:66,0
DA:67,0
DA:68,0
DA:69,0
DA:70,5
DA:71,1
DA:72,1
DA:73,1
DA:74,1
DA:75,1
DA:76,6
DA:77,6
DA:78,6
DA:79,6
DA:80,6
DA:81,6
DA:82,1
DA:83,1
DA:84,1
DA:85,1
DA:86,1
DA:87,1
DA:88,1
DA:89,1
DA:90,5
DA:91,5
DA:92,4
DA:93,4
DA:94,4
DA:95,6
DA:96,1
DA:97,1
DA:98,1
DA:99,1
DA:100,1
DA:101,1
DA:102,1
DA:103,1
DA:104,1
DA:105,3
DA:106,3
DA:107,6
DA:108,6
DA:109,6
DA:110,3
DA:111,6
DA:112,2
DA:113,2
DA:114,2
DA:115,2
DA:116,2
DA:117,1
DA:118,1
DA:119,1
DA:120,1
DA:121,1
DA:122,1
DA:123,1
DA:124,1
DA:125,1
DA:126,1
DA:127,1
DA:128,1
DA:129,6
DA:130,1
DA:131,1
DA:132,1
DA:133,1
DA:134,1
DA:135,2
DA:136,2
DA:137,2
DA:138,2
DA:139,2
DA:140,2
DA:141,1
DA:142,1
DA:143,1
DA:144,1
DA:145,1
DA:146,1
DA:147,1
DA:148,1
DA:149,1
DA:150,1
DA:151,1
DA:152,1
DA:153,1
DA:154,1
DA:155,1
DA:156,2
DA:157,0
DA:158,0
DA:159,0
DA:160,0
DA:161,0
DA:162,0
DA:163,2
DA:164,1
DA:165,1
DA:166,1
DA:167,1
DA:168,1
DA:169,6
DA:170,6
DA:171,6
DA:172,6
DA:173,6
DA:174,6
DA:175,1
DA:176,1
DA:177,1
DA:178,1
DA:179,1
DA:180,1
DA:181,1
DA:182,1
DA:183,5
DA:184,5
DA:185,4
DA:186,4
DA:187,4
DA:188,4
DA:189,4
DA:190,4
DA:191,4
DA:192,4
DA:193,4
DA:194,6
DA:195,1
DA:196,1
DA:197,1
DA:198,1
DA:199,1
DA:200,1
DA:201,1
DA:202,1
DA:203,1
DA:204,3
DA:205,3
DA:206,6
DA:207,6
DA:208,6
DA:209,6
DA:210,6
DA:211,6
DA:212,3
DA:213,3
DA:214,3
DA:215,3
DA:216,3
DA:217,6
DA:218,1
DA:219,1
DA:220,1
DA:221,1
DA:222,1
DA:223,1
DA:224,6
DA:225,1
DA:226,1
DA:227,1
DA:228,1
DA:229,1
DA:230,6
DA:231,6
DA:232,6
DA:233,6
DA:234,6
DA:235,6
DA:236,6
DA:237,2
DA:238,2
DA:239,2
DA:240,2
DA:241,2
DA:242,2
DA:243,2
DA:244,2
DA:245,4
DA:246,4
DA:247,4
DA:248,6
DA:249,1
DA:250,1
DA:251,1
DA:252,1
DA:253,1
DA:254,1
DA:255,1
DA:256,1
DA:257,3
DA:258,3
DA:259,2
DA:260,2
DA:261,2
DA:262,2
DA:263,2
DA:264,2
DA:265,6
DA:266,1
DA:267,1
DA:268,1
DA:269,1
DA:270,1
DA:271,1
DA:272,1
DA:273,1
DA:274,1
DA:275,1
DA:276,1
DA:277,1
DA:278,1
DA:279,1
DA:280,6
DA:281,6
DA:282,6
DA:283,6
DA:284,6
DA:285,6
DA:286,1
DA:287,1
DA:288,1
DA:289,1
DA:290,1
DA:291,1
DA:292,1
DA:293,1
DA:294,1
DA:295,1
DA:296,1
DA:297,1
DA:298,6
DA:299,1
DA:300,1
DA:301,1
DA:302,1
DA:303,1
DA:304,3
DA:305,3
DA:306,3
DA:307,3
DA:308,3
DA:309,3
DA:310,3
DA:311,1
DA:312,1
DA:313,1
DA:314,1
DA:315,1
DA:316,1
DA:317,1
DA:318,1
DA:319,2
DA:320,2
DA:321,2
DA:322,3
DA:323,1
DA:324,1
DA:325,1
DA:326,1
DA:327,1
DA:328,1
DA:329,1
DA:330,1
DA:331,1
DA:332,1
DA:333,1
DA:334,1
DA:335,1
DA:336,1
DA:337,1
DA:338,3
DA:339,0
DA:340,0
DA:341,0
DA:342,0
DA:343,0
DA:344,0
DA:345,3
DA:346,1
DA:347,1
DA:348,1
DA:349,1
DA:350,1
DA:351,7
DA:352,7
DA:353,7
DA:354,7
DA:355,7
DA:356,7
DA:357,1
DA:358,1
DA:359,1
DA:360,1
DA:361,1
DA:362,1
DA:363,1
DA:364,1
DA:365,6
DA:366,6
DA:367,6
DA:368,5
DA:369,5
DA:370,5
DA:371,5
DA:372,5
DA:373,7
DA:374,2
DA:375,2
DA:376,2
DA:377,2
DA:378,2
DA:379,2
DA:380,2
DA:381,2
DA:382,3
DA:383,3
DA:384,3
DA:385,3
DA:386,3
DA:387,3
DA:388,3
DA:389,2
DA:390,2
DA:391,2
DA:392,2
DA:393,2
DA:394,2
DA:395,2
DA:396,2
DA:397,2
DA:398,2
DA:399,2
DA:400,2
DA:401,7
LF:401
LH:383
BRDA:1,0,0,1
BRDA:18,1,0,5
BRDA:23,2,0,4
BRDA:23,3,0,1
BRDA:33,4,0,4
BRDA:36,5,0,1
BRDA:50,6,0,3
BRDA:52,7,0,2
BRDA:52,8,0,1
BRDA:55,9,0,2
BRDA:58,10,0,3
BRDA:63,11,0,0
BRDA:41,12,0,1
BRDA:42,13,0,0
BRDA:75,14,0,6
BRDA:81,15,0,1
BRDA:85,16,0,0
BRDA:90,17,0,5
BRDA:92,18,0,4
BRDA:95,19,0,1
BRDA:105,20,0,3
BRDA:107,21,0,0
BRDA:110,22,0,3
BRDA:111,23,0,2
BRDA:117,24,0,1
BRDA:134,25,0,2
BRDA:140,26,0,1
BRDA:144,27,0,0
BRDA:156,28,0,0
BRDA:168,29,0,6
BRDA:174,30,0,1
BRDA:178,31,0,0
BRDA:183,32,0,5
BRDA:185,33,0,4
BRDA:194,34,0,1
BRDA:204,35,0,3
BRDA:206,36,0,2
BRDA:206,37,0,1
BRDA:209,38,0,2
BRDA:212,39,0,3
BRDA:217,40,0,1
BRDA:229,41,0,6
BRDA:236,42,0,2
BRDA:240,43,0,0
BRDA:245,44,0,4
BRDA:248,45,0,1
BRDA:252,46,0,0
BRDA:257,47,0,3
BRDA:259,48,0,2
BRDA:265,49,0,1
BRDA:280,50,0,0
BRDA:283,51,0,1
BRDA:286,52,0,1
BRDA:303,53,0,3
BRDA:310,54,0,1
BRDA:314,55,0,0
BRDA:319,56,0,2
BRDA:322,57,0,1
BRDA:326,58,0,0
BRDA:338,59,0,0
BRDA:350,60,0,7
BRDA:356,61,0,1
BRDA:360,62,0,0
BRDA:365,63,0,6
BRDA:368,64,0,5
BRDA:373,65,0,2
BRDA:382,66,0,3
BRDA:389,67,0,2
BRF:68
BRH:54
end_of_record
TN:
SF:src/handlers/catalogHandlers.js
FN:16,listProducts
FN:105,getProduct
FN:146,getProductImage
FN:203,getHomePage
FN:246,searchProductsHandler
FNF:5
FNH:5
FNDA:9,listProducts
FNDA:4,getProduct
FNDA:9,getProductImage
FNDA:7,getHomePage
FNDA:11,searchProductsHandler
DA:1,1
DA:2,1
DA:3,1
DA:4,1
DA:5,1
DA:6,1
DA:7,1
DA:8,1
DA:9,1
DA:10,1
DA:11,1
DA:12,1
DA:13,1
DA:14,1
DA:15,1
DA:16,1
DA:17,9
DA:18,9
DA:19,9
DA:20,9
DA:21,9
DA:22,9
DA:23,9
DA:24,9
DA:25,9
DA:26,9
DA:27,9
DA:28,9
DA:29,9
DA:30,9
DA:31,1
DA:32,1
DA:33,1
DA:34,1
DA:35,1
DA:36,1
DA:37,1
DA:38,1
DA:39,1
DA:40,8
DA:41,8
DA:42,7
DA:43,7
DA:44,7
DA:45,7
DA:46,2
DA:47,2
DA:48,2
DA:49,2
DA:50,2
DA:51,2
DA:52,2
DA:53,2
DA:54,0
DA:55,0
DA:56,2
DA:57,2
DA:58,2
DA:59,2
DA:60,2
DA:61,2
DA:62,2
DA:63,0
DA:64,0
DA:65,0
DA:66,0
DA:67,0
DA:68,0
DA:69,0
DA:70,2
DA:71,2
DA:72,2
DA:73,2
DA:74,2
DA:75,2
DA:76,2
DA:77,2
DA:78,2
DA:79,2
DA:80,2
DA:81,2
DA:82,2
DA:83,2
DA:84,2
DA:85,2
DA:86,7
DA:87,7
DA:88,7
DA:89,7
DA:90,7
DA:91,7
DA:92,7
DA:93,9
DA:94,1
DA:95,1
DA:96,1
DA:97,1
DA:98,1
DA:99,1
DA:100,9
DA:101,1
DA:102,1
DA:103,1
DA:104,1
DA:105,1
DA:106,4
DA:107,4
DA:108,4
DA:109,4
DA:110,4
DA:111,4
DA:112,1
DA:113,1
DA:114,1
DA:115,1
DA:116,1
DA:117,1
DA:118,1
DA:119,1
DA:120,3
DA:121,3
DA:122,3
DA:123,4
DA:124,2
DA:125,2
DA:126,2
DA:127,2
DA:128,2
DA:129,1
DA:130,1
DA:131,1
DA:132,1
DA:133,1
DA:134,4
DA:135,0
DA:136,0
DA:137,0
DA:138,0
DA:139,0
DA:140,0
DA:141,4
DA:142,1
DA:143,1
DA:144,1
DA:145,1
DA:146,1
DA:147,9
DA:148,9
DA:149,9
DA:150,9
DA:151,9
DA:152,9
DA:153,9
DA:154,2
DA:155,2
DA:156,2
DA:157,2
DA:158,2
DA:159,2
DA:160,2
DA:161,2
DA:162,7
DA:163,7
DA:164,7
DA:165,9
DA:166,1
DA:167,1
DA:168,1
DA:169,1
DA:170,1
DA:171,1
DA:172,1
DA:173,1
DA:174,6
DA:175,6
DA:176,6
DA:177,9
DA:178,3
DA:179,3
DA:180,3
DA:181,3
DA:182,3
DA:183,3
DA:184,3
DA:185,3
DA:186,3
DA:187,9
DA:188,9
DA:189,9
DA:190,9
DA:191,9
DA:192,0
DA:193,0
DA:194,0
DA:195,0
DA:196,0
DA:197,0
DA:198,9
DA:199,1
DA:200,1
DA:201,1
DA:202,1
DA:203,1
DA:204,7
DA:205,7
DA:206,7
DA:207,7
DA:208,7
DA:209,7
DA:210,7
DA:211,7
DA:212,7
DA:213,7
DA:214,2
DA:215,2
DA:216,2
DA:217,2
DA:218,2
DA:219,2
DA:220,2
DA:221,2
DA:222,2
DA:223,5
DA:224,5
DA:225,7
DA:226,7
DA:227,7
DA:228,7
DA:229,5
DA:230,5
DA:231,5
DA:232,5
DA:233,5
DA:234,7
DA:235,0
DA:236,0
DA:237,0
DA:238,0
DA:239,0
DA:240,0
DA:241,7
DA:242,1
DA:243,1
DA:244,1
DA:245,1
DA:246,1
DA:247,11
DA:248,11
DA:249,11
DA:250,11
DA:251,11
DA:252,11
DA:253,11
DA:254,11
DA:255,11
DA:256,11
DA:257,11
DA:258,11
DA:259,2
DA:260,2
DA:261,2
DA:262,2
DA:263,2
DA:264,2
DA:265,2
DA:266,2
DA:267,2
DA:268,9
DA:269,9
DA:270,9
DA:271,9
DA:272,9
DA:273,9
DA:274,8
DA:275,8
DA:276,8
DA:277,7
DA:278,7
DA:279,1
DA:280,1
DA:281,7
DA:282,2
DA:283,2
DA:284,7
DA:285,8
DA:286,8
DA:287,8
DA:288,8
DA:289,4
DA:290,4
DA:291,3
DA:292,3
DA:293,1
DA:294,3
DA:295,1
DA:296,1
DA:297,3
DA:298,8
DA:299,8
DA:300,8
DA:301,8
DA:302,7
DA:303,7
DA:304,7
DA:305,8
DA:306,8
DA:307,8
DA:308,8
DA:309,8
DA:310,8
DA:311,8
DA:312,8
DA:313,8
DA:314,9
DA:315,9
DA:316,9
DA:317,9
DA:318,9
DA:319,9
DA:320,9
DA:321,9
DA:322,11
DA:323,0
DA:324,0
DA:325,0
DA:326,0
DA:327,0
DA:328,0
DA:329,11
LF:329
LH:296
BRDA:1,0,0,1
BRDA:16,1,0,9
BRDA:22,2,0,7
BRDA:23,3,0,7
BRDA:24,4,0,1
BRDA:24,5,0,8
BRDA:25,6,0,8
BRDA:30,7,0,1
BRDA:40,8,0,8
BRDA:42,9,0,7
BRDA:93,10,0,1
BRDA:45,11,0,2
BRDA:49,12,0,0
BRDA:53,13,0,0
BRDA:62,14,0,0
BRDA:74,15,0,0
BRDA:75,16,0,1
BRDA:52,17,0,3
BRDA:52,18,0,0
BRDA:105,19,0,4
BRDA:111,20,0,1
BRDA:115,21,0,0
BRDA:120,22,0,3
BRDA:123,23,0,2
BRDA:129,24,0,1
BRDA:134,25,0,0
BRDA:146,26,0,9
BRDA:153,27,0,2
BRDA:157,28,0,0
BRDA:162,29,0,7
BRDA:165,30,0,1
BRDA:169,31,0,0
BRDA:174,32,0,6
BRDA:177,33,0,3
BRDA:187,34,0,1
BRDA:191,35,0,0
BRDA:203,36,0,7
BRDA:207,37,0,6
BRDA:208,38,0,3
BRDA:208,39,0,4
BRDA:213,40,0,2
BRDA:223,41,0,5
BRDA:225,42,0,1
BRDA:226,43,0,4
BRDA:229,44,0,5
BRDA:234,45,0,0
BRDA:225,46,0,2
BRDA:225,47,0,2
BRDA:246,48,0,11
BRDA:250,49,0,2
BRDA:252,50,0,0
BRDA:253,51,0,0
BRDA:258,52,0,2
BRDA:268,53,0,9
BRDA:322,54,0,0
BRDA:273,55,0,8
BRDA:276,56,0,7
BRDA:277,57,0,0
BRDA:278,58,0,1
BRDA:278,59,0,1
BRDA:281,60,0,6
BRDA:281,61,0,2
BRDA:288,62,0,4
BRDA:290,63,0,3
BRDA:291,64,0,0
BRDA:292,65,0,1
BRDA:292,66,0,1
BRDA:294,67,0,2
BRDA:294,68,0,1
BRDA:301,69,0,7
BRDA:302,70,0,0
BRDA:280,71,0,2
BRDA:280,72,0,0
BRF:73
BRH:55
end_of_record
TN:
SF:src/middleware/adminAuth.js
FN:10,requireAdmin
FNF:1
FNH:1
FNDA:10,requireAdmin
DA:1,1
DA:2,1
DA:3,1
DA:4,1
DA:5,1
DA:6,1
DA:7,1
DA:8,1
DA:9,1
DA:10,1
DA:11,10
DA:12,10
DA:13,10
DA:14,9
DA:15,9
DA:16,9
DA:17,9
DA:18,9
DA:19,9
DA:20,9
DA:21,1
DA:22,1
DA:23,10
DA:24,1
DA:25,1
DA:26,1
DA:27,1
DA:28,1
DA:29,1
DA:30,1
DA:31,0
DA:32,0
DA:33,0
DA:34,0
DA:35,0
DA:36,0
DA:37,0
DA:38,0
DA:39,0
DA:40,0
DA:41,0
DA:42,0
DA:43,0
DA:44,0
DA:45,0
DA:46,0
DA:47,0
DA:48,0
DA:49,0
DA:50,0
DA:51,0
DA:52,0
DA:53,0
DA:54,0
DA:55,0
DA:56,0
DA:57,10
DA:58,10
DA:59,10
DA:60,10
DA:61,10
DA:62,10
DA:63,10
DA:64,10
DA:65,10
DA:66,10
DA:67,10
DA:68,0
DA:69,0
DA:70,0
DA:71,0
DA:72,0
DA:73,0
DA:74,0
DA:75,0
DA:76,10
LF:76
LH:42
BRDA:1,0,0,1
BRDA:10,1,0,10
BRDA:13,2,0,2
BRDA:13,3,0,9
BRDA:21,4,0,1
BRDA:23,5,0,0
BRDA:23,6,0,1
BRDA:31,7,0,0
BRDA:67,8,0,0
BRF:9
BRH:6
end_of_record
TN:
SF:src/middleware/cors.js
FN:7,handleCORS
FN:26,addCORSHeaders
FN:55,withCORS
FNF:3
FNH:3
FNDA:5,handleCORS
FNDA:5,addCORSHeaders
FNDA:3,withCORS
DA:1,1
DA:2,1
DA:3,1
DA:4,1
DA:5,1
DA:6,1
DA:7,1
DA:8,5
DA:9,5
DA:10,5
DA:11,5
DA:12,5
DA:13,5
DA:14,5
DA:15,5
DA:16,5
DA:17,5
DA:18,5
DA:19,5
DA:20,5
DA:21,5
DA:22,1
DA:23,1
DA:24,1
DA:25,1
DA:26,1
DA:27,5
DA:28,1
DA:29,1
DA:30,4
DA:31,4
DA:32,5
DA:33,5
DA:34,5
DA:35,5
DA:36,5
DA:37,5
DA:38,5
DA:39,5
DA:40,2
DA:41,2
DA:42,4
DA:43,4
DA:44,4
DA:45,4
DA:46,4
DA:47,4
DA:48,4
DA:49,5
DA:50,1
DA:51,1
DA:52,1
DA:53,1
DA:54,1
DA:55,1
DA:56,3
DA:57,3
DA:58,3
DA:59,1
DA:60,1
DA:61,2
DA:62,2
DA:63,2
DA:64,2
DA:65,2
DA:66,2
DA:67,3
DA:68,3
LF:68
LH:68
BRDA:1,0,0,1
BRDA:7,1,0,5
BRDA:9,2,0,2
BRDA:17,3,0,3
BRDA:17,4,0,2
BRDA:26,5,0,5
BRDA:27,6,0,1
BRDA:30,7,0,4
BRDA:32,8,0,2
BRDA:39,9,0,2
BRDA:42,10,0,4
BRDA:55,11,0,3
BRDA:56,12,0,3
BRDA:58,13,0,1
BRDA:61,14,0,2
BRF:15
BRH:15
end_of_record
TN:
SF:src/middleware/logger.js
FN:8,withLogger
FNF:1
FNH:1
FNDA:7,withLogger
DA:1,1
DA:2,1
DA:3,1
DA:4,1
DA:5,1
DA:6,1
DA:7,1
DA:8,1
DA:9,7
DA:10,7
DA:11,7
DA:12,7
DA:13,7
DA:14,7
DA:15,7
DA:16,7
DA:17,7
DA:18,7
DA:19,7
DA:20,7
DA:21,7
DA:22,7
DA:23,7
DA:24,7
DA:25,7
DA:26,7
DA:27,7
DA:28,7
DA:29,7
DA:30,7
DA:31,7
DA:32,7
DA:33,7
DA:34,7
DA:35,7
DA:36,7
DA:37,7
DA:38,7
DA:39,7
DA:40,7
DA:41,7
DA:42,7
DA:43,7
DA:44,7
DA:45,7
DA:46,7
DA:47,7
DA:48,1
DA:49,1
DA:50,1
DA:51,1
DA:52,1
DA:53,1
DA:54,7
DA:55,7
DA:56,7
DA:57,7
DA:58,6
DA:59,6
DA:60,6
DA:61,6
DA:62,6
DA:63,6
DA:64,6
DA:65,6
DA:66,6
DA:67,6
DA:68,6
DA:69,6
DA:70,6
DA:71,6
DA:72,6
DA:73,6
DA:74,6
DA:75,6
DA:76,6
DA:77,7
DA:78,1
DA:79,1
DA:80,1
DA:81,1
DA:82,1
DA:83,1
DA:84,1
DA:85,1
DA:86,1
DA:87,1
DA:88,1
DA:89,1
DA:90,1
DA:91,7
DA:92,0
DA:93,0
DA:94,0
DA:95,0
DA:96,0
DA:97,0
DA:98,0
DA:99,0
DA:100,7
DA:101,7
DA:102,1
DA:103,1
DA:104,1
DA:105,1
DA:106,1
DA:107,1
DA:108,1
DA:109,1
DA:110,1
DA:111,1
DA:112,1
DA:113,1
DA:114,1
DA:115,1
DA:116,1
DA:117,1
DA:118,1
DA:119,1
DA:120,1
DA:121,1
DA:122,1
DA:123,1
DA:124,1
DA:125,1
DA:126,1
DA:127,1
DA:128,1
LF:128
LH:120
BRDA:1,0,0,1
BRDA:8,1,0,7
BRDA:9,2,0,7
BRDA:12,3,0,0
BRDA:13,4,0,0
BRDA:21,5,0,0
BRDA:23,6,0,1
BRDA:24,7,0,0
BRDA:47,8,0,6
BRDA:47,9,0,1
BRDA:50,10,0,0
BRDA:57,11,0,6
BRDA:77,12,0,1
BRDA:91,13,0,0
BRF:14
BRH:8
end_of_record
TN:
SF:src/routers/catalog.js
FN:132,handle
FNF:1
FNH:1
FNDA:15,handle
DA:1,1
DA:2,1
DA:3,1
DA:4,1
DA:5,1
DA:6,1
DA:7,1
DA:8,1
DA:9,1
DA:10,1
DA:11,1
DA:12,1
DA:13,1
DA:14,1
DA:15,1
DA:16,1
DA:17,1
DA:18,1
DA:19,1
DA:20,1
DA:21,1
DA:22,1
DA:23,1
DA:24,1
DA:25,1
DA:26,1
DA:27,1
DA:28,1
DA:29,1
DA:30,1
DA:31,1
DA:32,1
DA:33,1
DA:34,1
DA:35,1
DA:36,1
DA:37,1
DA:38,1
DA:39,1
DA:40,1
DA:41,1
DA:42,1
DA:43,1
DA:44,1
DA:45,1
DA:46,1
DA:47,1
DA:48,1
DA:49,1
DA:50,1
DA:51,1
DA:52,1
DA:53,1
DA:54,1
DA:55,1
DA:56,1
DA:57,1
DA:58,1
DA:59,1
DA:60,1
DA:61,1
DA:62,1
DA:63,1
DA:64,1
DA:65,1
DA:66,1
DA:67,1
DA:68,1
DA:69,1
DA:70,1
DA:71,1
DA:72,1
DA:73,1
DA:74,1
DA:75,1
DA:76,1
DA:77,1
DA:78,1
DA:79,1
DA:80,1
DA:81,1
DA:82,1
DA:83,1
DA:84,1
DA:85,1
DA:86,1
DA:87,1
DA:88,1
DA:89,1
DA:90,1
DA:91,1
DA:92,1
DA:93,1
DA:94,1
DA:95,1
DA:96,1
DA:97,1
DA:98,1
DA:99,1
DA:100,1
DA:101,1
DA:102,1
DA:103,1
DA:104,1
DA:105,1
DA:106,1
DA:107,1
DA:108,1
DA:109,1
DA:110,1
DA:111,1
DA:112,1
DA:113,1
DA:114,1
DA:115,1
DA:116,1
DA:117,1
DA:118,1
DA:119,1
DA:120,1
DA:121,1
DA:122,1
DA:123,1
DA:124,1
DA:125,1
DA:126,1
DA:127,1
DA:128,1
DA:129,1
DA:130,1
DA:131,1
DA:132,1
DA:133,15
DA:134,15
DA:135,15
DA:136,15
DA:137,0
DA:138,0
DA:139,0
DA:140,0
DA:141,0
DA:142,0
DA:143,0
DA:144,0
DA:145,0
DA:146,0
DA:147,15
DA:148,15
DA:149,0
DA:150,0
DA:151,0
DA:152,0
DA:153,0
DA:154,0
DA:155,0
DA:156,0
DA:157,0
DA:158,0
DA:159,15
DA:160,1
DA:161,1
DA:162,1
LF:162
LH:142
BRDA:1,0,0,1
BRDA:10,1,0,1
BRDA:16,2,0,2
BRDA:16,3,0,0
BRDA:17,4,0,1
BRDA:17,5,0,0
BRDA:18,6,0,1
BRDA:18,7,0,0
BRDA:19,8,0,1
BRDA:19,9,0,0
BRDA:20,10,0,1
BRDA:20,11,0,0
BRDA:25,12,0,1
BRDA:26,13,0,0
BRDA:33,14,0,0
BRDA:38,15,0,1
BRDA:39,16,0,0
BRDA:46,17,0,0
BRDA:51,18,0,1
BRDA:52,19,0,0
BRDA:59,20,0,0
BRDA:65,21,0,1
BRDA:66,22,0,0
BRDA:73,23,0,0
BRDA:78,24,0,1
BRDA:79,25,0,0
BRDA:86,26,0,0
BRDA:91,27,0,1
BRDA:92,28,0,0
BRDA:99,29,0,0
BRDA:105,30,0,1
BRDA:106,31,0,0
BRDA:113,32,0,0
BRDA:118,33,0,1
BRDA:132,34,0,15
BRDA:136,35,0,0
BRDA:148,36,0,0
BRF:37
BRH:16
end_of_record
TN:
SF:src/services/adminService.js
FN:22,invalidateProductCache
FN:35,checkPricingWorkerHealth
FN:104,syncPriceToPricingWorker
FN:281,checkPricingWorkerHealthHTTP
FN:313,createProductService
FN:421,updateProductService
FN:484,deleteProductService
FN:502,syncStockToInventoryWorker
FN:587,createSkuService
FN:649,updateSkuService
FN:713,deleteSkuService
FN:731,uploadProductImageService
FNF:12
FNH:11
FNDA:50,invalidateProductCache
FNDA:13,checkPricingWorkerHealth
FNDA:13,syncPriceToPricingWorker
FNDA:0,checkPricingWorkerHealthHTTP
FNDA:18,createProductService
FNDA:10,updateProductService
FNDA:3,deleteProductService
FNDA:11,syncStockToInventoryWorker
FNDA:12,createSkuService
FNDA:5,updateSkuService
FNDA:4,deleteSkuService
FNDA:6,uploadProductImageService
DA:1,1
DA:2,1
DA:3,1
DA:4,1
DA:5,1
DA:6,1
DA:7,1
DA:8,1
DA:9,1
DA:10,1
DA:11,1
DA:12,1
DA:13,1
DA:14,1
DA:15,1
DA:16,1
DA:17,1
DA:18,1
DA:19,1
DA:20,1
DA:21,1
DA:22,50
DA:23,50
DA:24,50
DA:25,48
DA:26,48
DA:27,50
DA:28,0
DA:29,0
DA:30,50
DA:31,1
DA:32,1
DA:33,1
DA:34,1
DA:35,13
DA:36,13
DA:37,13
DA:38,13
DA:39,13
DA:40,13
DA:41,13
DA:42,13
DA:43,13
DA:44,13
DA:45,13
DA:46,13
DA:47,13
DA:48,13
DA:49,13
DA:50,13
DA:51,13
DA:52,13
DA:53,13
DA:54,13
DA:55,13
DA:56,13
DA:57,13
DA:58,13
DA:59,13
DA:60,13
DA:61,0
DA:62,0
DA:63,13
DA:64,13
DA:65,13
DA:66,13
DA:67,0
DA:68,0
DA:69,0
DA:70,0
DA:71,0
DA:72,0
DA:73,0
DA:74,0
DA:75,13
DA:76,13
DA:77,13
DA:78,13
DA:79,13
DA:80,13
DA:81,13
DA:82,13
DA:83,0
DA:84,0
DA:85,0
DA:86,0
DA:87,0
DA:88,0
DA:89,0
DA:90,13
DA:91,0
DA:92,0
DA:93,0
DA:94,0
DA:95,0
DA:96,0
DA:97,0
DA:98,0
DA:99,13
DA:100,1
DA:101,1
DA:102,1
DA:103,1
DA:104,13
DA:105,13
DA:106,13
DA:107,13
DA:108,13
DA:109,13
DA:110,13
DA:111,13
DA:112,13
DA:113,13
DA:114,13
DA:115,13
DA:116,13
DA:117,13
DA:118,13
DA:119,13
DA:120,13
DA:121,13
DA:122,13
DA:123,13
DA:124,13
DA:125,13
DA:126,13
DA:127,13
DA:128,13
DA:129,13
DA:130,13
DA:131,13
DA:132,13
DA:133,13
DA:134,13
DA:135,13
DA:136,13
DA:137,13
DA:138,13
DA:139,13
DA:140,13
DA:141,13
DA:142,13
DA:143,0
DA:144,0
DA:145,0
DA:146,0
DA:147,0
DA:148,0
DA:149,0
DA:150,13
DA:151,13
DA:152,13
DA:153,13
DA:154,13
DA:155,13
DA:156,13
DA:157,13
DA:158,13
DA:159,13
DA:160,13
DA:161,13
DA:162,13
DA:163,13
DA:164,13
DA:165,13
DA:166,13
DA:167,13
DA:168,13
DA:169,13
DA:170,13
DA:171,13
DA:172,13
DA:173,0
DA:174,0
DA:175,0
DA:176,0
DA:177,0
DA:178,0
DA:179,0
DA:180,13
DA:181,13
DA:182,13
DA:183,13
DA:184,13
DA:185,13
DA:186,13
DA:187,13
DA:188,13
DA:189,13
DA:190,0
DA:191,0
DA:192,0
DA:193,0
DA:194,0
DA:195,13
DA:196,13
DA:197,13
DA:198,13
DA:199,0
DA:200,0
DA:201,0
DA:202,0
DA:203,0
DA:204,0
DA:205,0
DA:206,0
DA:207,0
DA:208,0
DA:209,0
DA:210,0
DA:211,0
DA:212,0
DA:213,0
DA:214,0
DA:215,0
DA:216,0
DA:217,0
DA:218,0
DA:219,0
DA:220,0
DA:221,0
DA:222,0
DA:223,0
DA:224,0
DA:225,0
DA:226,0
DA:227,0
DA:228,0
DA:229,0
DA:230,0
DA:231,0
DA:232,0
DA:233,0
DA:234,0
DA:235,0
DA:236,0
DA:237,0
DA:238,0
DA:239,0
DA:240,0
DA:241,0
DA:242,0
DA:243,0
DA:244,0
DA:245,0
DA:246,0
DA:247,0
DA:248,0
DA:249,0
DA:250,0
DA:251,0
DA:252,0
DA:253,0
DA:254,0
DA:255,0
DA:256,0
DA:257,0
DA:258,0
DA:259,0
DA:260,0
DA:261,0
DA:262,0
DA:263,0
DA:264,0
DA:265,0
DA:266,0
DA:267,0
DA:268,0
DA:269,0
DA:270,0
DA:271,0
DA:272,13
DA:273,0
DA:274,0
DA:275,0
DA:276,13
DA:277,1
DA:278,1
DA:279,1
DA:280,1
DA:281,0
DA:282,0
DA:283,0
DA:284,0
DA:285,0
DA:286,0
DA:287,0
DA:288,0
DA:289,0
DA:290,0
DA:291,0
DA:292,0
DA:293,0
DA:294,0
DA:295,0
DA:296,0
DA:297,0
DA:298,0
DA:299,0
DA:300,0
DA:301,0
DA:302,0
DA:303,0
DA:304,0
DA:305,0
DA:306,0
DA:307,0
DA:308,1
DA:309,1
DA:310,1
DA:311,1
DA:312,1
DA:313,1
DA:314,18
DA:315,18
DA:316,18
DA:317,18
DA:318,18
DA:319,18
DA:320,18
DA:321,17
DA:322,17
DA:323,17
DA:324,15
DA:325,16
DA:326,16
DA:327,16
DA:328,16
DA:329,16
DA:330,16
DA:331,18
DA:332,18
DA:333,18
DA:334,18
DA:335,18
DA:336,18
DA:337,13
DA:338,13
DA:339,13
DA:340,13
DA:341,13
DA:342,13
DA:343,13
DA:344,13
DA:345,13
DA:346,13
DA:347,13
DA:348,13
DA:349,0
DA:350,0
DA:351,0
DA:352,0
DA:353,13
DA:354,2
DA:355,2
DA:356,2
DA:357,2
DA:358,2
DA:359,2
DA:360,2
DA:361,1
DA:362,1
DA:363,13
DA:364,11
DA:365,11
DA:366,13
DA:367,16
DA:368,16
DA:369,16
DA:370,16
DA:371,16
DA:372,16
DA:373,16
DA:374,16
DA:375,16
DA:376,16
DA:377,16
DA:378,16
DA:379,16
DA:380,16
DA:381,16
DA:382,16
DA:383,16
DA:384,16
DA:385,18
DA:386,18
DA:387,18
DA:388,18
DA:389,18
DA:390,18
DA:391,18
DA:392,3
DA:393,3
DA:394,3
DA:395,2
DA:396,3
DA:397,3
DA:398,3
DA:399,3
DA:400,3
DA:401,3
DA:402,3
DA:403,3
DA:404,3
DA:405,3
DA:406,16
DA:407,16
DA:408,16
DA:409,16
DA:410,16
DA:411,16
DA:412,18
DA:413,2
DA:414,2
DA:415,2
DA:416,18
DA:417,1
DA:418,1
DA:419,1
DA:420,1
DA:421,1
DA:422,10
DA:423,10
DA:424,10
DA:425,6
DA:426,6
DA:427,6
DA:428,6
DA:429,6
DA:430,10
DA:431,10
DA:432,10
DA:433,10
DA:434,10
DA:435,10
DA:436,10
DA:437,10
DA:438,10
DA:439,10
DA:440,10
DA:441,9
DA:442,9
DA:443,10
DA:444,10
DA:445,10
DA:446,10
DA:447,10
DA:448,10
DA:449,10
DA:450,0
DA:451,0
DA:452,0
DA:453,0
DA:454,0
DA:455,0
DA:456,0
DA:457,0
DA:458,0
DA:459,0
DA:460,0
DA:461,0
DA:462,0
DA:463,0
DA:464,0
DA:465,0
DA:466,0
DA:467,0
DA:468,0
DA:469,9
DA:470,9
DA:471,9
DA:472,9
DA:473,9
DA:474,9
DA:475,10
DA:476,1
DA:477,1
DA:478,1
DA:479,10
DA:480,1
DA:481,1
DA:482,1
DA:483,1
DA:484,1
DA:485,3
DA:486,3
DA:487,3
DA:488,3
DA:489,3
DA:490,3
DA:491,3
DA:492,3
DA:493,3
DA:494,0
DA:495,0
DA:496,0
DA:497,3
DA:498,1
DA:499,1
DA:500,1
DA:501,1
DA:502,11
DA:503,11
DA:504,11
DA:505,11
DA:506,11
DA:507,10
DA:508,10
DA:509,10
DA:510,10
DA:511,10
DA:512,10
DA:513,10
DA:514,10
DA:515,10
DA:516,10
DA:517,10
DA:518,10
DA:519,10
DA:520,10
DA:521,10
DA:522,10
DA:523,10
DA:524,10
DA:525,10
DA:526,10
DA:527,10
DA:528,10
DA:529,10
DA:530,10
DA:531,10
DA:532,10
DA:533,10
DA:534,10
DA:535,10
DA:536,10
DA:537,10
DA:538,10
DA:539,0
DA:540,0
DA:541,10
DA:542,10
DA:543,0
DA:544,0
DA:545,0
DA:546,0
DA:547,0
DA:548,0
DA:549,0
DA:550,10
DA:551,10
DA:552,10
DA:553,10
DA:554,10
DA:555,10
DA:556,10
DA:557,10
DA:558,10
DA:559,10
DA:560,10
DA:561,0
DA:562,0
DA:563,0
DA:564,0
DA:565,0
DA:566,10
DA:567,10
DA:568,10
DA:569,11
DA:570,1
DA:571,1
DA:572,1
DA:573,1
DA:574,1
DA:575,1
DA:576,1
DA:577,1
DA:578,11
DA:579,0
DA:580,0
DA:581,0
DA:582,11
DA:583,1
DA:584,1
DA:585,1
DA:586,1
DA:587,1
DA:588,12
DA:589,12
DA:590,12
DA:591,12
DA:592,12
DA:593,12
DA:594,12
DA:595,12
DA:596,12
DA:597,12
DA:598,12
DA:599,12
DA:600,12
DA:601,12
DA:602,12
DA:603,12
DA:604,12
DA:605,12
DA:606,12
DA:607,12
DA:608,12
DA:609,12
DA:610,12
DA:611,12
DA:612,12
DA:613,12
DA:614,12
DA:615,11
DA:616,11
DA:617,12
DA:618,12
DA:619,12
DA:620,12
DA:621,12
DA:622,12
DA:623,12
DA:624,12
DA:625,2
DA:626,2
DA:627,11
DA:628,11
DA:629,11
DA:630,11
DA:631,12
DA:632,2
DA:633,2
DA:634,11
DA:635,11
DA:636,11
DA:637,11
DA:638,11
DA:639,11
DA:640,12
DA:641,1
DA:642,1
DA:643,1
DA:644,12
DA:645,1
DA:646,1
DA:647,1
DA:648,1
DA:649,1
DA:650,5
DA:651,5
DA:652,5
DA:653,5
DA:654,5
DA:655,5
DA:656,5
DA:657,5
DA:658,5
DA:659,5
DA:660,5
DA:661,5
DA:662,5
DA:663,5
DA:664,5
DA:665,5
DA:666,5
DA:667,5
DA:668,5
DA:669,4
DA:670,4
DA:671,5
DA:672,5
DA:673,5
DA:674,5
DA:675,5
DA:676,5
DA:677,5
DA:678,2
DA:679,2
DA:680,2
DA:681,2
DA:682,2
DA:683,2
DA:684,2
DA:685,2
DA:686,2
DA:687,2
DA:688,2
DA:689,2
DA:690,2
DA:691,2
DA:692,2
DA:693,2
DA:694,1
DA:695,1
DA:696,2
DA:697,2
DA:698,4
DA:699,4
DA:700,4
DA:701,4
DA:702,4
DA:703,4
DA:704,5
DA:705,1
DA:706,1
DA:707,1
DA:708,5
DA:709,1
DA:710,1
DA:711,1
DA:712,1
DA:713,1
DA:714,4
DA:715,4
DA:716,3
DA:717,3
DA:718,3
DA:719,3
DA:720,3
DA:721,3
DA:722,4
DA:723,1
DA:724,1
DA:725,1
DA:726,4
DA:727,1
DA:728,1
DA:729,1
DA:730,1
DA:731,1
DA:732,6
DA:733,6
DA:734,1
DA:735,1
DA:736,5
DA:737,5
DA:738,5
DA:739,5
DA:740,5
DA:741,5
DA:742,5
DA:743,5
DA:744,5
DA:745,5
DA:746,5
DA:747,5
DA:748,5
DA:749,5
DA:750,5
DA:751,5
DA:752,5
DA:753,5
DA:754,5
DA:755,5
DA:756,5
DA:757,5
DA:758,5
DA:759,5
DA:760,0
DA:761,0
DA:762,5
DA:763,5
DA:764,5
DA:765,5
DA:766,5
DA:767,5
DA:768,5
DA:769,5
DA:770,5
DA:771,5
DA:772,5
DA:773,5
DA:774,5
DA:775,5
DA:776,5
DA:777,5
DA:778,4
DA:779,4
DA:780,4
DA:781,4
DA:782,4
DA:783,4
DA:784,4
DA:785,6
DA:786,2
DA:787,2
DA:788,2
DA:789,6
LF:789
LH:595
BRDA:1,0,0,1
BRDA:22,1,0,50
BRDA:24,2,0,48
BRDA:27,3,0,0
BRDA:35,4,0,13
BRDA:60,5,0,0
BRDA:66,6,0,0
BRDA:82,7,0,0
BRDA:90,8,0,0
BRDA:104,9,0,13
BRDA:123,10,0,5
BRDA:123,11,0,8
BRDA:124,12,0,9
BRDA:125,13,0,0
BRDA:126,14,0,0
BRDA:127,15,0,0
BRDA:128,16,0,0
BRDA:142,17,0,0
BRDA:142,18,0,0
BRDA:198,19,0,0
BRDA:272,20,0,0
BRDA:163,21,0,13
BRDA:172,22,0,0
BRDA:164,23,0,13
BRDA:313,24,0,18
BRDA:320,25,0,17
BRDA:324,26,0,15
BRDA:325,27,0,16
BRDA:331,28,0,15
BRDA:332,29,0,14
BRDA:333,30,0,3
BRDA:333,31,0,1
BRDA:333,32,0,13
BRDA:334,33,0,2
BRDA:334,34,0,0
BRDA:336,35,0,13
BRDA:348,36,0,2
BRDA:348,37,0,0
BRDA:353,38,0,2
BRDA:353,39,0,2
BRDA:360,40,0,1
BRDA:363,41,0,11
BRDA:367,42,0,16
BRDA:385,43,0,1
BRDA:385,44,0,16
BRDA:386,45,0,1
BRDA:386,46,0,15
BRDA:387,47,0,14
BRDA:391,48,0,3
BRDA:391,49,0,3
BRDA:394,50,0,1
BRDA:394,51,0,2
BRDA:395,52,0,1
BRDA:395,53,0,1
BRDA:406,54,0,16
BRDA:412,55,0,2
BRDA:323,56,0,17
BRDA:421,57,0,10
BRDA:424,58,0,6
BRDA:441,59,0,9
BRDA:443,60,0,2
BRDA:443,61,0,8
BRDA:444,62,0,1
BRDA:444,63,0,7
BRDA:445,64,0,6
BRDA:449,65,0,0
BRDA:449,66,0,0
BRDA:469,67,0,9
BRDA:475,68,0,1
BRDA:427,69,0,6
BRDA:484,70,0,3
BRDA:493,71,0,0
BRDA:502,72,0,11
BRDA:506,73,0,10
BRDA:520,74,0,0
BRDA:569,75,0,1
BRDA:578,76,0,0
BRDA:533,77,0,10
BRDA:538,78,0,0
BRDA:542,79,0,0
BRDA:587,80,0,12
BRDA:609,81,0,1
BRDA:615,82,0,11
BRDA:617,83,0,3
BRDA:618,84,0,2
BRDA:619,85,0,9
BRDA:624,86,0,5
BRDA:624,87,0,2
BRDA:627,88,0,11
BRDA:631,89,0,5
BRDA:631,90,0,2
BRDA:634,91,0,11
BRDA:640,92,0,1
BRDA:649,93,0,5
BRDA:669,94,0,4
BRDA:671,95,0,3
BRDA:672,96,0,2
BRDA:673,97,0,2
BRDA:674,98,0,2
BRDA:677,99,0,2
BRDA:687,100,0,0
BRDA:693,101,0,1
BRDA:693,102,0,1
BRDA:698,103,0,4
BRDA:704,104,0,1
BRDA:713,105,0,4
BRDA:716,106,0,3
BRDA:722,107,0,1
BRDA:731,108,0,6
BRDA:733,109,0,1
BRDA:736,110,0,5
BRDA:758,111,0,0
BRDA:759,112,0,0
BRDA:778,113,0,4
BRDA:779,114,0,4
BRDA:785,115,0,2
BRF:116
BRH:90
end_of_record
TN:
SF:src/services/catalogService.js
FN:22,fetchProductPrices
FN:70,fetchProductStock
FN:118,getProduct
FN:222,listProducts
FN:252,getHomePageProducts
FN:272,createProductService
FN:317,updateProductService
FN:359,deleteProductService
FN:377,uploadProductImage
FN:407,getProductImageUrl
FN:438,createSkuService
FN:468,updateSkuService
FN:486,deleteSkuService
FN:504,parseProductJsonFields
FN:541,prepareProductJsonFields
FN:574,invalidateProductCache
FNF:16
FNH:16
FNDA:15,fetchProductPrices
FNDA:15,fetchProductStock
FNDA:18,getProduct
FNDA:23,listProducts
FNDA:7,getHomePageProducts
FNDA:4,createProductService
FNDA:2,updateProductService
FNDA:1,deleteProductService
FNDA:2,uploadProductImage
FNDA:13,getProductImageUrl
FNDA:3,createSkuService
FNDA:1,updateSkuService
FNDA:2,deleteSkuService
FNDA:25,parseProductJsonFields
FNDA:6,prepareProductJsonFields
FNDA:10,invalidateProductCache
DA:1,1
DA:2,1
DA:3,1
DA:4,1
DA:5,1
DA:6,1
DA:7,1
DA:8,1
DA:9,1
DA:10,1
DA:11,1
DA:12,1
DA:13,1
DA:14,1
DA:15,1
DA:16,1
DA:17,1
DA:18,1
DA:19,1
DA:20,1
DA:21,1
DA:22,15
DA:23,15
DA:24,15
DA:25,15
DA:26,15
DA:27,14
DA:28,14
DA:29,14
DA:30,14
DA:31,14
DA:32,14
DA:33,14
DA:34,14
DA:35,14
DA:36,13
DA:37,14
DA:38,1
DA:39,1
DA:40,1
DA:41,1
DA:42,1
DA:43,1
DA:44,1
DA:45,1
DA:46,1
DA:47,12
DA:48,12
DA:49,14
DA:50,14
DA:51,14
DA:52,15
DA:53,1
DA:54,1
DA:55,1
DA:56,1
DA:57,1
DA:58,1
DA:59,1
DA:60,1
DA:61,15
DA:62,1
DA:63,1
DA:64,1
DA:65,15
DA:66,1
DA:67,1
DA:68,1
DA:69,1
DA:70,15
DA:71,15
DA:72,15
DA:73,15
DA:74,15
DA:75,14
DA:76,14
DA:77,14
DA:78,14
DA:79,14
DA:80,14
DA:81,14
DA:82,14
DA:83,14
DA:84,13
DA:85,14
DA:86,1
DA:87,1
DA:88,1
DA:89,1
DA:90,1
DA:91,1
DA:92,1
DA:93,1
DA:94,1
DA:95,12
DA:96,12
DA:97,14
DA:98,14
DA:99,14
DA:100,15
DA:101,1
DA:102,1
DA:103,1
DA:104,1
DA:105,1
DA:106,1
DA:107,1
DA:108,1
DA:109,15
DA:110,1
DA:111,1
DA:112,1
DA:113,15
DA:114,1
DA:115,1
DA:116,1
DA:117,1
DA:118,1
DA:119,18
DA:120,18
DA:121,18
DA:122,18
DA:123,18
DA:124,18
DA:125,18
DA:126,18
DA:127,18
DA:128,2
DA:129,2
DA:130,2
DA:131,2
DA:132,18
DA:133,16
DA:134,16
DA:135,16
DA:136,3
DA:137,3
DA:138,13
DA:139,13
DA:140,13
DA:141,13
DA:142,13
DA:143,13
DA:144,13
DA:145,0
DA:146,0
DA:147,13
DA:148,13
DA:149,15
DA:150,15
DA:151,15
DA:152,15
DA:153,15
DA:154,15
DA:155,15
DA:156,15
DA:157,15
DA:158,15
DA:159,15
DA:160,1
DA:161,15
DA:162,15
DA:163,15
DA:164,15
DA:165,1
DA:166,15
DA:167,15
DA:168,15
DA:169,15
DA:170,1
DA:171,1
DA:172,1
DA:173,1
DA:174,1
DA:175,1
DA:176,1
DA:177,1
DA:178,0
DA:179,0
DA:180,0
DA:181,0
DA:182,0
DA:183,0
DA:184,0
DA:185,0
DA:186,0
DA:187,0
DA:188,1
DA:189,1
DA:190,1
DA:191,1
DA:192,0
DA:193,0
DA:194,0
DA:195,0
DA:196,0
DA:197,0
DA:198,0
DA:199,0
DA:200,1
DA:201,1
DA:202,15
DA:203,15
DA:204,15
DA:205,18
DA:206,14
DA:207,14
DA:208,14
DA:209,14
DA:210,15
DA:211,15
DA:212,15
DA:213,18
DA:214,0
DA:215,0
DA:216,0
DA:217,18
DA:218,1
DA:219,1
DA:220,1
DA:221,1
DA:222,1
DA:223,23
DA:224,23
DA:225,23
DA:226,23
DA:227,23
DA:228,10
DA:229,10
DA:230,23
DA:231,13
DA:232,13
DA:233,11
DA:234,21
DA:235,21
DA:236,21
DA:237,21
DA:238,21
DA:239,21
DA:240,21
DA:241,21
DA:242,21
DA:243,23
DA:244,2
DA:245,2
DA:246,2
DA:247,23
DA:248,1
DA:249,1
DA:250,1
DA:251,1
DA:252,1
DA:253,7
DA:254,7
DA:255,7
DA:256,7
DA:257,23
DA:258,23
DA:259,23
DA:260,7
DA:261,7
DA:262,7
DA:263,7
DA:264,0
DA:265,0
DA:266,0
DA:267,7
DA:268,1
DA:269,1
DA:270,1
DA:271,1
DA:272,1
DA:273,4
DA:274,4
DA:275,4
DA:276,4
DA:277,4
DA:278,4
DA:279,4
DA:280,4
DA:281,4
DA:282,4
DA:283,4
DA:284,4
DA:285,4
DA:286,4
DA:287,4
DA:288,4
DA:289,4
DA:290,4
DA:291,4
DA:292,3
DA:293,3
DA:294,4
DA:295,1
DA:296,1
DA:297,1
DA:298,1
DA:299,1
DA:300,1
DA:301,1
DA:302,3
DA:303,3
DA:304,3
DA:305,3
DA:306,3
DA:307,3
DA:308,4
DA:309,1
DA:310,1
DA:311,1
DA:312,4
DA:313,1
DA:314,1
DA:315,1
DA:316,1
DA:317,1
DA:318,2
DA:319,2
DA:320,2
DA:321,2
DA:322,2
DA:323,2
DA:324,2
DA:325,2
DA:326,2
DA:327,2
DA:328,1
DA:329,1
DA:330,2
DA:331,0
DA:332,0
DA:333,0
DA:334,0
DA:335,0
DA:336,0
DA:337,0
DA:338,0
DA:339,0
DA:340,0
DA:341,0
DA:342,0
DA:343,0
DA:344,1
DA:345,1
DA:346,1
DA:347,1
DA:348,1
DA:349,1
DA:350,1
DA:351,1
DA:352,1
DA:353,1
DA:354,2
DA:355,1
DA:356,1
DA:357,1
DA:358,1
DA:359,1
DA:360,1
DA:361,1
DA:362,1
DA:363,1
DA:364,1
DA:365,1
DA:366,1
DA:367,1
DA:368,1
DA:369,0
DA:370,0
DA:371,0
DA:372,1
DA:373,1
DA:374,1
DA:375,1
DA:376,1
DA:377,1
DA:378,2
DA:379,2
DA:380,1
DA:381,1
DA:382,1
DA:383,1
DA:384,1
DA:385,1
DA:386,1
DA:387,1
DA:388,1
DA:389,1
DA:390,1
DA:391,1
DA:392,1
DA:393,1
DA:394,1
DA:395,1
DA:396,1
DA:397,1
DA:398,1
DA:399,1
DA:400,1
DA:401,1
DA:402,2
DA:403,1
DA:404,1
DA:405,1
DA:406,1
DA:407,1
DA:408,13
DA:409,13
DA:410,1
DA:411,1
DA:412,12
DA:413,12
DA:414,12
DA:415,12
DA:416,12
DA:417,13
DA:418,5
DA:419,5
DA:420,6
DA:421,6
DA:422,6
DA:423,13
DA:424,1
DA:425,1
DA:426,4
DA:427,4
DA:428,4
DA:429,13
DA:430,3
DA:431,3
DA:432,3
DA:433,13
DA:434,1
DA:435,1
DA:436,1
DA:437,1
DA:438,1
DA:439,3
DA:440,3
DA:441,3
DA:442,3
DA:443,3
DA:444,3
DA:445,3
DA:446,3
DA:447,3
DA:448,3
DA:449,3
DA:450,3
DA:451,3
DA:452,3
DA:453,3
DA:454,3
DA:455,3
DA:456,3
DA:457,3
DA:458,3
DA:459,3
DA:460,0
DA:461,0
DA:462,0
DA:463,3
DA:464,1
DA:465,1
DA:466,1
DA:467,1
DA:468,1
DA:469,1
DA:470,1
DA:471,1
DA:472,1
DA:473,1
DA:474,1
DA:475,1
DA:476,1
DA:477,1
DA:478,0
DA:479,0
DA:480,0
DA:481,1
DA:482,1
DA:483,1
DA:484,1
DA:485,1
DA:486,1
DA:487,2
DA:488,2
DA:489,1
DA:490,1
DA:491,1
DA:492,1
DA:493,1
DA:494,1
DA:495,1
DA:496,1
DA:497,1
DA:498,1
DA:499,2
DA:500,1
DA:501,1
DA:502,1
DA:503,1
DA:504,25
DA:505,25
DA:506,25
DA:507,25
DA:508,25
DA:509,25
DA:510,25
DA:511,25
DA:512,25
DA:513,25
DA:514,25
DA:515,25
DA:516,25
DA:517,25
DA:518,25
DA:519,25
DA:520,25
DA:521,25
DA:522,25
DA:523,25
DA:524,25
DA:525,25
DA:526,1600
DA:527,43
DA:528,43
DA:529,43
DA:530,0
DA:531,0
DA:532,43
DA:533,1600
DA:534,25
DA:535,25
DA:536,25
DA:537,1
DA:538,1
DA:539,1
DA:540,1
DA:541,6
DA:542,6
DA:543,6
DA:544,6
DA:545,6
DA:546,6
DA:547,6
DA:548,6
DA:549,6
DA:550,6
DA:551,6
DA:552,6
DA:553,6
DA:554,6
DA:555,6
DA:556,6
DA:557,6
DA:558,6
DA:559,6
DA:560,6
DA:561,318
DA:562,0
DA:563,0
DA:564,0
DA:565,0
DA:566,318
DA:567,6
DA:568,6
DA:569,6
DA:570,1
DA:571,1
DA:572,1
DA:573,1
DA:574,10
DA:575,10
DA:576,9
DA:577,9
DA:578,10
LF:578
LH:524
BRDA:1,0,0,1
BRDA:22,1,0,15
BRDA:26,2,0,14
BRDA:36,3,0,13
BRDA:37,4,0,1
BRDA:47,5,0,12
BRDA:49,6,0,1
BRDA:52,7,0,1
BRDA:61,8,0,1
BRDA:70,9,0,15
BRDA:74,10,0,14
BRDA:84,11,0,13
BRDA:85,12,0,1
BRDA:95,13,0,12
BRDA:97,14,0,1
BRDA:100,15,0,1
BRDA:109,16,0,1
BRDA:118,17,0,18
BRDA:122,18,0,17
BRDA:127,19,0,2
BRDA:131,20,0,1
BRDA:132,21,0,1
BRDA:132,22,0,16
BRDA:135,23,0,3
BRDA:138,24,0,13
BRDA:149,25,0,15
BRDA:205,26,0,14
BRDA:210,27,0,15
BRDA:213,28,0,0
BRDA:159,29,0,1
BRDA:164,30,0,1
BRDA:169,31,0,1
BRDA:172,32,0,0
BRDA:172,33,0,0
BRDA:177,34,0,0
BRDA:191,35,0,0
BRDA:222,36,0,23
BRDA:227,37,0,10
BRDA:230,38,0,13
BRDA:233,39,0,11
BRDA:234,40,0,21
BRDA:243,41,0,2
BRDA:252,42,0,7
BRDA:256,43,0,23
BRDA:263,44,0,0
BRDA:272,45,0,4
BRDA:292,46,0,3
BRDA:294,47,0,1
BRDA:294,48,0,1
BRDA:302,49,0,3
BRDA:308,50,0,1
BRDA:317,51,0,2
BRDA:328,52,0,1
BRDA:330,53,0,0
BRDA:330,54,0,0
BRDA:344,55,0,1
BRDA:359,56,0,1
BRDA:368,57,0,0
BRDA:377,58,0,2
BRDA:379,59,0,1
BRDA:407,60,0,13
BRDA:409,61,0,1
BRDA:412,62,0,12
BRDA:417,63,0,11
BRDA:417,64,0,5
BRDA:420,65,0,6
BRDA:423,66,0,5
BRDA:423,67,0,1
BRDA:426,68,0,4
BRDA:429,69,0,3
BRDA:438,70,0,3
BRDA:447,71,0,0
BRDA:459,72,0,0
BRDA:468,73,0,1
BRDA:477,74,0,0
BRDA:486,75,0,2
BRDA:489,76,0,1
BRDA:504,77,0,25
BRDA:525,78,0,1600
BRDA:526,79,0,44
BRDA:526,80,0,43
BRDA:529,81,0,0
BRDA:541,82,0,6
BRDA:560,83,0,318
BRDA:561,84,0,0
BRDA:574,85,0,10
BRDA:575,86,0,9
BRF:87
BRH:73
end_of_record
TN:
SF:src/utils/helpers.js
FN:9,generateSlug
FN:30,generateUniqueSlug
FN:65,generateSkuCode
FNF:3
FNH:3
FNDA:32,generateSlug
FNDA:29,generateUniqueSlug
FNDA:17,generateSkuCode
DA:1,1
DA:2,1
DA:3,1
DA:4,1
DA:5,1
DA:6,1
DA:7,1
DA:8,1
DA:9,1
DA:10,32
DA:11,29
DA:12,29
DA:13,29
DA:14,29
DA:15,29
DA:16,29
DA:17,29
DA:18,29
DA:19,29
DA:20,29
DA:21,32
DA:22,1
DA:23,1
DA:24,1
DA:25,1
DA:26,1
DA:27,1
DA:28,1
DA:29,1
DA:30,1
DA:31,29
DA:32,28
DA:33,28
DA:34,28
DA:35,28
DA:36,28
DA:37,28
DA:38,28
DA:39,29
DA:40,23
DA:41,23
DA:42,3
DA:43,3
DA:44,29
DA:45,103
DA:46,103
DA:47,103
DA:48,103
DA:49,2
DA:50,2
DA:51,101
DA:52,101
DA:53,101
DA:54,1
DA:55,1
DA:56,1
DA:57,1
DA:58,29
DA:59,1
DA:60,1
DA:61,1
DA:62,1
DA:63,1
DA:64,1
DA:65,1
DA:66,17
DA:67,17
DA:68,17
DA:69,17
LF:69
LH:69
BRDA:1,0,0,1
BRDA:9,1,0,32
BRDA:10,2,0,3
BRDA:11,3,0,29
BRDA:30,4,0,29
BRDA:31,5,0,1
BRDA:32,6,0,28
BRDA:39,7,0,26
BRDA:39,8,0,23
BRDA:42,9,0,3
BRDA:44,10,0,103
BRDA:48,11,0,2
BRDA:51,12,0,101
BRDA:54,13,0,1
BRDA:65,14,0,17
BRF:15
BRH:15
end_of_record
TN:
SF:src/utils/jwt.js
FN:5,pemToArrayBuffer
FN:14,base64UrlEncode
FN:21,base64UrlDecode
FN:27,importPrivateKey
FN:32,importPublicKeyFromPrivate
FN:38,signJWT
FN:80,verifyJWT
FNF:7
FNH:6
FNDA:9,pemToArrayBuffer
FNDA:27,base64UrlEncode
FNDA:5,base64UrlDecode
FNDA:6,importPrivateKey
FNDA:0,importPublicKeyFromPrivate
FNDA:7,signJWT
FNDA:5,verifyJWT
DA:1,1
DA:2,1
DA:3,1
DA:4,1
DA:5,9
DA:6,9
DA:7,9
DA:8,9
DA:9,9
DA:10,9
DA:11,9
DA:12,9
DA:13,1
DA:14,27
DA:15,27
DA:16,27
DA:17,27
DA:18,27
DA:19,27
DA:20,1
DA:21,5
DA:22,5
DA:23,5
DA:24,5
DA:25,5
DA:26,1
DA:27,6
DA:28,6
DA:29,6
DA:30,6
DA:31,1
DA:32,0
DA:33,0
DA:34,0
DA:35,0
DA:36,0
DA:37,1
DA:38,1
DA:39,7
DA:40,7
DA:41,7
DA:42,7
DA:43,6
DA:44,6
DA:45,7
DA:46,1
DA:47,1
DA:48,7
DA:49,7
DA:50,7
DA:51,7
DA:52,7
DA:53,7
DA:54,7
DA:55,7
DA:56,7
DA:57,7
DA:58,7
DA:59,7
DA:60,7
DA:61,7
DA:62,7
DA:63,7
DA:64,7
DA:65,7
DA:66,7
DA:67,7
DA:68,7
DA:69,7
DA:70,6
DA:71,6
DA:72,6
DA:73,6
DA:74,7
DA:75,1
DA:76,1
DA:77,1
DA:78,7
DA:79,1
DA:80,1
DA:81,5
DA:82,5
DA:83,5
DA:84,5
DA:85,1
DA:86,1
DA:87,1
DA:88,4
DA:89,5
DA:90,0
DA:91,0
DA:92,0
DA:93,4
DA:94,4
DA:95,5
DA:96,1
DA:97,1
DA:98,1
DA:99,3
DA:100,3
DA:101,3
DA:102,3
DA:103,3
DA:104,3
DA:105,3
DA:106,5
DA:107,0
DA:108,0
DA:109,0
DA:110,3
DA:111,3
DA:112,3
DA:113,3
DA:114,3
DA:115,3
DA:116,5
DA:117,0
DA:118,0
DA:119,0
DA:120,3
DA:121,3
DA:122,5
DA:123,1
DA:124,1
DA:125,1
DA:126,2
DA:127,2
DA:128,2
DA:129,2
DA:130,2
DA:131,5
DA:132,0
DA:133,0
DA:134,0
DA:135,2
DA:136,2
DA:137,5
DA:138,1
DA:139,1
DA:140,1
DA:141,1
DA:142,1
DA:143,5
DA:144,0
DA:145,0
DA:146,0
DA:147,5
LF:147
LH:127
BRDA:1,0,0,1
BRDA:5,1,0,9
BRDA:10,2,0,8190
BRDA:14,3,0,27
BRDA:17,4,0,2733
BRDA:21,5,0,5
BRDA:23,6,0,8
BRDA:24,7,0,1030
BRDA:27,8,0,6
BRDA:38,9,0,7
BRDA:42,10,0,6
BRDA:42,11,0,6
BRDA:45,12,0,1
BRDA:60,13,0,0
BRDA:61,14,0,0
BRDA:69,15,0,1
BRDA:70,16,0,6
BRDA:74,17,0,1
BRDA:80,18,0,5
BRDA:84,19,0,1
BRDA:88,20,0,4
BRDA:89,21,0,0
BRDA:93,22,0,4
BRDA:95,23,0,1
BRDA:99,24,0,3
BRDA:106,25,0,0
BRDA:110,26,0,3
BRDA:116,27,0,0
BRDA:120,28,0,3
BRDA:122,29,0,1
BRDA:126,30,0,2
BRDA:131,31,0,0
BRDA:135,32,0,2
BRDA:137,33,0,1
BRDA:143,34,0,0
BRF:35
BRH:28
end_of_record
TN:
SF:src/utils/logger.js
FN:11,addLogToSpan
FN:45,logger
FN:79,logError
FN:115,logWarn
FN:138,logInfo
FN:161,logDebug
FN:186,redactEmail
FNF:7
FNH:7
FNDA:382,addLogToSpan
FNDA:326,logger
FNDA:54,logError
FNDA:1,logWarn
FNDA:1,logInfo
FNDA:1,logDebug
FNDA:1,redactEmail
DA:1,1
DA:2,1
DA:3,1
DA:4,1
DA:5,1
DA:6,1
DA:7,1
DA:8,1
DA:9,1
DA:10,1
DA:11,382
DA:12,382
DA:13,8
DA:14,8
DA:15,8
DA:16,8
DA:17,8
DA:18,8
DA:19,8
DA:20,8
DA:21,8
DA:22,8
DA:23,8
DA:24,8
DA:25,8
DA:26,8
DA:27,8
DA:28,8
DA:29,8
DA:30,8
DA:31,382
DA:32,382
DA:33,8
DA:34,8
DA:35,382
DA:36,382
DA:37,382
DA:38,382
DA:39,382
DA:40,1
DA:41,1
DA:42,1
DA:43,1
DA:44,1
DA:45,1
DA:46,326
DA:47,326
DA:48,326
DA:49,326
DA:50,326
DA:51,326
DA:52,326
DA:53,326
DA:54,326
DA:55,326
DA:56,326
DA:57,326
DA:58,326
DA:59,326
DA:60,326
DA:61,326
DA:62,326
DA:63,326
DA:64,326
DA:65,326
DA:66,326
DA:67,326
DA:68,326
DA:69,326
DA:70,326
DA:71,326
DA:72,326
DA:73,326
DA:74,326
DA:75,1
DA:76,1
DA:77,1
DA:78,1
DA:79,1
DA:80,54
DA:81,54
DA:82,54
DA:83,54
DA:84,54
DA:85,54
DA:86,54
DA:87,54
DA:88,54
DA:89,46
DA:90,46
DA:91,46
DA:92,54
DA:93,54
DA:94,54
DA:95,54
DA:96,54
DA:97,54
DA:98,54
DA:99,54
DA:100,54
DA:101,54
DA:102,54
DA:103,1
DA:104,1
DA:105,54
DA:106,2
DA:107,2
DA:108,54
DA:109,54
DA:110,54
DA:111,1
DA:112,1
DA:113,1
DA:114,1
DA:115,1
DA:116,1
DA:117,1
DA:118,1
DA:119,1
DA:120,1
DA:121,1
DA:122,1
DA:123,1
DA:124,1
DA:125,1
DA:126,1
DA:127,1
DA:128,1
DA:129,1
DA:130,1
DA:131,1
DA:132,1
DA:133,1
DA:134,1
DA:135,1
DA:136,1
DA:137,1
DA:138,1
DA:139,1
DA:140,1
DA:141,1
DA:142,1
DA:143,1
DA:144,1
DA:145,1
DA:146,1
DA:147,1
DA:148,1
DA:149,1
DA:150,1
DA:151,1
DA:152,1
DA:153,1
DA:154,1
DA:155,1
DA:156,1
DA:157,1
DA:158,1
DA:159,1
DA:160,1
DA:161,1
DA:162,1
DA:163,1
DA:164,1
DA:165,1
DA:166,0
DA:167,0
DA:168,1
DA:169,1
DA:170,1
DA:171,1
DA:172,1
DA:173,1
DA:174,1
DA:175,1
DA:176,1
DA:177,1
DA:178,1
DA:179,1
DA:180,1
DA:181,1
DA:182,1
DA:183,1
DA:184,1
DA:185,1
DA:186,1
DA:187,1
DA:188,1
DA:189,1
DA:190,1
DA:191,1
DA:192,1
DA:193,0
DA:194,0
DA:195,1
LF:195
LH:191
BRDA:1,0,0,1
BRDA:11,1,0,382
BRDA:12,2,0,374
BRDA:13,3,0,8
BRDA:31,4,0,5
BRDA:32,5,0,8
BRDA:32,6,0,3
BRDA:33,7,0,8
BRDA:35,8,0,5
BRDA:35,9,0,0
BRDA:45,10,0,326
BRDA:53,11,0,1
BRDA:79,12,0,54
BRDA:88,13,0,46
BRDA:92,14,0,8
BRDA:102,15,0,3
BRDA:102,16,0,1
BRDA:105,17,0,53
BRDA:105,18,0,2
BRDA:115,19,0,1
BRDA:117,20,0,0
BRDA:118,21,0,0
BRDA:138,22,0,1
BRDA:140,23,0,0
BRDA:141,24,0,0
BRDA:161,25,0,1
BRDA:166,26,0,0
BRDA:168,27,0,0
BRDA:169,28,0,0
BRDA:169,29,0,0
BRDA:186,30,0,1
BRDA:189,31,0,0
BRDA:192,32,0,0
BRF:33
BRH:22
end_of_record
TN:
SF:src/utils/traceLogger.js
FN:10,getTraceContext
FN:25,addLogToSpan
FN:39,traceLog
FN:57,traceError
FN:83,traceWarn
FN:98,traceInfo
FNF:6
FNH:6
FNDA:10,getTraceContext
FNDA:8,addLogToSpan
FNDA:4,traceLog
FNDA:4,traceError
FNDA:1,traceWarn
FNDA:1,traceInfo
DA:1,1
DA:2,1
DA:3,1
DA:4,1
DA:5,1
DA:6,1
DA:7,1
DA:8,1
DA:9,1
DA:10,10
DA:11,10
DA:12,10
DA:13,2
DA:14,2
DA:15,8
DA:16,8
DA:17,10
DA:18,10
DA:19,10
DA:20,10
DA:21,1
DA:22,1
DA:23,1
DA:24,1
DA:25,8
DA:26,8
DA:27,8
DA:28,7
DA:29,7
DA:30,7
DA:31,7
DA:32,7
DA:33,7
DA:34,8
DA:35,1
DA:36,1
DA:37,1
DA:38,1
DA:39,1
DA:40,4
DA:41,4
DA:42,4
DA:43,4
DA:44,6
DA:45,4
DA:46,4
DA:47,4
DA:48,4
DA:49,4
DA:50,4
DA:51,4
DA:52,4
DA:53,1
DA:54,1
DA:55,1
DA:56,1
DA:57,1
DA:58,4
DA:59,4
DA:60,4
DA:61,4
DA:62,4
DA:63,4
DA:64,4
DA:65,4
DA:66,4
DA:67,4
DA:68,4
DA:69,1
DA:70,1
DA:71,4
DA:72,2
DA:73,2
DA:74,2
DA:75,4
DA:76,4
DA:77,4
DA:78,4
DA:79,1
DA:80,1
DA:81,1
DA:82,1
DA:83,1
DA:84,1
DA:85,1
DA:86,1
DA:87,1
DA:88,1
DA:89,1
DA:90,1
DA:91,1
DA:92,1
DA:93,1
DA:94,1
DA:95,1
DA:96,1
DA:97,1
DA:98,1
DA:99,1
DA:100,1
DA:101,1
DA:102,1
DA:103,1
DA:104,1
DA:105,1
DA:106,1
DA:107,1
DA:108,1
LF:108
LH:108
BRDA:1,0,0,1
BRDA:10,1,0,10
BRDA:12,2,0,2
BRDA:15,3,0,8
BRDA:17,4,0,0
BRDA:18,5,0,0
BRDA:25,6,0,8
BRDA:27,7,0,7
BRDA:39,8,0,4
BRDA:43,9,0,6
BRDA:44,10,0,1
BRDA:44,11,0,5
BRDA:57,12,0,4
BRDA:68,13,0,3
BRDA:68,14,0,1
BRDA:70,15,0,0
BRDA:71,16,0,3
BRDA:71,17,0,2
BRDA:62,18,0,4
BRDA:63,19,0,1
BRDA:63,20,0,3
BRDA:67,21,0,4
BRDA:83,22,0,1
BRDA:86,23,0,1
BRDA:87,24,0,0
BRDA:98,25,0,1
BRDA:101,26,0,1
BRDA:102,27,0,0
BRF:28
BRH:23
end_of_record
TN:
SF:src/utils/tracing.js
FN:5,resolveConfig
FNF:1
FNH:1
FNDA:10,resolveConfig
DA:1,1
DA:2,1
DA:3,1
DA:4,1
DA:5,1
DA:6,10
DA:7,10
DA:8,10
DA:9,10
DA:10,10
DA:11,10
DA:12,10
DA:13,10
DA:14,10
DA:15,10
DA:16,10
DA:17,10
DA:18,10
DA:19,10
DA:20,10
DA:21,10
DA:22,10
DA:23,10
DA:24,10
DA:25,10
DA:26,10
DA:27,10
DA:28,10
DA:29,10
DA:30,10
DA:31,10
DA:32,10
DA:33,10
DA:34,10
DA:35,10
DA:36,10
DA:37,10
DA:38,10
DA:39,1
DA:40,1
DA:41,1
DA:42,1
DA:43,1
DA:44,1
DA:45,1
DA:46,1
DA:47,1
DA:48,1
DA:49,1
DA:50,1
DA:51,1
DA:52,1
DA:53,1
DA:54,1
DA:55,1
DA:56,1
DA:57,1
DA:58,1
DA:59,1
DA:60,1
DA:61,1
DA:62,1
LF:62
LH:62
BRDA:1,0,0,1
BRDA:5,1,0,10
BRDA:7,2,0,9
BRDA:8,3,0,9
BRDA:8,4,0,8
BRDA:9,5,0,9
BRF:6
BRH:6
end_of_record
TN:
SF:src/utils/validators.js
FN:301,validateProduct
FN:305,validateProductUpdate
FN:332,validateSku
FN:355,validateProductsQuery
FN:359,validateSearchQuery
FN:363,validateHomePageQuery
FN:367,validateProductId
FN:371,validateImageId
FN:375,validateSkuId
FN:379,validateSkuAttributes
FNF:10
FNH:10
FNDA:9,validateProduct
FNDA:7,validateProductUpdate
FNDA:9,validateSku
FNDA:13,validateProductsQuery
FNDA:14,validateSearchQuery
FNDA:9,validateHomePageQuery
FNDA:47,validateProductId
FNDA:9,validateImageId
FNDA:8,validateSkuId
FNDA:10,validateSkuAttributes
DA:1,1
DA:2,1
DA:3,1
DA:4,1
DA:5,1
DA:6,1
DA:7,1
DA:8,1
DA:9,1
DA:10,1
DA:11,1
DA:12,1
DA:13,1
DA:14,1
DA:15,1
DA:16,1
DA:17,1
DA:18,1
DA:19,1
DA:20,1
DA:21,1
DA:22,1
DA:23,1
DA:24,1
DA:25,1
DA:26,1
DA:27,1
DA:28,1
DA:29,1
DA:30,1
DA:31,1
DA:32,1
DA:33,1
DA:34,1
DA:35,1
DA:36,1
DA:37,1
DA:38,1
DA:39,1
DA:40,1
DA:41,1
DA:42,1
DA:43,1
DA:44,1
DA:45,1
DA:46,1
DA:47,1
DA:48,1
DA:49,1
DA:50,1
DA:51,1
DA:52,1
DA:53,1
DA:54,1
DA:55,1
DA:56,1
DA:57,1
DA:58,1
DA:59,1
DA:60,1
DA:61,1
DA:62,1
DA:63,1
DA:64,1
DA:65,1
DA:66,1
DA:67,1
DA:68,1
DA:69,1
DA:70,1
DA:71,1
DA:72,1
DA:73,1
DA:74,1
DA:75,1
DA:76,1
DA:77,1
DA:78,1
DA:79,1
DA:80,1
DA:81,1
DA:82,1
DA:83,1
DA:84,1
DA:85,1
DA:86,1
DA:87,1
DA:88,1
DA:89,1
DA:90,1
DA:91,1
DA:92,1
DA:93,1
DA:94,1
DA:95,1
DA:96,1
DA:97,1
DA:98,1
DA:99,1
DA:100,1
DA:101,1
DA:102,1
DA:103,1
DA:104,1
DA:105,1
DA:106,1
DA:107,1
DA:108,1
DA:109,1
DA:110,1
DA:111,1
DA:112,1
DA:113,1
DA:114,1
DA:115,1
DA:116,1
DA:117,1
DA:118,1
DA:119,1
DA:120,1
DA:121,1
DA:122,1
DA:123,1
DA:124,1
DA:125,1
DA:126,1
DA:127,1
DA:128,1
DA:129,1
DA:130,1
DA:131,1
DA:132,1
DA:133,1
DA:134,1
DA:135,1
DA:136,1
DA:137,1
DA:138,1
DA:139,1
DA:140,1
DA:141,1
DA:142,1
DA:143,1
DA:144,1
DA:145,1
DA:146,1
DA:147,1
DA:148,1
DA:149,1
DA:150,1
DA:151,1
DA:152,1
DA:153,1
DA:154,1
DA:155,1
DA:156,1
DA:157,1
DA:158,1
DA:159,1
DA:160,1
DA:161,1
DA:162,1
DA:163,1
DA:164,1
DA:165,1
DA:166,1
DA:167,1
DA:168,1
DA:169,1
DA:170,1
DA:171,1
DA:172,1
DA:173,1
DA:174,1
DA:175,1
DA:176,1
DA:177,1
DA:178,1
DA:179,1
DA:180,1
DA:181,1
DA:182,1
DA:183,1
DA:184,1
DA:185,1
DA:186,1
DA:187,1
DA:188,1
DA:189,1
DA:190,1
DA:191,1
DA:192,1
DA:193,1
DA:194,1
DA:195,1
DA:196,1
DA:197,1
DA:198,1
DA:199,1
DA:200,1
DA:201,1
DA:202,1
DA:203,1
DA:204,1
DA:205,1
DA:206,1
DA:207,1
DA:208,1
DA:209,1
DA:210,1
DA:211,1
DA:212,1
DA:213,1
DA:214,1
DA:215,1
DA:216,1
DA:217,1
DA:218,1
DA:219,1
DA:220,1
DA:221,1
DA:222,1
DA:223,1
DA:224,1
DA:225,1
DA:226,1
DA:227,1
DA:228,1
DA:229,1
DA:230,1
DA:231,1
DA:232,1
DA:233,1
DA:234,1
DA:235,1
DA:236,1
DA:237,1
DA:238,1
DA:239,1
DA:240,1
DA:241,1
DA:242,1
DA:243,1
DA:244,1
DA:245,1
DA:246,1
DA:247,1
DA:248,1
DA:249,1
DA:250,1
DA:251,1
DA:252,1
DA:253,1
DA:254,1
DA:255,1
DA:256,1
DA:257,1
DA:258,1
DA:259,1
DA:260,1
DA:261,1
DA:262,1
DA:263,1
DA:264,1
DA:265,1
DA:266,1
DA:267,1
DA:268,1
DA:269,1
DA:270,1
DA:271,1
DA:272,1
DA:273,1
DA:274,1
DA:275,1
DA:276,1
DA:277,1
DA:278,1
DA:279,1
DA:280,1
DA:281,1
DA:282,1
DA:283,1
DA:284,1
DA:285,1
DA:286,1
DA:287,1
DA:288,1
DA:289,1
DA:290,1
DA:291,1
DA:292,1
DA:293,1
DA:294,1
DA:295,1
DA:296,1
DA:297,1
DA:298,1
DA:299,1
DA:300,1
DA:301,1
DA:302,9
DA:303,9
DA:304,1
DA:305,1
DA:306,7
DA:307,7
DA:308,7
DA:309,7
DA:310,7
DA:311,7
DA:312,7
DA:313,7
DA:314,7
DA:315,3
DA:316,3
DA:317,1
DA:318,1
DA:319,1
DA:320,1
DA:321,1
DA:322,1
DA:323,1
DA:324,1
DA:325,2
DA:326,2
DA:327,2
DA:328,4
DA:329,4
DA:330,7
DA:331,1
DA:332,1
DA:333,9
DA:334,9
DA:335,9
DA:336,9
DA:337,6
DA:338,6
DA:339,1
DA:340,1
DA:341,1
DA:342,1
DA:343,1
DA:344,1
DA:345,1
DA:346,1
DA:347,1
DA:348,1
DA:349,1
DA:350,6
DA:351,8
DA:352,8
DA:353,9
DA:354,1
DA:355,1
DA:356,13
DA:357,13
DA:358,1
DA:359,1
DA:360,14
DA:361,14
DA:362,1
DA:363,1
DA:364,9
DA:365,9
DA:366,1
DA:367,1
DA:368,47
DA:369,47
DA:370,1
DA:371,1
DA:372,9
DA:373,9
DA:374,1
DA:375,1
DA:376,8
DA:377,8
DA:378,1
DA:379,1
DA:380,10
DA:381,10
DA:382,10
DA:383,3
DA:384,3
DA:385,3
DA:386,2
DA:387,2
DA:388,3
DA:389,10
DA:390,10
LF:390
LH:390
BRDA:1,0,0,1
BRDA:301,1,0,9
BRDA:305,2,0,7
BRDA:314,3,0,3
BRDA:316,4,0,1
BRDA:325,5,0,2
BRDA:328,6,0,4
BRDA:315,7,0,3
BRDA:332,8,0,9
BRDA:336,9,0,7
BRDA:336,10,0,6
BRDA:338,11,0,1
BRDA:343,12,0,0
BRDA:351,13,0,8
BRDA:355,14,0,13
BRDA:359,15,0,14
BRDA:363,16,0,9
BRDA:367,17,0,47
BRDA:371,18,0,9
BRDA:375,19,0,8
BRDA:379,20,0,10
BRDA:382,21,0,3
BRDA:385,22,0,2
BRDA:389,23,0,8
BRDA:389,24,0,0
BRF:25
BRH:23
end_of_record
