TN:
SF:src/db/db1.js
FN:9,generateOrderNumber
FN:21,createOrder
FN:98,getOrder
FN:115,getOrderByOrderNumber
FN:132,getOrdersByUserId
FN:155,getOrdersByGuestSessionId
FN:185,updateOrder
FN:237,createOrderItem
FN:273,getOrderItem
FN:290,getOrderItems
FN:308,createFulfillmentStatus
FN:349,getFulfillmentStatus
FN:366,getFulfillmentStatuses
FN:384,createShippingTracking
FN:436,getShippingTracking
FN:453,getShippingTrackingByOrderId
FN:470,updateShippingTracking
FNF:17
FNH:17
FNDA:9,generateOrderNumber
FNDA:9,createOrder
FNDA:43,getOrder
FNDA:2,getOrderByOrderNumber
FNDA:7,getOrdersByUserId
FNDA:3,getOrdersByGuestSessionId
FNDA:12,updateOrder
FNDA:4,createOrderItem
FNDA:5,getOrderItem
FNDA:12,getOrderItems
FNDA:13,createFulfillmentStatus
FNDA:13,getFulfillmentStatus
FNDA:8,getFulfillmentStatuses
FNDA:5,createShippingTracking
FNDA:29,getShippingTracking
FNDA:18,getShippingTrackingByOrderId
FNDA:14,updateShippingTracking
DA:1,1
DA:2,1
DA:3,1
DA:4,1
DA:5,1
DA:6,1
DA:7,1
DA:8,1
DA:9,9
DA:10,9
DA:11,9
DA:12,9
DA:13,9
DA:14,9
DA:15,9
DA:16,9
DA:17,1
DA:18,1
DA:19,1
DA:20,1
DA:21,1
DA:22,9
DA:23,9
DA:24,9
DA:25,9
DA:26,9
DA:27,9
DA:28,9
DA:29,9
DA:30,9
DA:31,9
DA:32,9
DA:33,9
DA:34,9
DA:35,9
DA:36,9
DA:37,9
DA:38,9
DA:39,9
DA:40,9
DA:41,9
DA:42,9
DA:43,9
DA:44,9
DA:45,9
DA:46,9
DA:47,9
DA:48,9
DA:49,9
DA:50,9
DA:51,9
DA:52,9
DA:53,9
DA:54,9
DA:55,9
DA:56,9
DA:57,9
DA:58,9
DA:59,9
DA:60,9
DA:61,9
DA:62,9
DA:63,9
DA:64,9
DA:65,9
DA:66,9
DA:67,9
DA:68,9
DA:69,9
DA:70,9
DA:71,9
DA:72,9
DA:73,9
DA:74,9
DA:75,9
DA:76,9
DA:77,7
DA:78,7
DA:79,7
DA:80,7
DA:81,7
DA:82,7
DA:83,7
DA:84,7
DA:85,7
DA:86,6
DA:87,6
DA:88,6
DA:89,9
DA:90,3
DA:91,3
DA:92,3
DA:93,9
DA:94,1
DA:95,1
DA:96,1
DA:97,1
DA:98,1
DA:99,43
DA:100,43
DA:101,43
DA:102,43
DA:103,43
DA:104,43
DA:105,43
DA:106,43
DA:107,1
DA:108,1
DA:109,1
DA:110,43
DA:111,1
DA:112,1
DA:113,1
DA:114,1
DA:115,1
DA:116,2
DA:117,2
DA:118,2
DA:119,2
DA:120,2
DA:121,2
DA:122,2
DA:123,2
DA:124,0
DA:125,0
DA:126,0
DA:127,2
DA:128,1
DA:129,1
DA:130,1
DA:131,1
DA:132,1
DA:133,7
DA:134,7
DA:135,7
DA:136,7
DA:137,7
DA:138,7
DA:139,7
DA:140,7
DA:141,7
DA:142,7
DA:143,7
DA:144,7
DA:145,7
DA:146,7
DA:147,0
DA:148,0
DA:149,0
DA:150,7
DA:151,1
DA:152,1
DA:153,1
DA:154,1
DA:155,1
DA:156,3
DA:157,3
DA:158,3
DA:159,3
DA:160,3
DA:161,3
DA:162,3
DA:163,3
DA:164,3
DA:165,3
DA:166,3
DA:167,3
DA:168,3
DA:169,3
DA:170,3
DA:171,3
DA:172,3
DA:173,3
DA:174,3
DA:175,0
DA:176,0
DA:177,0
DA:178,0
DA:179,0
DA:180,3
DA:181,1
DA:182,1
DA:183,1
DA:184,1
DA:185,1
DA:186,12
DA:187,12
DA:188,12
DA:189,12
DA:190,12
DA:191,12
DA:192,8
DA:193,8
DA:194,8
DA:195,12
DA:196,1
DA:197,1
DA:198,1
DA:199,12
DA:200,3
DA:201,3
DA:202,3
DA:203,12
DA:204,2
DA:205,2
DA:206,2
DA:207,12
DA:208,12
DA:209,1
DA:210,1
DA:211,11
DA:212,11
DA:213,11
DA:214,11
DA:215,11
DA:216,11
DA:217,11
DA:218,11
DA:219,11
DA:220,11
DA:221,11
DA:222,11
DA:223,11
DA:224,11
DA:225,11
DA:226,11
DA:227,11
DA:228,12
DA:229,0
DA:230,0
DA:231,0
DA:232,12
DA:233,1
DA:234,1
DA:235,1
DA:236,1
DA:237,1
DA:238,4
DA:239,4
DA:240,4
DA:241,4
DA:242,4
DA:243,4
DA:244,4
DA:245,4
DA:246,4
DA:247,4
DA:248,4
DA:249,4
DA:250,4
DA:251,4
DA:252,4
DA:253,4
DA:254,4
DA:255,4
DA:256,4
DA:257,4
DA:258,4
DA:259,4
DA:260,4
DA:261,4
DA:262,4
DA:263,4
DA:264,4
DA:265,0
DA:266,0
DA:267,0
DA:268,4
DA:269,1
DA:270,1
DA:271,1
DA:272,1
DA:273,1
DA:274,5
DA:275,5
DA:276,5
DA:277,5
DA:278,5
DA:279,5
DA:280,5
DA:281,5
DA:282,0
DA:283,0
DA:284,0
DA:285,5
DA:286,1
DA:287,1
DA:288,1
DA:289,1
DA:290,1
DA:291,12
DA:292,12
DA:293,12
DA:294,12
DA:295,12
DA:296,12
DA:297,12
DA:298,12
DA:299,12
DA:300,0
DA:301,0
DA:302,0
DA:303,12
DA:304,1
DA:305,1
DA:306,1
DA:307,1
DA:308,1
DA:309,13
DA:310,13
DA:311,13
DA:312,13
DA:313,13
DA:314,13
DA:315,13
DA:316,13
DA:317,13
DA:318,13
DA:319,13
DA:320,13
DA:321,13
DA:322,13
DA:323,13
DA:324,13
DA:325,13
DA:326,13
DA:327,13
DA:328,13
DA:329,13
DA:330,13
DA:331,13
DA:332,13
DA:333,13
DA:334,13
DA:335,12
DA:336,12
DA:337,13
DA:338,1
DA:339,1
DA:340,1
DA:341,1
DA:342,1
DA:343,1
DA:344,13
DA:345,1
DA:346,1
DA:347,1
DA:348,1
DA:349,1
DA:350,13
DA:351,13
DA:352,13
DA:353,13
DA:354,13
DA:355,13
DA:356,13
DA:357,13
DA:358,0
DA:359,0
DA:360,0
DA:361,13
DA:362,1
DA:363,1
DA:364,1
DA:365,1
DA:366,1
DA:367,8
DA:368,8
DA:369,8
DA:370,8
DA:371,8
DA:372,8
DA:373,8
DA:374,8
DA:375,8
DA:376,0
DA:377,0
DA:378,0
DA:379,8
DA:380,1
DA:381,1
DA:382,1
DA:383,1
DA:384,1
DA:385,5
DA:386,5
DA:387,5
DA:388,5
DA:389,5
DA:390,5
DA:391,5
DA:392,5
DA:393,5
DA:394,5
DA:395,5
DA:396,5
DA:397,5
DA:398,5
DA:399,5
DA:400,5
DA:401,5
DA:402,5
DA:403,5
DA:404,5
DA:405,5
DA:406,5
DA:407,5
DA:408,5
DA:409,5
DA:410,5
DA:411,5
DA:412,5
DA:413,5
DA:414,5
DA:415,5
DA:416,5
DA:417,5
DA:418,5
DA:419,5
DA:420,5
DA:421,5
DA:422,5
DA:423,5
DA:424,5
DA:425,0
DA:426,0
DA:427,0
DA:428,0
DA:429,0
DA:430,0
DA:431,5
DA:432,1
DA:433,1
DA:434,1
DA:435,1
DA:436,1
DA:437,29
DA:438,29
DA:439,29
DA:440,29
DA:441,29
DA:442,29
DA:443,29
DA:444,29
DA:445,0
DA:446,0
DA:447,0
DA:448,29
DA:449,1
DA:450,1
DA:451,1
DA:452,1
DA:453,1
DA:454,18
DA:455,18
DA:456,18
DA:457,18
DA:458,18
DA:459,18
DA:460,18
DA:461,18
DA:462,0
DA:463,0
DA:464,0
DA:465,18
DA:466,1
DA:467,1
DA:468,1
DA:469,1
DA:470,1
DA:471,14
DA:472,14
DA:473,14
DA:474,14
DA:475,14
DA:476,14
DA:477,10
DA:478,10
DA:479,10
DA:480,14
DA:481,2
DA:482,2
DA:483,2
DA:484,14
DA:485,3
DA:486,3
DA:487,3
DA:488,14
DA:489,2
DA:490,2
DA:491,2
DA:492,14
DA:493,14
DA:494,1
DA:495,1
DA:496,13
DA:497,13
DA:498,13
DA:499,13
DA:500,13
DA:501,13
DA:502,13
DA:503,13
DA:504,13
DA:505,13
DA:506,13
DA:507,13
DA:508,13
DA:509,13
DA:510,13
DA:511,13
DA:512,13
DA:513,14
DA:514,0
DA:515,0
DA:516,0
DA:517,0
DA:518,0
DA:519,0
DA:520,14
LF:520
LH:473
BRDA:1,0,0,1
BRDA:9,1,0,9
BRDA:21,2,0,9
BRDA:58,3,0,1
BRDA:59,4,0,7
BRDA:72,5,0,2
BRDA:77,6,0,7
BRDA:86,7,0,6
BRDA:89,8,0,3
BRDA:98,9,0,43
BRDA:105,10,0,42
BRDA:105,11,0,11
BRDA:106,12,0,1
BRDA:115,13,0,2
BRDA:122,14,0,1
BRDA:123,15,0,0
BRDA:132,16,0,7
BRDA:145,17,0,0
BRDA:146,18,0,0
BRDA:155,19,0,3
BRDA:173,20,0,0
BRDA:174,21,0,0
BRDA:185,22,0,12
BRDA:191,23,0,8
BRDA:195,24,0,1
BRDA:199,25,0,3
BRDA:203,26,0,2
BRDA:208,27,0,1
BRDA:211,28,0,11
BRDA:228,29,0,0
BRDA:237,30,0,4
BRDA:255,31,0,2
BRDA:264,32,0,0
BRDA:273,33,0,5
BRDA:280,34,0,0
BRDA:281,35,0,0
BRDA:290,36,0,12
BRDA:298,37,0,0
BRDA:299,38,0,0
BRDA:308,39,0,13
BRDA:330,40,0,0
BRDA:331,41,0,0
BRDA:335,42,0,12
BRDA:337,43,0,1
BRDA:349,44,0,13
BRDA:356,45,0,3
BRDA:357,46,0,0
BRDA:366,47,0,8
BRDA:374,48,0,0
BRDA:375,49,0,0
BRDA:384,50,0,5
BRDA:424,51,0,0
BRDA:436,52,0,29
BRDA:443,53,0,2
BRDA:444,54,0,0
BRDA:453,55,0,18
BRDA:460,56,0,11
BRDA:461,57,0,0
BRDA:470,58,0,14
BRDA:476,59,0,10
BRDA:480,60,0,2
BRDA:484,61,0,3
BRDA:488,62,0,2
BRDA:493,63,0,1
BRDA:496,64,0,13
BRDA:513,65,0,0
BRF:66
BRH:46
end_of_record
TN:
SF:src/handlers/fulfillmentHandlers.js
FN:16,handleFulfillmentWebhook
FN:70,getOrderById
FN:113,getUserOrders
FN:157,updateFulfillmentStatus
FN:227,addShippingTracking
FN:298,updateShippingTracking
FNF:6
FNH:6
FNDA:7,handleFulfillmentWebhook
FNDA:5,getOrderById
FNDA:6,getUserOrders
FNDA:4,updateFulfillmentStatus
FNDA:4,addShippingTracking
FNDA:4,updateShippingTracking
DA:1,1
DA:2,1
DA:3,1
DA:4,1
DA:5,1
DA:6,1
DA:7,1
DA:8,1
DA:9,1
DA:10,1
DA:11,1
DA:12,1
DA:13,1
DA:14,1
DA:15,1
DA:16,1
DA:17,7
DA:18,7
DA:19,7
DA:20,7
DA:21,7
DA:22,1
DA:23,1
DA:24,1
DA:25,1
DA:26,1
DA:27,1
DA:28,1
DA:29,1
DA:30,6
DA:31,6
DA:32,6
DA:33,7
DA:34,1
DA:35,1
DA:36,1
DA:37,1
DA:38,1
DA:39,3
DA:40,3
DA:41,3
DA:42,1
DA:43,1
DA:44,1
DA:45,1
DA:46,1
DA:47,5
DA:48,5
DA:49,5
DA:50,5
DA:51,5
DA:52,1
DA:53,1
DA:54,1
DA:55,1
DA:56,1
DA:57,7
DA:58,4
DA:59,4
DA:60,4
DA:61,4
DA:62,4
DA:63,4
DA:64,4
DA:65,7
DA:66,1
DA:67,1
DA:68,1
DA:69,1
DA:70,1
DA:71,5
DA:72,5
DA:73,5
DA:74,5
DA:75,5
DA:76,1
DA:77,1
DA:78,1
DA:79,1
DA:80,1
DA:81,1
DA:82,1
DA:83,1
DA:84,4
DA:85,4
DA:86,4
DA:87,5
DA:88,2
DA:89,2
DA:90,2
DA:91,2
DA:92,2
DA:93,2
DA:94,2
DA:95,2
DA:96,2
DA:97,2
DA:98,2
DA:99,2
DA:100,2
DA:101,5
DA:102,0
DA:103,0
DA:104,0
DA:105,0
DA:106,0
DA:107,0
DA:108,5
DA:109,1
DA:110,1
DA:111,1
DA:112,1
DA:113,1
DA:114,6
DA:115,6
DA:116,6
DA:117,6
DA:118,6
DA:119,1
DA:120,1
DA:121,1
DA:122,1
DA:123,1
DA:124,1
DA:125,1
DA:126,1
DA:127,5
DA:128,5
DA:129,5
DA:130,6
DA:131,6
DA:132,6
DA:133,6
DA:134,6
DA:135,6
DA:136,6
DA:137,6
DA:138,6
DA:139,6
DA:140,5
DA:141,5
DA:142,5
DA:143,5
DA:144,5
DA:145,6
DA:146,0
DA:147,0
DA:148,0
DA:149,0
DA:150,0
DA:151,0
DA:152,6
DA:153,1
DA:154,1
DA:155,1
DA:156,1
DA:157,1
DA:158,4
DA:159,4
DA:160,4
DA:161,4
DA:162,4
DA:163,4
DA:164,4
DA:165,1
DA:166,1
DA:167,1
DA:168,1
DA:169,1
DA:170,1
DA:171,1
DA:172,1
DA:173,3
DA:174,3
DA:175,4
DA:176,0
DA:177,0
DA:178,0
DA:179,0
DA:180,0
DA:181,0
DA:182,0
DA:183,0
DA:184,3
DA:185,3
DA:186,4
DA:187,1
DA:188,1
DA:189,1
DA:190,1
DA:191,1
DA:192,1
DA:193,1
DA:194,1
DA:195,1
DA:196,1
DA:197,1
DA:198,1
DA:199,1
DA:200,2
DA:201,4
DA:202,4
DA:203,4
DA:204,4
DA:205,4
DA:206,4
DA:207,4
DA:208,4
DA:209,1
DA:210,1
DA:211,1
DA:212,1
DA:213,1
DA:214,1
DA:215,1
DA:216,1
DA:217,1
DA:218,1
DA:219,1
DA:220,1
DA:221,1
DA:222,4
DA:223,1
DA:224,1
DA:225,1
DA:226,1
DA:227,1
DA:228,4
DA:229,4
DA:230,4
DA:231,4
DA:232,4
DA:233,4
DA:234,4
DA:235,0
DA:236,0
DA:237,0
DA:238,0
DA:239,0
DA:240,0
DA:241,0
DA:242,0
DA:243,4
DA:244,4
DA:245,4
DA:246,0
DA:247,0
DA:248,0
DA:249,0
DA:250,0
DA:251,0
DA:252,0
DA:253,0
DA:254,4
DA:255,4
DA:256,4
DA:257,1
DA:258,1
DA:259,1
DA:260,1
DA:261,1
DA:262,2
DA:263,2
DA:264,2
DA:265,1
DA:266,1
DA:267,1
DA:268,1
DA:269,1
DA:270,3
DA:271,3
DA:272,3
DA:273,3
DA:274,3
DA:275,3
DA:276,1
DA:277,1
DA:278,1
DA:279,1
DA:280,1
DA:281,4
DA:282,2
DA:283,2
DA:284,2
DA:285,2
DA:286,1
DA:287,2
DA:288,2
DA:289,2
DA:290,2
DA:291,2
DA:292,2
DA:293,4
DA:294,1
DA:295,1
DA:296,1
DA:297,1
DA:298,1
DA:299,4
DA:300,4
DA:301,4
DA:302,4
DA:303,4
DA:304,4
DA:305,4
DA:306,1
DA:307,1
DA:308,1
DA:309,1
DA:310,1
DA:311,1
DA:312,1
DA:313,1
DA:314,3
DA:315,4
DA:316,1
DA:317,1
DA:318,1
DA:319,1
DA:320,1
DA:321,1
DA:322,1
DA:323,1
DA:324,2
DA:325,2
DA:326,4
DA:327,0
DA:328,0
DA:329,0
DA:330,0
DA:331,0
DA:332,0
DA:333,0
DA:334,0
DA:335,0
DA:336,0
DA:337,0
DA:338,0
DA:339,0
DA:340,2
DA:341,2
DA:342,2
DA:343,2
DA:344,2
DA:345,2
DA:346,1
DA:347,1
DA:348,1
DA:349,1
DA:350,1
DA:351,1
DA:352,1
DA:353,1
DA:354,1
DA:355,1
DA:356,1
DA:357,1
DA:358,1
DA:359,4
LF:359
LH:310
BRDA:1,0,0,1
BRDA:16,1,0,7
BRDA:21,2,0,6
BRDA:21,3,0,1
BRDA:30,4,0,6
BRDA:33,5,0,1
BRDA:47,6,0,5
BRDA:52,7,0,1
BRDA:57,8,0,4
BRDA:59,9,0,0
BRDA:38,10,0,3
BRDA:70,11,0,5
BRDA:75,12,0,1
BRDA:79,13,0,0
BRDA:84,14,0,4
BRDA:87,15,0,2
BRDA:101,16,0,0
BRDA:113,17,0,6
BRDA:115,18,0,2
BRDA:116,19,0,5
BRDA:118,20,0,2
BRDA:118,21,0,1
BRDA:127,22,0,5
BRDA:130,23,0,4
BRDA:131,24,0,4
BRDA:140,25,0,5
BRDA:145,26,0,0
BRDA:157,27,0,4
BRDA:164,28,0,3
BRDA:164,29,0,1
BRDA:173,30,0,3
BRDA:175,31,0,0
BRDA:184,32,0,3
BRDA:186,33,0,1
BRDA:200,34,0,2
BRDA:201,35,0,1
BRDA:209,36,0,1
BRDA:216,37,0,0
BRDA:191,38,0,1
BRDA:227,39,0,4
BRDA:234,40,0,0
BRDA:245,41,0,0
BRDA:256,42,0,1
BRDA:270,43,0,3
BRDA:276,44,0,1
BRDA:281,45,0,2
BRDA:284,46,0,1
BRDA:285,47,0,1
BRDA:287,48,0,0
BRDA:261,49,0,2
BRDA:298,50,0,4
BRDA:305,51,0,3
BRDA:305,52,0,1
BRDA:314,53,0,3
BRDA:315,54,0,1
BRDA:324,55,0,2
BRDA:326,56,0,0
BRDA:340,57,0,2
BRDA:346,58,0,1
BRDA:353,59,0,0
BRF:60
BRH:49
end_of_record
TN:
SF:src/middleware/cors.js
FN:7,handleCORS
FN:27,addCORSHeaders
FN:62,withCORS
FNF:3
FNH:3
FNDA:4,handleCORS
FNDA:6,addCORSHeaders
FNDA:3,withCORS
DA:1,1
DA:2,1
DA:3,1
DA:4,1
DA:5,1
DA:6,1
DA:7,1
DA:8,4
DA:9,4
DA:10,4
DA:11,4
DA:12,4
DA:13,4
DA:14,4
DA:15,4
DA:16,4
DA:17,4
DA:18,4
DA:19,4
DA:20,4
DA:21,4
DA:22,4
DA:23,1
DA:24,1
DA:25,1
DA:26,1
DA:27,1
DA:28,6
DA:29,2
DA:30,2
DA:31,4
DA:32,4
DA:33,6
DA:34,6
DA:35,6
DA:36,6
DA:37,6
DA:38,6
DA:39,6
DA:40,6
DA:41,6
DA:42,6
DA:43,6
DA:44,6
DA:45,6
DA:46,6
DA:47,2
DA:48,2
DA:49,4
DA:50,4
DA:51,4
DA:52,4
DA:53,4
DA:54,4
DA:55,4
DA:56,6
DA:57,1
DA:58,1
DA:59,1
DA:60,1
DA:61,1
DA:62,1
DA:63,3
DA:64,3
DA:65,3
DA:66,1
DA:67,1
DA:68,2
DA:69,2
DA:70,2
DA:71,2
DA:72,2
DA:73,2
DA:74,3
DA:75,3
LF:75
LH:75
BRDA:1,0,0,1
BRDA:7,1,0,4
BRDA:9,2,0,1
BRDA:18,3,0,3
BRDA:18,4,0,1
BRDA:27,5,0,6
BRDA:28,6,0,5
BRDA:28,7,0,2
BRDA:31,8,0,4
BRDA:33,9,0,2
BRDA:46,10,0,2
BRDA:49,11,0,4
BRDA:62,12,0,3
BRDA:63,13,0,3
BRDA:65,14,0,1
BRDA:68,15,0,2
BRF:16
BRH:16
end_of_record
TN:
SF:src/middleware/logger.js
FN:8,withLogger
FNF:1
FNH:1
FNDA:8,withLogger
DA:1,1
DA:2,1
DA:3,1
DA:4,1
DA:5,1
DA:6,1
DA:7,1
DA:8,1
DA:9,8
DA:10,8
DA:11,8
DA:12,8
DA:13,8
DA:14,8
DA:15,8
DA:16,8
DA:17,7
DA:18,7
DA:19,7
DA:20,7
DA:21,7
DA:22,7
DA:23,8
DA:24,8
DA:25,8
DA:26,7
DA:27,7
DA:28,7
DA:29,7
DA:30,7
DA:31,7
DA:32,8
DA:33,8
DA:34,8
DA:35,8
DA:36,8
DA:37,8
DA:38,8
DA:39,8
DA:40,8
DA:41,8
DA:42,8
DA:43,8
DA:44,8
DA:45,8
DA:46,8
DA:47,1
DA:48,1
DA:49,1
DA:50,1
DA:51,1
DA:52,1
DA:53,1
DA:54,1
DA:55,1
DA:56,8
DA:57,8
DA:58,8
DA:59,8
DA:60,7
DA:61,7
DA:62,7
DA:63,7
DA:64,7
DA:65,7
DA:66,7
DA:67,6
DA:68,6
DA:69,6
DA:70,6
DA:71,6
DA:72,7
DA:73,7
DA:74,7
DA:75,7
DA:76,7
DA:77,7
DA:78,7
DA:79,8
DA:80,1
DA:81,1
DA:82,1
DA:83,1
DA:84,1
DA:85,1
DA:86,1
DA:87,1
DA:88,1
DA:89,1
DA:90,1
DA:91,1
DA:92,1
DA:93,1
DA:94,1
DA:95,1
DA:96,8
DA:97,0
DA:98,0
DA:99,0
DA:100,0
DA:101,0
DA:102,0
DA:103,0
DA:104,0
DA:105,0
DA:106,0
DA:107,0
DA:108,0
DA:109,0
DA:110,0
DA:111,8
DA:112,8
LF:112
LH:98
BRDA:1,0,0,1
BRDA:8,1,0,8
BRDA:9,2,0,8
BRDA:12,3,0,7
BRDA:12,4,0,1
BRDA:13,5,0,7
BRDA:13,6,0,1
BRDA:16,7,0,7
BRDA:18,8,0,1
BRDA:20,9,0,1
BRDA:21,10,0,1
BRDA:25,11,0,7
BRDA:46,12,0,7
BRDA:46,13,0,1
BRDA:51,14,0,0
BRDA:59,15,0,7
BRDA:59,16,0,7
BRDA:66,17,0,6
BRDA:79,18,0,1
BRDA:96,19,0,0
BRF:20
BRH:18
end_of_record
TN:
SF:src/routers/fulfillment.js
FNF:0
FNH:0
DA:1,1
DA:2,1
DA:3,1
DA:4,1
DA:5,1
DA:6,1
DA:7,1
DA:8,1
DA:9,1
DA:10,1
DA:11,1
DA:12,1
DA:13,1
DA:14,1
DA:15,1
DA:16,1
DA:17,3
DA:18,3
DA:19,3
DA:20,3
DA:21,3
DA:22,3
DA:23,0
DA:24,0
DA:25,0
DA:26,0
DA:27,0
DA:28,0
DA:29,0
DA:30,0
DA:31,0
DA:32,0
DA:33,0
DA:34,0
DA:35,1
DA:36,1
DA:37,1
DA:38,1
DA:39,2
DA:40,1
DA:41,1
DA:42,1
DA:43,1
DA:44,2
DA:45,1
DA:46,1
DA:47,1
DA:48,1
DA:49,5
DA:50,5
DA:51,5
DA:52,5
DA:53,5
DA:54,5
DA:55,5
DA:56,5
DA:57,5
DA:58,5
DA:59,5
DA:60,0
DA:61,0
DA:62,0
DA:63,5
DA:64,5
DA:65,5
DA:66,0
DA:67,0
DA:68,0
DA:69,0
DA:70,0
DA:71,0
DA:72,0
DA:73,0
DA:74,0
DA:75,0
DA:76,0
DA:77,0
DA:78,1
DA:79,1
DA:80,1
DA:81,1
DA:82,5
DA:83,5
DA:84,5
DA:85,5
DA:86,5
DA:87,5
DA:88,5
DA:89,5
DA:90,5
DA:91,5
DA:92,5
DA:93,0
DA:94,0
DA:95,0
DA:96,5
DA:97,5
DA:98,5
DA:99,0
DA:100,0
DA:101,0
DA:102,0
DA:103,0
DA:104,0
DA:105,0
DA:106,0
DA:107,0
DA:108,0
DA:109,0
DA:110,0
DA:111,1
DA:112,1
DA:113,1
DA:114,1
DA:115,5
DA:116,5
DA:117,5
DA:118,5
DA:119,5
DA:120,5
DA:121,5
DA:122,5
DA:123,5
DA:124,5
DA:125,5
DA:126,0
DA:127,0
DA:128,0
DA:129,5
DA:130,5
DA:131,5
DA:132,0
DA:133,0
DA:134,0
DA:135,0
DA:136,0
DA:137,0
DA:138,0
DA:139,0
DA:140,0
DA:141,0
DA:142,0
DA:143,0
DA:144,1
DA:145,1
DA:146,1
DA:147,1
DA:148,4
DA:149,4
DA:150,4
DA:151,4
DA:152,4
DA:153,4
DA:154,4
DA:155,1
DA:156,1
DA:157,1
LF:157
LH:100
BRDA:1,0,0,1
BRDA:8,1,0,1
BRDA:16,2,0,3
BRDA:20,3,0,0
BRDA:22,4,0,0
BRDA:38,5,0,2
BRDA:39,6,0,0
BRDA:43,7,0,2
BRDA:44,8,0,0
BRDA:48,9,0,5
BRDA:51,10,0,0
BRDA:60,11,0,0
BRDA:65,12,0,0
BRDA:81,13,0,5
BRDA:84,14,0,0
BRDA:93,15,0,0
BRDA:98,16,0,0
BRDA:114,17,0,5
BRDA:117,18,0,0
BRDA:126,19,0,0
BRDA:131,20,0,0
BRDA:147,21,0,4
BRF:22
BRH:9
end_of_record
TN:
SF:src/services/fulfillmentService.js
FN:22,getCheckoutSessionFromCheckoutWorker
FN:58,getProductFromCatalogWorker
FN:103,createFulfillmentFromWebhook
FN:197,getOrderDetails
FN:249,getUserOrders
FN:299,updateFulfillmentStatusService
FN:332,addShippingTrackingService
FN:376,updateShippingTrackingService
FNF:8
FNH:8
FNDA:7,getCheckoutSessionFromCheckoutWorker
FNDA:2,getProductFromCatalogWorker
FNDA:7,createFulfillmentFromWebhook
FNDA:10,getOrderDetails
FNDA:8,getUserOrders
FNDA:4,updateFulfillmentStatusService
FNDA:8,addShippingTrackingService
FNDA:9,updateShippingTrackingService
DA:1,1
DA:2,1
DA:3,1
DA:4,1
DA:5,1
DA:6,1
DA:7,1
DA:8,1
DA:9,1
DA:10,1
DA:11,1
DA:12,1
DA:13,1
DA:14,1
DA:15,1
DA:16,1
DA:17,1
DA:18,1
DA:19,1
DA:20,1
DA:21,1
DA:22,7
DA:23,7
DA:24,7
DA:25,7
DA:26,1
DA:27,1
DA:28,6
DA:29,6
DA:30,6
DA:31,6
DA:32,6
DA:33,6
DA:34,6
DA:35,6
DA:36,6
DA:37,6
DA:38,6
DA:39,6
DA:40,6
DA:41,6
DA:42,6
DA:43,6
DA:44,7
DA:45,0
DA:46,0
DA:47,6
DA:48,6
DA:49,7
DA:50,1
DA:51,1
DA:52,1
DA:53,7
DA:54,1
DA:55,1
DA:56,1
DA:57,1
DA:58,2
DA:59,2
DA:60,2
DA:61,2
DA:62,0
DA:63,0
DA:64,0
DA:65,0
DA:66,0
DA:67,0
DA:68,2
DA:69,2
DA:70,2
DA:71,2
DA:72,2
DA:73,2
DA:74,2
DA:75,2
DA:76,2
DA:77,2
DA:78,2
DA:79,2
DA:80,2
DA:81,2
DA:82,2
DA:83,1
DA:84,1
DA:85,1
DA:86,1
DA:87,1
DA:88,1
DA:89,1
DA:90,1
DA:91,2
DA:92,0
DA:93,0
DA:94,0
DA:95,0
DA:96,0
DA:97,0
DA:98,2
DA:99,1
DA:100,1
DA:101,1
DA:102,1
DA:103,1
DA:104,7
DA:105,7
DA:106,7
DA:107,7
DA:108,7
DA:109,7
DA:110,7
DA:111,7
DA:112,7
DA:113,7
DA:114,7
DA:115,7
DA:116,7
DA:117,7
DA:118,7
DA:119,7
DA:120,7
DA:121,1
DA:122,1
DA:123,1
DA:124,1
DA:125,1
DA:126,1
DA:127,7
DA:128,7
DA:129,7
DA:130,7
DA:131,7
DA:132,7
DA:133,7
DA:134,7
DA:135,7
DA:136,7
DA:137,7
DA:138,7
DA:139,7
DA:140,7
DA:141,7
DA:142,7
DA:143,7
DA:144,7
DA:145,7
DA:146,7
DA:147,7
DA:148,7
DA:149,7
DA:150,7
DA:151,7
DA:152,7
DA:153,5
DA:154,5
DA:155,5
DA:156,7
DA:157,5
DA:158,5
DA:159,5
DA:160,5
DA:161,5
DA:162,5
DA:163,5
DA:164,5
DA:165,5
DA:166,5
DA:167,5
DA:168,3
DA:169,3
DA:170,3
DA:171,3
DA:172,3
DA:173,3
DA:174,3
DA:175,3
DA:176,3
DA:177,3
DA:178,3
DA:179,3
DA:180,3
DA:181,3
DA:182,3
DA:183,3
DA:184,3
DA:185,3
DA:186,7
DA:187,4
DA:188,4
DA:189,4
DA:190,4
DA:191,4
DA:192,7
DA:193,1
DA:194,1
DA:195,1
DA:196,1
DA:197,1
DA:198,10
DA:199,10
DA:200,10
DA:201,3
DA:202,3
DA:203,7
DA:204,7
DA:205,7
DA:206,7
DA:207,7
DA:208,7
DA:209,7
DA:210,3
DA:211,3
DA:212,2
DA:213,2
DA:214,3
DA:215,3
DA:216,3
DA:217,3
DA:218,1
DA:219,1
DA:220,1
DA:221,1
DA:222,1
DA:223,3
DA:224,3
DA:225,7
DA:226,7
DA:227,7
DA:228,7
DA:229,7
DA:230,7
DA:231,7
DA:232,7
DA:233,7
DA:234,7
DA:235,7
DA:236,7
DA:237,7
DA:238,7
DA:239,7
DA:240,10
DA:241,0
DA:242,0
DA:243,0
DA:244,10
DA:245,1
DA:246,1
DA:247,1
DA:248,1
DA:249,1
DA:250,8
DA:251,8
DA:252,8
DA:253,8
DA:254,8
DA:255,8
DA:256,8
DA:257,8
DA:258,8
DA:259,8
DA:260,5
DA:261,8
DA:262,2
DA:263,2
DA:264,2
DA:265,2
DA:266,2
DA:267,2
DA:268,3
DA:269,1
DA:270,1
DA:271,7
DA:272,7
DA:273,7
DA:274,7
DA:275,4
DA:276,4
DA:277,4
DA:278,4
DA:279,4
DA:280,4
DA:281,4
DA:282,4
DA:283,4
DA:284,4
DA:285,4
DA:286,7
DA:287,7
DA:288,7
DA:289,7
DA:290,8
DA:291,1
DA:292,1
DA:293,1
DA:294,8
DA:295,1
DA:296,1
DA:297,1
DA:298,1
DA:299,1
DA:300,4
DA:301,4
DA:302,4
DA:303,4
DA:304,4
DA:305,4
DA:306,4
DA:307,4
DA:308,4
DA:309,2
DA:310,2
DA:311,2
DA:312,2
DA:313,2
DA:314,2
DA:315,2
DA:316,2
DA:317,2
DA:318,2
DA:319,2
DA:320,2
DA:321,2
DA:322,2
DA:323,2
DA:324,2
DA:325,2
DA:326,2
DA:327,4
DA:328,1
DA:329,1
DA:330,1
DA:331,1
DA:332,1
DA:333,8
DA:334,8
DA:335,8
DA:336,2
DA:337,2
DA:338,6
DA:339,6
DA:340,6
DA:341,8
DA:342,2
DA:343,2
DA:344,4
DA:345,4
DA:346,4
DA:347,4
DA:348,8
DA:349,2
DA:350,2
DA:351,2
DA:352,2
DA:353,2
DA:354,2
DA:355,2
DA:356,2
DA:357,2
DA:358,4
DA:359,4
DA:360,4
DA:361,4
DA:362,4
DA:363,4
DA:364,4
DA:365,4
DA:366,4
DA:367,4
DA:368,4
DA:369,4
DA:370,4
DA:371,8
DA:372,1
DA:373,1
DA:374,1
DA:375,1
DA:376,1
DA:377,9
DA:378,9
DA:379,9
DA:380,9
DA:381,9
DA:382,9
DA:383,9
DA:384,2
DA:385,2
DA:386,7
DA:387,7
DA:388,7
DA:389,7
DA:390,9
DA:391,1
DA:392,1
DA:393,1
DA:394,1
DA:395,1
DA:396,1
DA:397,1
DA:398,1
DA:399,1
DA:400,1
DA:401,1
DA:402,1
DA:403,1
DA:404,1
DA:405,1
DA:406,1
DA:407,7
DA:408,7
DA:409,7
DA:410,9
DA:411,2
DA:412,2
DA:413,2
DA:414,2
DA:415,2
DA:416,2
DA:417,9
LF:417
LH:400
BRDA:1,0,0,1
BRDA:22,1,0,7
BRDA:25,2,0,1
BRDA:28,3,0,6
BRDA:44,4,0,0
BRDA:47,5,0,6
BRDA:49,6,0,1
BRDA:58,7,0,2
BRDA:61,8,0,0
BRDA:82,9,0,1
BRDA:91,10,0,0
BRDA:103,11,0,7
BRDA:120,12,0,6
BRDA:120,13,0,1
BRDA:129,14,0,0
BRDA:130,15,0,0
BRDA:131,16,0,0
BRDA:148,17,0,1
BRDA:153,18,0,5
BRDA:156,19,0,0
BRDA:156,20,0,5
BRDA:161,21,0,2
BRDA:168,22,0,3
BRDA:170,23,0,3
BRDA:186,24,0,4
BRDA:197,25,0,10
BRDA:200,26,0,3
BRDA:203,27,0,7
BRDA:240,28,0,0
BRDA:209,29,0,3
BRDA:211,30,0,2
BRDA:217,31,0,1
BRDA:223,32,0,2
BRDA:249,33,0,8
BRDA:259,34,0,5
BRDA:261,35,0,3
BRDA:261,36,0,2
BRDA:268,37,0,1
BRDA:271,38,0,7
BRDA:290,39,0,1
BRDA:274,40,0,4
BRDA:299,41,0,4
BRDA:308,42,0,2
BRDA:332,43,0,8
BRDA:335,44,0,2
BRDA:338,45,0,6
BRDA:341,46,0,2
BRDA:344,47,0,4
BRDA:348,48,0,3
BRDA:348,49,0,2
BRDA:358,50,0,4
BRDA:376,51,0,9
BRDA:383,52,0,2
BRDA:386,53,0,7
BRDA:390,54,0,3
BRDA:390,55,0,1
BRDA:407,56,0,7
BRDA:410,57,0,2
BRF:58
BRH:50
end_of_record
TN:
SF:src/utils/logger.js
FN:11,addLogToSpan
FN:45,logger
FN:72,logError
FN:106,logWarn
FN:129,logInfo
FNF:5
FNH:5
FNDA:92,addLogToSpan
FNDA:54,logger
FNDA:30,logError
FNDA:5,logWarn
FNDA:3,logInfo
DA:1,1
DA:2,1
DA:3,1
DA:4,1
DA:5,1
DA:6,1
DA:7,1
DA:8,1
DA:9,1
DA:10,1
DA:11,92
DA:12,92
DA:13,8
DA:14,8
DA:15,8
DA:16,8
DA:17,8
DA:18,8
DA:19,8
DA:20,8
DA:21,8
DA:22,8
DA:23,8
DA:24,8
DA:25,8
DA:26,8
DA:27,8
DA:28,8
DA:29,8
DA:30,8
DA:31,92
DA:32,92
DA:33,8
DA:34,8
DA:35,92
DA:36,92
DA:37,92
DA:38,92
DA:39,92
DA:40,1
DA:41,1
DA:42,1
DA:43,1
DA:44,1
DA:45,1
DA:46,54
DA:47,54
DA:48,54
DA:49,54
DA:50,54
DA:51,54
DA:52,54
DA:53,54
DA:54,54
DA:55,54
DA:56,54
DA:57,54
DA:58,54
DA:59,54
DA:60,54
DA:61,54
DA:62,54
DA:63,54
DA:64,54
DA:65,54
DA:66,54
DA:67,54
DA:68,1
DA:69,1
DA:70,1
DA:71,1
DA:72,1
DA:73,30
DA:74,30
DA:75,30
DA:76,30
DA:77,30
DA:78,30
DA:79,30
DA:80,30
DA:81,29
DA:82,29
DA:83,29
DA:84,29
DA:85,30
DA:86,30
DA:87,30
DA:88,30
DA:89,30
DA:90,30
DA:91,30
DA:92,30
DA:93,30
DA:94,1
DA:95,1
DA:96,30
DA:97,1
DA:98,1
DA:99,30
DA:100,30
DA:101,30
DA:102,1
DA:103,1
DA:104,1
DA:105,1
DA:106,1
DA:107,5
DA:108,5
DA:109,5
DA:110,5
DA:111,5
DA:112,5
DA:113,5
DA:114,5
DA:115,5
DA:116,5
DA:117,5
DA:118,5
DA:119,5
DA:120,5
DA:121,5
DA:122,5
DA:123,5
DA:124,5
DA:125,1
DA:126,1
DA:127,1
DA:128,1
DA:129,1
DA:130,3
DA:131,3
DA:132,3
DA:133,3
DA:134,3
DA:135,3
DA:136,3
DA:137,3
DA:138,3
DA:139,3
DA:140,3
DA:141,3
DA:142,3
DA:143,3
DA:144,3
DA:145,3
DA:146,3
DA:147,3
LF:147
LH:147
BRDA:1,0,0,1
BRDA:11,1,0,92
BRDA:12,2,0,84
BRDA:13,3,0,8
BRDA:31,4,0,6
BRDA:32,5,0,8
BRDA:32,6,0,2
BRDA:33,7,0,8
BRDA:35,8,0,6
BRDA:35,9,0,0
BRDA:45,10,0,54
BRDA:72,11,0,30
BRDA:80,12,0,29
BRDA:85,13,0,1
BRDA:93,14,0,2
BRDA:93,15,0,1
BRDA:96,16,0,29
BRDA:96,17,0,1
BRDA:106,18,0,5
BRDA:108,19,0,2
BRDA:108,20,0,3
BRDA:109,21,0,2
BRDA:109,22,0,3
BRDA:129,23,0,3
BRDA:131,24,0,2
BRDA:131,25,0,1
BRDA:132,26,0,2
BRDA:132,27,0,1
BRF:28
BRH:27
end_of_record
TN:
SF:src/utils/tracing.js
FN:5,resolveConfig
FNF:1
FNH:1
FNDA:10,resolveConfig
DA:1,1
DA:2,1
DA:3,1
DA:4,1
DA:5,1
DA:6,10
DA:7,10
DA:8,10
DA:9,10
DA:10,10
DA:11,10
DA:12,10
DA:13,10
DA:14,10
DA:15,10
DA:16,10
DA:17,10
DA:18,10
DA:19,10
DA:20,10
DA:21,10
DA:22,10
DA:23,10
DA:24,10
DA:25,10
DA:26,10
DA:27,10
DA:28,10
DA:29,10
DA:30,10
DA:31,10
DA:32,10
DA:33,10
DA:34,10
DA:35,10
LF:35
LH:35
BRDA:1,0,0,1
BRDA:5,1,0,10
BRDA:7,2,0,9
BRDA:8,3,0,8
BRDA:8,4,0,7
BRDA:9,5,0,9
BRF:6
BRH:6
end_of_record
TN:
SF:src/utils/validators.js
FN:78,validateOrderId
FN:82,validateCreateFulfillmentWebhook
FN:89,validateUpdateFulfillmentStatus
FN:96,validateAddShippingTracking
FN:103,validateUpdateShippingTracking
FNF:5
FNH:5
FNDA:17,validateOrderId
FNDA:11,validateCreateFulfillmentWebhook
FNDA:15,validateUpdateFulfillmentStatus
FNDA:9,validateAddShippingTracking
FNDA:10,validateUpdateShippingTracking
DA:1,1
DA:2,1
DA:3,1
DA:4,1
DA:5,1
DA:6,1
DA:7,1
DA:8,1
DA:9,1
DA:10,1
DA:11,1
DA:12,1
DA:13,1
DA:14,1
DA:15,1
DA:16,1
DA:17,1
DA:18,1
DA:19,1
DA:20,1
DA:21,1
DA:22,1
DA:23,1
DA:24,1
DA:25,1
DA:26,1
DA:27,1
DA:28,1
DA:29,1
DA:30,1
DA:31,1
DA:32,1
DA:33,1
DA:34,1
DA:35,1
DA:36,1
DA:37,1
DA:38,1
DA:39,1
DA:40,1
DA:41,1
DA:42,1
DA:43,1
DA:44,1
DA:45,1
DA:46,1
DA:47,1
DA:48,1
DA:49,1
DA:50,1
DA:51,1
DA:52,1
DA:53,1
DA:54,1
DA:55,1
DA:56,1
DA:57,1
DA:58,1
DA:59,1
DA:60,1
DA:61,1
DA:62,1
DA:63,1
DA:64,1
DA:65,1
DA:66,1
DA:67,1
DA:68,1
DA:69,1
DA:70,1
DA:71,1
DA:72,1
DA:73,1
DA:74,1
DA:75,1
DA:76,1
DA:77,1
DA:78,1
DA:79,17
DA:80,17
DA:81,1
DA:82,1
DA:83,11
DA:84,11
DA:85,11
DA:86,11
DA:87,11
DA:88,1
DA:89,1
DA:90,15
DA:91,15
DA:92,15
DA:93,15
DA:94,15
DA:95,1
DA:96,1
DA:97,9
DA:98,9
DA:99,9
DA:100,9
DA:101,9
DA:102,1
DA:103,1
DA:104,10
DA:105,10
DA:106,10
DA:107,10
DA:108,10
LF:108
LH:108
BRDA:1,0,0,1
BRDA:78,1,0,17
BRDA:82,2,0,11
BRDA:89,3,0,15
BRDA:96,4,0,9
BRDA:103,5,0,10
BRF:6
BRH:6
end_of_record
