TN:
SF:src/db/db1.js
FN:7,getUserByEmail
FN:15,createUser
FN:68,getUserByIddb
FN:76,createRefreshTokenRow
FN:92,findRefreshTokenRow
FN:102,rotateRefreshTokenRow
FN:112,revokeRefreshTokenRow
FN:121,addRevokedToken
FN:128,isTokenRevoked
FN:149,cleanupExpiredRevokedTokens
FNF:10
FNH:10
FNDA:27,getUserByEmail
FNDA:9,createUser
FNDA:16,getUserByIddb
FNDA:10,createRefreshTokenRow
FNDA:17,findRefreshTokenRow
FNDA:5,rotateRefreshTokenRow
FNDA:7,revokeRefreshTokenRow
FNDA:2,addRevokedToken
FNDA:14,isTokenRevoked
FNDA:1,cleanupExpiredRevokedTokens
DA:1,1
DA:2,1
DA:3,1
DA:4,1
DA:5,1
DA:6,1
DA:7,1
DA:8,27
DA:9,27
DA:10,27
DA:11,27
DA:12,10
DA:13,27
DA:14,1
DA:15,1
DA:16,9
DA:17,9
DA:18,9
DA:19,9
DA:20,9
DA:21,9
DA:22,9
DA:23,9
DA:24,9
DA:25,9
DA:26,8
DA:27,8
DA:28,8
DA:29,8
DA:30,8
DA:31,8
DA:32,8
DA:33,8
DA:34,8
DA:35,8
DA:36,8
DA:37,8
DA:38,8
DA:39,8
DA:40,8
DA:41,8
DA:42,8
DA:43,8
DA:44,8
DA:45,8
DA:46,8
DA:47,8
DA:48,9
DA:49,1
DA:50,1
DA:51,1
DA:52,1
DA:53,1
DA:54,1
DA:55,1
DA:56,1
DA:57,1
DA:58,1
DA:59,1
DA:60,1
DA:61,1
DA:62,1
DA:63,1
DA:64,1
DA:65,1
DA:66,9
DA:67,1
DA:68,1
DA:69,16
DA:70,16
DA:71,16
DA:72,16
DA:73,12
DA:74,16
DA:75,1
DA:76,1
DA:77,10
DA:78,10
DA:79,10
DA:80,10
DA:81,10
DA:82,10
DA:83,10
DA:84,10
DA:85,10
DA:86,10
DA:87,10
DA:88,10
DA:89,10
DA:90,10
DA:91,1
DA:92,1
DA:93,17
DA:94,17
DA:95,17
DA:96,17
DA:97,17
DA:98,17
DA:99,13
DA:100,17
DA:101,1
DA:102,1
DA:103,5
DA:104,5
DA:105,5
DA:106,5
DA:107,5
DA:108,5
DA:109,4
DA:110,5
DA:111,1
DA:112,1
DA:113,7
DA:114,7
DA:115,7
DA:116,7
DA:117,7
DA:118,7
DA:119,1
DA:120,1
DA:121,1
DA:122,2
DA:123,2
DA:124,2
DA:125,2
DA:126,2
DA:127,1
DA:128,1
DA:129,14
DA:130,14
DA:131,12
DA:132,12
DA:133,12
DA:134,12
DA:135,12
DA:136,14
DA:137,14
DA:138,2
DA:139,2
DA:140,2
DA:141,2
DA:142,2
DA:143,2
DA:144,2
DA:145,2
DA:146,14
DA:147,1
DA:148,1
DA:149,1
DA:150,1
DA:151,1
DA:152,1
DA:153,1
DA:154,1
LF:154
LH:154
BRDA:1,0,0,1
BRDA:7,1,0,27
BRDA:11,2,0,25
BRDA:11,3,0,25
BRDA:11,4,0,15
BRDA:12,5,0,10
BRDA:15,6,0,9
BRDA:19,7,0,1
BRDA:20,8,0,1
BRDA:21,9,0,1
BRDA:22,10,0,1
BRDA:25,11,0,8
BRDA:41,12,0,6
BRDA:42,13,0,6
BRDA:43,14,0,7
BRDA:44,15,0,6
BRDA:45,16,0,7
BRDA:48,17,0,7
BRDA:48,18,0,1
BRDA:68,19,0,16
BRDA:72,20,0,14
BRDA:72,21,0,14
BRDA:72,22,0,2
BRDA:73,23,0,12
BRDA:76,24,0,10
BRDA:92,25,0,17
BRDA:98,26,0,4
BRDA:99,27,0,13
BRDA:102,28,0,5
BRDA:109,29,0,4
BRDA:112,30,0,7
BRDA:118,31,0,6
BRDA:121,32,0,2
BRDA:128,33,0,14
BRDA:130,34,0,2
BRDA:131,35,0,12
BRDA:136,36,0,10
BRDA:136,37,0,10
BRDA:137,38,0,2
BRDA:149,39,0,1
BRF:40
BRH:40
end_of_record
TN:
SF:src/handlers/authHandlers.js
FN:9,register
FN:62,login
FN:119,refreshToken
FN:160,logout
FN:203,me
FNF:5
FNH:5
FNDA:7,register
FNDA:8,login
FNDA:8,refreshToken
FNDA:7,logout
FNDA:8,me
DA:1,1
DA:2,1
DA:3,1
DA:4,1
DA:5,1
DA:6,1
DA:7,1
DA:8,1
DA:9,1
DA:10,7
DA:11,7
DA:12,7
DA:13,7
DA:14,7
DA:15,1
DA:16,1
DA:17,1
DA:18,6
DA:19,6
DA:20,6
DA:21,6
DA:22,6
DA:23,6
DA:24,6
DA:25,6
DA:26,6
DA:27,6
DA:28,6
DA:29,6
DA:30,6
DA:31,6
DA:32,6
DA:33,6
DA:34,7
DA:35,7
DA:36,7
DA:37,7
DA:38,7
DA:39,7
DA:40,7
DA:41,7
DA:42,7
DA:43,2
DA:44,2
DA:45,2
DA:46,2
DA:47,2
DA:48,4
DA:49,4
DA:50,4
DA:51,4
DA:52,4
DA:53,7
DA:54,1
DA:55,1
DA:56,1
DA:57,1
DA:58,1
DA:59,1
DA:60,1
DA:61,1
DA:62,1
DA:63,8
DA:64,8
DA:65,8
DA:66,8
DA:67,8
DA:68,0
DA:69,0
DA:70,0
DA:71,8
DA:72,8
DA:73,8
DA:74,8
DA:75,4
DA:76,4
DA:77,4
DA:78,4
DA:79,4
DA:80,4
DA:81,4
DA:82,4
DA:83,4
DA:84,4
DA:85,4
DA:86,4
DA:87,4
DA:88,4
DA:89,4
DA:90,4
DA:91,4
DA:92,4
DA:93,4
DA:94,4
DA:95,4
DA:96,4
DA:97,4
DA:98,4
DA:99,4
DA:100,4
DA:101,4
DA:102,4
DA:103,4
DA:104,4
DA:105,4
DA:106,4
DA:107,4
DA:108,4
DA:109,4
DA:110,8
DA:111,1
DA:112,1
DA:113,1
DA:114,1
DA:115,1
DA:116,1
DA:117,1
DA:118,1
DA:119,1
DA:120,8
DA:121,8
DA:122,8
DA:123,2
DA:124,2
DA:125,2
DA:126,2
DA:127,2
DA:128,6
DA:129,8
DA:130,8
DA:131,8
DA:132,2
DA:133,2
DA:134,2
DA:135,3
DA:136,3
DA:137,3
DA:138,8
DA:139,1
DA:140,1
DA:141,1
DA:142,2
DA:143,2
DA:144,2
DA:145,2
DA:146,2
DA:147,2
DA:148,2
DA:149,2
DA:150,2
DA:151,8
DA:152,1
DA:153,1
DA:154,1
DA:155,1
DA:156,1
DA:157,1
DA:158,1
DA:159,1
DA:160,1
DA:161,7
DA:162,7
DA:163,7
DA:164,7
DA:165,7
DA:166,7
DA:167,7
DA:168,7
DA:169,7
DA:170,7
DA:171,7
DA:172,7
DA:173,7
DA:174,3
DA:175,3
DA:176,3
DA:177,3
DA:178,3
DA:179,3
DA:180,3
DA:181,3
DA:182,3
DA:183,3
DA:184,7
DA:185,1
DA:186,1
DA:187,1
DA:188,2
DA:189,2
DA:190,2
DA:191,2
DA:192,2
DA:193,2
DA:194,7
DA:195,1
DA:196,1
DA:197,1
DA:198,1
DA:199,1
DA:200,1
DA:201,1
DA:202,1
DA:203,1
DA:204,8
DA:205,8
DA:206,8
DA:207,8
DA:208,2
DA:209,2
DA:210,2
DA:211,6
DA:212,6
DA:213,6
DA:214,8
DA:215,1
DA:216,1
DA:217,1
DA:218,5
DA:219,5
DA:220,5
DA:221,5
DA:222,5
DA:223,5
DA:224,5
DA:225,5
DA:226,8
DA:227,1
DA:228,1
DA:229,1
DA:230,1
DA:231,1
DA:232,1
DA:233,1
LF:233
LH:230
BRDA:1,0,0,1
BRDA:9,1,0,7
BRDA:14,2,0,1
BRDA:18,3,0,6
BRDA:34,4,0,5
BRDA:35,5,0,6
BRDA:36,6,0,6
BRDA:37,7,0,6
BRDA:38,8,0,6
BRDA:42,9,0,6
BRDA:42,10,0,2
BRDA:44,11,0,1
BRDA:48,12,0,4
BRDA:53,13,0,1
BRDA:62,14,0,8
BRDA:67,15,0,0
BRDA:74,16,0,4
BRDA:75,17,0,0
BRDA:77,18,0,0
BRDA:110,19,0,1
BRDA:119,20,0,8
BRDA:121,21,0,1
BRDA:122,22,0,2
BRDA:128,23,0,6
BRDA:129,24,0,5
BRDA:129,25,0,1
BRDA:131,26,0,2
BRDA:135,27,0,3
BRDA:138,28,0,1
BRDA:139,29,0,0
BRDA:142,30,0,2
BRDA:151,31,0,1
BRDA:160,32,0,7
BRDA:163,33,0,3
BRDA:165,34,0,4
BRDA:166,35,0,3
BRDA:168,36,0,1
BRDA:170,37,0,5
BRDA:171,38,0,6
BRDA:171,39,0,0
BRDA:173,40,0,3
BRDA:184,41,0,1
BRDA:185,42,0,0
BRDA:188,43,0,2
BRDA:194,44,0,1
BRDA:203,45,0,8
BRDA:207,46,0,2
BRDA:208,47,0,0
BRDA:211,48,0,6
BRDA:214,49,0,1
BRDA:218,50,0,5
BRDA:226,51,0,1
BRF:52
BRH:45
end_of_record
TN:
SF:src/middleware/authRequired.js
FN:6,requireAuth
FNF:1
FNH:1
FNDA:16,requireAuth
DA:1,1
DA:2,1
DA:3,1
DA:4,1
DA:5,1
DA:6,1
DA:7,16
DA:8,16
DA:9,16
DA:10,4
DA:11,4
DA:12,4
DA:13,12
DA:14,12
DA:15,16
DA:16,3
DA:17,3
DA:18,3
DA:19,9
DA:20,9
DA:21,9
DA:22,9
DA:23,9
DA:24,9
DA:25,9
DA:26,1
DA:27,1
DA:28,1
DA:29,9
DA:30,0
DA:31,0
DA:32,0
DA:33,0
DA:34,0
DA:35,0
DA:36,0
DA:37,9
DA:38,8
DA:39,8
DA:40,16
DA:41,0
DA:42,0
DA:43,0
DA:44,16
LF:44
LH:34
BRDA:1,0,0,1
BRDA:6,1,0,16
BRDA:8,2,0,3
BRDA:9,3,0,4
BRDA:13,4,0,12
BRDA:15,5,0,3
BRDA:19,6,0,9
BRDA:25,7,0,1
BRDA:29,8,0,0
BRDA:38,9,0,8
BRDA:40,10,0,0
BRF:11
BRH:9
end_of_record
TN:
SF:src/middleware/cors.js
FN:7,handleCORS
FN:27,addCORSHeaders
FN:62,withCORS
FNF:3
FNH:3
FNDA:3,handleCORS
FNDA:4,addCORSHeaders
FNDA:2,withCORS
DA:1,1
DA:2,1
DA:3,1
DA:4,1
DA:5,1
DA:6,1
DA:7,1
DA:8,3
DA:9,3
DA:10,3
DA:11,3
DA:12,3
DA:13,3
DA:14,3
DA:15,3
DA:16,3
DA:17,3
DA:18,3
DA:19,3
DA:20,3
DA:21,3
DA:22,3
DA:23,1
DA:24,1
DA:25,1
DA:26,1
DA:27,1
DA:28,4
DA:29,1
DA:30,1
DA:31,3
DA:32,3
DA:33,4
DA:34,4
DA:35,4
DA:36,4
DA:37,4
DA:38,4
DA:39,4
DA:40,4
DA:41,4
DA:42,4
DA:43,4
DA:44,4
DA:45,4
DA:46,4
DA:47,2
DA:48,2
DA:49,3
DA:50,3
DA:51,3
DA:52,3
DA:53,3
DA:54,3
DA:55,3
DA:56,4
DA:57,1
DA:58,1
DA:59,1
DA:60,1
DA:61,1
DA:62,1
DA:63,2
DA:64,2
DA:65,2
DA:66,1
DA:67,1
DA:68,1
DA:69,1
DA:70,1
DA:71,1
DA:72,1
DA:73,1
DA:74,2
DA:75,2
LF:75
LH:75
BRDA:1,0,0,1
BRDA:7,1,0,3
BRDA:9,2,0,1
BRDA:18,3,0,2
BRDA:18,4,0,1
BRDA:27,5,0,4
BRDA:28,6,0,1
BRDA:31,7,0,3
BRDA:33,8,0,1
BRDA:46,9,0,2
BRDA:49,10,0,3
BRDA:62,11,0,2
BRDA:63,12,0,2
BRDA:65,13,0,1
BRF:14
BRH:14
end_of_record
TN:
SF:src/middleware/logger.js
FN:8,withLogger
FNF:1
FNH:1
FNDA:5,withLogger
DA:1,1
DA:2,1
DA:3,1
DA:4,1
DA:5,1
DA:6,1
DA:7,1
DA:8,1
DA:9,5
DA:10,5
DA:11,5
DA:12,5
DA:13,5
DA:14,5
DA:15,5
DA:16,5
DA:17,4
DA:18,4
DA:19,4
DA:20,4
DA:21,4
DA:22,4
DA:23,5
DA:24,5
DA:25,5
DA:26,4
DA:27,4
DA:28,4
DA:29,4
DA:30,4
DA:31,4
DA:32,5
DA:33,5
DA:34,5
DA:35,5
DA:36,5
DA:37,5
DA:38,5
DA:39,5
DA:40,5
DA:41,5
DA:42,5
DA:43,5
DA:44,5
DA:45,5
DA:46,5
DA:47,5
DA:48,5
DA:49,5
DA:50,5
DA:51,5
DA:52,3
DA:53,3
DA:54,3
DA:55,3
DA:56,3
DA:57,5
DA:58,5
DA:59,1
DA:60,1
DA:61,1
DA:62,5
DA:63,5
DA:64,5
DA:65,5
DA:66,1
DA:67,1
DA:68,1
DA:69,1
DA:70,1
DA:71,1
DA:72,1
DA:73,1
DA:74,1
DA:75,1
DA:76,1
DA:77,1
DA:78,1
DA:79,1
DA:80,1
DA:81,1
DA:82,1
DA:83,1
DA:84,1
DA:85,1
DA:86,1
DA:87,1
LF:87
LH:87
BRDA:1,0,0,1
BRDA:8,1,0,5
BRDA:9,2,0,5
BRDA:12,3,0,4
BRDA:12,4,0,1
BRDA:13,5,0,4
BRDA:13,6,0,1
BRDA:16,7,0,4
BRDA:18,8,0,1
BRDA:20,9,0,1
BRDA:21,10,0,1
BRDA:25,11,0,4
BRDA:51,12,0,3
BRDA:58,13,0,1
BRF:14
BRH:14
end_of_record
TN:
SF:src/middleware/rateLimit.js
FN:15,rateLimitMiddleware
FN:83,checkRateLimit
FN:124,addRateLimitHeaders
FNF:3
FNH:3
FNDA:13,rateLimitMiddleware
FNDA:6,checkRateLimit
FNDA:5,addRateLimitHeaders
DA:1,1
DA:2,1
DA:3,1
DA:4,1
DA:5,1
DA:6,1
DA:7,1
DA:8,1
DA:9,1
DA:10,1
DA:11,1
DA:12,1
DA:13,1
DA:14,1
DA:15,1
DA:16,13
DA:17,13
DA:18,13
DA:19,1
DA:20,1
DA:21,1
DA:22,12
DA:23,12
DA:24,12
DA:25,13
DA:26,13
DA:27,13
DA:28,13
DA:29,13
DA:30,13
DA:31,13
DA:32,13
DA:33,13
DA:34,13
DA:35,13
DA:36,13
DA:37,13
DA:38,13
DA:39,13
DA:40,13
DA:41,13
DA:42,13
DA:43,13
DA:44,4
DA:45,4
DA:46,4
DA:47,4
DA:48,4
DA:49,4
DA:50,4
DA:51,4
DA:52,4
DA:53,4
DA:54,4
DA:55,7
DA:56,7
DA:57,7
DA:58,7
DA:59,7
DA:60,7
DA:61,7
DA:62,7
DA:63,7
DA:64,7
DA:65,7
DA:66,7
DA:67,7
DA:68,7
DA:69,13
DA:70,1
DA:71,1
DA:72,1
DA:73,1
DA:74,1
DA:75,1
DA:76,13
DA:77,1
DA:78,1
DA:79,1
DA:80,1
DA:81,1
DA:82,1
DA:83,1
DA:84,6
DA:85,6
DA:86,6
DA:87,6
DA:88,3
DA:89,3
DA:90,3
DA:91,3
DA:92,3
DA:93,3
DA:94,6
DA:95,6
DA:96,3
DA:97,3
DA:98,3
DA:99,3
DA:100,3
DA:101,3
DA:102,3
DA:103,3
DA:104,3
DA:105,3
DA:106,3
DA:107,3
DA:108,3
DA:109,3
DA:110,3
DA:111,3
DA:112,3
DA:113,3
DA:114,3
DA:115,3
DA:116,3
DA:117,3
DA:118,6
DA:119,1
DA:120,1
DA:121,1
DA:122,1
DA:123,1
DA:124,1
DA:125,5
DA:126,3
DA:127,3
DA:128,3
DA:129,3
DA:130,3
DA:131,3
DA:132,5
DA:133,1
DA:134,1
DA:135,3
DA:136,3
DA:137,5
LF:137
LH:137
BRDA:1,0,0,1
BRDA:15,1,0,13
BRDA:18,2,0,1
BRDA:22,3,0,12
BRDA:25,4,0,9
BRDA:26,5,0,1
BRDA:26,6,0,1
BRDA:26,7,0,8
BRDA:37,8,0,11
BRDA:37,9,0,4
BRDA:37,10,0,7
BRDA:43,11,0,4
BRDA:55,12,0,7
BRDA:69,13,0,1
BRDA:83,14,0,6
BRDA:87,15,0,3
BRDA:91,16,0,0
BRDA:95,17,0,3
BRDA:106,18,0,0
BRDA:107,19,0,0
BRDA:110,20,0,0
BRDA:124,21,0,5
BRDA:125,22,0,4
BRDA:125,23,0,3
BRDA:125,24,0,2
BRDA:126,25,0,3
BRDA:132,26,0,1
BRDA:135,27,0,3
BRF:28
BRH:24
end_of_record
TN:
SF:src/middleware/validate.js
FN:5,validate
FNF:1
FNH:1
FNDA:19,validate
DA:1,1
DA:2,1
DA:3,1
DA:4,1
DA:5,1
DA:6,19
DA:7,19
DA:8,19
DA:9,19
DA:10,19
DA:11,19
DA:12,19
DA:13,0
DA:14,0
DA:15,18
DA:16,19
DA:17,2
DA:18,2
DA:19,2
DA:20,2
DA:21,2
DA:22,2
DA:23,2
DA:24,2
DA:25,16
DA:26,19
DA:27,1
DA:28,1
DA:29,19
DA:30,19
LF:30
LH:28
BRDA:1,0,0,1
BRDA:5,1,0,19
BRDA:6,2,0,19
BRDA:8,3,0,0
BRDA:12,4,0,18
BRDA:12,5,0,0
BRDA:15,6,0,18
BRDA:16,7,0,2
BRDA:25,8,0,16
BRDA:26,9,0,1
BRDA:18,10,0,2
BRDA:22,11,0,2
BRF:12
BRH:10
end_of_record
TN:
SF:src/routers/auth.js
FNF:0
FNH:0
DA:1,1
DA:2,1
DA:3,1
DA:4,1
DA:5,1
DA:6,1
DA:7,1
DA:8,1
DA:9,1
DA:10,1
DA:11,1
DA:12,1
DA:13,1
DA:14,1
DA:15,1
DA:16,1
DA:17,1
DA:18,1
DA:19,1
DA:20,1
DA:21,1
DA:22,1
DA:23,1
DA:24,1
DA:25,1
DA:26,1
DA:27,1
DA:28,1
DA:29,1
DA:30,1
DA:31,1
DA:32,1
DA:33,1
DA:34,1
DA:35,1
DA:36,1
DA:37,1
DA:38,1
DA:39,1
DA:40,1
DA:41,1
DA:42,1
DA:43,1
DA:44,1
LF:44
LH:44
BRDA:1,0,0,1
BRDA:10,1,0,1
BRDA:18,2,0,2
BRDA:19,3,0,1
BRDA:21,4,0,2
BRDA:22,5,0,1
BRDA:24,6,0,1
BRDA:25,7,0,0
BRDA:27,8,0,1
BRDA:28,9,0,0
BRDA:30,10,0,2
BRDA:31,11,0,1
BRDA:37,12,0,1
BRF:13
BRH:11
end_of_record
TN:
SF:src/services/authService.js
FN:27,register
FN:202,login
FN:265,rotateRefreshToken
FN:314,revokeRefreshToken
FN:343,getUserById
FNF:5
FNH:5
FNDA:13,register
FNDA:12,login
FNDA:8,rotateRefreshToken
FNDA:7,revokeRefreshToken
FNDA:11,getUserById
DA:1,1
DA:2,1
DA:3,1
DA:4,1
DA:5,1
DA:6,1
DA:7,1
DA:8,1
DA:9,1
DA:10,1
DA:11,1
DA:12,1
DA:13,1
DA:14,1
DA:15,1
DA:16,1
DA:17,1
DA:18,1
DA:19,1
DA:20,1
DA:21,1
DA:22,1
DA:23,1
DA:24,1
DA:25,1
DA:26,1
DA:27,1
DA:28,13
DA:29,13
DA:30,13
DA:31,13
DA:32,13
DA:33,13
DA:34,13
DA:35,2
DA:36,2
DA:37,10
DA:38,10
DA:39,10
DA:40,10
DA:41,10
DA:42,13
DA:43,13
DA:44,10
DA:45,10
DA:46,10
DA:47,10
DA:48,10
DA:49,10
DA:50,10
DA:51,13
DA:52,13
DA:53,13
DA:54,13
DA:55,6
DA:56,13
DA:57,13
DA:58,13
DA:59,13
DA:60,13
DA:61,13
DA:62,13
DA:63,13
DA:64,13
DA:65,4
DA:66,2
DA:67,2
DA:68,2
DA:69,2
DA:70,2
DA:71,2
DA:72,2
DA:73,2
DA:74,2
DA:75,2
DA:76,2
DA:77,2
DA:78,2
DA:79,2
DA:80,2
DA:81,2
DA:82,2
DA:83,2
DA:84,2
DA:85,2
DA:86,2
DA:87,2
DA:88,0
DA:89,0
DA:90,0
DA:91,0
DA:92,0
DA:93,0
DA:94,0
DA:95,1
DA:96,1
DA:97,1
DA:98,1
DA:99,1
DA:100,1
DA:101,1
DA:102,0
DA:103,0
DA:104,0
DA:105,0
DA:106,0
DA:107,1
DA:108,1
DA:109,1
DA:110,1
DA:111,4
DA:112,0
DA:113,0
DA:114,0
DA:115,0
DA:116,0
DA:117,0
DA:118,0
DA:119,0
DA:120,0
DA:121,0
DA:122,0
DA:123,0
DA:124,0
DA:125,0
DA:126,0
DA:127,0
DA:128,1
DA:129,1
DA:130,1
DA:131,0
DA:132,0
DA:133,0
DA:134,0
DA:135,0
DA:136,1
DA:137,1
DA:138,1
DA:139,1
DA:140,4
DA:141,0
DA:142,0
DA:143,0
DA:144,0
DA:145,0
DA:146,0
DA:147,0
DA:148,0
DA:149,0
DA:150,0
DA:151,0
DA:152,1
DA:153,1
DA:154,1
DA:155,4
DA:156,1
DA:157,4
DA:158,1
DA:159,1
DA:160,1
DA:161,1
DA:162,1
DA:163,1
DA:164,1
DA:165,1
DA:166,1
DA:167,1
DA:168,1
DA:169,1
DA:170,1
DA:171,1
DA:172,4
DA:173,7
DA:174,7
DA:175,7
DA:176,7
DA:177,7
DA:178,7
DA:179,7
DA:180,7
DA:181,7
DA:182,7
DA:183,7
DA:184,7
DA:185,7
DA:186,7
DA:187,7
DA:188,7
DA:189,7
DA:190,7
DA:191,7
DA:192,6
DA:193,6
DA:194,6
DA:195,13
DA:196,2
DA:197,2
DA:198,2
DA:199,13
DA:200,1
DA:201,1
DA:202,1
DA:203,12
DA:204,12
DA:205,12
DA:206,4
DA:207,4
DA:208,4
DA:209,4
DA:210,4
DA:211,4
DA:212,4
DA:213,4
DA:214,7
DA:215,7
DA:216,7
DA:217,7
DA:218,12
DA:219,12
DA:220,12
DA:221,2
DA:222,2
DA:223,2
DA:224,2
DA:225,2
DA:226,2
DA:227,2
DA:228,5
DA:229,5
DA:230,5
DA:231,5
DA:232,5
DA:233,5
DA:234,5
DA:235,5
DA:236,5
DA:237,5
DA:238,5
DA:239,5
DA:240,5
DA:241,5
DA:242,5
DA:243,5
DA:244,5
DA:245,5
DA:246,5
DA:247,5
DA:248,5
DA:249,5
DA:250,5
DA:251,5
DA:252,5
DA:253,5
DA:254,5
DA:255,5
DA:256,5
DA:257,5
DA:258,5
DA:259,12
DA:260,1
DA:261,1
DA:262,1
DA:263,12
DA:264,1
DA:265,1
DA:266,8
DA:267,8
DA:268,8
DA:269,8
DA:270,8
DA:271,5
DA:272,8
DA:273,4
DA:274,4
DA:275,4
DA:276,4
DA:277,4
DA:278,4
DA:279,4
DA:280,4
DA:281,4
DA:282,4
DA:283,4
DA:284,4
DA:285,4
DA:286,4
DA:287,4
DA:288,4
DA:289,4
DA:290,4
DA:291,4
DA:292,4
DA:293,4
DA:294,4
DA:295,4
DA:296,4
DA:297,4
DA:298,3
DA:299,3
DA:300,3
DA:301,3
DA:302,3
DA:303,3
DA:304,3
DA:305,3
DA:306,8
DA:307,1
DA:308,1
DA:309,1
DA:310,1
DA:311,1
DA:312,8
DA:313,1
DA:314,1
DA:315,7
DA:316,7
DA:317,7
DA:318,7
DA:319,6
DA:320,5
DA:321,5
DA:322,5
DA:323,5
DA:324,5
DA:325,5
DA:326,1
DA:327,1
DA:328,5
DA:329,0
DA:330,0
DA:331,0
DA:332,5
DA:333,5
DA:334,5
DA:335,7
DA:336,1
DA:337,1
DA:338,1
DA:339,1
DA:340,1
DA:341,7
DA:342,1
DA:343,1
DA:344,11
DA:345,11
DA:346,11
DA:347,8
DA:348,8
DA:349,8
DA:350,11
DA:351,7
DA:352,7
DA:353,7
DA:354,2
DA:355,2
DA:356,2
DA:357,2
DA:358,2
DA:359,7
DA:360,1
DA:361,1
DA:362,1
DA:363,1
DA:364,1
DA:365,7
DA:366,1
DA:367,1
DA:368,1
DA:369,1
DA:370,1
DA:371,7
DA:372,1
DA:373,1
DA:374,1
DA:375,1
DA:376,1
DA:377,7
DA:378,1
DA:379,1
DA:380,1
DA:381,1
DA:382,1
DA:383,7
DA:384,7
DA:385,7
DA:386,7
DA:387,7
DA:388,7
DA:389,7
DA:390,7
DA:391,7
DA:392,7
DA:393,1
DA:394,1
DA:395,11
DA:396,2
DA:397,2
DA:398,2
DA:399,11
LF:399
LH:352
BRDA:1,0,0,1
BRDA:27,1,0,13
BRDA:34,2,0,12
BRDA:34,3,0,2
BRDA:37,4,0,10
BRDA:42,5,0,0
BRDA:43,6,0,10
BRDA:51,7,0,6
BRDA:52,8,0,6
BRDA:53,9,0,6
BRDA:54,10,0,6
BRDA:64,11,0,4
BRDA:65,12,0,2
BRDA:87,13,0,1
BRDA:87,14,0,0
BRDA:95,15,0,1
BRDA:99,16,0,1
BRDA:101,17,0,0
BRDA:111,18,0,0
BRDA:128,19,0,1
BRDA:130,20,0,0
BRDA:140,21,0,0
BRDA:152,22,0,1
BRDA:155,23,0,0
BRDA:156,24,0,1
BRDA:157,25,0,0
BRDA:158,26,0,1
BRDA:173,27,0,7
BRDA:192,28,0,6
BRDA:195,29,0,2
BRDA:202,30,0,12
BRDA:205,31,0,11
BRDA:205,32,0,4
BRDA:214,33,0,7
BRDA:218,34,0,0
BRDA:220,35,0,7
BRDA:220,36,0,2
BRDA:228,37,0,5
BRDA:259,38,0,1
BRDA:265,39,0,8
BRDA:269,40,0,6
BRDA:270,41,0,3
BRDA:271,42,0,5
BRDA:272,43,0,1
BRDA:273,44,0,4
BRDA:298,45,0,3
BRDA:306,46,0,1
BRDA:314,47,0,7
BRDA:318,48,0,1
BRDA:319,49,0,6
BRDA:320,50,0,5
BRDA:325,51,0,1
BRDA:325,52,0,1
BRDA:325,53,0,1
BRDA:328,54,0,0
BRDA:335,55,0,1
BRDA:343,56,0,11
BRDA:346,57,0,9
BRDA:346,58,0,1
BRDA:347,59,0,8
BRDA:350,60,0,7
BRDA:353,61,0,2
BRDA:359,62,0,1
BRDA:365,63,0,1
BRDA:371,64,0,1
BRDA:377,65,0,1
BRDA:393,66,0,1
BRDA:395,67,0,2
BRF:68
BRH:58
end_of_record
TN:
SF:src/utils/crypto.js
FN:10,uint8ToBase64
FN:17,base64ToUint8
FN:24,randomBytes
FN:30,genSalt
FN:44,hashPassword
FN:95,verifyPassword
FN:118,genRandomToken
FN:125,sha256
FN:139,encryptAESGCM
FN:209,decryptAESGCM
FNF:10
FNH:10
FNDA:135,uint8ToBase64
FNDA:70,base64ToUint8
FNDA:55,randomBytes
FNDA:29,genSalt
FNDA:37,hashPassword
FNDA:10,verifyPassword
FNDA:13,genRandomToken
FNDA:47,sha256
FNDA:17,encryptAESGCM
FNDA:13,decryptAESGCM
DA:1,1
DA:2,1
DA:3,1
DA:4,1
DA:5,1
DA:6,1
DA:7,1
DA:8,1
DA:9,1
DA:10,135
DA:11,135
DA:12,135
DA:13,135
DA:14,135
DA:15,135
DA:16,1
DA:17,70
DA:18,70
DA:19,70
DA:20,70
DA:21,63
DA:22,70
DA:23,1
DA:24,55
DA:25,55
DA:26,55
DA:27,55
DA:28,55
DA:29,1
DA:30,1
DA:31,29
DA:32,29
DA:33,29
DA:34,1
DA:35,1
DA:36,1
DA:37,1
DA:38,1
DA:39,1
DA:40,1
DA:41,1
DA:42,1
DA:43,1
DA:44,1
DA:45,37
DA:46,37
DA:47,37
DA:48,37
DA:49,37
DA:50,37
DA:51,2
DA:52,2
DA:53,37
DA:54,1
DA:55,1
DA:56,34
DA:57,37
DA:58,37
DA:59,0
DA:60,0
DA:61,37
DA:62,37
DA:63,0
DA:64,0
DA:65,34
DA:66,37
DA:67,37
DA:68,37
DA:69,37
DA:70,37
DA:71,37
DA:72,37
DA:73,37
DA:74,37
DA:75,34
DA:76,34
DA:77,34
DA:78,34
DA:79,34
DA:80,34
DA:81,34
DA:82,34
DA:83,34
DA:84,34
DA:85,34
DA:86,34
DA:87,34
DA:88,34
DA:89,34
DA:90,33
DA:91,33
DA:92,33
DA:93,37
DA:94,1
DA:95,1
DA:96,10
DA:97,10
DA:98,10
DA:99,10
DA:100,10
DA:101,10
DA:102,10
DA:103,9
DA:104,9
DA:105,9
DA:106,10
DA:107,9
DA:108,10
DA:109,396
DA:110,396
DA:111,9
DA:112,10
DA:113,0
DA:114,0
DA:115,0
DA:116,10
DA:117,1
DA:118,1
DA:119,13
DA:120,13
DA:121,13
DA:122,13
DA:123,13
DA:124,1
DA:125,1
DA:126,47
DA:127,47
DA:128,47
DA:129,47
DA:130,47
DA:131,47
DA:132,1
DA:133,1
DA:134,1
DA:135,1
DA:136,1
DA:137,1
DA:138,1
DA:139,1
DA:140,17
DA:141,1
DA:142,1
DA:143,1
DA:144,16
DA:145,17
DA:146,1
DA:147,1
DA:148,1
DA:149,1
DA:150,1
DA:151,15
DA:152,15
DA:153,15
DA:154,15
DA:155,17
DA:156,1
DA:157,1
DA:158,1
DA:159,1
DA:160,1
DA:161,1
DA:162,1
DA:163,13
DA:164,13
DA:165,13
DA:166,13
DA:167,13
DA:168,13
DA:169,13
DA:170,13
DA:171,13
DA:172,13
DA:173,13
DA:174,13
DA:175,13
DA:176,13
DA:177,13
DA:178,13
DA:179,13
DA:180,13
DA:181,13
DA:182,13
DA:183,13
DA:184,13
DA:185,13
DA:186,13
DA:187,13
DA:188,13
DA:189,13
DA:190,13
DA:191,13
DA:192,13
DA:193,13
DA:194,13
DA:195,13
DA:196,13
DA:197,17
DA:198,2
DA:199,2
DA:200,2
DA:201,17
DA:202,1
DA:203,1
DA:204,1
DA:205,1
DA:206,1
DA:207,1
DA:208,1
DA:209,1
DA:210,13
DA:211,11
DA:212,11
DA:213,11
DA:214,11
DA:215,11
DA:216,11
DA:217,11
DA:218,11
DA:219,11
DA:220,11
DA:221,10
DA:222,10
DA:223,10
DA:224,13
DA:225,0
DA:226,0
DA:227,0
DA:228,5
DA:229,5
DA:230,5
DA:231,5
DA:232,5
DA:233,5
DA:234,5
DA:235,5
DA:236,13
DA:237,0
DA:238,0
DA:239,0
DA:240,0
DA:241,0
DA:242,0
DA:243,5
DA:244,5
DA:245,5
DA:246,5
DA:247,5
DA:248,5
DA:249,4
DA:250,4
DA:251,4
DA:252,4
DA:253,4
DA:254,4
DA:255,13
DA:256,7
DA:257,7
DA:258,7
DA:259,13
LF:259
LH:243
BRDA:1,0,0,1
BRDA:10,1,0,135
BRDA:13,2,0,3988
BRDA:17,3,0,70
BRDA:20,4,0,1499
BRDA:21,5,0,63
BRDA:24,6,0,55
BRDA:30,7,0,29
BRDA:44,8,0,37
BRDA:50,9,0,35
BRDA:50,10,0,2
BRDA:53,11,0,35
BRDA:53,12,0,34
BRDA:53,13,0,1
BRDA:56,14,0,34
BRDA:58,15,0,34
BRDA:58,16,0,0
BRDA:61,17,0,34
BRDA:62,18,0,34
BRDA:62,19,0,0
BRDA:65,20,0,34
BRDA:66,21,0,8
BRDA:75,22,0,34
BRDA:90,23,0,33
BRDA:95,24,0,10
BRDA:102,25,0,1
BRDA:103,26,0,9
BRDA:106,27,0,0
BRDA:107,28,0,9
BRDA:108,29,0,396
BRDA:111,30,0,9
BRDA:112,31,0,0
BRDA:118,32,0,13
BRDA:125,33,0,47
BRDA:127,34,0,0
BRDA:139,35,0,17
BRDA:140,36,0,1
BRDA:144,37,0,16
BRDA:145,38,0,1
BRDA:151,39,0,15
BRDA:155,40,0,1
BRDA:163,41,0,13
BRDA:197,42,0,2
BRDA:209,43,0,13
BRDA:210,44,0,12
BRDA:210,45,0,2
BRDA:211,46,0,11
BRDA:221,47,0,10
BRDA:224,48,0,0
BRDA:228,49,0,5
BRDA:236,50,0,0
BRDA:243,51,0,5
BRDA:249,52,0,4
BRDA:255,53,0,7
BRF:54
BRH:47
end_of_record
TN:
SF:src/utils/jwt.js
FN:5,pemToArrayBuffer
FN:16,base64UrlEncode
FN:27,base64UrlDecode
FN:33,importPrivateKey
FN:44,importPublicKeyFromPrivate
FN:52,signJWT
FN:102,verifyJWT
FNF:7
FNH:6
FNDA:40,pemToArrayBuffer
FNDA:103,base64UrlEncode
FNDA:29,base64UrlDecode
FNDA:25,importPrivateKey
FNDA:0,importPublicKeyFromPrivate
FNDA:26,signJWT
FNDA:25,verifyJWT
DA:1,1
DA:2,1
DA:3,1
DA:4,1
DA:5,40
DA:6,40
DA:7,40
DA:8,40
DA:9,40
DA:10,40
DA:11,40
DA:12,40
DA:13,40
DA:14,40
DA:15,1
DA:16,103
DA:17,103
DA:18,103
DA:19,103
DA:20,103
DA:21,103
DA:22,103
DA:23,103
DA:24,103
DA:25,103
DA:26,1
DA:27,29
DA:28,29
DA:29,29
DA:30,29
DA:31,29
DA:32,1
DA:33,25
DA:34,25
DA:35,25
DA:36,25
DA:37,25
DA:38,25
DA:39,25
DA:40,25
DA:41,25
DA:42,25
DA:43,1
DA:44,0
DA:45,0
DA:46,0
DA:47,0
DA:48,0
DA:49,0
DA:50,0
DA:51,1
DA:52,1
DA:53,26
DA:54,26
DA:55,26
DA:56,26
DA:57,25
DA:58,25
DA:59,26
DA:60,1
DA:61,1
DA:62,26
DA:63,26
DA:64,26
DA:65,26
DA:66,26
DA:67,26
DA:68,26
DA:69,26
DA:70,26
DA:71,26
DA:72,26
DA:73,26
DA:74,26
DA:75,26
DA:76,26
DA:77,26
DA:78,26
DA:79,26
DA:80,26
DA:81,26
DA:82,26
DA:83,26
DA:84,26
DA:85,26
DA:86,26
DA:87,26
DA:88,25
DA:89,25
DA:90,25
DA:91,25
DA:92,25
DA:93,25
DA:94,25
DA:95,25
DA:96,26
DA:97,1
DA:98,1
DA:99,1
DA:100,26
DA:101,1
DA:102,1
DA:103,25
DA:104,25
DA:105,25
DA:106,25
DA:107,1
DA:108,1
DA:109,1
DA:110,1
DA:111,1
DA:112,1
DA:113,1
DA:114,24
DA:115,25
DA:116,0
DA:117,0
DA:118,0
DA:119,0
DA:120,0
DA:121,0
DA:122,24
DA:123,24
DA:124,25
DA:125,7
DA:126,7
DA:127,7
DA:128,7
DA:129,7
DA:130,7
DA:131,7
DA:132,17
DA:133,17
DA:134,17
DA:135,17
DA:136,17
DA:137,17
DA:138,17
DA:139,25
DA:140,2
DA:141,2
DA:142,2
DA:143,2
DA:144,2
DA:145,15
DA:146,15
DA:147,15
DA:148,15
DA:149,15
DA:150,15
DA:151,15
DA:152,15
DA:153,15
DA:154,15
DA:155,15
DA:156,15
DA:157,25
DA:158,0
DA:159,0
DA:160,0
DA:161,0
DA:162,0
DA:163,15
DA:164,15
DA:165,15
DA:166,15
DA:167,15
DA:168,15
DA:169,15
DA:170,25
DA:171,3
DA:172,3
DA:173,3
DA:174,3
DA:175,3
DA:176,12
DA:177,12
DA:178,12
DA:179,12
DA:180,12
DA:181,25
DA:182,0
DA:183,0
DA:184,0
DA:185,0
DA:186,0
DA:187,12
DA:188,12
DA:189,25
DA:190,1
DA:191,1
DA:192,1
DA:193,1
DA:194,1
DA:195,1
DA:196,1
DA:197,11
DA:198,11
DA:199,25
DA:200,0
DA:201,0
DA:202,0
DA:203,25
LF:203
LH:177
BRDA:1,0,0,1
BRDA:5,1,0,40
BRDA:12,2,0,34860
BRDA:16,3,0,103
BRDA:20,4,0,10896
BRDA:27,5,0,29
BRDA:29,6,0,52
BRDA:30,7,0,4850
BRDA:33,8,0,25
BRDA:52,9,0,26
BRDA:56,10,0,25
BRDA:56,11,0,25
BRDA:59,12,0,1
BRDA:74,13,0,0
BRDA:75,14,0,0
BRDA:87,15,0,1
BRDA:88,16,0,25
BRDA:96,17,0,1
BRDA:102,18,0,25
BRDA:106,19,0,1
BRDA:114,20,0,24
BRDA:115,21,0,0
BRDA:122,22,0,24
BRDA:124,23,0,7
BRDA:132,24,0,17
BRDA:139,25,0,2
BRDA:145,26,0,15
BRDA:157,27,0,0
BRDA:163,28,0,15
BRDA:170,29,0,3
BRDA:176,30,0,12
BRDA:181,31,0,0
BRDA:187,32,0,12
BRDA:189,33,0,1
BRDA:197,34,0,11
BRDA:199,35,0,0
BRF:36
BRH:30
end_of_record
TN:
SF:src/utils/logger.js
FN:11,addLogToSpan
FN:45,logger
FN:79,logError
FN:117,logWarn
FN:140,logInfo
FN:163,logDebug
FN:188,redactEmail
FNF:7
FNH:7
FNDA:93,addLogToSpan
FNDA:20,logger
FNDA:43,logError
FNDA:8,logWarn
FNDA:22,logInfo
FNDA:1,logDebug
FNDA:1,redactEmail
DA:1,1
DA:2,1
DA:3,1
DA:4,1
DA:5,1
DA:6,1
DA:7,1
DA:8,1
DA:9,1
DA:10,1
DA:11,93
DA:12,93
DA:13,8
DA:14,8
DA:15,8
DA:16,8
DA:17,8
DA:18,8
DA:19,8
DA:20,8
DA:21,8
DA:22,8
DA:23,8
DA:24,8
DA:25,8
DA:26,8
DA:27,8
DA:28,8
DA:29,8
DA:30,8
DA:31,93
DA:32,93
DA:33,8
DA:34,8
DA:35,93
DA:36,93
DA:37,93
DA:38,93
DA:39,93
DA:40,1
DA:41,1
DA:42,1
DA:43,1
DA:44,1
DA:45,1
DA:46,20
DA:47,20
DA:48,20
DA:49,20
DA:50,20
DA:51,20
DA:52,20
DA:53,20
DA:54,20
DA:55,20
DA:56,20
DA:57,20
DA:58,20
DA:59,20
DA:60,20
DA:61,20
DA:62,20
DA:63,20
DA:64,20
DA:65,20
DA:66,20
DA:67,20
DA:68,20
DA:69,20
DA:70,20
DA:71,20
DA:72,20
DA:73,20
DA:74,20
DA:75,1
DA:76,1
DA:77,1
DA:78,1
DA:79,1
DA:80,43
DA:81,43
DA:82,43
DA:83,43
DA:84,43
DA:85,43
DA:86,43
DA:87,43
DA:88,43
DA:89,43
DA:90,25
DA:91,25
DA:92,25
DA:93,25
DA:94,43
DA:95,43
DA:96,43
DA:97,43
DA:98,43
DA:99,43
DA:100,43
DA:101,43
DA:102,43
DA:103,43
DA:104,43
DA:105,1
DA:106,1
DA:107,43
DA:108,2
DA:109,2
DA:110,43
DA:111,43
DA:112,43
DA:113,1
DA:114,1
DA:115,1
DA:116,1
DA:117,1
DA:118,8
DA:119,8
DA:120,8
DA:121,8
DA:122,8
DA:123,8
DA:124,8
DA:125,8
DA:126,8
DA:127,8
DA:128,8
DA:129,8
DA:130,8
DA:131,8
DA:132,8
DA:133,8
DA:134,8
DA:135,8
DA:136,1
DA:137,1
DA:138,1
DA:139,1
DA:140,1
DA:141,22
DA:142,22
DA:143,22
DA:144,22
DA:145,22
DA:146,22
DA:147,22
DA:148,22
DA:149,22
DA:150,22
DA:151,22
DA:152,22
DA:153,22
DA:154,22
DA:155,22
DA:156,22
DA:157,22
DA:158,22
DA:159,1
DA:160,1
DA:161,1
DA:162,1
DA:163,1
DA:164,1
DA:165,1
DA:166,1
DA:167,1
DA:168,0
DA:169,0
DA:170,1
DA:171,1
DA:172,1
DA:173,1
DA:174,1
DA:175,1
DA:176,1
DA:177,1
DA:178,1
DA:179,1
DA:180,1
DA:181,1
DA:182,1
DA:183,1
DA:184,1
DA:185,1
DA:186,1
DA:187,1
DA:188,1
DA:189,1
DA:190,1
DA:191,1
DA:192,1
DA:193,1
DA:194,1
DA:195,0
DA:196,0
DA:197,1
LF:197
LH:193
BRDA:1,0,0,1
BRDA:11,1,0,93
BRDA:12,2,0,85
BRDA:13,3,0,8
BRDA:31,4,0,5
BRDA:32,5,0,8
BRDA:32,6,0,3
BRDA:33,7,0,8
BRDA:35,8,0,5
BRDA:35,9,0,0
BRDA:45,10,0,20
BRDA:53,11,0,1
BRDA:79,12,0,43
BRDA:89,13,0,25
BRDA:94,14,0,18
BRDA:104,15,0,3
BRDA:104,16,0,1
BRDA:107,17,0,42
BRDA:107,18,0,2
BRDA:117,19,0,8
BRDA:119,20,0,1
BRDA:119,21,0,7
BRDA:120,22,0,1
BRDA:120,23,0,7
BRDA:140,24,0,22
BRDA:142,25,0,1
BRDA:142,26,0,21
BRDA:143,27,0,1
BRDA:143,28,0,21
BRDA:163,29,0,1
BRDA:168,30,0,0
BRDA:170,31,0,0
BRDA:171,32,0,0
BRDA:171,33,0,0
BRDA:188,34,0,1
BRDA:191,35,0,0
BRDA:194,36,0,0
BRF:37
BRH:30
end_of_record
TN:
SF:src/utils/traceLogger.js
FN:10,getTraceContext
FN:25,addLogToSpan
FN:39,traceLog
FN:57,traceError
FN:83,traceWarn
FN:98,traceInfo
FNF:6
FNH:6
FNDA:7,getTraceContext
FNDA:6,addLogToSpan
FNDA:3,traceLog
FNDA:2,traceError
FNDA:1,traceWarn
FNDA:1,traceInfo
DA:1,1
DA:2,1
DA:3,1
DA:4,1
DA:5,1
DA:6,1
DA:7,1
DA:8,1
DA:9,1
DA:10,7
DA:11,7
DA:12,7
DA:13,1
DA:14,1
DA:15,6
DA:16,6
DA:17,7
DA:18,7
DA:19,7
DA:20,7
DA:21,1
DA:22,1
DA:23,1
DA:24,1
DA:25,6
DA:26,6
DA:27,6
DA:28,5
DA:29,5
DA:30,5
DA:31,5
DA:32,5
DA:33,5
DA:34,6
DA:35,1
DA:36,1
DA:37,1
DA:38,1
DA:39,1
DA:40,3
DA:41,3
DA:42,3
DA:43,3
DA:44,3
DA:45,3
DA:46,3
DA:47,3
DA:48,3
DA:49,3
DA:50,3
DA:51,3
DA:52,3
DA:53,1
DA:54,1
DA:55,1
DA:56,1
DA:57,1
DA:58,2
DA:59,2
DA:60,2
DA:61,2
DA:62,2
DA:63,2
DA:64,2
DA:65,2
DA:66,2
DA:67,2
DA:68,2
DA:69,1
DA:70,1
DA:71,1
DA:72,1
DA:73,1
DA:74,1
DA:75,2
DA:76,2
DA:77,2
DA:78,2
DA:79,1
DA:80,1
DA:81,1
DA:82,1
DA:83,1
DA:84,1
DA:85,1
DA:86,1
DA:87,1
DA:88,1
DA:89,1
DA:90,1
DA:91,1
DA:92,1
DA:93,1
DA:94,1
DA:95,1
DA:96,1
DA:97,1
DA:98,1
DA:99,1
DA:100,1
DA:101,1
DA:102,1
DA:103,1
DA:104,1
DA:105,1
DA:106,1
DA:107,1
DA:108,1
LF:108
LH:108
BRDA:1,0,0,1
BRDA:10,1,0,7
BRDA:12,2,0,1
BRDA:15,3,0,6
BRDA:17,4,0,0
BRDA:18,5,0,0
BRDA:25,6,0,6
BRDA:27,7,0,5
BRDA:39,8,0,3
BRDA:44,9,0,6
BRDA:44,10,0,2
BRDA:44,11,0,4
BRDA:57,12,0,2
BRDA:68,13,0,1
BRDA:70,14,0,0
BRDA:63,15,0,4
BRDA:63,16,0,1
BRDA:63,17,0,3
BRDA:67,18,0,4
BRDA:83,19,0,1
BRDA:87,20,0,2
BRDA:87,21,0,1
BRDA:87,22,0,1
BRDA:98,23,0,1
BRDA:102,24,0,2
BRDA:102,25,0,1
BRDA:102,26,0,1
BRF:27
BRH:24
end_of_record
TN:
SF:src/utils/tracing.js
FN:5,resolveConfig
FNF:1
FNH:1
FNDA:7,resolveConfig
DA:1,1
DA:2,1
DA:3,1
DA:4,1
DA:5,1
DA:6,7
DA:7,7
DA:8,7
DA:9,7
DA:10,7
DA:11,7
DA:12,7
DA:13,7
DA:14,7
DA:15,7
DA:16,7
DA:17,7
DA:18,7
DA:19,7
DA:20,7
DA:21,7
DA:22,7
DA:23,7
DA:24,7
DA:25,7
DA:26,7
DA:27,7
DA:28,7
DA:29,7
DA:30,7
DA:31,7
DA:32,7
DA:33,7
DA:34,7
DA:35,7
DA:36,7
DA:37,7
DA:38,7
DA:39,1
DA:40,1
DA:41,1
DA:42,1
DA:43,1
DA:44,1
DA:45,1
DA:46,1
DA:47,1
DA:48,1
DA:49,1
DA:50,1
DA:51,1
DA:52,1
DA:53,1
DA:54,1
DA:55,1
DA:56,1
DA:57,1
DA:58,1
DA:59,1
DA:60,1
LF:60
LH:60
BRDA:1,0,0,1
BRDA:5,1,0,7
BRDA:7,2,0,6
BRDA:8,3,0,6
BRDA:8,4,0,5
BRDA:9,5,0,6
BRF:6
BRH:6
end_of_record
TN:
SF:src/utils/validators.js
FN:24,validateSignup
FN:27,validateLogin
FNF:2
FNH:2
FNDA:5,validateSignup
FNDA:4,validateLogin
DA:1,1
DA:2,1
DA:3,1
DA:4,1
DA:5,1
DA:6,1
DA:7,1
DA:8,1
DA:9,1
DA:10,1
DA:11,1
DA:12,1
DA:13,1
DA:14,1
DA:15,1
DA:16,1
DA:17,1
DA:18,1
DA:19,1
DA:20,1
DA:21,1
DA:22,1
DA:23,1
DA:24,1
DA:25,5
DA:26,5
DA:27,1
DA:28,4
DA:29,4
LF:29
LH:29
BRDA:1,0,0,1
BRDA:24,1,0,5
BRDA:27,2,0,4
BRF:3
BRH:3
end_of_record
