TN:
SF:src/db/db1.js
FN:7,getUserByEmail
FN:13,createUser
FN:49,getUserByIddb
FN:55,createRefreshTokenRow
FN:60,findRefreshTokenRow
FN:66,rotateRefreshTokenRow
FN:72,revokeRefreshTokenRow
FN:77,addRevokedToken
FN:82,isTokenRevoked
FN:96,cleanupExpiredRevokedTokens
FNF:10
FNH:9
FNDA:12,getUserByEmail
FNDA:3,createUser
FNDA:7,getUserByIddb
FNDA:4,createRefreshTokenRow
FNDA:7,findRefreshTokenRow
FNDA:2,rotateRefreshTokenRow
FNDA:3,revokeRefreshTokenRow
FNDA:1,addRevokedToken
FNDA:4,isTokenRevoked
FNDA:0,cleanupExpiredRevokedTokens
DA:1,1
DA:2,1
DA:3,1
DA:4,1
DA:5,1
DA:6,1
DA:7,1
DA:8,12
DA:9,12
DA:10,5
DA:11,12
DA:12,1
DA:13,1
DA:14,3
DA:15,3
DA:16,3
DA:17,3
DA:18,3
DA:19,3
DA:20,3
DA:21,3
DA:22,3
DA:23,3
DA:24,3
DA:25,3
DA:26,3
DA:27,3
DA:28,3
DA:29,3
DA:30,3
DA:31,3
DA:32,3
DA:33,3
DA:34,3
DA:35,3
DA:36,3
DA:37,3
DA:38,0
DA:39,0
DA:40,0
DA:41,0
DA:42,0
DA:43,0
DA:44,0
DA:45,0
DA:46,0
DA:47,3
DA:48,1
DA:49,1
DA:50,7
DA:51,7
DA:52,6
DA:53,7
DA:54,1
DA:55,1
DA:56,4
DA:57,4
DA:58,4
DA:59,1
DA:60,1
DA:61,7
DA:62,7
DA:63,7
DA:64,7
DA:65,1
DA:66,1
DA:67,2
DA:68,2
DA:69,2
DA:70,2
DA:71,1
DA:72,1
DA:73,3
DA:74,3
DA:75,1
DA:76,1
DA:77,1
DA:78,1
DA:79,1
DA:80,1
DA:81,1
DA:82,1
DA:83,4
DA:84,4
DA:85,4
DA:86,4
DA:87,4
DA:88,0
DA:89,0
DA:90,0
DA:91,0
DA:92,0
DA:93,4
DA:94,1
DA:95,1
DA:96,1
DA:97,0
DA:98,0
DA:99,0
LF:99
LH:82
BRDA:1,0,0,1
BRDA:7,1,0,12
BRDA:9,2,0,11
BRDA:9,3,0,11
BRDA:9,4,0,6
BRDA:10,5,0,5
BRDA:13,6,0,3
BRDA:16,7,0,0
BRDA:17,8,0,0
BRDA:18,9,0,0
BRDA:19,10,0,0
BRDA:31,11,0,2
BRDA:32,12,0,2
BRDA:34,13,0,2
BRDA:37,14,0,0
BRDA:49,15,0,7
BRDA:51,16,0,1
BRDA:52,17,0,6
BRDA:55,18,0,4
BRDA:60,19,0,7
BRDA:62,20,0,0
BRDA:66,21,0,2
BRDA:72,22,0,3
BRDA:77,23,0,1
BRDA:82,24,0,4
BRDA:84,25,0,0
BRDA:87,26,0,0
BRF:27
BRH:19
end_of_record
TN:
SF:src/handlers/authHandlers.js
FN:11,register
FN:39,login
FN:61,refreshToken
FN:82,logout
FN:106,me
FNF:5
FNH:5
FNDA:3,register
FNDA:2,login
FNDA:2,refreshToken
FNDA:2,logout
FNDA:3,me
DA:1,1
DA:2,1
DA:3,1
DA:4,1
DA:5,1
DA:6,1
DA:7,1
DA:8,1
DA:9,1
DA:10,1
DA:11,1
DA:12,3
DA:13,3
DA:14,3
DA:15,3
DA:16,2
DA:17,2
DA:18,2
DA:19,2
DA:20,2
DA:21,2
DA:22,3
DA:23,3
DA:24,3
DA:25,3
DA:26,3
DA:27,3
DA:28,3
DA:29,1
DA:30,1
DA:31,1
DA:32,1
DA:33,3
DA:34,0
DA:35,0
DA:36,0
DA:37,1
DA:38,1
DA:39,1
DA:40,2
DA:41,2
DA:42,2
DA:43,2
DA:44,2
DA:45,2
DA:46,2
DA:47,2
DA:48,1
DA:49,1
DA:50,1
DA:51,1
DA:52,1
DA:53,1
DA:54,1
DA:55,2
DA:56,0
DA:57,0
DA:58,0
DA:59,1
DA:60,1
DA:61,1
DA:62,2
DA:63,2
DA:64,2
DA:65,0
DA:66,0
DA:67,2
DA:68,2
DA:69,2
DA:70,1
DA:71,1
DA:72,2
DA:73,1
DA:74,1
DA:75,1
DA:76,2
DA:77,0
DA:78,0
DA:79,0
DA:80,1
DA:81,1
DA:82,1
DA:83,2
DA:84,2
DA:85,2
DA:86,2
DA:87,2
DA:88,2
DA:89,2
DA:90,2
DA:91,2
DA:92,2
DA:93,1
DA:94,1
DA:95,1
DA:96,2
DA:97,1
DA:98,1
DA:99,1
DA:100,2
DA:101,0
DA:102,0
DA:103,0
DA:104,1
DA:105,1
DA:106,1
DA:107,3
DA:108,3
DA:109,3
DA:110,2
DA:111,2
DA:112,3
DA:113,2
DA:114,2
DA:115,2
DA:116,2
DA:117,2
DA:118,3
DA:119,0
DA:120,0
DA:121,0
DA:122,1
LF:122
LH:105
BRDA:1,0,0,1
BRDA:11,1,0,3
BRDA:15,2,0,1
BRDA:16,3,0,2
BRDA:23,4,0,2
BRDA:24,5,0,2
BRDA:25,6,0,2
BRDA:26,7,0,2
BRDA:28,8,0,2
BRDA:28,9,0,1
BRDA:29,10,0,0
BRDA:33,11,0,0
BRDA:39,12,0,2
BRDA:43,13,0,0
BRDA:47,14,0,1
BRDA:48,15,0,0
BRDA:49,16,0,0
BRDA:55,17,0,0
BRDA:61,18,0,2
BRDA:63,19,0,0
BRDA:64,20,0,0
BRDA:68,21,0,0
BRDA:69,22,0,1
BRDA:72,23,0,0
BRDA:73,24,0,1
BRDA:76,25,0,0
BRDA:82,26,0,2
BRDA:85,27,0,1
BRDA:86,28,0,1
BRDA:86,29,0,1
BRDA:88,30,0,0
BRDA:91,31,0,0
BRDA:92,32,0,1
BRDA:96,33,0,0
BRDA:97,34,0,1
BRDA:100,35,0,0
BRDA:106,36,0,3
BRDA:109,37,0,1
BRDA:109,38,0,0
BRDA:110,39,0,2
BRDA:112,40,0,0
BRDA:113,41,0,2
BRDA:118,42,0,0
BRF:43
BRH:25
end_of_record
TN:
SF:src/middleware/authRequired.js
FN:6,requireAuth
FNF:1
FNH:1
FNDA:9,requireAuth
DA:1,1
DA:2,1
DA:3,1
DA:4,1
DA:5,1
DA:6,1
DA:7,9
DA:8,9
DA:9,9
DA:10,3
DA:11,3
DA:12,3
DA:13,6
DA:14,6
DA:15,9
DA:16,2
DA:17,2
DA:18,2
DA:19,4
DA:20,4
DA:21,4
DA:22,4
DA:23,4
DA:24,4
DA:25,4
DA:26,1
DA:27,1
DA:28,1
DA:29,4
DA:30,0
DA:31,0
DA:32,0
DA:33,0
DA:34,4
DA:35,3
DA:36,3
DA:37,9
DA:38,0
DA:39,0
DA:40,0
DA:41,9
LF:41
LH:34
BRDA:1,0,0,1
BRDA:6,1,0,9
BRDA:8,2,0,2
BRDA:9,3,0,3
BRDA:13,4,0,6
BRDA:15,5,0,2
BRDA:19,6,0,4
BRDA:25,7,0,1
BRDA:29,8,0,0
BRDA:35,9,0,3
BRDA:37,10,0,0
BRF:11
BRH:9
end_of_record
TN:
SF:src/middleware/rateLimit.js
FN:12,rateLimitMiddleware
FN:77,checkRateLimit
FN:116,addRateLimitHeaders
FNF:3
FNH:2
FNDA:10,rateLimitMiddleware
FNDA:3,checkRateLimit
FNDA:0,addRateLimitHeaders
DA:1,1
DA:2,1
DA:3,1
DA:4,1
DA:5,1
DA:6,1
DA:7,1
DA:8,1
DA:9,1
DA:10,1
DA:11,1
DA:12,1
DA:13,10
DA:14,10
DA:15,10
DA:16,1
DA:17,1
DA:18,1
DA:19,9
DA:20,9
DA:21,10
DA:22,10
DA:23,10
DA:24,10
DA:25,10
DA:26,10
DA:27,10
DA:28,10
DA:29,10
DA:30,10
DA:31,10
DA:32,10
DA:33,10
DA:34,10
DA:35,10
DA:36,10
DA:37,10
DA:38,10
DA:39,10
DA:40,3
DA:41,3
DA:42,3
DA:43,3
DA:44,3
DA:45,3
DA:46,3
DA:47,3
DA:48,3
DA:49,3
DA:50,3
DA:51,5
DA:52,5
DA:53,5
DA:54,5
DA:55,5
DA:56,5
DA:57,5
DA:58,5
DA:59,5
DA:60,5
DA:61,5
DA:62,5
DA:63,5
DA:64,5
DA:65,10
DA:66,1
DA:67,1
DA:68,1
DA:69,1
DA:70,10
DA:71,1
DA:72,1
DA:73,1
DA:74,1
DA:75,1
DA:76,1
DA:77,1
DA:78,3
DA:79,3
DA:80,3
DA:81,3
DA:82,1
DA:83,1
DA:84,1
DA:85,1
DA:86,1
DA:87,1
DA:88,3
DA:89,3
DA:90,2
DA:91,2
DA:92,2
DA:93,2
DA:94,2
DA:95,2
DA:96,2
DA:97,2
DA:98,2
DA:99,2
DA:100,2
DA:101,2
DA:102,2
DA:103,2
DA:104,2
DA:105,2
DA:106,2
DA:107,2
DA:108,1
DA:109,1
DA:110,3
DA:111,1
DA:112,1
DA:113,1
DA:114,1
DA:115,1
DA:116,1
DA:117,0
DA:118,0
DA:119,0
DA:120,0
DA:121,0
DA:122,0
DA:123,0
DA:124,0
DA:125,0
DA:126,0
DA:127,0
DA:128,0
DA:129,0
LF:129
LH:116
BRDA:1,0,0,1
BRDA:12,1,0,10
BRDA:15,2,0,1
BRDA:19,3,0,9
BRDA:21,4,0,6
BRDA:22,5,0,1
BRDA:22,6,0,1
BRDA:22,7,0,5
BRDA:33,8,0,8
BRDA:33,9,0,3
BRDA:33,10,0,5
BRDA:39,11,0,3
BRDA:51,12,0,5
BRDA:65,13,0,1
BRDA:77,14,0,3
BRDA:81,15,0,1
BRDA:85,16,0,0
BRDA:89,17,0,2
BRDA:100,18,0,0
BRDA:101,19,0,0
BRDA:103,20,0,0
BRDA:108,21,0,1
BRF:22
BRH:18
end_of_record
TN:
SF:src/middleware/validate.js
FN:5,validate
FNF:1
FNH:1
FNDA:9,validate
DA:1,1
DA:2,1
DA:3,1
DA:4,1
DA:5,1
DA:6,9
DA:7,9
DA:8,9
DA:9,9
DA:10,9
DA:11,9
DA:12,9
DA:13,0
DA:14,0
DA:15,8
DA:16,9
DA:17,2
DA:18,2
DA:19,2
DA:20,6
DA:21,9
DA:22,1
DA:23,1
DA:24,9
DA:25,9
LF:25
LH:23
BRDA:1,0,0,1
BRDA:5,1,0,9
BRDA:6,2,0,9
BRDA:8,3,0,0
BRDA:12,4,0,8
BRDA:12,5,0,0
BRDA:15,6,0,8
BRDA:16,7,0,2
BRDA:20,8,0,6
BRDA:21,9,0,1
BRDA:17,10,0,2
BRDA:18,11,0,2
BRF:12
BRH:10
end_of_record
TN:
SF:src/services/authService.js
FN:11,register
FN:121,login
FN:161,rotateRefreshToken
FN:198,revokeRefreshToken
FN:225,getUserById
FNF:5
FNH:5
FNDA:7,register
FNDA:5,login
FNDA:4,rotateRefreshToken
FNDA:3,revokeRefreshToken
FNDA:5,getUserById
DA:1,1
DA:2,1
DA:3,1
DA:4,1
DA:5,1
DA:6,1
DA:7,1
DA:8,1
DA:9,1
DA:10,1
DA:11,1
DA:12,7
DA:13,7
DA:14,7
DA:15,7
DA:16,2
DA:17,2
DA:18,4
DA:19,4
DA:20,7
DA:21,4
DA:22,4
DA:23,4
DA:24,4
DA:25,4
DA:26,4
DA:27,7
DA:28,7
DA:29,7
DA:30,7
DA:31,7
DA:32,7
DA:33,7
DA:34,7
DA:35,7
DA:36,2
DA:37,1
DA:38,1
DA:39,1
DA:40,1
DA:41,1
DA:42,1
DA:43,1
DA:44,1
DA:45,1
DA:46,0
DA:47,0
DA:48,0
DA:49,1
DA:50,1
DA:51,1
DA:52,1
DA:53,1
DA:54,0
DA:55,0
DA:56,0
DA:57,1
DA:58,1
DA:59,2
DA:60,0
DA:61,0
DA:62,0
DA:63,0
DA:64,0
DA:65,0
DA:66,0
DA:67,1
DA:68,1
DA:69,1
DA:70,0
DA:71,0
DA:72,0
DA:73,1
DA:74,1
DA:75,2
DA:76,0
DA:77,0
DA:78,0
DA:79,0
DA:80,0
DA:81,0
DA:82,0
DA:83,1
DA:84,1
DA:85,1
DA:86,2
DA:87,1
DA:88,2
DA:89,1
DA:90,2
DA:91,0
DA:92,0
DA:93,0
DA:94,2
DA:95,3
DA:96,3
DA:97,3
DA:98,3
DA:99,3
DA:100,3
DA:101,3
DA:102,3
DA:103,3
DA:104,3
DA:105,3
DA:106,3
DA:107,3
DA:108,3
DA:109,3
DA:110,3
DA:111,3
DA:112,3
DA:113,3
DA:114,7
DA:115,1
DA:116,1
DA:117,1
DA:118,7
DA:119,1
DA:120,1
DA:121,1
DA:122,5
DA:123,5
DA:124,5
DA:125,2
DA:126,2
DA:127,2
DA:128,5
DA:129,5
DA:130,1
DA:131,1
DA:132,2
DA:133,2
DA:134,2
DA:135,2
DA:136,2
DA:137,2
DA:138,2
DA:139,2
DA:140,2
DA:141,2
DA:142,2
DA:143,2
DA:144,2
DA:145,2
DA:146,2
DA:147,2
DA:148,2
DA:149,2
DA:150,2
DA:151,2
DA:152,2
DA:153,2
DA:154,2
DA:155,5
DA:156,0
DA:157,0
DA:158,0
DA:159,5
DA:160,1
DA:161,1
DA:162,4
DA:163,4
DA:164,4
DA:165,4
DA:166,4
DA:167,2
DA:168,2
DA:169,2
DA:170,2
DA:171,2
DA:172,2
DA:173,2
DA:174,2
DA:175,2
DA:176,2
DA:177,2
DA:178,2
DA:179,2
DA:180,2
DA:181,2
DA:182,2
DA:183,2
DA:184,2
DA:185,2
DA:186,2
DA:187,2
DA:188,2
DA:189,2
DA:190,2
DA:191,2
DA:192,4
DA:193,0
DA:194,0
DA:195,0
DA:196,4
DA:197,1
DA:198,1
DA:199,3
DA:200,3
DA:201,3
DA:202,3
DA:203,3
DA:204,3
DA:205,3
DA:206,3
DA:207,3
DA:208,3
DA:209,3
DA:210,1
DA:211,1
DA:212,3
DA:213,0
DA:214,0
DA:215,0
DA:216,3
DA:217,3
DA:218,3
DA:219,3
DA:220,0
DA:221,0
DA:222,0
DA:223,3
DA:224,1
DA:225,1
DA:226,5
DA:227,5
DA:228,5
DA:229,4
DA:230,4
DA:231,4
DA:232,5
DA:233,3
DA:234,3
DA:235,3
DA:236,1
DA:237,1
DA:238,3
DA:239,1
DA:240,1
DA:241,3
DA:242,0
DA:243,0
DA:244,3
DA:245,0
DA:246,0
DA:247,3
DA:248,0
DA:249,0
DA:250,3
DA:251,3
DA:252,3
DA:253,3
DA:254,3
DA:255,3
DA:256,3
DA:257,3
DA:258,3
DA:259,3
DA:260,1
DA:261,1
DA:262,5
DA:263,0
DA:264,0
DA:265,0
DA:266,5
LF:266
LH:219
BRDA:1,0,0,1
BRDA:11,1,0,7
BRDA:15,2,0,6
BRDA:15,3,0,2
BRDA:18,4,0,4
BRDA:20,5,0,0
BRDA:20,6,0,4
BRDA:27,7,0,2
BRDA:27,8,0,2
BRDA:27,9,0,2
BRDA:27,10,0,2
BRDA:35,11,0,2
BRDA:36,12,0,1
BRDA:45,13,0,0
BRDA:53,14,0,0
BRDA:59,15,0,0
BRDA:67,16,0,1
BRDA:69,17,0,0
BRDA:75,18,0,0
BRDA:83,19,0,1
BRDA:86,20,0,0
BRDA:87,21,0,1
BRDA:88,22,0,0
BRDA:89,23,0,1
BRDA:90,24,0,0
BRDA:95,25,0,3
BRDA:114,26,0,1
BRDA:121,27,0,5
BRDA:124,28,0,2
BRDA:128,29,0,3
BRDA:128,30,0,0
BRDA:129,31,0,3
BRDA:129,32,0,1
BRDA:132,33,0,2
BRDA:155,34,0,0
BRDA:161,35,0,4
BRDA:165,36,0,1
BRDA:166,37,0,3
BRDA:166,38,0,1
BRDA:167,39,0,2
BRDA:192,40,0,0
BRDA:198,41,0,3
BRDA:202,42,0,0
BRDA:209,43,0,1
BRDA:209,44,0,1
BRDA:209,45,0,1
BRDA:212,46,0,0
BRDA:219,47,0,0
BRDA:225,48,0,5
BRDA:228,49,0,1
BRDA:229,50,0,4
BRDA:232,51,0,3
BRDA:235,52,0,1
BRDA:238,53,0,1
BRDA:241,54,0,0
BRDA:244,55,0,0
BRDA:247,56,0,0
BRDA:260,57,0,1
BRDA:262,58,0,0
BRF:59
BRH:40
end_of_record
TN:
SF:src/utils/crypto.js
FN:10,uint8ToBase64
FN:17,base64ToUint8
FN:24,randomBytes
FN:30,genSalt
FN:44,hashPassword
FN:81,verifyPassword
FN:98,genRandomToken
FN:105,sha256
FN:117,encryptAESGCM
FN:181,decryptAESGCM
FNF:10
FNH:10
FNDA:93,uint8ToBase64
FNDA:40,base64ToUint8
FNDA:37,randomBytes
FNDA:18,genSalt
FNDA:21,hashPassword
FNDA:6,verifyPassword
FNDA:8,genRandomToken
FNDA:23,sha256
FNDA:14,encryptAESGCM
FNDA:7,decryptAESGCM
DA:1,1
DA:2,1
DA:3,1
DA:4,1
DA:5,1
DA:6,1
DA:7,1
DA:8,1
DA:9,1
DA:10,93
DA:11,93
DA:12,93
DA:13,93
DA:14,93
DA:15,93
DA:16,1
DA:17,40
DA:18,40
DA:19,40
DA:20,40
DA:21,39
DA:22,40
DA:23,1
DA:24,37
DA:25,37
DA:26,37
DA:27,37
DA:28,37
DA:29,1
DA:30,1
DA:31,18
DA:32,18
DA:33,18
DA:34,1
DA:35,1
DA:36,1
DA:37,1
DA:38,1
DA:39,1
DA:40,1
DA:41,1
DA:42,1
DA:43,1
DA:44,1
DA:45,21
DA:46,1
DA:47,1
DA:48,21
DA:49,1
DA:50,1
DA:51,19
DA:52,21
DA:53,21
DA:54,0
DA:55,0
DA:56,21
DA:57,21
DA:58,0
DA:59,0
DA:60,19
DA:61,21
DA:62,21
DA:63,21
DA:64,21
DA:65,21
DA:66,21
DA:67,21
DA:68,21
DA:69,21
DA:70,19
DA:71,19
DA:72,19
DA:73,19
DA:74,19
DA:75,19
DA:76,19
DA:77,19
DA:78,19
DA:79,21
DA:80,1
DA:81,1
DA:82,6
DA:83,5
DA:84,5
DA:85,5
DA:86,6
DA:87,5
DA:88,6
DA:89,220
DA:90,220
DA:91,5
DA:92,6
DA:93,0
DA:94,0
DA:95,0
DA:96,6
DA:97,1
DA:98,1
DA:99,8
DA:100,8
DA:101,8
DA:102,8
DA:103,8
DA:104,1
DA:105,1
DA:106,23
DA:107,23
DA:108,23
DA:109,23
DA:110,1
DA:111,1
DA:112,1
DA:113,1
DA:114,1
DA:115,1
DA:116,1
DA:117,1
DA:118,14
DA:119,1
DA:120,1
DA:121,1
DA:122,13
DA:123,14
DA:124,1
DA:125,1
DA:126,1
DA:127,12
DA:128,12
DA:129,12
DA:130,12
DA:131,14
DA:132,1
DA:133,1
DA:134,1
DA:135,11
DA:136,11
DA:137,11
DA:138,11
DA:139,11
DA:140,11
DA:141,11
DA:142,11
DA:143,11
DA:144,11
DA:145,11
DA:146,11
DA:147,11
DA:148,11
DA:149,11
DA:150,11
DA:151,11
DA:152,11
DA:153,11
DA:154,11
DA:155,11
DA:156,11
DA:157,11
DA:158,11
DA:159,11
DA:160,11
DA:161,11
DA:162,11
DA:163,11
DA:164,11
DA:165,11
DA:166,11
DA:167,11
DA:168,11
DA:169,14
DA:170,1
DA:171,1
DA:172,1
DA:173,14
DA:174,1
DA:175,1
DA:176,1
DA:177,1
DA:178,1
DA:179,1
DA:180,1
DA:181,1
DA:182,7
DA:183,5
DA:184,5
DA:185,5
DA:186,5
DA:187,5
DA:188,5
DA:189,5
DA:190,5
DA:191,5
DA:192,5
DA:193,4
DA:194,4
DA:195,4
DA:196,7
DA:197,0
DA:198,0
DA:199,0
DA:200,3
DA:201,3
DA:202,3
DA:203,3
DA:204,3
DA:205,3
DA:206,3
DA:207,3
DA:208,7
DA:209,0
DA:210,0
DA:211,0
DA:212,3
DA:213,3
DA:214,3
DA:215,3
DA:216,3
DA:217,3
DA:218,3
DA:219,3
DA:220,3
DA:221,3
DA:222,7
DA:223,2
DA:224,2
DA:225,2
DA:226,7
LF:226
LH:213
BRDA:1,0,0,1
BRDA:10,1,0,93
BRDA:13,2,0,2529
BRDA:17,3,0,40
BRDA:20,4,0,943
BRDA:21,5,0,39
BRDA:24,6,0,37
BRDA:30,7,0,18
BRDA:44,8,0,21
BRDA:45,9,0,20
BRDA:45,10,0,1
BRDA:48,11,0,20
BRDA:48,12,0,19
BRDA:48,13,0,1
BRDA:51,14,0,19
BRDA:53,15,0,19
BRDA:53,16,0,0
BRDA:56,17,0,19
BRDA:57,18,0,19
BRDA:57,19,0,0
BRDA:60,20,0,19
BRDA:61,21,0,7
BRDA:70,22,0,19
BRDA:81,23,0,6
BRDA:82,24,0,1
BRDA:83,25,0,5
BRDA:86,26,0,0
BRDA:87,27,0,5
BRDA:88,28,0,220
BRDA:91,29,0,5
BRDA:92,30,0,0
BRDA:98,31,0,8
BRDA:105,32,0,23
BRDA:106,33,0,0
BRDA:117,34,0,14
BRDA:118,35,0,1
BRDA:122,36,0,13
BRDA:123,37,0,1
BRDA:127,38,0,12
BRDA:131,39,0,1
BRDA:135,40,0,11
BRDA:169,41,0,1
BRDA:181,42,0,7
BRDA:182,43,0,6
BRDA:182,44,0,2
BRDA:183,45,0,5
BRDA:193,46,0,4
BRDA:196,47,0,0
BRDA:200,48,0,3
BRDA:208,49,0,0
BRDA:212,50,0,3
BRDA:222,51,0,2
BRF:52
BRH:45
end_of_record
TN:
SF:src/utils/jwt.js
FN:5,pemToArrayBuffer
FN:14,base64UrlEncode
FN:21,base64UrlDecode
FN:27,importPrivateKey
FN:32,importPublicKeyFromPrivate
FN:38,signJWT
FN:80,verifyJWT
FNF:7
FNH:6
FNDA:24,pemToArrayBuffer
FNDA:63,base64UrlEncode
FNDA:16,base64UrlDecode
FNDA:15,importPrivateKey
FNDA:0,importPublicKeyFromPrivate
FNDA:16,signJWT
FNDA:14,verifyJWT
DA:1,1
DA:2,1
DA:3,1
DA:4,1
DA:5,24
DA:6,24
DA:7,24
DA:8,24
DA:9,24
DA:10,24
DA:11,24
DA:12,24
DA:13,1
DA:14,63
DA:15,63
DA:16,63
DA:17,63
DA:18,63
DA:19,63
DA:20,1
DA:21,16
DA:22,16
DA:23,16
DA:24,16
DA:25,16
DA:26,1
DA:27,15
DA:28,15
DA:29,15
DA:30,15
DA:31,1
DA:32,0
DA:33,0
DA:34,0
DA:35,0
DA:36,0
DA:37,1
DA:38,1
DA:39,16
DA:40,16
DA:41,16
DA:42,16
DA:43,15
DA:44,15
DA:45,16
DA:46,1
DA:47,1
DA:48,16
DA:49,16
DA:50,16
DA:51,16
DA:52,16
DA:53,16
DA:54,16
DA:55,16
DA:56,16
DA:57,16
DA:58,16
DA:59,16
DA:60,16
DA:61,16
DA:62,16
DA:63,16
DA:64,16
DA:65,16
DA:66,16
DA:67,16
DA:68,16
DA:69,16
DA:70,15
DA:71,15
DA:72,15
DA:73,15
DA:74,16
DA:75,1
DA:76,1
DA:77,1
DA:78,16
DA:79,1
DA:80,1
DA:81,14
DA:82,14
DA:83,14
DA:84,14
DA:85,1
DA:86,1
DA:87,1
DA:88,13
DA:89,14
DA:90,0
DA:91,0
DA:92,0
DA:93,13
DA:94,13
DA:95,14
DA:96,4
DA:97,4
DA:98,4
DA:99,9
DA:100,9
DA:101,9
DA:102,9
DA:103,9
DA:104,9
DA:105,9
DA:106,14
DA:107,0
DA:108,0
DA:109,0
DA:110,9
DA:111,9
DA:112,9
DA:113,9
DA:114,9
DA:115,9
DA:116,14
DA:117,0
DA:118,0
DA:119,0
DA:120,9
DA:121,9
DA:122,14
DA:123,2
DA:124,2
DA:125,2
DA:126,7
DA:127,7
DA:128,7
DA:129,7
DA:130,7
DA:131,14
DA:132,0
DA:133,0
DA:134,0
DA:135,7
DA:136,7
DA:137,14
DA:138,1
DA:139,1
DA:140,1
DA:141,6
DA:142,6
DA:143,14
DA:144,0
DA:145,0
DA:146,0
DA:147,14
LF:147
LH:127
BRDA:1,0,0,1
BRDA:5,1,0,24
BRDA:10,2,0,20916
BRDA:14,3,0,63
BRDA:17,4,0,6610
BRDA:21,5,0,16
BRDA:23,6,0,26
BRDA:24,7,0,2947
BRDA:27,8,0,15
BRDA:38,9,0,16
BRDA:42,10,0,15
BRDA:42,11,0,15
BRDA:45,12,0,1
BRDA:60,13,0,0
BRDA:61,14,0,0
BRDA:69,15,0,1
BRDA:70,16,0,15
BRDA:74,17,0,1
BRDA:80,18,0,14
BRDA:84,19,0,1
BRDA:88,20,0,13
BRDA:89,21,0,0
BRDA:93,22,0,13
BRDA:95,23,0,4
BRDA:99,24,0,9
BRDA:106,25,0,0
BRDA:110,26,0,9
BRDA:116,27,0,0
BRDA:120,28,0,9
BRDA:122,29,0,2
BRDA:126,30,0,7
BRDA:131,31,0,0
BRDA:135,32,0,7
BRDA:137,33,0,1
BRDA:141,34,0,6
BRDA:143,35,0,0
BRF:36
BRH:29
end_of_record
TN:
SF:src/utils/logger.js
FN:11,addLogToSpan
FN:45,logger
FN:79,logError
FN:115,logWarn
FN:138,logInfo
FN:161,logDebug
FN:186,redactEmail
FNF:7
FNH:7
FNDA:99,addLogToSpan
FNDA:9,logger
FNDA:20,logError
FNDA:5,logWarn
FNDA:65,logInfo
FNDA:1,logDebug
FNDA:1,redactEmail
DA:1,1
DA:2,1
DA:3,1
DA:4,1
DA:5,1
DA:6,1
DA:7,1
DA:8,1
DA:9,1
DA:10,1
DA:11,99
DA:12,99
DA:13,8
DA:14,8
DA:15,8
DA:16,8
DA:17,8
DA:18,8
DA:19,8
DA:20,8
DA:21,8
DA:22,8
DA:23,8
DA:24,8
DA:25,8
DA:26,8
DA:27,8
DA:28,8
DA:29,8
DA:30,8
DA:31,99
DA:32,99
DA:33,8
DA:34,8
DA:35,99
DA:36,99
DA:37,99
DA:38,99
DA:39,99
DA:40,1
DA:41,1
DA:42,1
DA:43,1
DA:44,1
DA:45,1
DA:46,9
DA:47,9
DA:48,9
DA:49,9
DA:50,9
DA:51,9
DA:52,9
DA:53,9
DA:54,9
DA:55,9
DA:56,9
DA:57,9
DA:58,9
DA:59,9
DA:60,9
DA:61,9
DA:62,9
DA:63,9
DA:64,9
DA:65,9
DA:66,9
DA:67,9
DA:68,9
DA:69,9
DA:70,9
DA:71,9
DA:72,9
DA:73,9
DA:74,9
DA:75,1
DA:76,1
DA:77,1
DA:78,1
DA:79,1
DA:80,20
DA:81,20
DA:82,20
DA:83,20
DA:84,20
DA:85,20
DA:86,20
DA:87,20
DA:88,20
DA:89,7
DA:90,7
DA:91,7
DA:92,20
DA:93,20
DA:94,20
DA:95,20
DA:96,20
DA:97,20
DA:98,20
DA:99,20
DA:100,20
DA:101,20
DA:102,20
DA:103,1
DA:104,1
DA:105,20
DA:106,2
DA:107,2
DA:108,20
DA:109,20
DA:110,20
DA:111,1
DA:112,1
DA:113,1
DA:114,1
DA:115,1
DA:116,5
DA:117,5
DA:118,5
DA:119,5
DA:120,5
DA:121,5
DA:122,5
DA:123,5
DA:124,5
DA:125,5
DA:126,5
DA:127,5
DA:128,5
DA:129,5
DA:130,5
DA:131,5
DA:132,5
DA:133,5
DA:134,1
DA:135,1
DA:136,1
DA:137,1
DA:138,1
DA:139,65
DA:140,65
DA:141,65
DA:142,65
DA:143,65
DA:144,65
DA:145,65
DA:146,65
DA:147,65
DA:148,65
DA:149,65
DA:150,65
DA:151,65
DA:152,65
DA:153,65
DA:154,65
DA:155,65
DA:156,65
DA:157,1
DA:158,1
DA:159,1
DA:160,1
DA:161,1
DA:162,1
DA:163,1
DA:164,1
DA:165,1
DA:166,0
DA:167,0
DA:168,1
DA:169,1
DA:170,1
DA:171,1
DA:172,1
DA:173,1
DA:174,1
DA:175,1
DA:176,1
DA:177,1
DA:178,1
DA:179,1
DA:180,1
DA:181,1
DA:182,1
DA:183,1
DA:184,1
DA:185,1
DA:186,1
DA:187,1
DA:188,1
DA:189,1
DA:190,1
DA:191,1
DA:192,1
DA:193,0
DA:194,0
DA:195,1
LF:195
LH:191
BRDA:1,0,0,1
BRDA:11,1,0,99
BRDA:12,2,0,91
BRDA:13,3,0,8
BRDA:31,4,0,5
BRDA:32,5,0,8
BRDA:32,6,0,3
BRDA:33,7,0,8
BRDA:35,8,0,5
BRDA:35,9,0,0
BRDA:45,10,0,9
BRDA:53,11,0,1
BRDA:79,12,0,20
BRDA:88,13,0,7
BRDA:92,14,0,13
BRDA:102,15,0,3
BRDA:102,16,0,1
BRDA:105,17,0,19
BRDA:105,18,0,2
BRDA:115,19,0,5
BRDA:117,20,0,1
BRDA:117,21,0,4
BRDA:118,22,0,1
BRDA:118,23,0,4
BRDA:138,24,0,65
BRDA:140,25,0,1
BRDA:140,26,0,64
BRDA:141,27,0,1
BRDA:141,28,0,64
BRDA:161,29,0,1
BRDA:166,30,0,0
BRDA:168,31,0,0
BRDA:169,32,0,0
BRDA:169,33,0,0
BRDA:186,34,0,1
BRDA:189,35,0,0
BRDA:192,36,0,0
BRF:37
BRH:30
end_of_record
TN:
SF:src/utils/validators.js
FN:20,validateSignup
FN:23,validateLogin
FNF:2
FNH:2
FNDA:5,validateSignup
FNDA:4,validateLogin
DA:1,1
DA:2,1
DA:3,1
DA:4,1
DA:5,1
DA:6,1
DA:7,1
DA:8,1
DA:9,1
DA:10,1
DA:11,1
DA:12,1
DA:13,1
DA:14,1
DA:15,1
DA:16,1
DA:17,1
DA:18,1
DA:19,1
DA:20,1
DA:21,5
DA:22,5
DA:23,1
DA:24,4
DA:25,4
LF:25
LH:25
BRDA:1,0,0,1
BRDA:20,1,0,5
BRDA:23,2,0,4
BRF:3
BRH:3
end_of_record
