TN:
SF:src/db/db1.js
FN:9,createPayment
FN:49,getPayment
FN:75,getPaymentBySessionId
FN:101,getPaymentByOrderId
FN:127,updatePaymentStatus
FN:186,logPaymentEvent
FNF:6
FNH:6
FNDA:6,createPayment
FNDA:55,getPayment
FNDA:14,getPaymentBySessionId
FNDA:41,getPaymentByOrderId
FNDA:26,updatePaymentStatus
FNDA:27,logPaymentEvent
DA:1,1
DA:2,1
DA:3,1
DA:4,1
DA:5,1
DA:6,1
DA:7,1
DA:8,1
DA:9,1
DA:10,6
DA:11,6
DA:12,6
DA:13,6
DA:14,6
DA:15,6
DA:16,6
DA:17,6
DA:18,6
DA:19,6
DA:20,6
DA:21,6
DA:22,6
DA:23,6
DA:24,6
DA:25,6
DA:26,6
DA:27,6
DA:28,6
DA:29,6
DA:30,6
DA:31,6
DA:32,6
DA:33,6
DA:34,6
DA:35,6
DA:36,6
DA:37,6
DA:38,5
DA:39,5
DA:40,6
DA:41,1
DA:42,1
DA:43,1
DA:44,6
DA:45,1
DA:46,1
DA:47,1
DA:48,1
DA:49,1
DA:50,55
DA:51,55
DA:52,55
DA:53,55
DA:54,55
DA:55,55
DA:56,53
DA:57,55
DA:58,3
DA:59,3
DA:60,3
DA:61,2
DA:62,2
DA:63,3
DA:64,53
DA:65,55
DA:66,55
DA:67,2
DA:68,2
DA:69,2
DA:70,55
DA:71,1
DA:72,1
DA:73,1
DA:74,1
DA:75,1
DA:76,14
DA:77,14
DA:78,14
DA:79,14
DA:80,14
DA:81,14
DA:82,12
DA:83,14
DA:84,0
DA:85,0
DA:86,0
DA:87,0
DA:88,0
DA:89,0
DA:90,12
DA:91,14
DA:92,14
DA:93,2
DA:94,2
DA:95,2
DA:96,14
DA:97,1
DA:98,1
DA:99,1
DA:100,1
DA:101,1
DA:102,41
DA:103,41
DA:104,41
DA:105,41
DA:106,41
DA:107,41
DA:108,36
DA:109,41
DA:110,0
DA:111,0
DA:112,0
DA:113,0
DA:114,0
DA:115,0
DA:116,36
DA:117,41
DA:118,41
DA:119,5
DA:120,5
DA:121,5
DA:122,41
DA:123,1
DA:124,1
DA:125,1
DA:126,1
DA:127,1
DA:128,26
DA:129,26
DA:130,26
DA:131,26
DA:132,26
DA:133,26
DA:134,0
DA:135,0
DA:136,0
DA:137,26
DA:138,14
DA:139,14
DA:140,14
DA:141,26
DA:142,16
DA:143,16
DA:144,16
DA:145,26
DA:146,15
DA:147,15
DA:148,15
DA:149,26
DA:150,6
DA:151,6
DA:152,6
DA:153,26
DA:154,14
DA:155,14
DA:156,14
DA:157,26
DA:158,21
DA:159,21
DA:160,21
DA:161,21
DA:162,21
DA:163,26
DA:164,26
DA:165,26
DA:166,26
DA:167,26
DA:168,26
DA:169,26
DA:170,26
DA:171,26
DA:172,26
DA:173,26
DA:174,26
DA:175,25
DA:176,25
DA:177,26
DA:178,1
DA:179,1
DA:180,1
DA:181,26
DA:182,1
DA:183,1
DA:184,1
DA:185,1
DA:186,1
DA:187,27
DA:188,27
DA:189,27
DA:190,27
DA:191,27
DA:192,27
DA:193,27
DA:194,27
DA:195,27
DA:196,27
DA:197,27
DA:198,27
DA:199,27
DA:200,27
DA:201,27
DA:202,27
DA:203,27
DA:204,27
DA:205,26
DA:206,26
DA:207,27
DA:208,1
DA:209,1
DA:210,1
DA:211,27
LF:211
LH:196
BRDA:1,0,0,1
BRDA:9,1,0,6
BRDA:26,2,0,1
BRDA:27,3,0,1
BRDA:28,4,0,1
BRDA:30,5,0,0
BRDA:33,6,0,4
BRDA:33,7,0,2
BRDA:38,8,0,5
BRDA:40,9,0,1
BRDA:49,10,0,55
BRDA:56,11,0,53
BRDA:57,12,0,45
BRDA:57,13,0,3
BRDA:60,14,0,2
BRDA:64,15,0,53
BRDA:65,16,0,8
BRDA:66,17,0,2
BRDA:75,18,0,14
BRDA:82,19,0,12
BRDA:83,20,0,4
BRDA:83,21,0,0
BRDA:90,22,0,12
BRDA:91,23,0,8
BRDA:92,24,0,2
BRDA:101,25,0,41
BRDA:108,26,0,36
BRDA:109,27,0,24
BRDA:109,28,0,0
BRDA:116,29,0,36
BRDA:117,30,0,12
BRDA:118,31,0,5
BRDA:127,32,0,26
BRDA:133,33,0,0
BRDA:137,34,0,14
BRDA:141,35,0,16
BRDA:145,36,0,15
BRDA:149,37,0,6
BRDA:153,38,0,14
BRDA:157,39,0,21
BRDA:160,40,0,0
BRDA:175,41,0,25
BRDA:177,42,0,1
BRDA:186,43,0,27
BRDA:201,44,0,26
BRDA:201,45,0,1
BRDA:205,46,0,26
BRDA:207,47,0,1
BRF:48
BRH:43
end_of_record
TN:
SF:src/handlers/paymentHandlers.js
FN:12,createPayment
FN:39,capturePayment
FN:97,getPayment
FN:132,handlePayPalSuccess
FN:178,handlePayPalFailure
FNF:5
FNH:5
FNDA:5,createPayment
FNDA:7,capturePayment
FNDA:4,getPayment
FNDA:4,handlePayPalSuccess
FNDA:4,handlePayPalFailure
DA:1,1
DA:2,1
DA:3,1
DA:4,1
DA:5,1
DA:6,1
DA:7,1
DA:8,1
DA:9,1
DA:10,1
DA:11,1
DA:12,1
DA:13,5
DA:14,5
DA:15,5
DA:16,5
DA:17,1
DA:18,1
DA:19,1
DA:20,1
DA:21,1
DA:22,5
DA:23,4
DA:24,4
DA:25,4
DA:26,4
DA:27,4
DA:28,4
DA:29,4
DA:30,4
DA:31,4
DA:32,4
DA:33,4
DA:34,5
DA:35,1
DA:36,1
DA:37,1
DA:38,1
DA:39,1
DA:40,7
DA:41,7
DA:42,7
DA:43,7
DA:44,7
DA:45,7
DA:46,1
DA:47,1
DA:48,1
DA:49,1
DA:50,1
DA:51,1
DA:52,1
DA:53,1
DA:54,6
DA:55,6
DA:56,7
DA:57,1
DA:58,1
DA:59,1
DA:60,1
DA:61,1
DA:62,1
DA:63,1
DA:64,1
DA:65,1
DA:66,1
DA:67,1
DA:68,1
DA:69,5
DA:70,5
DA:71,5
DA:72,5
DA:73,5
DA:74,5
DA:75,1
DA:76,1
DA:77,1
DA:78,1
DA:79,1
DA:80,7
DA:81,4
DA:82,4
DA:83,4
DA:84,4
DA:85,1
DA:86,4
DA:87,4
DA:88,4
DA:89,4
DA:90,4
DA:91,4
DA:92,7
DA:93,1
DA:94,1
DA:95,1
DA:96,1
DA:97,1
DA:98,4
DA:99,4
DA:100,4
DA:101,4
DA:102,4
DA:103,1
DA:104,1
DA:105,1
DA:106,1
DA:107,1
DA:108,1
DA:109,1
DA:110,1
DA:111,3
DA:112,3
DA:113,1
DA:114,1
DA:115,1
DA:116,1
DA:117,1
DA:118,4
DA:119,2
DA:120,2
DA:121,2
DA:122,2
DA:123,2
DA:124,2
DA:125,2
DA:126,4
DA:127,1
DA:128,1
DA:129,1
DA:130,1
DA:131,1
DA:132,1
DA:133,4
DA:134,4
DA:135,4
DA:136,4
DA:137,4
DA:138,4
DA:139,1
DA:140,1
DA:141,1
DA:142,1
DA:143,1
DA:144,1
DA:145,1
DA:146,1
DA:147,1
DA:148,3
DA:149,3
DA:150,3
DA:151,3
DA:152,3
DA:153,3
DA:154,3
DA:155,1
DA:156,1
DA:157,4
DA:158,4
DA:159,4
DA:160,4
DA:161,2
DA:162,2
DA:163,2
DA:164,2
DA:165,2
DA:166,2
DA:167,2
DA:168,2
DA:169,2
DA:170,2
DA:171,2
DA:172,4
DA:173,1
DA:174,1
DA:175,1
DA:176,1
DA:177,1
DA:178,1
DA:179,4
DA:180,4
DA:181,4
DA:182,4
DA:183,4
DA:184,4
DA:185,1
DA:186,1
DA:187,1
DA:188,1
DA:189,1
DA:190,1
DA:191,1
DA:192,1
DA:193,1
DA:194,3
DA:195,3
DA:196,3
DA:197,3
DA:198,3
DA:199,3
DA:200,3
DA:201,1
DA:202,1
DA:203,1
DA:204,1
DA:205,1
DA:206,4
DA:207,2
DA:208,2
DA:209,2
DA:210,2
DA:211,2
DA:212,2
DA:213,2
DA:214,2
DA:215,2
DA:216,2
DA:217,2
DA:218,4
LF:218
LH:218
BRDA:1,0,0,1
BRDA:12,1,0,5
BRDA:14,2,0,3
BRDA:17,3,0,1
BRDA:22,4,0,4
BRDA:25,5,0,0
BRDA:27,6,0,1
BRDA:28,7,0,3
BRDA:39,8,0,7
BRDA:42,9,0,3
BRDA:45,10,0,1
BRDA:49,11,0,0
BRDA:54,12,0,6
BRDA:56,13,0,1
BRDA:69,14,0,5
BRDA:75,15,0,1
BRDA:80,16,0,4
BRDA:83,17,0,3
BRDA:84,18,0,1
BRDA:86,19,0,0
BRDA:61,20,0,1
BRDA:97,21,0,4
BRDA:102,22,0,1
BRDA:106,23,0,0
BRDA:111,24,0,3
BRDA:113,25,0,1
BRDA:118,26,0,2
BRDA:120,27,0,0
BRDA:132,28,0,4
BRDA:138,29,0,1
BRDA:148,30,0,3
BRDA:155,31,0,1
BRDA:157,32,0,0
BRDA:160,33,0,2
BRDA:162,34,0,0
BRDA:178,35,0,4
BRDA:184,36,0,1
BRDA:194,37,0,3
BRDA:201,38,0,1
BRDA:206,39,0,2
BRDA:208,40,0,0
BRF:41
BRH:33
end_of_record
TN:
SF:src/handlers/webhookHandlers.js
FN:13,handlePayPalWebhook
FNF:1
FNH:1
FNDA:6,handlePayPalWebhook
DA:1,1
DA:2,1
DA:3,1
DA:4,1
DA:5,1
DA:6,1
DA:7,1
DA:8,1
DA:9,1
DA:10,1
DA:11,1
DA:12,1
DA:13,1
DA:14,6
DA:15,6
DA:16,6
DA:17,6
DA:18,6
DA:19,6
DA:20,6
DA:21,6
DA:22,6
DA:23,6
DA:24,6
DA:25,6
DA:26,2
DA:27,2
DA:28,2
DA:29,2
DA:30,2
DA:31,2
DA:32,2
DA:33,2
DA:34,2
DA:35,4
DA:36,4
DA:37,4
DA:38,4
DA:39,6
DA:40,0
DA:41,0
DA:42,0
DA:43,0
DA:44,0
DA:45,0
DA:46,0
DA:47,0
DA:48,0
DA:49,0
DA:50,0
DA:51,0
DA:52,0
DA:53,0
DA:54,0
DA:55,0
DA:56,4
DA:57,4
DA:58,4
DA:59,3
DA:60,3
DA:61,3
DA:62,3
DA:63,3
DA:64,3
DA:65,6
DA:66,6
DA:67,6
DA:68,6
DA:69,6
DA:70,6
DA:71,6
DA:72,1
DA:73,1
DA:74,1
DA:75,1
DA:76,1
DA:77,1
DA:78,1
DA:79,1
DA:80,6
LF:80
LH:64
BRDA:1,0,0,1
BRDA:13,1,0,6
BRDA:25,2,0,2
BRDA:35,3,0,4
BRDA:39,4,0,0
BRDA:56,5,0,4
BRDA:59,6,0,3
BRDA:71,7,0,1
BRF:8
BRH:7
end_of_record
TN:
SF:src/middleware/cors.js
FN:7,handleCORS
FN:27,addCORSHeaders
FN:62,withCORS
FNF:3
FNH:3
FNDA:3,handleCORS
FNDA:5,addCORSHeaders
FNDA:2,withCORS
DA:1,1
DA:2,1
DA:3,1
DA:4,1
DA:5,1
DA:6,1
DA:7,1
DA:8,3
DA:9,3
DA:10,3
DA:11,3
DA:12,3
DA:13,3
DA:14,3
DA:15,3
DA:16,3
DA:17,3
DA:18,3
DA:19,3
DA:20,3
DA:21,3
DA:22,3
DA:23,1
DA:24,1
DA:25,1
DA:26,1
DA:27,1
DA:28,5
DA:29,1
DA:30,1
DA:31,4
DA:32,4
DA:33,5
DA:34,5
DA:35,5
DA:36,5
DA:37,5
DA:38,5
DA:39,5
DA:40,5
DA:41,5
DA:42,5
DA:43,5
DA:44,5
DA:45,5
DA:46,5
DA:47,2
DA:48,2
DA:49,4
DA:50,4
DA:51,4
DA:52,4
DA:53,4
DA:54,4
DA:55,4
DA:56,5
DA:57,1
DA:58,1
DA:59,1
DA:60,1
DA:61,1
DA:62,1
DA:63,2
DA:64,2
DA:65,2
DA:66,1
DA:67,1
DA:68,1
DA:69,1
DA:70,1
DA:71,1
DA:72,1
DA:73,1
DA:74,2
DA:75,2
LF:75
LH:75
BRDA:1,0,0,1
BRDA:7,1,0,3
BRDA:9,2,0,2
BRDA:18,3,0,1
BRDA:18,4,0,2
BRDA:27,5,0,5
BRDA:28,6,0,4
BRDA:28,7,0,1
BRDA:31,8,0,4
BRDA:33,9,0,2
BRDA:46,10,0,2
BRDA:49,11,0,4
BRDA:62,12,0,2
BRDA:63,13,0,2
BRDA:65,14,0,1
BRF:15
BRH:15
end_of_record
TN:
SF:src/middleware/logger.js
FN:8,withLogger
FNF:1
FNH:1
FNDA:6,withLogger
DA:1,1
DA:2,1
DA:3,1
DA:4,1
DA:5,1
DA:6,1
DA:7,1
DA:8,1
DA:9,6
DA:10,6
DA:11,6
DA:12,6
DA:13,6
DA:14,6
DA:15,6
DA:16,6
DA:17,0
DA:18,0
DA:19,0
DA:20,0
DA:21,0
DA:22,0
DA:23,6
DA:24,6
DA:25,6
DA:26,0
DA:27,0
DA:28,0
DA:29,0
DA:30,0
DA:31,0
DA:32,6
DA:33,6
DA:34,6
DA:35,6
DA:36,6
DA:37,6
DA:38,6
DA:39,6
DA:40,6
DA:41,6
DA:42,6
DA:43,6
DA:44,6
DA:45,6
DA:46,6
DA:47,1
DA:48,1
DA:49,1
DA:50,1
DA:51,1
DA:52,1
DA:53,1
DA:54,1
DA:55,1
DA:56,6
DA:57,6
DA:58,6
DA:59,6
DA:60,5
DA:61,5
DA:62,5
DA:63,5
DA:64,5
DA:65,5
DA:66,5
DA:67,0
DA:68,0
DA:69,0
DA:70,0
DA:71,0
DA:72,5
DA:73,5
DA:74,5
DA:75,5
DA:76,5
DA:77,5
DA:78,5
DA:79,6
DA:80,1
DA:81,1
DA:82,1
DA:83,1
DA:84,1
DA:85,1
DA:86,1
DA:87,1
DA:88,1
DA:89,1
DA:90,1
DA:91,1
DA:92,1
DA:93,1
DA:94,1
DA:95,1
DA:96,6
DA:97,0
DA:98,0
DA:99,0
DA:100,0
DA:101,0
DA:102,0
DA:103,0
DA:104,0
DA:105,0
DA:106,0
DA:107,0
DA:108,0
DA:109,0
DA:110,0
DA:111,6
DA:112,6
LF:112
LH:81
BRDA:1,0,0,1
BRDA:8,1,0,6
BRDA:9,2,0,6
BRDA:12,3,0,0
BRDA:13,4,0,0
BRDA:16,5,0,0
BRDA:25,6,0,0
BRDA:46,7,0,5
BRDA:46,8,0,1
BRDA:51,9,0,0
BRDA:59,10,0,5
BRDA:59,11,0,5
BRDA:66,12,0,0
BRDA:79,13,0,1
BRDA:96,14,0,0
BRF:15
BRH:8
end_of_record
TN:
SF:src/middleware/validate.js
FN:8,validateBody
FNF:1
FNH:1
FNDA:8,validateBody
DA:1,1
DA:2,1
DA:3,1
DA:4,1
DA:5,1
DA:6,1
DA:7,1
DA:8,1
DA:9,8
DA:10,10
DA:11,10
DA:12,10
DA:13,1
DA:14,1
DA:15,1
DA:16,1
DA:17,1
DA:18,1
DA:19,1
DA:20,1
DA:21,9
DA:22,9
DA:23,9
DA:24,9
DA:25,10
DA:26,1
DA:27,1
DA:28,1
DA:29,1
DA:30,1
DA:31,1
DA:32,1
DA:33,1
DA:34,1
DA:35,8
DA:36,8
DA:37,8
DA:38,8
DA:39,8
DA:40,8
DA:41,10
DA:42,1
DA:43,1
DA:44,1
DA:45,1
DA:46,1
DA:47,4
DA:48,4
DA:49,4
DA:50,1
DA:51,1
DA:52,1
DA:53,1
DA:54,1
DA:55,6
DA:56,6
DA:57,6
DA:58,6
DA:59,6
DA:60,6
DA:61,10
DA:62,1
DA:63,1
DA:64,1
DA:65,1
DA:66,1
DA:67,1
DA:68,1
DA:69,1
DA:70,8
DA:71,8
LF:71
LH:71
BRDA:1,0,0,1
BRDA:8,1,0,8
BRDA:9,2,0,10
BRDA:12,3,0,9
BRDA:12,4,0,1
BRDA:21,5,0,9
BRDA:25,6,0,8
BRDA:25,7,0,1
BRDA:35,8,0,8
BRDA:41,9,0,1
BRDA:55,10,0,6
BRDA:61,11,0,1
BRDA:46,12,0,4
BRF:13
BRH:13
end_of_record
TN:
SF:src/routers/payment.js
FNF:0
FNH:0
DA:1,1
DA:2,1
DA:3,1
DA:4,1
DA:5,1
DA:6,1
DA:7,1
DA:8,1
DA:9,1
DA:10,1
DA:11,1
DA:12,1
DA:13,1
DA:14,1
DA:15,1
DA:16,1
DA:17,1
DA:18,1
DA:19,1
DA:20,1
DA:21,1
DA:22,1
DA:23,1
DA:24,1
DA:25,2
DA:26,2
DA:27,2
DA:28,0
DA:29,0
DA:30,0
DA:31,0
DA:32,0
DA:33,0
DA:34,0
DA:35,0
DA:36,0
DA:37,1
DA:38,1
DA:39,1
DA:40,1
DA:41,1
DA:42,1
DA:43,1
DA:44,1
DA:45,1
DA:46,1
DA:47,1
DA:48,1
DA:49,1
DA:50,2
DA:51,2
DA:52,2
DA:53,0
DA:54,0
DA:55,0
DA:56,0
DA:57,0
DA:58,0
DA:59,0
DA:60,0
DA:61,0
DA:62,0
DA:63,0
DA:64,0
DA:65,1
DA:66,1
DA:67,1
DA:68,1
DA:69,1
DA:70,1
DA:71,1
DA:72,1
DA:73,1
DA:74,1
DA:75,1
DA:76,1
DA:77,1
DA:78,1
DA:79,1
DA:80,1
DA:81,1
DA:82,1
DA:83,1
DA:84,1
DA:85,1
DA:86,1
DA:87,1
DA:88,1
DA:89,1
DA:90,1
DA:91,1
DA:92,1
DA:93,1
DA:94,1
DA:95,1
LF:95
LH:74
BRDA:1,0,0,1
BRDA:13,1,0,1
BRDA:24,2,0,2
BRDA:26,3,0,0
BRDA:27,4,0,0
BRDA:41,5,0,1
BRDA:42,6,0,0
BRDA:49,7,0,2
BRDA:51,8,0,0
BRDA:52,9,0,0
BRDA:70,10,0,1
BRDA:71,11,0,0
BRDA:74,12,0,1
BRDA:75,13,0,0
BRDA:79,14,0,1
BRDA:81,15,0,0
BRDA:85,16,0,1
BRF:17
BRH:9
end_of_record
TN:
SF:src/services/paymentService.js
FN:21,createPaymentIntent
FN:126,capturePayment
FN:222,getPaymentStatus
FN:290,handlePayPalCallback
FNF:4
FNH:4
FNDA:11,createPaymentIntent
FNDA:11,capturePayment
FNDA:10,getPaymentStatus
FNDA:11,handlePayPalCallback
DA:1,1
DA:2,1
DA:3,1
DA:4,1
DA:5,1
DA:6,1
DA:7,1
DA:8,1
DA:9,1
DA:10,1
DA:11,1
DA:12,1
DA:13,1
DA:14,1
DA:15,1
DA:16,1
DA:17,1
DA:18,1
DA:19,1
DA:20,1
DA:21,1
DA:22,11
DA:23,11
DA:24,11
DA:25,11
DA:26,11
DA:27,11
DA:28,11
DA:29,3
DA:30,3
DA:31,2
DA:32,2
DA:33,2
DA:34,2
DA:35,2
DA:36,2
DA:37,3
DA:38,8
DA:39,8
DA:40,8
DA:41,8
DA:42,8
DA:43,8
DA:44,8
DA:45,8
DA:46,11
DA:47,11
DA:48,11
DA:49,11
DA:50,11
DA:51,11
DA:52,11
DA:53,11
DA:54,11
DA:55,11
DA:56,11
DA:57,11
DA:58,11
DA:59,11
DA:60,11
DA:61,11
DA:62,11
DA:63,11
DA:64,11
DA:65,11
DA:66,4
DA:67,4
DA:68,4
DA:69,4
DA:70,4
DA:71,4
DA:72,11
DA:73,11
DA:74,11
DA:75,11
DA:76,11
DA:77,11
DA:78,11
DA:79,11
DA:80,11
DA:81,11
DA:82,11
DA:83,11
DA:84,11
DA:85,11
DA:86,11
DA:87,4
DA:88,4
DA:89,4
DA:90,4
DA:91,4
DA:92,4
DA:93,4
DA:94,4
DA:95,4
DA:96,4
DA:97,4
DA:98,4
DA:99,4
DA:100,4
DA:101,11
DA:102,11
DA:103,11
DA:104,11
DA:105,11
DA:106,11
DA:107,11
DA:108,11
DA:109,11
DA:110,11
DA:111,11
DA:112,11
DA:113,11
DA:114,11
DA:115,11
DA:116,11
DA:117,11
DA:118,5
DA:119,5
DA:120,5
DA:121,11
DA:122,1
DA:123,1
DA:124,1
DA:125,1
DA:126,1
DA:127,11
DA:128,11
DA:129,11
DA:130,11
DA:131,4
DA:132,4
DA:133,3
DA:134,3
DA:135,4
DA:136,3
DA:137,3
DA:138,4
DA:139,7
DA:140,7
DA:141,11
DA:142,1
DA:143,1
DA:144,1
DA:145,6
DA:146,11
DA:147,2
DA:148,2
DA:149,2
DA:150,2
DA:151,4
DA:152,4
DA:153,11
DA:154,11
DA:155,1
DA:156,1
DA:157,3
DA:158,3
DA:159,3
DA:160,3
DA:161,3
DA:162,11
DA:163,11
DA:164,11
DA:165,11
DA:166,11
DA:167,11
DA:168,11
DA:169,11
DA:170,11
DA:171,11
DA:172,11
DA:173,11
DA:174,11
DA:175,11
DA:176,11
DA:177,11
DA:178,11
DA:179,11
DA:180,11
DA:181,11
DA:182,11
DA:183,11
DA:184,11
DA:185,11
DA:186,11
DA:187,11
DA:188,11
DA:189,11
DA:190,11
DA:191,11
DA:192,11
DA:193,3
DA:194,3
DA:195,3
DA:196,3
DA:197,3
DA:198,3
DA:199,3
DA:200,11
DA:201,11
DA:202,11
DA:203,11
DA:204,11
DA:205,3
DA:206,3
DA:207,3
DA:208,3
DA:209,11
DA:210,11
DA:211,11
DA:212,11
DA:213,11
DA:214,7
DA:215,7
DA:216,7
DA:217,11
DA:218,1
DA:219,1
DA:220,1
DA:221,1
DA:222,1
DA:223,10
DA:224,10
DA:225,10
DA:226,3
DA:227,3
DA:228,7
DA:229,7
DA:230,10
DA:231,5
DA:232,5
DA:233,3
DA:234,3
DA:235,3
DA:236,5
DA:237,2
DA:238,5
DA:239,2
DA:240,2
DA:241,2
DA:242,2
DA:243,2
DA:244,2
DA:245,2
DA:246,2
DA:247,2
DA:248,2
DA:249,2
DA:250,5
DA:251,1
DA:252,1
DA:253,1
DA:254,1
DA:255,1
DA:256,1
DA:257,1
DA:258,1
DA:259,1
DA:260,1
DA:261,1
DA:262,1
DA:263,1
DA:264,1
DA:265,1
DA:266,1
DA:267,1
DA:268,5
DA:269,2
DA:270,2
DA:271,2
DA:272,2
DA:273,2
DA:274,5
DA:275,7
DA:276,7
DA:277,10
DA:278,3
DA:279,3
DA:280,3
DA:281,10
DA:282,1
DA:283,1
DA:284,1
DA:285,1
DA:286,1
DA:287,1
DA:288,1
DA:289,1
DA:290,1
DA:291,11
DA:292,11
DA:293,1
DA:294,1
DA:295,10
DA:296,10
DA:297,10
DA:298,11
DA:299,5
DA:300,5
DA:301,5
DA:302,5
DA:303,5
DA:304,11
DA:305,3
DA:306,3
DA:307,3
DA:308,3
DA:309,3
DA:310,3
DA:311,3
DA:312,3
DA:313,3
DA:314,3
DA:315,3
DA:316,3
DA:317,3
DA:318,3
DA:319,3
DA:320,3
DA:321,3
DA:322,3
DA:323,3
DA:324,3
DA:325,3
DA:326,3
DA:327,3
DA:328,11
DA:329,2
DA:330,2
DA:331,2
DA:332,2
DA:333,2
DA:334,2
DA:335,2
DA:336,2
DA:337,2
DA:338,2
DA:339,2
DA:340,2
DA:341,2
DA:342,2
DA:343,2
DA:344,2
DA:345,2
DA:346,2
DA:347,2
DA:348,2
DA:349,11
DA:350,6
DA:351,6
DA:352,6
DA:353,6
DA:354,6
DA:355,6
DA:356,6
DA:357,11
LF:357
LH:357
BRDA:1,0,0,1
BRDA:21,1,0,11
BRDA:28,2,0,10
BRDA:28,3,0,3
BRDA:30,4,0,2
BRDA:38,5,0,8
BRDA:46,6,0,4
BRDA:49,7,0,4
BRDA:57,8,0,4
BRDA:58,9,0,6
BRDA:66,10,0,4
BRDA:73,11,0,4
BRDA:73,12,0,0
BRDA:75,13,0,2
BRDA:87,14,0,4
BRDA:104,15,0,4
BRDA:104,16,0,0
BRDA:117,17,0,5
BRDA:102,18,0,4
BRDA:126,19,0,11
BRDA:130,20,0,10
BRDA:130,21,0,4
BRDA:132,22,0,3
BRDA:135,23,0,3
BRDA:139,24,0,7
BRDA:141,25,0,1
BRDA:145,26,0,6
BRDA:146,27,0,2
BRDA:151,28,0,4
BRDA:153,29,0,1
BRDA:154,30,0,1
BRDA:157,31,0,3
BRDA:163,32,0,3
BRDA:169,33,0,3
BRDA:169,34,0,0
BRDA:170,35,0,3
BRDA:170,36,0,1
BRDA:171,37,0,3
BRDA:172,38,0,2
BRDA:173,39,0,1
BRDA:176,40,0,3
BRDA:180,41,0,3
BRDA:181,42,0,3
BRDA:182,43,0,3
BRDA:193,44,0,3
BRDA:201,45,0,3
BRDA:201,46,0,2
BRDA:205,47,0,3
BRDA:213,48,0,7
BRDA:222,49,0,10
BRDA:225,50,0,3
BRDA:228,51,0,7
BRDA:230,52,0,6
BRDA:230,53,0,5
BRDA:233,54,0,3
BRDA:236,55,0,2
BRDA:238,56,0,2
BRDA:246,57,0,0
BRDA:250,58,0,1
BRDA:262,59,0,0
BRDA:268,60,0,2
BRDA:275,61,0,7
BRDA:277,62,0,3
BRDA:290,63,0,11
BRDA:292,64,0,1
BRDA:295,65,0,10
BRDA:298,66,0,5
BRDA:304,67,0,3
BRDA:328,68,0,2
BRDA:349,69,0,6
BRF:70
BRH:65
end_of_record
TN:
SF:src/services/paypalService.js
FN:9,getPayPalAccessToken
FN:48,createPayPalOrder
FN:124,capturePayPalOrder
FN:175,getPayPalOrder
FNF:4
FNH:4
FNDA:25,getPayPalAccessToken
FNDA:11,createPayPalOrder
FNDA:5,capturePayPalOrder
FNDA:7,getPayPalOrder
DA:1,1
DA:2,1
DA:3,1
DA:4,1
DA:5,1
DA:6,1
DA:7,1
DA:8,1
DA:9,1
DA:10,25
DA:11,25
DA:12,1
DA:13,1
DA:14,24
DA:15,24
DA:16,24
DA:17,24
DA:18,24
DA:19,24
DA:20,24
DA:21,24
DA:22,24
DA:23,24
DA:24,24
DA:25,23
DA:26,25
DA:27,4
DA:28,4
DA:29,4
DA:30,4
DA:31,4
DA:32,4
DA:33,4
DA:34,4
DA:35,19
DA:36,19
DA:37,19
DA:38,19
DA:39,25
DA:40,6
DA:41,6
DA:42,6
DA:43,25
DA:44,1
DA:45,1
DA:46,1
DA:47,1
DA:48,1
DA:49,11
DA:50,11
DA:51,11
DA:52,11
DA:53,11
DA:54,1
DA:55,1
DA:56,1
DA:57,1
DA:58,10
DA:59,10
DA:60,7
DA:61,7
DA:62,7
DA:63,7
DA:64,11
DA:65,11
DA:66,11
DA:67,11
DA:68,11
DA:69,11
DA:70,11
DA:71,11
DA:72,11
DA:73,11
DA:74,11
DA:75,11
DA:76,11
DA:77,11
DA:78,11
DA:79,11
DA:80,11
DA:81,11
DA:82,11
DA:83,11
DA:84,11
DA:85,11
DA:86,11
DA:87,11
DA:88,11
DA:89,11
DA:90,11
DA:91,11
DA:92,11
DA:93,11
DA:94,11
DA:95,11
DA:96,6
DA:97,11
DA:98,1
DA:99,1
DA:100,1
DA:101,1
DA:102,1
DA:103,1
DA:104,1
DA:105,1
DA:106,1
DA:107,5
DA:108,5
DA:109,5
DA:110,5
DA:111,5
DA:112,5
DA:113,5
DA:114,5
DA:115,11
DA:116,6
DA:117,6
DA:118,6
DA:119,11
DA:120,1
DA:121,1
DA:122,1
DA:123,1
DA:124,1
DA:125,5
DA:126,5
DA:127,5
DA:128,5
DA:129,5
DA:130,0
DA:131,0
DA:132,5
DA:133,5
DA:134,5
DA:135,5
DA:136,5
DA:137,5
DA:138,5
DA:139,5
DA:140,5
DA:141,5
DA:142,5
DA:143,5
DA:144,5
DA:145,5
DA:146,5
DA:147,1
DA:148,1
DA:149,1
DA:150,1
DA:151,1
DA:152,1
DA:153,1
DA:154,1
DA:155,1
DA:156,1
DA:157,4
DA:158,4
DA:159,4
DA:160,4
DA:161,4
DA:162,4
DA:163,4
DA:164,4
DA:165,5
DA:166,1
DA:167,1
DA:168,1
DA:169,1
DA:170,5
DA:171,1
DA:172,1
DA:173,1
DA:174,1
DA:175,1
DA:176,7
DA:177,7
DA:178,7
DA:179,7
DA:180,7
DA:181,0
DA:182,0
DA:183,7
DA:184,7
DA:185,6
DA:186,6
DA:187,6
DA:188,6
DA:189,6
DA:190,6
DA:191,6
DA:192,6
DA:193,6
DA:194,6
DA:195,5
DA:196,7
DA:197,1
DA:198,1
DA:199,1
DA:200,1
DA:201,1
DA:202,1
DA:203,1
DA:204,1
DA:205,1
DA:206,1
DA:207,4
DA:208,4
DA:209,4
DA:210,4
DA:211,4
DA:212,4
DA:213,4
DA:214,7
DA:215,3
DA:216,3
DA:217,3
DA:218,7
LF:218
LH:214
BRDA:1,0,0,1
BRDA:9,1,0,25
BRDA:11,2,0,24
BRDA:11,3,0,1
BRDA:14,4,0,24
BRDA:25,5,0,23
BRDA:26,6,0,4
BRDA:35,7,0,19
BRDA:39,8,0,6
BRDA:48,9,0,11
BRDA:53,10,0,10
BRDA:53,11,0,1
BRDA:58,12,0,10
BRDA:60,13,0,7
BRDA:64,14,0,2
BRDA:67,15,0,7
BRDA:69,16,0,1
BRDA:72,17,0,7
BRDA:78,18,0,2
BRDA:96,19,0,6
BRDA:97,20,0,1
BRDA:107,21,0,5
BRDA:115,22,0,6
BRDA:124,23,0,5
BRDA:129,24,0,0
BRDA:146,25,0,1
BRDA:157,26,0,4
BRDA:165,27,0,1
BRDA:175,28,0,7
BRDA:180,29,0,0
BRDA:185,30,0,6
BRDA:195,31,0,5
BRDA:196,32,0,1
BRDA:207,33,0,4
BRDA:214,34,0,3
BRF:35
BRH:33
end_of_record
TN:
SF:src/services/webhookService.js
FN:14,notifyCheckoutWorker
FN:67,notifyInventoryWorker
FN:129,notifyFulfillmentWorker
FN:243,getCheckoutSessionFromCheckoutWorker
FN:275,getProductIdForSku
FN:312,enrichOrderItemsWithProductIds
FN:342,verifyWebhookSignature
FN:380,handleWebhookEvent
FN:453,handlePaymentCaptureCompleted
FN:581,handlePaymentCaptureDenied
FN:645,handleOrderApproved
FN:702,handleOrderCompleted
FN:807,handleOrderCreated
FN:863,handleOrderCancelled
FNF:14
FNH:14
FNDA:15,notifyCheckoutWorker
FNDA:7,notifyInventoryWorker
FNDA:7,notifyFulfillmentWorker
FNDA:9,getCheckoutSessionFromCheckoutWorker
FNDA:10,getProductIdForSku
FNDA:14,enrichOrderItemsWithProductIds
FNDA:6,verifyWebhookSignature
FNDA:31,handleWebhookEvent
FNDA:14,handlePaymentCaptureCompleted
FNDA:4,handlePaymentCaptureDenied
FNDA:2,handleOrderApproved
FNDA:2,handleOrderCompleted
FNDA:2,handleOrderCreated
FNDA:4,handleOrderCancelled
DA:1,1
DA:2,1
DA:3,1
DA:4,1
DA:5,1
DA:6,1
DA:7,1
DA:8,1
DA:9,1
DA:10,1
DA:11,1
DA:12,1
DA:13,1
DA:14,15
DA:15,15
DA:16,15
DA:17,15
DA:18,1
DA:19,1
DA:20,1
DA:21,1
DA:22,1
DA:23,14
DA:24,14
DA:25,14
DA:26,14
DA:27,14
DA:28,14
DA:29,14
DA:30,14
DA:31,14
DA:32,14
DA:33,14
DA:34,14
DA:35,14
DA:36,14
DA:37,14
DA:38,14
DA:39,14
DA:40,14
DA:41,14
DA:42,14
DA:43,14
DA:44,14
DA:45,14
DA:46,14
DA:47,14
DA:48,13
DA:49,15
DA:50,1
DA:51,1
DA:52,1
DA:53,1
DA:54,15
DA:55,12
DA:56,12
DA:57,15
DA:58,1
DA:59,1
DA:60,1
DA:61,1
DA:62,15
DA:63,1
DA:64,1
DA:65,1
DA:66,1
DA:67,7
DA:68,7
DA:69,7
DA:70,7
DA:71,1
DA:72,1
DA:73,1
DA:74,1
DA:75,1
DA:76,6
DA:77,7
DA:78,2
DA:79,2
DA:80,2
DA:81,2
DA:82,2
DA:83,4
DA:84,4
DA:85,4
DA:86,4
DA:87,4
DA:88,4
DA:89,4
DA:90,4
DA:91,4
DA:92,4
DA:93,4
DA:94,4
DA:95,4
DA:96,4
DA:97,4
DA:98,4
DA:99,4
DA:100,4
DA:101,4
DA:102,4
DA:103,4
DA:104,4
DA:105,4
DA:106,4
DA:107,4
DA:108,4
DA:109,4
DA:110,4
DA:111,7
DA:112,1
DA:113,1
DA:114,1
DA:115,1
DA:116,7
DA:117,3
DA:118,3
DA:119,7
DA:120,0
DA:121,0
DA:122,0
DA:123,0
DA:124,7
DA:125,1
DA:126,1
DA:127,1
DA:128,1
DA:129,7
DA:130,7
DA:131,7
DA:132,7
DA:133,1
DA:134,1
DA:135,1
DA:136,1
DA:137,1
DA:138,1
DA:139,6
DA:140,7
DA:141,0
DA:142,0
DA:143,0
DA:144,0
DA:145,0
DA:146,6
DA:147,6
DA:148,6
DA:149,7
DA:150,4
DA:151,4
DA:152,4
DA:153,4
DA:154,4
DA:155,7
DA:156,7
DA:157,7
DA:158,7
DA:159,7
DA:160,7
DA:161,7
DA:162,7
DA:163,7
DA:164,7
DA:165,0
DA:166,0
DA:167,0
DA:168,0
DA:169,0
DA:170,0
DA:171,0
DA:172,0
DA:173,0
DA:174,0
DA:175,0
DA:176,0
DA:177,7
DA:178,7
DA:179,7
DA:180,0
DA:181,0
DA:182,0
DA:183,0
DA:184,0
DA:185,0
DA:186,0
DA:187,0
DA:188,0
DA:189,0
DA:190,0
DA:191,0
DA:192,7
DA:193,7
DA:194,7
DA:195,0
DA:196,0
DA:197,0
DA:198,0
DA:199,0
DA:200,7
DA:201,7
DA:202,7
DA:203,7
DA:204,7
DA:205,7
DA:206,7
DA:207,7
DA:208,7
DA:209,7
DA:210,7
DA:211,7
DA:212,7
DA:213,7
DA:214,7
DA:215,7
DA:216,7
DA:217,7
DA:218,7
DA:219,7
DA:220,7
DA:221,7
DA:222,6
DA:223,7
DA:224,0
DA:225,0
DA:226,0
DA:227,0
DA:228,7
DA:229,6
DA:230,6
DA:231,6
DA:232,6
DA:233,7
DA:234,0
DA:235,0
DA:236,0
DA:237,0
DA:238,7
DA:239,1
DA:240,1
DA:241,1
DA:242,1
DA:243,9
DA:244,9
DA:245,9
DA:246,9
DA:247,1
DA:248,1
DA:249,8
DA:250,8
DA:251,8
DA:252,8
DA:253,8
DA:254,8
DA:255,8
DA:256,8
DA:257,8
DA:258,8
DA:259,8
DA:260,8
DA:261,9
DA:262,1
DA:263,1
DA:264,7
DA:265,7
DA:266,9
DA:267,0
DA:268,0
DA:269,0
DA:270,9
DA:271,1
DA:272,1
DA:273,1
DA:274,1
DA:275,10
DA:276,10
DA:277,10
DA:278,10
DA:279,0
DA:280,0
DA:281,10
DA:282,10
DA:283,10
DA:284,10
DA:285,10
DA:286,10
DA:287,10
DA:288,10
DA:289,10
DA:290,10
DA:291,10
DA:292,10
DA:293,10
DA:294,10
DA:295,0
DA:296,0
DA:297,10
DA:298,10
DA:299,10
DA:300,10
DA:301,5
DA:302,5
DA:303,5
DA:304,5
DA:305,5
DA:306,5
DA:307,10
DA:308,1
DA:309,1
DA:310,1
DA:311,1
DA:312,14
DA:313,14
DA:314,14
DA:315,4
DA:316,4
DA:317,10
DA:318,10
DA:319,10
DA:320,10
DA:321,10
DA:322,10
DA:323,10
DA:324,10
DA:325,10
DA:326,10
DA:327,10
DA:328,10
DA:329,10
DA:330,14
DA:331,0
DA:332,0
DA:333,0
DA:334,0
DA:335,14
DA:336,1
DA:337,1
DA:338,1
DA:339,1
DA:340,1
DA:341,1
DA:342,1
DA:343,6
DA:344,6
DA:345,6
DA:346,6
DA:347,6
DA:348,6
DA:349,6
DA:350,6
DA:351,6
DA:352,6
DA:353,4
DA:354,4
DA:355,4
DA:356,4
DA:357,4
DA:358,4
DA:359,4
DA:360,4
DA:361,4
DA:362,4
DA:363,2
DA:364,2
DA:365,2
DA:366,2
DA:367,2
DA:368,2
DA:369,2
DA:370,6
DA:371,0
DA:372,0
DA:373,0
DA:374,6
DA:375,1
DA:376,1
DA:377,1
DA:378,1
DA:379,1
DA:380,1
DA:381,31
DA:382,31
DA:383,31
DA:384,31
DA:385,31
DA:386,31
DA:387,31
DA:388,31
DA:389,31
DA:390,31
DA:391,31
DA:392,31
DA:393,31
DA:394,14
DA:395,14
DA:396,31
DA:397,31
DA:398,3
DA:399,3
DA:400,31
DA:401,31
DA:402,1
DA:403,31
DA:404,31
DA:405,31
DA:406,2
DA:407,2
DA:408,31
DA:409,31
DA:410,2
DA:411,2
DA:412,31
DA:413,31
DA:414,2
DA:415,2
DA:416,31
DA:417,31
DA:418,2
DA:419,2
DA:420,31
DA:421,31
DA:422,1
DA:423,31
DA:424,31
DA:425,31
DA:426,1
DA:427,1
DA:428,1
DA:429,31
DA:430,31
DA:431,31
DA:432,31
DA:433,31
DA:434,2
DA:435,2
DA:436,2
DA:437,2
DA:438,2
DA:439,2
DA:440,2
DA:441,2
DA:442,31
DA:443,31
DA:444,5
DA:445,5
DA:446,5
DA:447,31
DA:448,1
DA:449,1
DA:450,1
DA:451,1
DA:452,1
DA:453,14
DA:454,14
DA:455,14
DA:456,14
DA:457,14
DA:458,14
DA:459,1
DA:460,1
DA:461,1
DA:462,1
DA:463,1
DA:464,12
DA:465,12
DA:466,12
DA:467,14
DA:468,3
DA:469,3
DA:470,3
DA:471,3
DA:472,3
DA:473,8
DA:474,8
DA:475,14
DA:476,14
DA:477,14
DA:478,14
DA:479,14
DA:480,14
DA:481,14
DA:482,14
DA:483,14
DA:484,14
DA:485,14
DA:486,14
DA:487,14
DA:488,14
DA:489,14
DA:490,14
DA:491,14
DA:492,14
DA:493,14
DA:494,14
DA:495,14
DA:496,14
DA:497,14
DA:498,14
DA:499,14
DA:500,14
DA:501,14
DA:502,8
DA:503,8
DA:504,8
DA:505,8
DA:506,8
DA:507,8
DA:508,8
DA:509,8
DA:510,14
DA:511,14
DA:512,14
DA:513,14
DA:514,14
DA:515,8
DA:516,8
DA:517,8
DA:518,8
DA:519,8
DA:520,8
DA:521,8
DA:522,8
DA:523,8
DA:524,8
DA:525,8
DA:526,8
DA:527,8
DA:528,8
DA:529,8
DA:530,8
DA:531,0
DA:532,0
DA:533,0
DA:534,8
DA:535,8
DA:536,8
DA:537,14
DA:538,6
DA:539,6
DA:540,6
DA:541,6
DA:542,6
DA:543,6
DA:544,0
DA:545,0
DA:546,0
DA:547,6
DA:548,6
DA:549,8
DA:550,8
DA:551,14
DA:552,6
DA:553,6
DA:554,6
DA:555,6
DA:556,6
DA:557,6
DA:558,6
DA:559,6
DA:560,0
DA:561,0
DA:562,0
DA:563,6
DA:564,6
DA:565,8
DA:566,8
DA:567,8
DA:568,8
DA:569,8
DA:570,8
DA:571,14
DA:572,2
DA:573,2
DA:574,2
DA:575,14
DA:576,1
DA:577,1
DA:578,1
DA:579,1
DA:580,1
DA:581,4
DA:582,4
DA:583,4
DA:584,4
DA:585,4
DA:586,1
DA:587,1
DA:588,3
DA:589,3
DA:590,4
DA:591,1
DA:592,1
DA:593,2
DA:594,4
DA:595,4
DA:596,4
DA:597,4
DA:598,4
DA:599,4
DA:600,4
DA:601,4
DA:602,4
DA:603,4
DA:604,4
DA:605,4
DA:606,4
DA:607,4
DA:608,4
DA:609,4
DA:610,4
DA:611,4
DA:612,2
DA:613,2
DA:614,2
DA:615,2
DA:616,2
DA:617,2
DA:618,2
DA:619,2
DA:620,2
DA:621,2
DA:622,2
DA:623,2
DA:624,2
DA:625,0
DA:626,0
DA:627,0
DA:628,2
DA:629,2
DA:630,2
DA:631,2
DA:632,2
DA:633,2
DA:634,2
DA:635,4
DA:636,0
DA:637,0
DA:638,0
DA:639,4
DA:640,1
DA:641,1
DA:642,1
DA:643,1
DA:644,1
DA:645,2
DA:646,2
DA:647,2
DA:648,2
DA:649,2
DA:650,2
DA:651,0
DA:652,0
DA:653,1
DA:654,1
DA:655,2
DA:656,1
DA:657,1
DA:658,1
DA:659,1
DA:660,1
DA:661,1
DA:662,1
DA:663,1
DA:664,1
DA:665,1
DA:666,1
DA:667,1
DA:668,1
DA:669,1
DA:670,1
DA:671,1
DA:672,1
DA:673,1
DA:674,1
DA:675,1
DA:676,1
DA:677,1
DA:678,1
DA:679,1
DA:680,1
DA:681,1
DA:682,1
DA:683,1
DA:684,1
DA:685,1
DA:686,1
DA:687,1
DA:688,1
DA:689,1
DA:690,1
DA:691,1
DA:692,1
DA:693,1
DA:694,1
DA:695,1
DA:696,2
DA:697,1
DA:698,1
DA:699,1
DA:700,1
DA:701,1
DA:702,2
DA:703,2
DA:704,2
DA:705,2
DA:706,2
DA:707,2
DA:708,0
DA:709,0
DA:710,1
DA:711,1
DA:712,1
DA:713,1
DA:714,1
DA:715,1
DA:716,1
DA:717,1
DA:718,1
DA:719,1
DA:720,1
DA:721,1
DA:722,1
DA:723,1
DA:724,1
DA:725,1
DA:726,1
DA:727,1
DA:728,1
DA:729,1
DA:730,1
DA:731,1
DA:732,1
DA:733,1
DA:734,1
DA:735,1
DA:736,1
DA:737,1
DA:738,1
DA:739,1
DA:740,1
DA:741,1
DA:742,1
DA:743,1
DA:744,1
DA:745,1
DA:746,1
DA:747,1
DA:748,1
DA:749,1
DA:750,1
DA:751,1
DA:752,1
DA:753,1
DA:754,1
DA:755,1
DA:756,1
DA:757,1
DA:758,0
DA:759,0
DA:760,0
DA:761,1
DA:762,1
DA:763,1
DA:764,1
DA:765,1
DA:766,1
DA:767,1
DA:768,1
DA:769,1
DA:770,0
DA:771,0
DA:772,0
DA:773,1
DA:774,1
DA:775,1
DA:776,1
DA:777,1
DA:778,1
DA:779,1
DA:780,1
DA:781,1
DA:782,1
DA:783,1
DA:784,1
DA:785,0
DA:786,0
DA:787,0
DA:788,1
DA:789,1
DA:790,1
DA:791,1
DA:792,1
DA:793,1
DA:794,1
DA:795,1
DA:796,1
DA:797,1
DA:798,1
DA:799,1
DA:800,1
DA:801,2
DA:802,1
DA:803,1
DA:804,1
DA:805,1
DA:806,1
DA:807,2
DA:808,2
DA:809,2
DA:810,2
DA:811,2
DA:812,2
DA:813,0
DA:814,0
DA:815,0
DA:816,0
DA:817,1
DA:818,1
DA:819,1
DA:820,1
DA:821,1
DA:822,1
DA:823,1
DA:824,1
DA:825,1
DA:826,1
DA:827,1
DA:828,1
DA:829,1
DA:830,1
DA:831,1
DA:832,1
DA:833,1
DA:834,1
DA:835,1
DA:836,1
DA:837,1
DA:838,1
DA:839,1
DA:840,1
DA:841,1
DA:842,1
DA:843,1
DA:844,1
DA:845,1
DA:846,1
DA:847,1
DA:848,1
DA:849,1
DA:850,1
DA:851,1
DA:852,1
DA:853,1
DA:854,1
DA:855,1
DA:856,1
DA:857,2
DA:858,1
DA:859,1
DA:860,1
DA:861,1
DA:862,1
DA:863,4
DA:864,4
DA:865,4
DA:866,4
DA:867,4
DA:868,4
DA:869,0
DA:870,0
DA:871,4
DA:872,4
DA:873,4
DA:874,4
DA:875,4
DA:876,4
DA:877,4
DA:878,4
DA:879,4
DA:880,4
DA:881,4
DA:882,4
DA:883,4
DA:884,4
DA:885,4
DA:886,4
DA:887,4
DA:888,4
DA:889,4
DA:890,4
DA:891,4
DA:892,4
DA:893,4
DA:894,4
DA:895,4
DA:896,4
DA:897,4
DA:898,0
DA:899,0
DA:900,0
DA:901,4
DA:902,4
DA:903,4
DA:904,4
DA:905,4
DA:906,4
DA:907,4
DA:908,4
DA:909,0
DA:910,0
DA:911,0
DA:912,4
LF:912
LH:812
BRDA:1,0,0,1
BRDA:14,1,0,15
BRDA:17,2,0,1
BRDA:23,3,0,14
BRDA:48,4,0,13
BRDA:49,5,0,1
BRDA:54,6,0,12
BRDA:57,7,0,1
BRDA:67,8,0,7
BRDA:70,9,0,1
BRDA:76,10,0,6
BRDA:77,11,0,2
BRDA:83,12,0,4
BRDA:111,13,0,1
BRDA:116,14,0,3
BRDA:119,15,0,0
BRDA:90,16,0,4
BRDA:92,17,0,0
BRDA:129,18,0,7
BRDA:132,19,0,1
BRDA:139,20,0,6
BRDA:140,21,0,0
BRDA:146,22,0,6
BRDA:149,23,0,0
BRDA:160,24,0,6
BRDA:161,25,0,6
BRDA:164,26,0,0
BRDA:177,27,0,6
BRDA:179,28,0,0
BRDA:192,29,0,6
BRDA:194,30,0,0
BRDA:200,31,0,6
BRDA:202,32,0,6
BRDA:203,33,0,6
BRDA:204,34,0,6
BRDA:205,35,0,6
BRDA:206,36,0,6
BRDA:206,37,0,6
BRDA:208,38,0,6
BRDA:222,39,0,6
BRDA:223,40,0,0
BRDA:228,41,0,6
BRDA:233,42,0,0
BRDA:149,43,0,4
BRDA:243,44,0,9
BRDA:246,45,0,1
BRDA:249,46,0,8
BRDA:261,47,0,1
BRDA:264,48,0,7
BRDA:266,49,0,0
BRDA:275,50,0,10
BRDA:278,51,0,0
BRDA:294,52,0,0
BRDA:299,53,0,5
BRDA:299,54,0,0
BRDA:300,55,0,5
BRDA:312,56,0,14
BRDA:314,57,0,4
BRDA:317,58,0,10
BRDA:330,59,0,0
BRDA:320,60,0,10
BRDA:324,61,0,5
BRDA:324,62,0,5
BRDA:342,63,0,6
BRDA:352,64,0,3
BRDA:352,65,0,4
BRDA:363,66,0,2
BRDA:370,67,0,0
BRDA:380,68,0,31
BRDA:388,69,0,30
BRDA:393,70,0,14
BRDA:397,71,0,3
BRDA:401,72,0,1
BRDA:405,73,0,2
BRDA:409,74,0,2
BRDA:413,75,0,2
BRDA:417,76,0,2
BRDA:421,77,0,1
BRDA:425,78,0,1
BRDA:430,79,0,1
BRDA:433,80,0,2
BRDA:443,81,0,5
BRDA:453,82,0,14
BRDA:456,83,0,12
BRDA:458,84,0,1
BRDA:464,85,0,12
BRDA:467,86,0,11
BRDA:467,87,0,3
BRDA:473,88,0,8
BRDA:476,89,0,8
BRDA:484,90,0,8
BRDA:484,91,0,4
BRDA:485,92,0,8
BRDA:486,93,0,4
BRDA:487,94,0,4
BRDA:490,95,0,8
BRDA:494,96,0,8
BRDA:495,97,0,8
BRDA:502,98,0,8
BRDA:515,99,0,8
BRDA:537,100,0,6
BRDA:537,101,0,6
BRDA:549,102,0,8
BRDA:551,103,0,6
BRDA:565,104,0,8
BRDA:571,105,0,2
BRDA:581,106,0,4
BRDA:583,107,0,3
BRDA:585,108,0,1
BRDA:588,109,0,3
BRDA:590,110,0,1
BRDA:593,111,0,2
BRDA:594,112,0,0
BRDA:602,113,0,2
BRDA:612,114,0,2
BRDA:635,115,0,0
BRDA:645,116,0,2
BRDA:650,117,0,1
BRDA:650,118,0,0
BRDA:653,119,0,1
BRDA:655,120,0,1
BRDA:662,121,0,0
BRDA:665,122,0,0
BRDA:702,123,0,2
BRDA:707,124,0,1
BRDA:707,125,0,0
BRDA:710,126,0,1
BRDA:721,127,0,0
BRDA:722,128,0,0
BRDA:725,129,0,0
BRDA:807,130,0,2
BRDA:812,131,0,1
BRDA:812,132,0,0
BRDA:817,133,0,1
BRDA:863,134,0,4
BRDA:868,135,0,0
BRDA:908,136,0,0
BRF:137
BRH:110
end_of_record
TN:
SF:src/utils/logger.js
FN:11,addLogToSpan
FN:45,logger
FN:73,logError
FN:107,logWarn
FN:130,logInfo
FNF:5
FNH:5
FNDA:255,addLogToSpan
FNDA:143,logger
FNDA:96,logError
FNDA:15,logWarn
FNDA:1,logInfo
DA:1,1
DA:2,1
DA:3,1
DA:4,1
DA:5,1
DA:6,1
DA:7,1
DA:8,1
DA:9,1
DA:10,1
DA:11,255
DA:12,255
DA:13,0
DA:14,0
DA:15,0
DA:16,0
DA:17,0
DA:18,0
DA:19,0
DA:20,0
DA:21,0
DA:22,0
DA:23,0
DA:24,0
DA:25,0
DA:26,0
DA:27,0
DA:28,0
DA:29,0
DA:30,0
DA:31,0
DA:32,0
DA:33,0
DA:34,0
DA:35,255
DA:36,255
DA:37,255
DA:38,255
DA:39,255
DA:40,1
DA:41,1
DA:42,1
DA:43,1
DA:44,1
DA:45,1
DA:46,143
DA:47,143
DA:48,143
DA:49,143
DA:50,143
DA:51,143
DA:52,143
DA:53,143
DA:54,143
DA:55,143
DA:56,143
DA:57,143
DA:58,143
DA:59,143
DA:60,143
DA:61,143
DA:62,143
DA:63,143
DA:64,143
DA:65,143
DA:66,143
DA:67,143
DA:68,143
DA:69,1
DA:70,1
DA:71,1
DA:72,1
DA:73,1
DA:74,96
DA:75,96
DA:76,96
DA:77,96
DA:78,96
DA:79,96
DA:80,96
DA:81,96
DA:82,82
DA:83,82
DA:84,82
DA:85,82
DA:86,96
DA:87,96
DA:88,96
DA:89,96
DA:90,96
DA:91,96
DA:92,96
DA:93,96
DA:94,96
DA:95,0
DA:96,0
DA:97,96
DA:98,0
DA:99,0
DA:100,96
DA:101,96
DA:102,96
DA:103,1
DA:104,1
DA:105,1
DA:106,1
DA:107,1
DA:108,15
DA:109,15
DA:110,15
DA:111,15
DA:112,15
DA:113,15
DA:114,15
DA:115,15
DA:116,15
DA:117,15
DA:118,15
DA:119,15
DA:120,15
DA:121,15
DA:122,15
DA:123,15
DA:124,15
DA:125,15
DA:126,1
DA:127,1
DA:128,1
DA:129,1
DA:130,1
DA:131,1
DA:132,1
DA:133,1
DA:134,1
DA:135,1
DA:136,1
DA:137,1
DA:138,1
DA:139,1
DA:140,1
DA:141,1
DA:142,1
DA:143,1
DA:144,1
DA:145,1
DA:146,1
DA:147,1
DA:148,1
LF:148
LH:122
BRDA:1,0,0,1
BRDA:11,1,0,255
BRDA:13,2,0,0
BRDA:35,3,0,0
BRDA:45,4,0,143
BRDA:73,5,0,96
BRDA:81,6,0,82
BRDA:86,7,0,14
BRDA:94,8,0,0
BRDA:94,9,0,0
BRDA:97,10,0,0
BRDA:107,11,0,15
BRDA:109,12,0,0
BRDA:110,13,0,0
BRDA:130,14,0,1
BRDA:132,15,0,0
BRDA:133,16,0,0
BRF:17
BRH:8
end_of_record
TN:
SF:src/utils/tracing.js
FN:5,resolveConfig
FNF:1
FNH:1
FNDA:3,resolveConfig
DA:1,1
DA:2,1
DA:3,1
DA:4,1
DA:5,1
DA:6,3
DA:7,3
DA:8,3
DA:9,3
DA:10,3
DA:11,3
DA:12,3
DA:13,3
DA:14,3
DA:15,3
DA:16,3
DA:17,3
DA:18,3
DA:19,3
DA:20,3
DA:21,3
DA:22,3
DA:23,3
DA:24,3
DA:25,3
DA:26,3
DA:27,3
DA:28,3
DA:29,3
DA:30,3
DA:31,3
DA:32,3
DA:33,3
DA:34,3
DA:35,3
LF:35
LH:35
BRDA:1,0,0,1
BRDA:5,1,0,3
BRDA:7,2,0,2
BRDA:8,3,0,2
BRDA:8,4,0,2
BRDA:9,5,0,2
BRF:6
BRH:6
end_of_record
TN:
SF:src/utils/validators.js
FN:25,validateCreatePayment
FN:32,validatePaymentId
FN:36,validateCapturePayment
FNF:3
FNH:3
FNDA:1,validateCreatePayment
FNDA:12,validatePaymentId
FNDA:7,validateCapturePayment
DA:1,1
DA:2,1
DA:3,1
DA:4,1
DA:5,1
DA:6,1
DA:7,1
DA:8,1
DA:9,1
DA:10,1
DA:11,1
DA:12,1
DA:13,1
DA:14,1
DA:15,1
DA:16,1
DA:17,1
DA:18,1
DA:19,1
DA:20,1
DA:21,1
DA:22,1
DA:23,1
DA:24,1
DA:25,1
DA:26,1
DA:27,1
DA:28,1
DA:29,1
DA:30,1
DA:31,1
DA:32,1
DA:33,12
DA:34,12
DA:35,1
DA:36,1
DA:37,7
DA:38,7
DA:39,7
DA:40,7
DA:41,7
LF:41
LH:41
BRDA:1,0,0,1
BRDA:25,1,0,1
BRDA:32,2,0,12
BRDA:36,3,0,7
BRF:4
BRH:4
end_of_record
