TN:
SF:src/db/db1.js
FN:9,getSkuPrice
FN:26,initializeSkuPrice
FN:125,getSkuPrices
FN:146,getProductPrices
FN:163,updateSkuPrice
FN:244,deleteSkuPrice
FN:289,createPriceHistory
FN:329,getPriceHistory
FN:350,getPromotionCode
FN:395,getPromotionCodeById
FN:413,getPromotionCodeByCode
FN:431,listPromotionCodes
FN:482,createPromotionCode
FN:557,updatePromotionCode
FN:611,deletePromotionCode
FN:638,incrementPromotionUsage
FN:657,calculateEffectivePrice
FNF:17
FNH:17
FNDA:61,getSkuPrice
FNDA:4,initializeSkuPrice
FNDA:42,getSkuPrices
FNDA:9,getProductPrices
FNDA:10,updateSkuPrice
FNDA:6,deleteSkuPrice
FNDA:14,createPriceHistory
FNDA:10,getPriceHistory
FNDA:31,getPromotionCode
FNDA:48,getPromotionCodeById
FNDA:15,getPromotionCodeByCode
FNDA:10,listPromotionCodes
FNDA:14,createPromotionCode
FNDA:14,updatePromotionCode
FNDA:9,deletePromotionCode
FNDA:22,incrementPromotionUsage
FNDA:63,calculateEffectivePrice
DA:1,1
DA:2,1
DA:3,1
DA:4,1
DA:5,1
DA:6,1
DA:7,1
DA:8,1
DA:9,1
DA:10,61
DA:11,61
DA:12,61
DA:13,61
DA:14,61
DA:15,61
DA:16,61
DA:17,61
DA:18,3
DA:19,3
DA:20,3
DA:21,61
DA:22,1
DA:23,1
DA:24,1
DA:25,1
DA:26,1
DA:27,4
DA:28,4
DA:29,4
DA:30,4
DA:31,4
DA:32,4
DA:33,4
DA:34,4
DA:35,4
DA:36,4
DA:37,4
DA:38,4
DA:39,4
DA:40,4
DA:41,4
DA:42,4
DA:43,4
DA:44,4
DA:45,4
DA:46,4
DA:47,4
DA:48,4
DA:49,4
DA:50,4
DA:51,4
DA:52,4
DA:53,4
DA:54,4
DA:55,4
DA:56,4
DA:57,2
DA:58,2
DA:59,2
DA:60,2
DA:61,2
DA:62,2
DA:63,2
DA:64,2
DA:65,2
DA:66,2
DA:67,2
DA:68,2
DA:69,2
DA:70,2
DA:71,2
DA:72,2
DA:73,2
DA:74,2
DA:75,2
DA:76,2
DA:77,2
DA:78,2
DA:79,2
DA:80,2
DA:81,2
DA:82,2
DA:83,2
DA:84,2
DA:85,2
DA:86,2
DA:87,2
DA:88,2
DA:89,2
DA:90,2
DA:91,2
DA:92,2
DA:93,2
DA:94,2
DA:95,2
DA:96,2
DA:97,2
DA:98,2
DA:99,2
DA:100,2
DA:101,2
DA:102,2
DA:103,2
DA:104,2
DA:105,2
DA:106,2
DA:107,2
DA:108,2
DA:109,2
DA:110,2
DA:111,4
DA:112,4
DA:113,4
DA:114,4
DA:115,4
DA:116,4
DA:117,0
DA:118,0
DA:119,0
DA:120,4
DA:121,1
DA:122,1
DA:123,1
DA:124,1
DA:125,1
DA:126,42
DA:127,42
DA:128,39
DA:129,39
DA:130,39
DA:131,39
DA:132,39
DA:133,39
DA:134,39
DA:135,39
DA:136,42
DA:137,42
DA:138,1
DA:139,1
DA:140,1
DA:141,42
DA:142,1
DA:143,1
DA:144,1
DA:145,1
DA:146,1
DA:147,9
DA:148,9
DA:149,9
DA:150,9
DA:151,9
DA:152,9
DA:153,9
DA:154,9
DA:155,1
DA:156,1
DA:157,1
DA:158,9
DA:159,1
DA:160,1
DA:161,1
DA:162,1
DA:163,1
DA:164,10
DA:165,10
DA:166,10
DA:167,10
DA:168,2
DA:169,2
DA:170,8
DA:171,8
DA:172,8
DA:173,8
DA:174,8
DA:175,8
DA:176,8
DA:177,8
DA:178,8
DA:179,8
DA:180,8
DA:181,8
DA:182,7
DA:183,7
DA:184,7
DA:185,8
DA:186,8
DA:187,8
DA:188,10
DA:189,1
DA:190,1
DA:191,7
DA:192,7
DA:193,7
DA:194,7
DA:195,7
DA:196,7
DA:197,7
DA:198,7
DA:199,7
DA:200,7
DA:201,7
DA:202,7
DA:203,7
DA:204,7
DA:205,7
DA:206,7
DA:207,7
DA:208,7
DA:209,10
DA:210,10
DA:211,10
DA:212,10
DA:213,10
DA:214,10
DA:215,10
DA:216,10
DA:217,10
DA:218,10
DA:219,10
DA:220,10
DA:221,10
DA:222,10
DA:223,10
DA:224,10
DA:225,10
DA:226,10
DA:227,10
DA:228,10
DA:229,7
DA:230,7
DA:231,7
DA:232,10
DA:233,2
DA:234,2
DA:235,2
DA:236,2
DA:237,2
DA:238,2
DA:239,10
DA:240,1
DA:241,1
DA:242,1
DA:243,1
DA:244,1
DA:245,6
DA:246,6
DA:247,6
DA:248,2
DA:249,2
DA:250,4
DA:251,4
DA:252,4
DA:253,4
DA:254,4
DA:255,4
DA:256,4
DA:257,4
DA:258,4
DA:259,4
DA:260,4
DA:261,4
DA:262,4
DA:263,4
DA:264,4
DA:265,4
DA:266,4
DA:267,4
DA:268,4
DA:269,4
DA:270,4
DA:271,4
DA:272,4
DA:273,6
DA:274,6
DA:275,6
DA:276,6
DA:277,4
DA:278,4
DA:279,4
DA:280,6
DA:281,2
DA:282,2
DA:283,2
DA:284,6
DA:285,1
DA:286,1
DA:287,1
DA:288,1
DA:289,1
DA:290,14
DA:291,14
DA:292,14
DA:293,14
DA:294,14
DA:295,14
DA:296,14
DA:297,14
DA:298,14
DA:299,14
DA:300,14
DA:301,14
DA:302,14
DA:303,14
DA:304,14
DA:305,14
DA:306,14
DA:307,14
DA:308,14
DA:309,14
DA:310,14
DA:311,14
DA:312,14
DA:313,14
DA:314,14
DA:315,14
DA:316,14
DA:317,14
DA:318,14
DA:319,14
DA:320,14
DA:321,0
DA:322,0
DA:323,0
DA:324,14
DA:325,1
DA:326,1
DA:327,1
DA:328,1
DA:329,1
DA:330,10
DA:331,10
DA:332,10
DA:333,10
DA:334,10
DA:335,10
DA:336,10
DA:337,10
DA:338,10
DA:339,10
DA:340,10
DA:341,0
DA:342,0
DA:343,0
DA:344,10
DA:345,1
DA:346,1
DA:347,1
DA:348,1
DA:349,1
DA:350,1
DA:351,31
DA:352,31
DA:353,31
DA:354,31
DA:355,31
DA:356,31
DA:357,31
DA:358,31
DA:359,31
DA:360,31
DA:361,31
DA:362,30
DA:363,31
DA:364,28
DA:365,28
DA:366,28
DA:367,28
DA:368,28
DA:369,28
DA:370,28
DA:371,31
DA:372,2
DA:373,2
DA:374,2
DA:375,2
DA:376,2
DA:377,2
DA:378,2
DA:379,2
DA:380,2
DA:381,2
DA:382,2
DA:383,2
DA:384,30
DA:385,31
DA:386,31
DA:387,1
DA:388,1
DA:389,1
DA:390,31
DA:391,1
DA:392,1
DA:393,1
DA:394,1
DA:395,1
DA:396,48
DA:397,48
DA:398,48
DA:399,48
DA:400,48
DA:401,48
DA:402,48
DA:403,48
DA:404,48
DA:405,0
DA:406,0
DA:407,0
DA:408,48
DA:409,1
DA:410,1
DA:411,1
DA:412,1
DA:413,1
DA:414,15
DA:415,15
DA:416,15
DA:417,15
DA:418,15
DA:419,15
DA:420,15
DA:421,15
DA:422,15
DA:423,0
DA:424,0
DA:425,0
DA:426,15
DA:427,1
DA:428,1
DA:429,1
DA:430,1
DA:431,1
DA:432,10
DA:433,10
DA:434,10
DA:435,10
DA:436,10
DA:437,10
DA:438,10
DA:439,10
DA:440,10
DA:441,2
DA:442,2
DA:443,2
DA:444,10
DA:445,10
DA:446,10
DA:447,10
DA:448,10
DA:449,10
DA:450,10
DA:451,9
DA:452,9
DA:453,9
DA:454,9
DA:455,10
DA:456,2
DA:457,2
DA:458,2
DA:459,9
DA:460,9
DA:461,9
DA:462,9
DA:463,9
DA:464,10
DA:465,10
DA:466,10
DA:467,10
DA:468,10
DA:469,10
DA:470,1
DA:471,1
DA:472,1
DA:473,1
DA:474,1
DA:475,1
DA:476,1
DA:477,10
DA:478,1
DA:479,1
DA:480,1
DA:481,1
DA:482,1
DA:483,14
DA:484,14
DA:485,14
DA:486,14
DA:487,14
DA:488,14
DA:489,14
DA:490,14
DA:491,14
DA:492,14
DA:493,14
DA:494,14
DA:495,14
DA:496,14
DA:497,14
DA:498,14
DA:499,14
DA:500,14
DA:501,14
DA:502,14
DA:503,14
DA:504,5
DA:505,5
DA:506,9
DA:507,9
DA:508,9
DA:509,14
DA:510,2
DA:511,1
DA:512,1
DA:513,1
DA:514,1
DA:515,2
DA:516,9
DA:517,9
DA:518,9
DA:519,9
DA:520,9
DA:521,9
DA:522,9
DA:523,9
DA:524,9
DA:525,9
DA:526,9
DA:527,9
DA:528,9
DA:529,9
DA:530,9
DA:531,9
DA:532,9
DA:533,9
DA:534,9
DA:535,9
DA:536,9
DA:537,9
DA:538,9
DA:539,9
DA:540,9
DA:541,9
DA:542,14
DA:543,14
DA:544,14
DA:545,9
DA:546,9
DA:547,9
DA:548,14
DA:549,5
DA:550,5
DA:551,5
DA:552,14
DA:553,1
DA:554,1
DA:555,1
DA:556,1
DA:557,1
DA:558,14
DA:559,14
DA:560,14
DA:561,3
DA:562,3
DA:563,11
DA:564,11
DA:565,11
DA:566,11
DA:567,11
DA:568,14
DA:569,2
DA:570,1
DA:571,1
DA:572,1
DA:573,1
DA:574,1
DA:575,1
DA:576,2
DA:577,11
DA:578,11
DA:579,11
DA:580,11
DA:581,11
DA:582,11
DA:583,14
DA:584,1
DA:585,1
DA:586,10
DA:587,10
DA:588,10
DA:589,10
DA:590,10
DA:591,10
DA:592,10
DA:593,10
DA:594,10
DA:595,10
DA:596,9
DA:597,9
DA:598,9
DA:599,14
DA:600,4
DA:601,4
DA:602,4
DA:603,4
DA:604,4
DA:605,4
DA:606,14
DA:607,1
DA:608,1
DA:609,1
DA:610,1
DA:611,1
DA:612,9
DA:613,9
DA:614,9
DA:615,4
DA:616,4
DA:617,5
DA:618,5
DA:619,5
DA:620,5
DA:621,5
DA:622,5
DA:623,5
DA:624,5
DA:625,5
DA:626,4
DA:627,4
DA:628,4
DA:629,9
DA:630,5
DA:631,5
DA:632,5
DA:633,9
DA:634,1
DA:635,1
DA:636,1
DA:637,1
DA:638,1
DA:639,22
DA:640,22
DA:641,22
DA:642,22
DA:643,22
DA:644,22
DA:645,21
DA:646,21
DA:647,21
DA:648,22
DA:649,1
DA:650,1
DA:651,1
DA:652,22
DA:653,1
DA:654,1
DA:655,1
DA:656,1
DA:657,1
DA:658,63
DA:659,62
DA:660,62
DA:661,63
DA:662,4
DA:663,4
DA:664,4
DA:665,4
DA:666,4
DA:667,4
DA:668,4
DA:669,58
DA:670,58
DA:671,58
DA:672,58
DA:673,58
DA:674,63
DA:675,63
DA:676,63
LF:676
LH:661
BRDA:1,0,0,1
BRDA:9,1,0,61
BRDA:16,2,0,58
BRDA:16,3,0,16
BRDA:17,4,0,3
BRDA:26,5,0,4
BRDA:56,6,0,2
BRDA:111,7,0,1
BRDA:112,8,0,1
BRDA:116,9,0,0
BRDA:125,10,0,42
BRDA:127,11,0,41
BRDA:127,12,0,3
BRDA:128,13,0,39
BRDA:136,14,0,38
BRDA:136,15,0,0
BRDA:137,16,0,1
BRDA:130,17,0,44
BRDA:146,18,0,9
BRDA:153,19,0,8
BRDA:153,20,0,0
BRDA:154,21,0,1
BRDA:163,22,0,10
BRDA:167,23,0,2
BRDA:170,24,0,8
BRDA:188,25,0,1
BRDA:191,26,0,7
BRDA:209,27,0,5
BRDA:209,28,0,2
BRDA:210,29,0,6
BRDA:213,30,0,1
BRDA:214,31,0,6
BRDA:217,32,0,0
BRDA:218,33,0,7
BRDA:221,34,0,0
BRDA:222,35,0,7
BRDA:224,36,0,6
BRDA:225,37,0,0
BRDA:229,38,0,7
BRDA:232,39,0,2
BRDA:181,40,0,7
BRDA:192,41,0,7
BRDA:193,42,0,7
BRDA:244,43,0,6
BRDA:247,44,0,2
BRDA:250,45,0,4
BRDA:273,46,0,0
BRDA:277,47,0,4
BRDA:280,48,0,2
BRDA:289,49,0,14
BRDA:307,50,0,0
BRDA:311,51,0,0
BRDA:312,52,0,0
BRDA:313,53,0,0
BRDA:320,54,0,0
BRDA:329,55,0,10
BRDA:339,56,0,9
BRDA:339,57,0,1
BRDA:340,58,0,0
BRDA:350,59,0,31
BRDA:362,60,0,30
BRDA:363,61,0,28
BRDA:371,62,0,2
BRDA:384,63,0,30
BRDA:385,64,0,2
BRDA:386,65,0,1
BRDA:395,66,0,48
BRDA:403,67,0,9
BRDA:404,68,0,0
BRDA:413,69,0,15
BRDA:421,70,0,9
BRDA:422,71,0,0
BRDA:431,72,0,10
BRDA:440,73,0,2
BRDA:451,74,0,9
BRDA:455,75,0,2
BRDA:459,76,0,9
BRDA:464,77,0,8
BRDA:464,78,0,1
BRDA:467,79,0,7
BRDA:467,80,0,5
BRDA:469,81,0,1
BRDA:482,82,0,14
BRDA:503,83,0,5
BRDA:506,84,0,9
BRDA:509,85,0,2
BRDA:510,86,0,1
BRDA:516,87,0,9
BRDA:542,88,0,0
BRDA:545,89,0,9
BRDA:548,90,0,5
BRDA:557,91,0,14
BRDA:560,92,0,3
BRDA:563,93,0,11
BRDA:568,94,0,2
BRDA:569,95,0,1
BRDA:577,96,0,11
BRDA:583,97,0,1
BRDA:586,98,0,10
BRDA:596,99,0,9
BRDA:599,100,0,4
BRDA:580,101,0,10
BRDA:587,102,0,10
BRDA:588,103,0,10
BRDA:611,104,0,9
BRDA:614,105,0,4
BRDA:617,106,0,5
BRDA:626,107,0,4
BRDA:629,108,0,5
BRDA:638,109,0,22
BRDA:645,110,0,21
BRDA:648,111,0,1
BRDA:657,112,0,63
BRDA:658,113,0,1
BRDA:659,114,0,62
BRDA:661,115,0,6
BRDA:661,116,0,4
BRDA:666,117,0,0
BRDA:669,118,0,58
BRDA:674,119,0,2
BRF:120
BRH:103
end_of_record
TN:
SF:src/handlers/pricingHandlers.js
FN:18,getProductNameAndSkuAttributes
FN:83,getStockFromInventory
FN:126,getPrice
FN:187,getProductPrices
FN:219,calculateTotal
FN:264,getHistory
FN:326,initializePrice
FN:454,updatePrice
FN:506,deletePrice
FN:543,listPromotionCodes
FN:583,getPromotionCode
FN:628,createPromotionCode
FN:675,updatePromotionCode
FN:731,deletePromotionCode
FNF:14
FNH:14
FNDA:17,getProductNameAndSkuAttributes
FNDA:18,getStockFromInventory
FNDA:24,getPrice
FNDA:6,getProductPrices
FNDA:8,calculateTotal
FNDA:8,getHistory
FNDA:3,initializePrice
FNDA:5,updatePrice
FNDA:3,deletePrice
FNDA:5,listPromotionCodes
FNDA:3,getPromotionCode
FNDA:6,createPromotionCode
FNDA:7,updatePromotionCode
FNDA:4,deletePromotionCode
DA:1,1
DA:2,1
DA:3,1
DA:4,1
DA:5,1
DA:6,1
DA:7,1
DA:8,1
DA:9,1
DA:10,1
DA:11,1
DA:12,1
DA:13,1
DA:14,1
DA:15,1
DA:16,1
DA:17,1
DA:18,17
DA:19,17
DA:20,17
DA:21,17
DA:22,1
DA:23,1
DA:24,1
DA:25,1
DA:26,1
DA:27,1
DA:28,1
DA:29,16
DA:30,16
DA:31,16
DA:32,16
DA:33,16
DA:34,16
DA:35,16
DA:36,16
DA:37,16
DA:38,16
DA:39,16
DA:40,16
DA:41,16
DA:42,17
DA:43,1
DA:44,1
DA:45,1
DA:46,1
DA:47,1
DA:48,1
DA:49,1
DA:50,14
DA:51,14
DA:52,17
DA:53,17
DA:54,17
DA:55,17
DA:56,17
DA:57,13
DA:58,13
DA:59,9
DA:60,9
DA:61,9
DA:62,9
DA:63,9
DA:64,9
DA:65,13
DA:66,14
DA:67,14
DA:68,14
DA:69,14
DA:70,14
DA:71,17
DA:72,1
DA:73,1
DA:74,1
DA:75,1
DA:76,1
DA:77,1
DA:78,17
DA:79,1
DA:80,1
DA:81,1
DA:82,1
DA:83,18
DA:84,18
DA:85,18
DA:86,18
DA:87,1
DA:88,1
DA:89,1
DA:90,1
DA:91,1
DA:92,1
DA:93,1
DA:94,17
DA:95,17
DA:96,17
DA:97,17
DA:98,17
DA:99,17
DA:100,17
DA:101,17
DA:102,17
DA:103,17
DA:104,17
DA:105,17
DA:106,17
DA:107,18
DA:108,2
DA:109,2
DA:110,2
DA:111,2
DA:112,2
DA:113,2
DA:114,14
DA:115,14
DA:116,18
DA:117,18
DA:118,1
DA:119,1
DA:120,1
DA:121,18
DA:122,1
DA:123,1
DA:124,1
DA:125,1
DA:126,1
DA:127,24
DA:128,24
DA:129,24
DA:130,24
DA:131,24
DA:132,24
DA:133,1
DA:134,1
DA:135,1
DA:136,1
DA:137,1
DA:138,1
DA:139,1
DA:140,1
DA:141,23
DA:142,23
DA:143,22
DA:144,24
DA:145,4
DA:146,4
DA:147,4
DA:148,4
DA:149,4
DA:150,4
DA:151,4
DA:152,4
DA:153,18
DA:154,18
DA:155,18
DA:156,18
DA:157,18
DA:158,24
DA:159,24
DA:160,24
DA:161,24
DA:162,18
DA:163,18
DA:164,18
DA:165,18
DA:166,24
DA:167,24
DA:168,24
DA:169,24
DA:170,24
DA:171,24
DA:172,24
DA:173,24
DA:174,24
DA:175,24
DA:176,1
DA:177,1
DA:178,1
DA:179,1
DA:180,1
DA:181,1
DA:182,24
DA:183,1
DA:184,1
DA:185,1
DA:186,1
DA:187,1
DA:188,6
DA:189,6
DA:190,6
DA:191,6
DA:192,1
DA:193,1
DA:194,1
DA:195,1
DA:196,1
DA:197,1
DA:198,1
DA:199,1
DA:200,5
DA:201,5
DA:202,5
DA:203,5
DA:204,5
DA:205,5
DA:206,5
DA:207,6
DA:208,0
DA:209,0
DA:210,0
DA:211,0
DA:212,0
DA:213,0
DA:214,6
DA:215,1
DA:216,1
DA:217,1
DA:218,1
DA:219,1
DA:220,8
DA:221,8
DA:222,5
DA:223,5
DA:224,5
DA:225,8
DA:226,1
DA:227,1
DA:228,1
DA:229,1
DA:230,1
DA:231,1
DA:232,1
DA:233,1
DA:234,1
DA:235,1
DA:236,1
DA:237,1
DA:238,1
DA:239,4
DA:240,4
DA:241,4
DA:242,4
DA:243,8
DA:244,8
DA:245,8
DA:246,8
DA:247,4
DA:248,4
DA:249,4
DA:250,4
DA:251,4
DA:252,8
DA:253,3
DA:254,3
DA:255,3
DA:256,3
DA:257,3
DA:258,3
DA:259,8
DA:260,1
DA:261,1
DA:262,1
DA:263,1
DA:264,1
DA:265,8
DA:266,8
DA:267,8
DA:268,8
DA:269,8
DA:270,8
DA:271,1
DA:272,1
DA:273,1
DA:274,1
DA:275,1
DA:276,1
DA:277,1
DA:278,1
DA:279,7
DA:280,7
DA:281,7
DA:282,7
DA:283,7
DA:284,8
DA:285,8
DA:286,8
DA:287,8
DA:288,8
DA:289,8
DA:290,8
DA:291,1
DA:292,1
DA:293,1
DA:294,1
DA:295,1
DA:296,1
DA:297,1
DA:298,1
DA:299,1
DA:300,6
DA:301,6
DA:302,6
DA:303,6
DA:304,6
DA:305,6
DA:306,6
DA:307,6
DA:308,6
DA:309,6
DA:310,6
DA:311,6
DA:312,6
DA:313,8
DA:314,0
DA:315,0
DA:316,0
DA:317,0
DA:318,0
DA:319,0
DA:320,8
DA:321,1
DA:322,1
DA:323,1
DA:324,1
DA:325,1
DA:326,1
DA:327,3
DA:328,3
DA:329,3
DA:330,3
DA:331,3
DA:332,3
DA:333,0
DA:334,0
DA:335,0
DA:336,0
DA:337,0
DA:338,0
DA:339,0
DA:340,0
DA:341,3
DA:342,3
DA:343,3
DA:344,3
DA:345,3
DA:346,3
DA:347,3
DA:348,3
DA:349,3
DA:350,3
DA:351,3
DA:352,3
DA:353,3
DA:354,3
DA:355,0
DA:356,0
DA:357,0
DA:358,0
DA:359,0
DA:360,0
DA:361,0
DA:362,0
DA:363,0
DA:364,0
DA:365,3
DA:366,3
DA:367,3
DA:368,3
DA:369,3
DA:370,3
DA:371,3
DA:372,3
DA:373,3
DA:374,3
DA:375,3
DA:376,3
DA:377,3
DA:378,3
DA:379,3
DA:380,3
DA:381,3
DA:382,3
DA:383,3
DA:384,3
DA:385,3
DA:386,1
DA:387,1
DA:388,1
DA:389,1
DA:390,1
DA:391,3
DA:392,2
DA:393,2
DA:394,2
DA:395,2
DA:396,2
DA:397,2
DA:398,2
DA:399,2
DA:400,2
DA:401,2
DA:402,0
DA:403,2
DA:404,2
DA:405,2
DA:406,2
DA:407,2
DA:408,2
DA:409,2
DA:410,2
DA:411,2
DA:412,2
DA:413,2
DA:414,2
DA:415,2
DA:416,2
DA:417,2
DA:418,2
DA:419,2
DA:420,2
DA:421,2
DA:422,2
DA:423,2
DA:424,2
DA:425,2
DA:426,2
DA:427,2
DA:428,2
DA:429,2
DA:430,3
DA:431,3
DA:432,3
DA:433,3
DA:434,3
DA:435,3
DA:436,3
DA:437,3
DA:438,3
DA:439,3
DA:440,3
DA:441,3
DA:442,3
DA:443,0
DA:444,0
DA:445,0
DA:446,0
DA:447,0
DA:448,0
DA:449,3
DA:450,1
DA:451,1
DA:452,1
DA:453,1
DA:454,1
DA:455,5
DA:456,5
DA:457,5
DA:458,5
DA:459,5
DA:460,5
DA:461,1
DA:462,1
DA:463,1
DA:464,1
DA:465,1
DA:466,1
DA:467,1
DA:468,1
DA:469,4
DA:470,4
DA:471,3
DA:472,3
DA:473,3
DA:474,5
DA:475,1
DA:476,1
DA:477,1
DA:478,1
DA:479,1
DA:480,1
DA:481,1
DA:482,1
DA:483,1
DA:484,2
DA:485,2
DA:486,5
DA:487,5
DA:488,5
DA:489,2
DA:490,2
DA:491,2
DA:492,2
DA:493,2
DA:494,5
DA:495,1
DA:496,1
DA:497,1
DA:498,1
DA:499,1
DA:500,1
DA:501,5
DA:502,1
DA:503,1
DA:504,1
DA:505,1
DA:506,1
DA:507,3
DA:508,3
DA:509,3
DA:510,3
DA:511,3
DA:512,3
DA:513,1
DA:514,1
DA:515,1
DA:516,1
DA:517,1
DA:518,1
DA:519,1
DA:520,1
DA:521,2
DA:522,2
DA:523,3
DA:524,3
DA:525,3
DA:526,2
DA:527,2
DA:528,2
DA:529,2
DA:530,2
DA:531,3
DA:532,0
DA:533,0
DA:534,0
DA:535,0
DA:536,0
DA:537,0
DA:538,3
DA:539,1
DA:540,1
DA:541,1
DA:542,1
DA:543,1
DA:544,5
DA:545,5
DA:546,5
DA:547,5
DA:548,5
DA:549,5
DA:550,5
DA:551,5
DA:552,5
DA:553,5
DA:554,5
DA:555,1
DA:556,1
DA:557,1
DA:558,1
DA:559,1
DA:560,1
DA:561,1
DA:562,1
DA:563,1
DA:564,4
DA:565,4
DA:566,3
DA:567,3
DA:568,3
DA:569,3
DA:570,3
DA:571,5
DA:572,1
DA:573,1
DA:574,1
DA:575,1
DA:576,1
DA:577,1
DA:578,5
DA:579,1
DA:580,1
DA:581,1
DA:582,1
DA:583,1
DA:584,3
DA:585,3
DA:586,3
DA:587,3
DA:588,1
DA:589,1
DA:590,1
DA:591,1
DA:592,1
DA:593,1
DA:594,1
DA:595,1
DA:596,2
DA:597,2
DA:598,2
DA:599,2
DA:600,2
DA:601,2
DA:602,3
DA:603,1
DA:604,1
DA:605,1
DA:606,1
DA:607,1
DA:608,1
DA:609,1
DA:610,1
DA:611,1
DA:612,1
DA:613,1
DA:614,1
DA:615,1
DA:616,3
DA:617,0
DA:618,0
DA:619,0
DA:620,0
DA:621,0
DA:622,0
DA:623,3
DA:624,1
DA:625,1
DA:626,1
DA:627,1
DA:628,1
DA:629,6
DA:630,6
DA:631,5
DA:632,5
DA:633,5
DA:634,6
DA:635,1
DA:636,1
DA:637,1
DA:638,1
DA:639,1
DA:640,5
DA:641,5
DA:642,5
DA:643,1
DA:644,1
DA:645,1
DA:646,1
DA:647,1
DA:648,4
DA:649,4
DA:650,6
DA:651,6
DA:652,6
DA:653,6
DA:654,6
DA:655,6
DA:656,6
DA:657,2
DA:658,2
DA:659,2
DA:660,2
DA:661,2
DA:662,6
DA:663,3
DA:664,3
DA:665,3
DA:666,3
DA:667,3
DA:668,3
DA:669,3
DA:670,6
DA:671,1
DA:672,1
DA:673,1
DA:674,1
DA:675,1
DA:676,7
DA:677,7
DA:678,7
DA:679,7
DA:680,1
DA:681,1
DA:682,1
DA:683,1
DA:684,1
DA:685,1
DA:686,1
DA:687,1
DA:688,6
DA:689,6
DA:690,5
DA:691,5
DA:692,5
DA:693,7
DA:694,1
DA:695,1
DA:696,1
DA:697,1
DA:698,1
DA:699,1
DA:700,1
DA:701,1
DA:702,1
DA:703,4
DA:704,4
DA:705,7
DA:706,7
DA:707,7
DA:708,7
DA:709,7
DA:710,7
DA:711,7
DA:712,7
DA:713,2
DA:714,2
DA:715,2
DA:716,2
DA:717,2
DA:718,7
DA:719,3
DA:720,3
DA:721,3
DA:722,3
DA:723,3
DA:724,3
DA:725,3
DA:726,7
DA:727,1
DA:728,1
DA:729,1
DA:730,1
DA:731,1
DA:732,4
DA:733,4
DA:734,4
DA:735,4
DA:736,1
DA:737,1
DA:738,1
DA:739,1
DA:740,1
DA:741,1
DA:742,1
DA:743,1
DA:744,3
DA:745,3
DA:746,4
DA:747,4
DA:748,4
DA:749,1
DA:750,1
DA:751,1
DA:752,1
DA:753,1
DA:754,4
DA:755,2
DA:756,2
DA:757,2
DA:758,2
DA:759,2
DA:760,2
DA:761,2
DA:762,4
LF:762
LH:713
BRDA:1,0,0,1
BRDA:18,1,0,17
BRDA:21,2,0,1
BRDA:29,3,0,16
BRDA:42,4,0,15
BRDA:42,5,0,1
BRDA:50,6,0,14
BRDA:52,7,0,2
BRDA:52,8,0,1
BRDA:56,9,0,14
BRDA:56,10,0,13
BRDA:58,11,0,12
BRDA:58,12,0,9
BRDA:62,13,0,7
BRDA:62,14,0,0
BRDA:63,15,0,2
BRDA:66,16,0,14
BRDA:71,17,0,1
BRDA:57,18,0,13
BRDA:83,19,0,18
BRDA:86,20,0,1
BRDA:94,21,0,17
BRDA:107,22,0,16
BRDA:107,23,0,2
BRDA:114,24,0,14
BRDA:116,25,0,0
BRDA:116,26,0,0
BRDA:117,27,0,1
BRDA:126,28,0,24
BRDA:132,29,0,1
BRDA:136,30,0,0
BRDA:141,31,0,23
BRDA:143,32,0,22
BRDA:144,33,0,4
BRDA:153,34,0,18
BRDA:158,35,0,17
BRDA:159,36,0,1
BRDA:162,37,0,18
BRDA:166,38,0,14
BRDA:166,39,0,5
BRDA:167,40,0,14
BRDA:167,41,0,9
BRDA:168,42,0,14
BRDA:168,43,0,4
BRDA:175,44,0,1
BRDA:187,45,0,6
BRDA:191,46,0,1
BRDA:200,47,0,5
BRDA:207,48,0,0
BRDA:219,49,0,8
BRDA:222,50,0,5
BRDA:225,51,0,1
BRDA:239,52,0,4
BRDA:244,53,0,0
BRDA:247,54,0,4
BRDA:252,55,0,3
BRDA:230,56,0,1
BRDA:264,57,0,8
BRDA:270,58,0,1
BRDA:274,59,0,0
BRDA:279,60,0,7
BRDA:284,61,0,4
BRDA:285,62,0,4
BRDA:290,63,0,1
BRDA:300,64,0,6
BRDA:313,65,0,0
BRDA:326,66,0,3
BRDA:332,67,0,0
BRDA:354,68,0,0
BRDA:367,69,0,0
BRDA:385,70,0,1
BRDA:391,71,0,2
BRDA:396,72,0,1
BRDA:397,73,0,1
BRDA:401,74,0,0
BRDA:404,75,0,1
BRDA:404,76,0,1
BRDA:407,77,0,0
BRDA:409,78,0,0
BRDA:413,79,0,0
BRDA:415,80,0,0
BRDA:419,81,0,0
BRDA:421,82,0,0
BRDA:434,83,0,1
BRDA:435,84,0,1
BRDA:435,85,0,2
BRDA:439,86,0,1
BRDA:439,87,0,2
BRDA:442,88,0,0
BRDA:454,89,0,5
BRDA:460,90,0,1
BRDA:464,91,0,0
BRDA:469,92,0,4
BRDA:471,93,0,3
BRDA:474,94,0,1
BRDA:484,95,0,2
BRDA:486,96,0,1
BRDA:486,97,0,1
BRDA:489,98,0,2
BRDA:494,99,0,1
BRDA:506,100,0,3
BRDA:512,101,0,1
BRDA:516,102,0,0
BRDA:521,103,0,2
BRDA:523,104,0,1
BRDA:523,105,0,1
BRDA:526,106,0,2
BRDA:531,107,0,0
BRDA:543,108,0,5
BRDA:547,109,0,1
BRDA:548,110,0,1
BRDA:549,111,0,4
BRDA:554,112,0,1
BRDA:564,113,0,4
BRDA:566,114,0,3
BRDA:571,115,0,1
BRDA:583,116,0,3
BRDA:587,117,0,1
BRDA:596,118,0,2
BRDA:602,119,0,1
BRDA:616,120,0,0
BRDA:628,121,0,6
BRDA:631,122,0,5
BRDA:634,123,0,1
BRDA:648,124,0,4
BRDA:650,125,0,3
BRDA:650,126,0,1
BRDA:657,127,0,2
BRDA:662,128,0,3
BRDA:664,129,0,2
BRDA:664,130,0,1
BRDA:639,131,0,5
BRDA:675,132,0,7
BRDA:679,133,0,1
BRDA:688,134,0,6
BRDA:690,135,0,5
BRDA:693,136,0,1
BRDA:703,137,0,4
BRDA:705,138,0,3
BRDA:705,139,0,1
BRDA:713,140,0,2
BRDA:718,141,0,3
BRDA:720,142,0,1
BRDA:720,143,0,2
BRDA:731,144,0,4
BRDA:735,145,0,1
BRDA:744,146,0,3
BRDA:746,147,0,0
BRDA:749,148,0,1
BRDA:754,149,0,2
BRDA:756,150,0,1
BRDA:756,151,0,1
BRF:152
BRH:128
end_of_record
TN:
SF:src/middleware/adminAuth.js
FN:13,requireAdmin
FN:99,requireServiceOrAdmin
FNF:2
FNH:2
FNDA:40,requireAdmin
FNDA:5,requireServiceOrAdmin
DA:1,1
DA:2,1
DA:3,1
DA:4,1
DA:5,1
DA:6,1
DA:7,1
DA:8,1
DA:9,1
DA:10,1
DA:11,1
DA:12,1
DA:13,1
DA:14,40
DA:15,40
DA:16,40
DA:17,40
DA:18,26
DA:19,26
DA:20,26
DA:21,26
DA:22,26
DA:23,26
DA:24,26
DA:25,26
DA:26,6
DA:27,6
DA:28,6
DA:29,40
DA:30,1
DA:31,1
DA:32,1
DA:33,1
DA:34,1
DA:35,1
DA:36,1
DA:37,5
DA:38,5
DA:39,40
DA:40,2
DA:41,2
DA:42,2
DA:43,2
DA:44,2
DA:45,2
DA:46,2
DA:47,2
DA:48,3
DA:49,3
DA:50,3
DA:51,3
DA:52,3
DA:53,3
DA:54,3
DA:55,3
DA:56,3
DA:57,3
DA:58,0
DA:59,0
DA:60,40
DA:61,40
DA:62,0
DA:63,0
DA:64,0
DA:65,0
DA:66,0
DA:67,0
DA:68,0
DA:69,0
DA:70,0
DA:71,0
DA:72,0
DA:73,0
DA:74,0
DA:75,0
DA:76,0
DA:77,40
DA:78,40
DA:79,40
DA:80,40
DA:81,40
DA:82,40
DA:83,40
DA:84,8
DA:85,8
DA:86,8
DA:87,8
DA:88,8
DA:89,8
DA:90,8
DA:91,8
DA:92,40
DA:93,1
DA:94,1
DA:95,1
DA:96,1
DA:97,1
DA:98,1
DA:99,1
DA:100,5
DA:101,5
DA:102,5
DA:103,5
DA:104,2
DA:105,2
DA:106,2
DA:107,2
DA:108,2
DA:109,2
DA:110,2
DA:111,2
DA:112,2
DA:113,2
DA:114,2
DA:115,2
DA:116,2
DA:117,5
DA:118,1
DA:119,1
DA:120,1
DA:121,1
DA:122,1
DA:123,1
DA:124,1
DA:125,1
DA:126,5
LF:126
LH:109
BRDA:1,0,0,1
BRDA:13,1,0,40
BRDA:17,2,0,8
BRDA:17,3,0,26
BRDA:26,4,0,6
BRDA:29,5,0,1
BRDA:37,6,0,5
BRDA:39,7,0,2
BRDA:48,8,0,3
BRDA:58,9,0,0
BRDA:61,10,0,0
BRDA:61,11,0,0
BRDA:77,12,0,0
BRDA:83,13,0,8
BRDA:99,14,0,5
BRDA:103,15,0,2
BRDA:117,16,0,1
BRF:17
BRH:13
end_of_record
TN:
SF:src/middleware/cors.js
FN:7,handleCORS
FN:27,addCORSHeaders
FN:62,withCORS
FNF:3
FNH:3
FNDA:3,handleCORS
FNDA:3,addCORSHeaders
FNDA:2,withCORS
DA:1,1
DA:2,1
DA:3,1
DA:4,1
DA:5,1
DA:6,1
DA:7,1
DA:8,3
DA:9,3
DA:10,3
DA:11,3
DA:12,3
DA:13,3
DA:14,3
DA:15,3
DA:16,3
DA:17,3
DA:18,3
DA:19,3
DA:20,3
DA:21,3
DA:22,3
DA:23,1
DA:24,1
DA:25,1
DA:26,1
DA:27,1
DA:28,3
DA:29,1
DA:30,1
DA:31,2
DA:32,2
DA:33,3
DA:34,3
DA:35,3
DA:36,3
DA:37,3
DA:38,3
DA:39,3
DA:40,3
DA:41,3
DA:42,3
DA:43,3
DA:44,3
DA:45,3
DA:46,3
DA:47,2
DA:48,2
DA:49,2
DA:50,2
DA:51,2
DA:52,2
DA:53,2
DA:54,2
DA:55,2
DA:56,3
DA:57,1
DA:58,1
DA:59,1
DA:60,1
DA:61,1
DA:62,1
DA:63,2
DA:64,2
DA:65,2
DA:66,1
DA:67,1
DA:68,1
DA:69,1
DA:70,1
DA:71,1
DA:72,1
DA:73,1
DA:74,2
DA:75,2
LF:75
LH:75
BRDA:1,0,0,1
BRDA:7,1,0,3
BRDA:9,2,0,1
BRDA:18,3,0,2
BRDA:18,4,0,1
BRDA:27,5,0,3
BRDA:28,6,0,2
BRDA:28,7,0,1
BRDA:31,8,0,2
BRDA:33,9,0,0
BRDA:46,10,0,2
BRDA:62,11,0,2
BRDA:63,12,0,2
BRDA:65,13,0,1
BRF:14
BRH:13
end_of_record
TN:
SF:src/middleware/logger.js
FN:8,withLogger
FNF:1
FNH:1
FNDA:11,withLogger
DA:1,1
DA:2,1
DA:3,1
DA:4,1
DA:5,1
DA:6,1
DA:7,1
DA:8,1
DA:9,11
DA:10,11
DA:11,11
DA:12,11
DA:13,11
DA:14,11
DA:15,11
DA:16,11
DA:17,0
DA:18,0
DA:19,0
DA:20,0
DA:21,0
DA:22,0
DA:23,11
DA:24,11
DA:25,11
DA:26,0
DA:27,0
DA:28,0
DA:29,0
DA:30,0
DA:31,0
DA:32,11
DA:33,11
DA:34,11
DA:35,11
DA:36,11
DA:37,11
DA:38,11
DA:39,11
DA:40,11
DA:41,11
DA:42,11
DA:43,11
DA:44,11
DA:45,11
DA:46,11
DA:47,1
DA:48,1
DA:49,1
DA:50,1
DA:51,1
DA:52,1
DA:53,1
DA:54,1
DA:55,1
DA:56,11
DA:57,11
DA:58,11
DA:59,11
DA:60,8
DA:61,8
DA:62,8
DA:63,8
DA:64,8
DA:65,8
DA:66,8
DA:67,0
DA:68,0
DA:69,0
DA:70,0
DA:71,0
DA:72,8
DA:73,8
DA:74,8
DA:75,8
DA:76,8
DA:77,8
DA:78,8
DA:79,11
DA:80,3
DA:81,3
DA:82,3
DA:83,3
DA:84,3
DA:85,3
DA:86,3
DA:87,3
DA:88,3
DA:89,3
DA:90,3
DA:91,3
DA:92,3
DA:93,3
DA:94,3
DA:95,3
DA:96,11
DA:97,0
DA:98,0
DA:99,0
DA:100,0
DA:101,0
DA:102,0
DA:103,0
DA:104,0
DA:105,0
DA:106,0
DA:107,0
DA:108,0
DA:109,0
DA:110,0
DA:111,11
DA:112,11
LF:112
LH:81
BRDA:1,0,0,1
BRDA:8,1,0,11
BRDA:9,2,0,11
BRDA:12,3,0,0
BRDA:13,4,0,0
BRDA:16,5,0,0
BRDA:25,6,0,0
BRDA:46,7,0,10
BRDA:46,8,0,1
BRDA:51,9,0,0
BRDA:59,10,0,9
BRDA:59,11,0,8
BRDA:66,12,0,0
BRDA:79,13,0,3
BRDA:96,14,0,0
BRF:15
BRH:8
end_of_record
TN:
SF:src/middleware/validate.js
FN:7,validateBody
FN:49,validateQuery
FNF:2
FNH:2
FNDA:3,validateBody
FNDA:2,validateQuery
DA:1,1
DA:2,1
DA:3,1
DA:4,1
DA:5,1
DA:6,1
DA:7,1
DA:8,3
DA:9,3
DA:10,3
DA:11,2
DA:12,2
DA:13,2
DA:14,2
DA:15,2
DA:16,3
DA:17,1
DA:18,1
DA:19,1
DA:20,1
DA:21,1
DA:22,1
DA:23,1
DA:24,1
DA:25,1
DA:26,1
DA:27,1
DA:28,1
DA:29,1
DA:30,1
DA:31,1
DA:32,1
DA:33,1
DA:34,1
DA:35,1
DA:36,1
DA:37,1
DA:38,1
DA:39,1
DA:40,1
DA:41,1
DA:42,1
DA:43,3
DA:44,3
DA:45,1
DA:46,1
DA:47,1
DA:48,1
DA:49,1
DA:50,2
DA:51,2
DA:52,2
DA:53,2
DA:54,2
DA:55,2
DA:56,3
DA:57,3
DA:58,2
DA:59,2
DA:60,2
DA:61,2
DA:62,2
DA:63,2
DA:64,2
DA:65,1
DA:66,1
DA:67,1
DA:68,1
DA:69,1
DA:70,1
DA:71,1
DA:72,1
DA:73,1
DA:74,1
DA:75,1
DA:76,1
DA:77,1
DA:78,1
DA:79,1
DA:80,1
DA:81,2
DA:82,2
LF:82
LH:82
BRDA:1,0,0,1
BRDA:7,1,0,3
BRDA:8,2,0,3
BRDA:11,3,0,2
BRDA:16,4,0,1
BRDA:21,5,0,1
BRDA:49,6,0,2
BRDA:50,7,0,2
BRDA:55,8,0,3
BRDA:64,9,0,1
BRDA:69,10,0,1
BRF:11
BRH:11
end_of_record
TN:
SF:src/routers/pricing.js
FN:496,handle
FNF:1
FNH:1
FNDA:51,handle
DA:1,1
DA:2,1
DA:3,1
DA:4,1
DA:5,1
DA:6,1
DA:7,1
DA:8,1
DA:9,1
DA:10,1
DA:11,1
DA:12,1
DA:13,4
DA:14,4
DA:15,4
DA:16,4
DA:17,4
DA:18,4
DA:19,4
DA:20,4
DA:21,4
DA:22,4
DA:23,4
DA:24,4
DA:25,4
DA:26,4
DA:27,4
DA:28,4
DA:29,4
DA:30,4
DA:31,4
DA:32,4
DA:33,4
DA:34,1
DA:35,1
DA:36,1
DA:37,1
DA:38,1
DA:39,4
DA:40,4
DA:41,4
DA:42,0
DA:43,0
DA:44,0
DA:45,0
DA:46,0
DA:47,0
DA:48,0
DA:49,0
DA:50,0
DA:51,0
DA:52,0
DA:53,0
DA:54,1
DA:55,1
DA:56,1
DA:57,4
DA:58,4
DA:59,4
DA:60,0
DA:61,0
DA:62,0
DA:63,0
DA:64,0
DA:65,0
DA:66,0
DA:67,0
DA:68,0
DA:69,0
DA:70,0
DA:71,0
DA:72,1
DA:73,1
DA:74,1
DA:75,1
DA:76,1
DA:77,1
DA:78,1
DA:79,1
DA:80,1
DA:81,1
DA:82,1
DA:83,1
DA:84,1
DA:85,1
DA:86,1
DA:87,1
DA:88,1
DA:89,1
DA:90,1
DA:91,1
DA:92,1
DA:93,1
DA:94,1
DA:95,1
DA:96,1
DA:97,0
DA:98,0
DA:99,0
DA:100,0
DA:101,0
DA:102,0
DA:103,0
DA:104,0
DA:105,0
DA:106,0
DA:107,0
DA:108,1
DA:109,1
DA:110,1
DA:111,1
DA:112,1
DA:113,1
DA:114,0
DA:115,0
DA:116,0
DA:117,0
DA:118,0
DA:119,0
DA:120,0
DA:121,0
DA:122,0
DA:123,0
DA:124,0
DA:125,0
DA:126,1
DA:127,1
DA:128,1
DA:129,4
DA:130,4
DA:131,4
DA:132,0
DA:133,0
DA:134,0
DA:135,0
DA:136,0
DA:137,0
DA:138,0
DA:139,0
DA:140,0
DA:141,1
DA:142,1
DA:143,1
DA:144,5
DA:145,5
DA:146,5
DA:147,0
DA:148,0
DA:149,0
DA:150,0
DA:151,0
DA:152,0
DA:153,0
DA:154,0
DA:155,0
DA:156,0
DA:157,0
DA:158,0
DA:159,1
DA:160,1
DA:161,1
DA:162,1
DA:163,4
DA:164,4
DA:165,4
DA:166,4
DA:167,4
DA:168,4
DA:169,4
DA:170,4
DA:171,4
DA:172,4
DA:173,4
DA:174,4
DA:175,4
DA:176,4
DA:177,0
DA:178,0
DA:179,4
DA:180,4
DA:181,0
DA:182,0
DA:183,0
DA:184,0
DA:185,0
DA:186,0
DA:187,0
DA:188,0
DA:189,0
DA:190,1
DA:191,1
DA:192,1
DA:193,1
DA:194,3
DA:195,3
DA:196,3
DA:197,3
DA:198,3
DA:199,3
DA:200,3
DA:201,3
DA:202,3
DA:203,3
DA:204,3
DA:205,3
DA:206,3
DA:207,3
DA:208,0
DA:209,0
DA:210,3
DA:211,3
DA:212,0
DA:213,0
DA:214,0
DA:215,0
DA:216,0
DA:217,0
DA:218,0
DA:219,0
DA:220,0
DA:221,0
DA:222,0
DA:223,0
DA:224,1
DA:225,1
DA:226,1
DA:227,1
DA:228,1
DA:229,4
DA:230,4
DA:231,4
DA:232,4
DA:233,4
DA:234,4
DA:235,4
DA:236,4
DA:237,4
DA:238,4
DA:239,4
DA:240,4
DA:241,4
DA:242,4
DA:243,0
DA:244,0
DA:245,0
DA:246,4
DA:247,4
DA:248,4
DA:249,0
DA:250,0
DA:251,0
DA:252,0
DA:253,0
DA:254,0
DA:255,0
DA:256,0
DA:257,0
DA:258,0
DA:259,0
DA:260,0
DA:261,1
DA:262,1
DA:263,1
DA:264,1
DA:265,1
DA:266,1
DA:267,4
DA:268,4
DA:269,4
DA:270,4
DA:271,4
DA:272,4
DA:273,4
DA:274,4
DA:275,4
DA:276,4
DA:277,4
DA:278,4
DA:279,4
DA:280,4
DA:281,0
DA:282,0
DA:283,0
DA:284,4
DA:285,4
DA:286,4
DA:287,0
DA:288,0
DA:289,0
DA:290,0
DA:291,0
DA:292,0
DA:293,0
DA:294,0
DA:295,0
DA:296,0
DA:297,0
DA:298,0
DA:299,1
DA:300,1
DA:301,1
DA:302,1
DA:303,1
DA:304,4
DA:305,4
DA:306,4
DA:307,4
DA:308,4
DA:309,4
DA:310,4
DA:311,4
DA:312,4
DA:313,4
DA:314,4
DA:315,4
DA:316,4
DA:317,4
DA:318,0
DA:319,0
DA:320,0
DA:321,4
DA:322,4
DA:323,4
DA:324,0
DA:325,0
DA:326,0
DA:327,0
DA:328,0
DA:329,0
DA:330,0
DA:331,0
DA:332,0
DA:333,0
DA:334,0
DA:335,0
DA:336,1
DA:337,1
DA:338,1
DA:339,1
DA:340,1
DA:341,1
DA:342,4
DA:343,4
DA:344,4
DA:345,4
DA:346,4
DA:347,4
DA:348,4
DA:349,4
DA:350,4
DA:351,4
DA:352,4
DA:353,4
DA:354,4
DA:355,4
DA:356,0
DA:357,0
DA:358,0
DA:359,4
DA:360,4
DA:361,4
DA:362,0
DA:363,0
DA:364,0
DA:365,0
DA:366,0
DA:367,0
DA:368,0
DA:369,0
DA:370,0
DA:371,0
DA:372,0
DA:373,0
DA:374,1
DA:375,1
DA:376,1
DA:377,1
DA:378,1
DA:379,1
DA:380,1
DA:381,4
DA:382,4
DA:383,4
DA:384,4
DA:385,4
DA:386,4
DA:387,4
DA:388,4
DA:389,4
DA:390,4
DA:391,4
DA:392,4
DA:393,4
DA:394,4
DA:395,0
DA:396,0
DA:397,0
DA:398,4
DA:399,4
DA:400,4
DA:401,0
DA:402,0
DA:403,0
DA:404,0
DA:405,0
DA:406,0
DA:407,0
DA:408,0
DA:409,0
DA:410,0
DA:411,0
DA:412,0
DA:413,1
DA:414,1
DA:415,1
DA:416,1
DA:417,1
DA:418,2
DA:419,2
DA:420,2
DA:421,2
DA:422,2
DA:423,2
DA:424,2
DA:425,2
DA:426,2
DA:427,2
DA:428,2
DA:429,2
DA:430,2
DA:431,2
DA:432,2
DA:433,2
DA:434,2
DA:435,2
DA:436,2
DA:437,0
DA:438,0
DA:439,0
DA:440,0
DA:441,0
DA:442,0
DA:443,0
DA:444,0
DA:445,0
DA:446,0
DA:447,0
DA:448,0
DA:449,0
DA:450,0
DA:451,0
DA:452,0
DA:453,0
DA:454,0
DA:455,0
DA:456,2
DA:457,2
DA:458,2
DA:459,0
DA:460,0
DA:461,0
DA:462,0
DA:463,0
DA:464,0
DA:465,0
DA:466,0
DA:467,0
DA:468,0
DA:469,0
DA:470,0
DA:471,0
DA:472,0
DA:473,0
DA:474,0
DA:475,0
DA:476,2
DA:477,2
DA:478,2
DA:479,2
DA:480,2
DA:481,2
DA:482,2
DA:483,2
DA:484,2
DA:485,2
DA:486,2
DA:487,2
DA:488,2
DA:489,2
DA:490,2
DA:491,2
DA:492,1
DA:493,1
DA:494,1
DA:495,1
DA:496,1
DA:497,51
DA:498,51
DA:499,51
DA:500,51
DA:501,0
DA:502,0
DA:503,0
DA:504,0
DA:505,0
DA:506,0
DA:507,0
DA:508,0
DA:509,0
DA:510,0
DA:511,51
DA:512,51
DA:513,0
DA:514,0
DA:515,0
DA:516,0
DA:517,0
DA:518,0
DA:519,0
DA:520,0
DA:521,0
DA:522,0
DA:523,1
DA:524,1
DA:525,1
DA:526,1
LF:526
LH:302
BRDA:1,0,0,1
BRDA:12,1,0,4
BRDA:38,2,0,4
BRDA:40,3,0,1
BRDA:41,4,0,0
BRDA:56,5,0,4
BRDA:58,6,0,1
BRDA:59,7,0,0
BRDA:78,8,0,1
BRDA:88,9,0,0
BRDA:95,10,0,0
BRDA:96,11,0,0
BRDA:112,12,0,0
BRDA:113,13,0,0
BRDA:128,14,0,4
BRDA:130,15,0,1
BRDA:131,16,0,0
BRDA:143,17,0,5
BRDA:145,18,0,1
BRDA:146,19,0,0
BRDA:162,20,0,4
BRDA:164,21,0,1
BRDA:177,22,0,0
BRDA:180,23,0,0
BRDA:193,24,0,3
BRDA:195,25,0,1
BRDA:208,26,0,0
BRDA:211,27,0,0
BRDA:228,28,0,4
BRDA:230,29,0,1
BRDA:243,30,0,0
BRDA:248,31,0,0
BRDA:266,32,0,4
BRDA:268,33,0,1
BRDA:281,34,0,0
BRDA:286,35,0,0
BRDA:303,36,0,4
BRDA:305,37,0,1
BRDA:318,38,0,0
BRDA:323,39,0,0
BRDA:341,40,0,4
BRDA:343,41,0,1
BRDA:356,42,0,0
BRDA:361,43,0,0
BRDA:380,44,0,4
BRDA:382,45,0,1
BRDA:395,46,0,0
BRDA:400,47,0,0
BRDA:417,48,0,2
BRDA:436,49,0,1
BRDA:436,50,0,0
BRDA:458,51,0,1
BRDA:458,52,0,0
BRDA:496,53,0,51
BRDA:500,54,0,0
BRDA:512,55,0,0
BRF:56
BRH:29
end_of_record
TN:
SF:src/services/pricingService.js
FN:25,getPrice
FN:46,getPrices
FN:62,getProductPricing
FN:78,calculateGrandTotal
FN:321,updatePrice
FN:335,deletePrice
FN:349,getHistory
FN:363,getPromotionCodeService
FN:389,listPromotionCodesService
FN:419,createPromotionCodeService
FN:446,updatePromotionCodeService
FN:481,deletePromotionCodeService
FNF:12
FNH:12
FNDA:26,getPrice
FNDA:3,getPrices
FNDA:8,getProductPricing
FNDA:36,calculateGrandTotal
FNDA:4,updatePrice
FNDA:4,deletePrice
FNDA:7,getHistory
FNDA:6,getPromotionCodeService
FNDA:5,listPromotionCodesService
FNDA:10,createPromotionCodeService
FNDA:9,updatePromotionCodeService
FNDA:7,deletePromotionCodeService
DA:1,1
DA:2,1
DA:3,1
DA:4,1
DA:5,1
DA:6,1
DA:7,1
DA:8,1
DA:9,1
DA:10,1
DA:11,1
DA:12,1
DA:13,1
DA:14,1
DA:15,1
DA:16,1
DA:17,1
DA:18,1
DA:19,1
DA:20,1
DA:21,1
DA:22,1
DA:23,1
DA:24,1
DA:25,1
DA:26,26
DA:27,26
DA:28,26
DA:29,5
DA:30,5
DA:31,19
DA:32,19
DA:33,19
DA:34,19
DA:35,19
DA:36,19
DA:37,26
DA:38,2
DA:39,2
DA:40,2
DA:41,26
DA:42,1
DA:43,1
DA:44,1
DA:45,1
DA:46,1
DA:47,3
DA:48,3
DA:49,2
DA:50,2
DA:51,2
DA:52,2
DA:53,3
DA:54,1
DA:55,1
DA:56,1
DA:57,3
DA:58,1
DA:59,1
DA:60,1
DA:61,1
DA:62,1
DA:63,8
DA:64,8
DA:65,7
DA:66,3
DA:67,3
DA:68,7
DA:69,8
DA:70,1
DA:71,1
DA:72,1
DA:73,8
DA:74,1
DA:75,1
DA:76,1
DA:77,1
DA:78,1
DA:79,36
DA:80,36
DA:81,36
DA:82,36
DA:83,36
DA:84,36
DA:85,36
DA:86,36
DA:87,36
DA:88,36
DA:89,36
DA:90,36
DA:91,35
DA:92,36
DA:93,36
DA:94,36
DA:95,36
DA:96,36
DA:97,36
DA:98,36
DA:99,39
DA:100,39
DA:101,4
DA:102,4
DA:103,4
DA:104,4
DA:105,4
DA:106,35
DA:107,35
DA:108,35
DA:109,35
DA:110,35
DA:111,35
DA:112,35
DA:113,35
DA:114,35
DA:115,35
DA:116,35
DA:117,35
DA:118,39
DA:119,39
DA:120,39
DA:121,36
DA:122,36
DA:123,36
DA:124,36
DA:125,36
DA:126,36
DA:127,36
DA:128,36
DA:129,36
DA:130,36
DA:131,29
DA:132,29
DA:133,29
DA:134,29
DA:135,29
DA:136,29
DA:137,29
DA:138,29
DA:139,29
DA:140,28
DA:141,29
DA:142,1
DA:143,1
DA:144,1
DA:145,1
DA:146,1
DA:147,29
DA:148,27
DA:149,27
DA:150,27
DA:151,27
DA:152,27
DA:153,27
DA:154,27
DA:155,27
DA:156,27
DA:157,27
DA:158,1
DA:159,1
DA:160,1
DA:161,1
DA:162,1
DA:163,27
DA:164,26
DA:165,26
DA:166,26
DA:167,26
DA:168,26
DA:169,7
DA:170,7
DA:171,7
DA:172,7
DA:173,7
DA:174,7
DA:175,7
DA:176,7
DA:177,5
DA:178,7
DA:179,4
DA:180,4
DA:181,4
DA:182,4
DA:183,1
DA:184,1
DA:185,1
DA:186,1
DA:187,1
DA:188,1
DA:189,1
DA:190,4
DA:191,7
DA:192,2
DA:193,2
DA:194,2
DA:195,2
DA:196,2
DA:197,7
DA:198,26
DA:199,26
DA:200,26
DA:201,26
DA:202,26
DA:203,3
DA:204,26
DA:205,2
DA:206,2
DA:207,2
DA:208,2
DA:209,2
DA:210,2
DA:211,2
DA:212,26
DA:213,26
DA:214,26
DA:215,26
DA:216,26
DA:217,3
DA:218,26
DA:219,2
DA:220,2
DA:221,2
DA:222,2
DA:223,2
DA:224,2
DA:225,2
DA:226,26
DA:227,26
DA:228,21
DA:229,21
DA:230,21
DA:231,21
DA:232,21
DA:233,21
DA:234,21
DA:235,21
DA:236,18
DA:237,18
DA:238,18
DA:239,18
DA:240,18
DA:241,4
DA:242,18
DA:243,2
DA:244,2
DA:245,18
DA:246,18
DA:247,18
DA:248,18
DA:249,18
DA:250,18
DA:251,18
DA:252,18
DA:253,18
DA:254,18
DA:255,21
DA:256,3
DA:257,3
DA:258,1
DA:259,1
DA:260,3
DA:261,3
DA:262,3
DA:263,3
DA:264,3
DA:265,3
DA:266,21
DA:267,21
DA:268,21
DA:269,21
DA:270,20
DA:271,20
DA:272,20
DA:273,20
DA:274,21
DA:275,1
DA:276,1
DA:277,1
DA:278,1
DA:279,1
DA:280,26
DA:281,5
DA:282,5
DA:283,26
DA:284,27
DA:285,29
DA:286,1
DA:287,1
DA:288,1
DA:289,1
DA:290,1
DA:291,29
DA:292,36
DA:293,36
DA:294,36
DA:295,36
DA:296,36
DA:297,36
DA:298,36
DA:299,36
DA:300,36
DA:301,36
DA:302,36
DA:303,36
DA:304,36
DA:305,36
DA:306,36
DA:307,36
DA:308,36
DA:309,36
DA:310,36
DA:311,36
DA:312,36
DA:313,0
DA:314,0
DA:315,0
DA:316,36
DA:317,1
DA:318,1
DA:319,1
DA:320,1
DA:321,1
DA:322,4
DA:323,4
DA:324,3
DA:325,3
DA:326,4
DA:327,1
DA:328,1
DA:329,1
DA:330,4
DA:331,1
DA:332,1
DA:333,1
DA:334,1
DA:335,1
DA:336,4
DA:337,4
DA:338,3
DA:339,3
DA:340,4
DA:341,1
DA:342,1
DA:343,1
DA:344,4
DA:345,1
DA:346,1
DA:347,1
DA:348,1
DA:349,1
DA:350,7
DA:351,7
DA:352,7
DA:353,7
DA:354,7
DA:355,0
DA:356,0
DA:357,0
DA:358,7
DA:359,1
DA:360,1
DA:361,1
DA:362,1
DA:363,1
DA:364,6
DA:365,6
DA:366,6
DA:367,2
DA:368,2
DA:369,4
DA:370,4
DA:371,6
DA:372,2
DA:373,2
DA:374,2
DA:375,1
DA:376,1
DA:377,2
DA:378,4
DA:379,4
DA:380,6
DA:381,0
DA:382,0
DA:383,0
DA:384,6
DA:385,1
DA:386,1
DA:387,1
DA:388,1
DA:389,1
DA:390,5
DA:391,5
DA:392,4
DA:393,4
DA:394,4
DA:395,2
DA:396,1
DA:397,1
DA:398,1
DA:399,0
DA:400,0
DA:401,1
DA:402,2
DA:403,4
DA:404,4
DA:405,4
DA:406,4
DA:407,4
DA:408,4
DA:409,4
DA:410,5
DA:411,1
DA:412,1
DA:413,1
DA:414,5
DA:415,1
DA:416,1
DA:417,1
DA:418,1
DA:419,1
DA:420,10
DA:421,10
DA:422,6
DA:423,6
DA:424,6
DA:425,6
DA:426,6
DA:427,6
DA:428,10
DA:429,2
DA:430,2
DA:431,2
DA:432,1
DA:433,1
DA:434,2
DA:435,6
DA:436,6
DA:437,10
DA:438,4
DA:439,4
DA:440,4
DA:441,10
DA:442,1
DA:443,1
DA:444,1
DA:445,1
DA:446,1
DA:447,9
DA:448,9
DA:449,9
DA:450,9
DA:451,9
DA:452,9
DA:453,9
DA:454,6
DA:455,6
DA:456,6
DA:457,6
DA:458,6
DA:459,6
DA:460,9
DA:461,2
DA:462,2
DA:463,2
DA:464,1
DA:465,1
DA:466,2
DA:467,6
DA:468,6
DA:469,9
DA:470,3
DA:471,3
DA:472,3
DA:473,3
DA:474,3
DA:475,3
DA:476,9
DA:477,1
DA:478,1
DA:479,1
DA:480,1
DA:481,1
DA:482,7
DA:483,7
DA:484,3
DA:485,3
DA:486,7
DA:487,4
DA:488,4
DA:489,4
DA:490,7
LF:490
LH:479
BRDA:1,0,0,1
BRDA:25,1,0,26
BRDA:28,2,0,24
BRDA:28,3,0,5
BRDA:31,4,0,19
BRDA:37,5,0,2
BRDA:46,6,0,3
BRDA:49,7,0,2
BRDA:53,8,0,1
BRDA:49,9,0,2
BRDA:62,10,0,8
BRDA:65,11,0,7
BRDA:69,12,0,1
BRDA:65,13,0,3
BRDA:78,14,0,36
BRDA:98,15,0,39
BRDA:100,16,0,4
BRDA:106,17,0,35
BRDA:118,18,0,0
BRDA:127,19,0,29
BRDA:128,20,0,7
BRDA:130,21,0,29
BRDA:140,22,0,28
BRDA:141,23,0,1
BRDA:147,24,0,27
BRDA:157,25,0,1
BRDA:163,26,0,26
BRDA:168,27,0,7
BRDA:172,28,0,6
BRDA:173,29,0,1
BRDA:176,30,0,5
BRDA:178,31,0,4
BRDA:182,32,0,1
BRDA:191,33,0,2
BRDA:201,34,0,25
BRDA:202,35,0,3
BRDA:204,36,0,2
BRDA:215,37,0,23
BRDA:216,38,0,3
BRDA:218,39,0,2
BRDA:227,40,0,21
BRDA:235,41,0,18
BRDA:240,42,0,4
BRDA:242,43,0,2
BRDA:255,44,0,3
BRDA:257,45,0,1
BRDA:270,46,0,20
BRDA:274,47,0,1
BRDA:280,48,0,5
BRDA:281,49,0,0
BRDA:285,50,0,1
BRDA:308,51,0,7
BRDA:312,52,0,0
BRDA:85,53,0,39
BRDA:90,54,0,35
BRDA:179,55,0,4
BRDA:321,56,0,4
BRDA:324,57,0,3
BRDA:326,58,0,1
BRDA:335,59,0,4
BRDA:338,60,0,3
BRDA:340,61,0,1
BRDA:349,62,0,7
BRDA:354,63,0,0
BRDA:363,64,0,6
BRDA:366,65,0,2
BRDA:369,66,0,4
BRDA:371,67,0,2
BRDA:371,68,0,2
BRDA:374,69,0,1
BRDA:378,70,0,4
BRDA:380,71,0,0
BRDA:389,72,0,5
BRDA:392,73,0,4
BRDA:410,74,0,1
BRDA:394,75,0,2
BRDA:395,76,0,1
BRDA:395,77,0,1
BRDA:398,78,0,0
BRDA:419,79,0,10
BRDA:422,80,0,6
BRDA:428,81,0,2
BRDA:428,82,0,2
BRDA:431,83,0,1
BRDA:435,84,0,6
BRDA:437,85,0,4
BRDA:446,86,0,9
BRDA:454,87,0,6
BRDA:460,88,0,2
BRDA:460,89,0,2
BRDA:463,90,0,1
BRDA:467,91,0,6
BRDA:469,92,0,3
BRDA:481,93,0,7
BRDA:484,94,0,3
BRDA:486,95,0,4
BRF:96
BRH:90
end_of_record
TN:
SF:src/utils/jwt.js
FN:5,pemToArrayBuffer
FN:16,base64UrlDecode
FN:25,verifyJWT
FNF:3
FNH:2
FNDA:0,pemToArrayBuffer
FNDA:5,base64UrlDecode
FNDA:12,verifyJWT
DA:1,1
DA:2,1
DA:3,1
DA:4,1
DA:5,0
DA:6,0
DA:7,0
DA:8,0
DA:9,0
DA:10,0
DA:11,0
DA:12,0
DA:13,0
DA:14,0
DA:15,1
DA:16,5
DA:17,5
DA:18,5
DA:19,5
DA:20,5
DA:21,1
DA:22,1
DA:23,1
DA:24,1
DA:25,1
DA:26,12
DA:27,12
DA:28,12
DA:29,1
DA:30,1
DA:31,1
DA:32,1
DA:33,1
DA:34,1
DA:35,1
DA:36,11
DA:37,12
DA:38,1
DA:39,1
DA:40,1
DA:41,1
DA:42,1
DA:43,1
DA:44,10
DA:45,10
DA:46,12
DA:47,5
DA:48,5
DA:49,5
DA:50,5
DA:51,5
DA:52,5
DA:53,5
DA:54,5
DA:55,5
DA:56,5
DA:57,5
DA:58,5
DA:59,5
DA:60,5
DA:61,5
DA:62,5
DA:63,5
DA:64,5
DA:65,5
DA:66,5
DA:67,0
DA:68,0
DA:69,0
DA:70,0
DA:71,0
DA:72,0
DA:73,0
DA:74,0
DA:75,0
DA:76,0
DA:77,0
DA:78,0
DA:79,0
DA:80,0
DA:81,0
DA:82,0
DA:83,0
DA:84,0
DA:85,0
DA:86,0
DA:87,0
DA:88,0
DA:89,0
DA:90,0
DA:91,0
DA:92,0
DA:93,0
DA:94,0
DA:95,0
DA:96,0
DA:97,0
DA:98,0
DA:99,0
DA:100,0
DA:101,0
DA:102,0
DA:103,0
DA:104,0
DA:105,0
DA:106,0
DA:107,0
DA:108,0
DA:109,0
DA:110,0
DA:111,0
DA:112,12
DA:113,0
DA:114,0
DA:115,0
DA:116,0
DA:117,0
DA:118,0
DA:119,0
DA:120,0
DA:121,0
DA:122,0
DA:123,0
DA:124,0
DA:125,0
DA:126,12
LF:126
LH:58
BRDA:1,0,0,1
BRDA:16,1,0,5
BRDA:18,2,0,15
BRDA:25,3,0,12
BRDA:28,4,0,1
BRDA:36,5,0,11
BRDA:37,6,0,10
BRDA:37,7,0,1
BRDA:44,8,0,10
BRDA:46,9,0,5
BRDA:67,10,0,0
BRDA:112,11,0,0
BRF:12
BRH:10
end_of_record
TN:
SF:src/utils/logger.js
FN:11,addLogToSpan
FN:45,logger
FN:72,logError
FN:106,logWarn
FN:129,logInfo
FNF:5
FNH:5
FNDA:250,addLogToSpan
FNDA:144,logger
FNDA:102,logError
FNDA:2,logWarn
FNDA:2,logInfo
DA:1,1
DA:2,1
DA:3,1
DA:4,1
DA:5,1
DA:6,1
DA:7,1
DA:8,1
DA:9,1
DA:10,1
DA:11,250
DA:12,250
DA:13,0
DA:14,0
DA:15,0
DA:16,0
DA:17,0
DA:18,0
DA:19,0
DA:20,0
DA:21,0
DA:22,0
DA:23,0
DA:24,0
DA:25,0
DA:26,0
DA:27,0
DA:28,0
DA:29,0
DA:30,0
DA:31,0
DA:32,0
DA:33,0
DA:34,0
DA:35,250
DA:36,250
DA:37,250
DA:38,250
DA:39,250
DA:40,1
DA:41,1
DA:42,1
DA:43,1
DA:44,1
DA:45,1
DA:46,144
DA:47,144
DA:48,144
DA:49,144
DA:50,144
DA:51,144
DA:52,144
DA:53,144
DA:54,144
DA:55,144
DA:56,144
DA:57,144
DA:58,144
DA:59,144
DA:60,144
DA:61,144
DA:62,144
DA:63,144
DA:64,144
DA:65,144
DA:66,144
DA:67,144
DA:68,1
DA:69,1
DA:70,1
DA:71,1
DA:72,1
DA:73,102
DA:74,102
DA:75,102
DA:76,102
DA:77,102
DA:78,102
DA:79,102
DA:80,102
DA:81,81
DA:82,81
DA:83,81
DA:84,81
DA:85,102
DA:86,102
DA:87,102
DA:88,102
DA:89,102
DA:90,102
DA:91,102
DA:92,102
DA:93,102
DA:94,0
DA:95,0
DA:96,102
DA:97,0
DA:98,0
DA:99,102
DA:100,102
DA:101,102
DA:102,1
DA:103,1
DA:104,1
DA:105,1
DA:106,1
DA:107,2
DA:108,2
DA:109,2
DA:110,2
DA:111,2
DA:112,2
DA:113,2
DA:114,2
DA:115,2
DA:116,2
DA:117,2
DA:118,2
DA:119,2
DA:120,2
DA:121,2
DA:122,2
DA:123,2
DA:124,2
DA:125,1
DA:126,1
DA:127,1
DA:128,1
DA:129,1
DA:130,2
DA:131,2
DA:132,2
DA:133,2
DA:134,2
DA:135,2
DA:136,2
DA:137,2
DA:138,2
DA:139,2
DA:140,2
DA:141,2
DA:142,2
DA:143,2
DA:144,2
DA:145,2
DA:146,2
DA:147,2
LF:147
LH:121
BRDA:1,0,0,1
BRDA:11,1,0,250
BRDA:13,2,0,0
BRDA:35,3,0,0
BRDA:45,4,0,144
BRDA:72,5,0,102
BRDA:80,6,0,81
BRDA:85,7,0,21
BRDA:93,8,0,0
BRDA:93,9,0,0
BRDA:96,10,0,0
BRDA:106,11,0,2
BRDA:108,12,0,0
BRDA:109,13,0,0
BRDA:129,14,0,2
BRDA:131,15,0,0
BRDA:132,16,0,0
BRF:17
BRH:8
end_of_record
TN:
SF:src/utils/validators.js
FN:116,validateSkuPrice
FN:123,validateSkuPriceUpdate
FN:150,validateCalculateTotal
FN:157,validatePriceHistoryQuery
FN:164,validateSkuId
FN:168,validatePromotionCode
FN:172,validatePromotionCodeCreate
FN:179,validatePromotionCodeUpdate
FN:206,validatePromotionCodeListQuery
FNF:9
FNH:7
FNDA:0,validateSkuPrice
FNDA:10,validateSkuPriceUpdate
FNDA:9,validateCalculateTotal
FNDA:10,validatePriceHistoryQuery
FNDA:46,validateSkuId
FNDA:0,validatePromotionCode
FNDA:8,validatePromotionCodeCreate
FNDA:8,validatePromotionCodeUpdate
FNDA:7,validatePromotionCodeListQuery
DA:1,1
DA:2,1
DA:3,1
DA:4,1
DA:5,1
DA:6,1
DA:7,1
DA:8,1
DA:9,1
DA:10,1
DA:11,1
DA:12,1
DA:13,1
DA:14,1
DA:15,1
DA:16,1
DA:17,1
DA:18,1
DA:19,1
DA:20,1
DA:21,1
DA:22,1
DA:23,1
DA:24,1
DA:25,1
DA:26,1
DA:27,1
DA:28,1
DA:29,1
DA:30,1
DA:31,1
DA:32,1
DA:33,1
DA:34,1
DA:35,1
DA:36,1
DA:37,1
DA:38,1
DA:39,1
DA:40,1
DA:41,1
DA:42,1
DA:43,1
DA:44,1
DA:45,1
DA:46,1
DA:47,1
DA:48,1
DA:49,1
DA:50,1
DA:51,1
DA:52,1
DA:53,1
DA:54,1
DA:55,1
DA:56,1
DA:57,1
DA:58,1
DA:59,1
DA:60,1
DA:61,1
DA:62,1
DA:63,1
DA:64,1
DA:65,1
DA:66,1
DA:67,1
DA:68,1
DA:69,1
DA:70,1
DA:71,1
DA:72,1
DA:73,1
DA:74,1
DA:75,1
DA:76,1
DA:77,1
DA:78,1
DA:79,1
DA:80,1
DA:81,1
DA:82,1
DA:83,1
DA:84,1
DA:85,1
DA:86,1
DA:87,1
DA:88,1
DA:89,1
DA:90,1
DA:91,1
DA:92,1
DA:93,1
DA:94,1
DA:95,1
DA:96,1
DA:97,1
DA:98,1
DA:99,1
DA:100,1
DA:101,1
DA:102,1
DA:103,1
DA:104,1
DA:105,1
DA:106,1
DA:107,1
DA:108,1
DA:109,1
DA:110,1
DA:111,1
DA:112,1
DA:113,1
DA:114,1
DA:115,1
DA:116,1
DA:117,0
DA:118,0
DA:119,0
DA:120,0
DA:121,0
DA:122,1
DA:123,1
DA:124,10
DA:125,10
DA:126,10
DA:127,10
DA:128,10
DA:129,10
DA:130,10
DA:131,10
DA:132,3
DA:133,3
DA:134,3
DA:135,3
DA:136,3
DA:137,3
DA:138,3
DA:139,3
DA:140,3
DA:141,3
DA:142,3
DA:143,3
DA:144,0
DA:145,0
DA:146,7
DA:147,7
DA:148,10
DA:149,1
DA:150,1
DA:151,9
DA:152,9
DA:153,9
DA:154,9
DA:155,9
DA:156,1
DA:157,1
DA:158,10
DA:159,10
DA:160,10
DA:161,10
DA:162,10
DA:163,1
DA:164,1
DA:165,46
DA:166,46
DA:167,1
DA:168,1
DA:169,0
DA:170,0
DA:171,1
DA:172,1
DA:173,8
DA:174,8
DA:175,8
DA:176,8
DA:177,8
DA:178,1
DA:179,1
DA:180,8
DA:181,8
DA:182,8
DA:183,8
DA:184,8
DA:185,8
DA:186,8
DA:187,8
DA:188,2
DA:189,2
DA:190,2
DA:191,2
DA:192,2
DA:193,2
DA:194,2
DA:195,2
DA:196,2
DA:197,2
DA:198,2
DA:199,2
DA:200,0
DA:201,0
DA:202,6
DA:203,6
DA:204,8
DA:205,1
DA:206,1
DA:207,7
DA:208,7
DA:209,7
DA:210,7
DA:211,7
LF:211
LH:200
BRDA:1,0,0,1
BRDA:123,1,0,10
BRDA:131,2,0,3
BRDA:144,3,0,0
BRDA:146,4,0,7
BRDA:133,5,0,3
BRDA:150,6,0,9
BRDA:157,7,0,10
BRDA:164,8,0,46
BRDA:172,9,0,8
BRDA:179,10,0,8
BRDA:187,11,0,2
BRDA:200,12,0,0
BRDA:202,13,0,6
BRDA:189,14,0,2
BRDA:206,15,0,7
BRF:16
BRH:14
end_of_record
