TN:
SF:src/db/db1.js
FN:9,getSkuStock
FN:26,getSkuStocks
FN:47,getProductStock
FN:65,initializeSkuStock
FN:158,updateSkuStock
FN:236,adjustStockQuantity
FN:348,reserveStock
FN:456,releaseStock
FN:581,getStockHistory
FNF:9
FNH:9
FNDA:78,getSkuStock
FNDA:9,getSkuStocks
FNDA:6,getProductStock
FNDA:5,initializeSkuStock
FNDA:5,updateSkuStock
FNDA:13,adjustStockQuantity
FNDA:8,reserveStock
FNDA:9,releaseStock
FNDA:7,getStockHistory
DA:1,1
DA:2,1
DA:3,1
DA:4,1
DA:5,1
DA:6,1
DA:7,1
DA:8,1
DA:9,1
DA:10,78
DA:11,78
DA:12,78
DA:13,78
DA:14,78
DA:15,78
DA:16,78
DA:17,78
DA:18,7
DA:19,7
DA:20,7
DA:21,78
DA:22,1
DA:23,1
DA:24,1
DA:25,1
DA:26,1
DA:27,9
DA:28,9
DA:29,6
DA:30,6
DA:31,6
DA:32,6
DA:33,6
DA:34,6
DA:35,6
DA:36,6
DA:37,9
DA:38,9
DA:39,2
DA:40,2
DA:41,2
DA:42,9
DA:43,1
DA:44,1
DA:45,1
DA:46,1
DA:47,1
DA:48,6
DA:49,6
DA:50,6
DA:51,6
DA:52,6
DA:53,6
DA:54,6
DA:55,6
DA:56,2
DA:57,2
DA:58,2
DA:59,6
DA:60,1
DA:61,1
DA:62,1
DA:63,1
DA:64,1
DA:65,1
DA:66,5
DA:67,5
DA:68,5
DA:69,5
DA:70,5
DA:71,5
DA:72,5
DA:73,5
DA:74,5
DA:75,5
DA:76,5
DA:77,5
DA:78,5
DA:79,5
DA:80,5
DA:81,1
DA:82,1
DA:83,1
DA:84,3
DA:85,3
DA:86,3
DA:87,5
DA:88,5
DA:89,5
DA:90,5
DA:91,5
DA:92,5
DA:93,5
DA:94,5
DA:95,5
DA:96,5
DA:97,5
DA:98,5
DA:99,5
DA:100,5
DA:101,5
DA:102,5
DA:103,5
DA:104,5
DA:105,5
DA:106,5
DA:107,5
DA:108,5
DA:109,5
DA:110,5
DA:111,5
DA:112,5
DA:113,5
DA:114,5
DA:115,5
DA:116,5
DA:117,5
DA:118,5
DA:119,5
DA:120,5
DA:121,5
DA:122,5
DA:123,5
DA:124,5
DA:125,5
DA:126,5
DA:127,5
DA:128,5
DA:129,5
DA:130,5
DA:131,5
DA:132,5
DA:133,5
DA:134,5
DA:135,5
DA:136,5
DA:137,3
DA:138,3
DA:139,3
DA:140,3
DA:141,3
DA:142,3
DA:143,3
DA:144,3
DA:145,3
DA:146,3
DA:147,3
DA:148,5
DA:149,1
DA:150,1
DA:151,1
DA:152,5
DA:153,1
DA:154,1
DA:155,1
DA:156,1
DA:157,1
DA:158,1
DA:159,5
DA:160,5
DA:161,5
DA:162,1
DA:163,1
DA:164,4
DA:165,4
DA:166,4
DA:167,4
DA:168,4
DA:169,4
DA:170,4
DA:171,4
DA:172,4
DA:173,4
DA:174,4
DA:175,4
DA:176,4
DA:177,4
DA:178,4
DA:179,4
DA:180,4
DA:181,4
DA:182,4
DA:183,4
DA:184,4
DA:185,4
DA:186,4
DA:187,4
DA:188,4
DA:189,4
DA:190,4
DA:191,4
DA:192,4
DA:193,4
DA:194,5
DA:195,5
DA:196,5
DA:197,5
DA:198,5
DA:199,5
DA:200,5
DA:201,5
DA:202,5
DA:203,5
DA:204,5
DA:205,5
DA:206,5
DA:207,5
DA:208,5
DA:209,5
DA:210,5
DA:211,5
DA:212,5
DA:213,5
DA:214,5
DA:215,5
DA:216,5
DA:217,5
DA:218,5
DA:219,5
DA:220,5
DA:221,5
DA:222,3
DA:223,3
DA:224,3
DA:225,5
DA:226,2
DA:227,2
DA:228,2
DA:229,5
DA:230,1
DA:231,1
DA:232,1
DA:233,1
DA:234,1
DA:235,1
DA:236,1
DA:237,13
DA:238,13
DA:239,13
DA:240,13
DA:241,13
DA:242,13
DA:243,13
DA:244,13
DA:245,13
DA:246,13
DA:247,13
DA:248,1
DA:249,1
DA:250,11
DA:251,11
DA:252,13
DA:253,1
DA:254,1
DA:255,1
DA:256,1
DA:257,10
DA:258,10
DA:259,10
DA:260,10
DA:261,10
DA:262,10
DA:263,10
DA:264,10
DA:265,10
DA:266,10
DA:267,10
DA:268,13
DA:269,13
DA:270,13
DA:271,13
DA:272,13
DA:273,13
DA:274,13
DA:275,13
DA:276,13
DA:277,13
DA:278,13
DA:279,13
DA:280,13
DA:281,13
DA:282,13
DA:283,13
DA:284,13
DA:285,13
DA:286,13
DA:287,13
DA:288,13
DA:289,13
DA:290,13
DA:291,13
DA:292,13
DA:293,13
DA:294,13
DA:295,13
DA:296,13
DA:297,13
DA:298,13
DA:299,13
DA:300,13
DA:301,13
DA:302,13
DA:303,13
DA:304,13
DA:305,13
DA:306,13
DA:307,13
DA:308,13
DA:309,13
DA:310,13
DA:311,13
DA:312,13
DA:313,13
DA:314,13
DA:315,13
DA:316,9
DA:317,9
DA:318,9
DA:319,13
DA:320,0
DA:321,0
DA:322,0
DA:323,0
DA:324,0
DA:325,9
DA:326,9
DA:327,9
DA:328,9
DA:329,9
DA:330,9
DA:331,9
DA:332,9
DA:333,9
DA:334,9
DA:335,13
DA:336,4
DA:337,4
DA:338,4
DA:339,4
DA:340,4
DA:341,4
DA:342,13
DA:343,1
DA:344,1
DA:345,1
DA:346,1
DA:347,1
DA:348,1
DA:349,8
DA:350,8
DA:351,8
DA:352,8
DA:353,8
DA:354,8
DA:355,8
DA:356,8
DA:357,8
DA:358,8
DA:359,2
DA:360,2
DA:361,6
DA:362,6
DA:363,8
DA:364,2
DA:365,2
DA:366,2
DA:367,2
DA:368,4
DA:369,4
DA:370,4
DA:371,4
DA:372,4
DA:373,4
DA:374,4
DA:375,4
DA:376,4
DA:377,4
DA:378,4
DA:379,4
DA:380,4
DA:381,4
DA:382,4
DA:383,4
DA:384,4
DA:385,4
DA:386,8
DA:387,8
DA:388,8
DA:389,8
DA:390,8
DA:391,8
DA:392,8
DA:393,8
DA:394,8
DA:395,8
DA:396,8
DA:397,8
DA:398,8
DA:399,8
DA:400,8
DA:401,8
DA:402,8
DA:403,8
DA:404,8
DA:405,8
DA:406,8
DA:407,8
DA:408,8
DA:409,8
DA:410,8
DA:411,8
DA:412,8
DA:413,8
DA:414,8
DA:415,8
DA:416,8
DA:417,8
DA:418,8
DA:419,8
DA:420,8
DA:421,8
DA:422,8
DA:423,8
DA:424,4
DA:425,4
DA:426,4
DA:427,8
DA:428,1
DA:429,1
DA:430,1
DA:431,1
DA:432,3
DA:433,3
DA:434,3
DA:435,3
DA:436,3
DA:437,3
DA:438,3
DA:439,3
DA:440,3
DA:441,3
DA:442,8
DA:443,5
DA:444,5
DA:445,5
DA:446,5
DA:447,5
DA:448,5
DA:449,5
DA:450,8
DA:451,1
DA:452,1
DA:453,1
DA:454,1
DA:455,1
DA:456,1
DA:457,9
DA:458,9
DA:459,9
DA:460,9
DA:461,9
DA:462,9
DA:463,9
DA:464,9
DA:465,9
DA:466,9
DA:467,9
DA:468,9
DA:469,9
DA:470,9
DA:471,9
DA:472,2
DA:473,2
DA:474,7
DA:475,9
DA:476,1
DA:477,1
DA:478,1
DA:479,1
DA:480,6
DA:481,9
DA:482,9
DA:483,1
DA:484,1
DA:485,1
DA:486,1
DA:487,5
DA:488,5
DA:489,9
DA:490,0
DA:491,0
DA:492,4
DA:493,4
DA:494,4
DA:495,4
DA:496,4
DA:497,4
DA:498,4
DA:499,4
DA:500,4
DA:501,4
DA:502,4
DA:503,4
DA:504,4
DA:505,4
DA:506,4
DA:507,4
DA:508,4
DA:509,4
DA:510,4
DA:511,4
DA:512,4
DA:513,9
DA:514,9
DA:515,9
DA:516,9
DA:517,9
DA:518,9
DA:519,3
DA:520,3
DA:521,3
DA:522,3
DA:523,3
DA:524,3
DA:525,9
DA:526,1
DA:527,1
DA:528,1
DA:529,1
DA:530,1
DA:531,9
DA:532,9
DA:533,9
DA:534,9
DA:535,9
DA:536,9
DA:537,9
DA:538,9
DA:539,9
DA:540,9
DA:541,9
DA:542,9
DA:543,9
DA:544,9
DA:545,9
DA:546,9
DA:547,9
DA:548,9
DA:549,9
DA:550,9
DA:551,9
DA:552,9
DA:553,9
DA:554,9
DA:555,9
DA:556,9
DA:557,9
DA:558,4
DA:559,4
DA:560,4
DA:561,4
DA:562,4
DA:563,4
DA:564,4
DA:565,4
DA:566,4
DA:567,4
DA:568,9
DA:569,5
DA:570,5
DA:571,5
DA:572,5
DA:573,5
DA:574,5
DA:575,5
DA:576,9
DA:577,1
DA:578,1
DA:579,1
DA:580,1
DA:581,1
DA:582,7
DA:583,7
DA:584,7
DA:585,7
DA:586,7
DA:587,7
DA:588,7
DA:589,7
DA:590,7
DA:591,7
DA:592,7
DA:593,7
DA:594,5
DA:595,5
DA:596,5
DA:597,5
DA:598,5
DA:599,5
DA:600,5
DA:601,5
DA:602,7
DA:603,7
DA:604,7
DA:605,7
DA:606,7
DA:607,7
DA:608,2
DA:609,2
DA:610,2
DA:611,7
LF:611
LH:604
BRDA:1,0,0,1
BRDA:9,1,0,78
BRDA:16,2,0,71
BRDA:16,3,0,11
BRDA:17,4,0,7
BRDA:26,5,0,9
BRDA:28,6,0,8
BRDA:28,7,0,3
BRDA:29,8,0,6
BRDA:37,9,0,4
BRDA:37,10,0,0
BRDA:38,11,0,2
BRDA:31,12,0,11
BRDA:47,13,0,6
BRDA:54,14,0,4
BRDA:54,15,0,0
BRDA:55,16,0,2
BRDA:65,17,0,5
BRDA:80,18,0,4
BRDA:80,19,0,1
BRDA:84,20,0,3
BRDA:87,21,0,0
BRDA:137,22,0,3
BRDA:148,23,0,1
BRDA:158,24,0,5
BRDA:161,25,0,1
BRDA:164,26,0,4
BRDA:194,27,0,0
BRDA:218,28,0,0
BRDA:222,29,0,3
BRDA:225,30,0,2
BRDA:236,31,0,13
BRDA:247,32,0,12
BRDA:247,33,0,1
BRDA:250,34,0,11
BRDA:252,35,0,1
BRDA:257,36,0,10
BRDA:266,37,0,0
BRDA:268,38,0,0
BRDA:284,39,0,0
BRDA:304,40,0,4
BRDA:304,41,0,6
BRDA:312,42,0,0
BRDA:316,43,0,9
BRDA:319,44,0,0
BRDA:325,45,0,9
BRDA:335,46,0,4
BRDA:348,47,0,8
BRDA:358,48,0,2
BRDA:361,49,0,6
BRDA:363,50,0,2
BRDA:368,51,0,4
BRDA:386,52,0,0
BRDA:420,53,0,0
BRDA:424,54,0,4
BRDA:427,55,0,1
BRDA:432,56,0,3
BRDA:442,57,0,5
BRDA:456,58,0,9
BRDA:471,59,0,2
BRDA:474,60,0,7
BRDA:475,61,0,1
BRDA:480,62,0,6
BRDA:481,63,0,2
BRDA:482,64,0,1
BRDA:487,65,0,5
BRDA:489,66,0,4
BRDA:489,67,0,0
BRDA:492,68,0,4
BRDA:513,69,0,0
BRDA:518,70,0,3
BRDA:525,71,0,1
BRDA:554,72,0,0
BRDA:558,73,0,4
BRDA:568,74,0,5
BRDA:581,75,0,7
BRDA:594,76,0,5
BRDA:602,77,0,0
BRDA:605,78,0,5
BRDA:605,79,0,1
BRDA:607,80,0,2
BRF:81
BRH:65
end_of_record
TN:
SF:src/handlers/inventoryHandlers.js
FN:9,getStock
FN:53,initializeStock
FN:102,updateStock
FN:139,adjustStock
FN:195,reserveStock
FN:251,releaseStock
FN:305,getHistory
FN:343,getProductStock
FN:375,checkAvailability
FNF:9
FNH:9
FNDA:5,getStock
FNDA:3,initializeStock
FNDA:3,updateStock
FNDA:4,adjustStock
FNDA:6,reserveStock
FNDA:7,releaseStock
FNDA:4,getHistory
FNDA:4,getProductStock
FNDA:4,checkAvailability
DA:1,1
DA:2,1
DA:3,1
DA:4,1
DA:5,1
DA:6,1
DA:7,1
DA:8,1
DA:9,1
DA:10,5
DA:11,5
DA:12,5
DA:13,5
DA:14,5
DA:15,5
DA:16,1
DA:17,1
DA:18,1
DA:19,1
DA:20,1
DA:21,1
DA:22,1
DA:23,1
DA:24,4
DA:25,4
DA:26,3
DA:27,5
DA:28,1
DA:29,1
DA:30,1
DA:31,1
DA:32,1
DA:33,1
DA:34,1
DA:35,1
DA:36,2
DA:37,2
DA:38,2
DA:39,2
DA:40,2
DA:41,5
DA:42,1
DA:43,1
DA:44,1
DA:45,1
DA:46,1
DA:47,1
DA:48,5
DA:49,1
DA:50,1
DA:51,1
DA:52,1
DA:53,1
DA:54,3
DA:55,3
DA:56,3
DA:57,3
DA:58,3
DA:59,3
DA:60,1
DA:61,1
DA:62,1
DA:63,1
DA:64,1
DA:65,1
DA:66,1
DA:67,1
DA:68,2
DA:69,2
DA:70,1
DA:71,1
DA:72,3
DA:73,3
DA:74,3
DA:75,3
DA:76,3
DA:77,3
DA:78,3
DA:79,3
DA:80,3
DA:81,3
DA:82,3
DA:83,3
DA:84,3
DA:85,1
DA:86,1
DA:87,1
DA:88,1
DA:89,1
DA:90,1
DA:91,1
DA:92,1
DA:93,1
DA:94,1
DA:95,1
DA:96,1
DA:97,3
DA:98,1
DA:99,1
DA:100,1
DA:101,1
DA:102,1
DA:103,3
DA:104,3
DA:105,3
DA:106,3
DA:107,3
DA:108,3
DA:109,1
DA:110,1
DA:111,1
DA:112,1
DA:113,1
DA:114,1
DA:115,1
DA:116,1
DA:117,2
DA:118,2
DA:119,3
DA:120,3
DA:121,3
DA:122,1
DA:123,1
DA:124,1
DA:125,1
DA:126,1
DA:127,1
DA:128,1
DA:129,1
DA:130,1
DA:131,1
DA:132,1
DA:133,1
DA:134,3
DA:135,1
DA:136,1
DA:137,1
DA:138,1
DA:139,1
DA:140,4
DA:141,4
DA:142,4
DA:143,4
DA:144,4
DA:145,4
DA:146,0
DA:147,0
DA:148,0
DA:149,0
DA:150,0
DA:151,0
DA:152,0
DA:153,0
DA:154,4
DA:155,4
DA:156,4
DA:157,4
DA:158,4
DA:159,4
DA:160,1
DA:161,1
DA:162,1
DA:163,1
DA:164,1
DA:165,1
DA:166,1
DA:167,1
DA:168,2
DA:169,2
DA:170,2
DA:171,2
DA:172,2
DA:173,2
DA:174,2
DA:175,2
DA:176,2
DA:177,1
DA:178,1
DA:179,1
DA:180,1
DA:181,1
DA:182,4
DA:183,2
DA:184,2
DA:185,2
DA:186,2
DA:187,2
DA:188,2
DA:189,2
DA:190,4
DA:191,1
DA:192,1
DA:193,1
DA:194,1
DA:195,1
DA:196,6
DA:197,6
DA:198,6
DA:199,6
DA:200,6
DA:201,6
DA:202,0
DA:203,0
DA:204,0
DA:205,0
DA:206,0
DA:207,0
DA:208,0
DA:209,0
DA:210,6
DA:211,6
DA:212,6
DA:213,6
DA:214,6
DA:215,6
DA:216,1
DA:217,1
DA:218,1
DA:219,1
DA:220,1
DA:221,1
DA:222,1
DA:223,1
DA:224,3
DA:225,3
DA:226,3
DA:227,3
DA:228,3
DA:229,3
DA:230,3
DA:231,3
DA:232,3
DA:233,1
DA:234,1
DA:235,1
DA:236,1
DA:237,1
DA:238,6
DA:239,4
DA:240,4
DA:241,4
DA:242,4
DA:243,4
DA:244,4
DA:245,4
DA:246,6
DA:247,1
DA:248,1
DA:249,1
DA:250,1
DA:251,1
DA:252,7
DA:253,7
DA:254,7
DA:255,7
DA:256,7
DA:257,7
DA:258,0
DA:259,0
DA:260,0
DA:261,0
DA:262,0
DA:263,0
DA:264,0
DA:265,0
DA:266,7
DA:267,7
DA:268,7
DA:269,7
DA:270,7
DA:271,7
DA:272,2
DA:273,2
DA:274,2
DA:275,2
DA:276,2
DA:277,2
DA:278,2
DA:279,2
DA:280,3
DA:281,3
DA:282,3
DA:283,3
DA:284,3
DA:285,3
DA:286,3
DA:287,3
DA:288,1
DA:289,1
DA:290,1
DA:291,1
DA:292,1
DA:293,7
DA:294,4
DA:295,4
DA:296,4
DA:297,4
DA:298,4
DA:299,4
DA:300,7
DA:301,1
DA:302,1
DA:303,1
DA:304,1
DA:305,1
DA:306,4
DA:307,4
DA:308,4
DA:309,4
DA:310,4
DA:311,4
DA:312,0
DA:313,0
DA:314,0
DA:315,0
DA:316,0
DA:317,0
DA:318,0
DA:319,0
DA:320,4
DA:321,4
DA:322,4
DA:323,4
DA:324,4
DA:325,4
DA:326,3
DA:327,3
DA:328,3
DA:329,3
DA:330,3
DA:331,4
DA:332,1
DA:333,1
DA:334,1
DA:335,1
DA:336,1
DA:337,1
DA:338,4
DA:339,1
DA:340,1
DA:341,1
DA:342,1
DA:343,1
DA:344,4
DA:345,4
DA:346,4
DA:347,4
DA:348,1
DA:349,1
DA:350,1
DA:351,1
DA:352,1
DA:353,1
DA:354,1
DA:355,1
DA:356,3
DA:357,3
DA:358,2
DA:359,2
DA:360,2
DA:361,2
DA:362,2
DA:363,4
DA:364,1
DA:365,1
DA:366,1
DA:367,1
DA:368,1
DA:369,1
DA:370,4
DA:371,1
DA:372,1
DA:373,1
DA:374,1
DA:375,1
DA:376,4
DA:377,4
DA:378,4
DA:379,4
DA:380,4
DA:381,2
DA:382,2
DA:383,2
DA:384,2
DA:385,2
DA:386,2
DA:387,2
DA:388,2
DA:389,2
DA:390,2
DA:391,1
DA:392,1
DA:393,1
DA:394,1
DA:395,1
DA:396,1
DA:397,1
DA:398,1
DA:399,1
DA:400,1
DA:401,1
DA:402,1
DA:403,4
LF:403
LH:371
BRDA:1,0,0,1
BRDA:9,1,0,5
BRDA:15,2,0,1
BRDA:19,3,0,0
BRDA:24,4,0,4
BRDA:26,5,0,3
BRDA:27,6,0,1
BRDA:36,7,0,2
BRDA:41,8,0,1
BRDA:53,9,0,3
BRDA:59,10,0,1
BRDA:63,11,0,0
BRDA:68,12,0,2
BRDA:70,13,0,1
BRDA:72,14,0,0
BRDA:77,15,0,0
BRDA:78,16,0,0
BRDA:79,17,0,1
BRDA:79,18,0,0
BRDA:80,19,0,1
BRDA:81,20,0,1
BRDA:85,21,0,1
BRDA:102,22,0,3
BRDA:108,23,0,1
BRDA:112,24,0,0
BRDA:117,25,0,2
BRDA:119,26,0,1
BRDA:119,27,0,0
BRDA:122,28,0,1
BRDA:139,29,0,4
BRDA:145,30,0,0
BRDA:156,31,0,3
BRDA:156,32,0,0
BRDA:159,33,0,2
BRDA:159,34,0,1
BRDA:168,35,0,2
BRDA:177,36,0,1
BRDA:182,37,0,2
BRDA:184,38,0,1
BRDA:184,39,0,1
BRDA:195,40,0,6
BRDA:201,41,0,0
BRDA:212,42,0,4
BRDA:212,43,0,0
BRDA:215,44,0,3
BRDA:215,45,0,1
BRDA:224,46,0,3
BRDA:233,47,0,1
BRDA:238,48,0,4
BRDA:240,49,0,1
BRDA:240,50,0,3
BRDA:251,51,0,7
BRDA:257,52,0,0
BRDA:268,53,0,5
BRDA:268,54,0,0
BRDA:271,55,0,2
BRDA:280,56,0,3
BRDA:288,57,0,1
BRDA:293,58,0,4
BRDA:305,59,0,4
BRDA:311,60,0,0
BRDA:322,61,0,3
BRDA:323,62,0,3
BRDA:326,63,0,3
BRDA:331,64,0,1
BRDA:343,65,0,4
BRDA:347,66,0,1
BRDA:356,67,0,3
BRDA:358,68,0,2
BRDA:363,69,0,1
BRDA:375,70,0,4
BRDA:380,71,0,3
BRDA:380,72,0,2
BRDA:380,73,0,2
BRDA:391,74,0,1
BRF:75
BRH:60
end_of_record
TN:
SF:src/handlers/webhookHandlers.js
FN:10,handlePaymentStatusWebhook
FNF:1
FNH:1
FNDA:10,handlePaymentStatusWebhook
DA:1,1
DA:2,1
DA:3,1
DA:4,1
DA:5,1
DA:6,1
DA:7,1
DA:8,1
DA:9,1
DA:10,1
DA:11,10
DA:12,10
DA:13,10
DA:14,10
DA:15,10
DA:16,1
DA:17,1
DA:18,1
DA:19,1
DA:20,1
DA:21,1
DA:22,1
DA:23,1
DA:24,9
DA:25,9
DA:26,9
DA:27,9
DA:28,10
DA:29,2
DA:30,2
DA:31,2
DA:32,2
DA:33,2
DA:34,2
DA:35,2
DA:36,2
DA:37,2
DA:38,7
DA:39,7
DA:40,10
DA:41,5
DA:42,5
DA:43,5
DA:44,9
DA:45,2
DA:46,2
DA:47,7
DA:48,7
DA:49,7
DA:50,7
DA:51,7
DA:52,7
DA:53,9
DA:54,9
DA:55,9
DA:56,5
DA:57,5
DA:58,9
DA:59,9
DA:60,9
DA:61,9
DA:62,9
DA:63,9
DA:64,2
DA:65,2
DA:66,2
DA:67,2
DA:68,2
DA:69,2
DA:70,2
DA:71,2
DA:72,2
DA:73,2
DA:74,2
DA:75,2
DA:76,9
DA:77,5
DA:78,5
DA:79,5
DA:80,5
DA:81,5
DA:82,5
DA:83,5
DA:84,5
DA:85,5
DA:86,5
DA:87,5
DA:88,5
DA:89,10
DA:90,2
DA:91,2
DA:92,2
DA:93,2
DA:94,2
DA:95,2
DA:96,2
DA:97,2
DA:98,2
DA:99,2
DA:100,2
DA:101,10
DA:102,0
DA:103,0
DA:104,0
DA:105,0
DA:106,0
DA:107,0
DA:108,0
DA:109,0
DA:110,0
DA:111,0
DA:112,0
DA:113,10
LF:113
LH:102
BRDA:1,0,0,1
BRDA:10,1,0,10
BRDA:15,2,0,9
BRDA:15,3,0,1
BRDA:24,4,0,9
BRDA:28,5,0,8
BRDA:28,6,0,7
BRDA:28,7,0,2
BRDA:38,8,0,7
BRDA:40,9,0,5
BRDA:43,10,0,9
BRDA:44,11,0,8
BRDA:44,12,0,2
BRDA:47,13,0,7
BRDA:53,14,0,1
BRDA:53,15,0,1
BRDA:56,16,0,5
BRDA:58,17,0,1
BRDA:63,18,0,2
BRDA:71,19,0,1
BRDA:89,20,0,2
BRDA:101,21,0,0
BRF:22
BRH:21
end_of_record
TN:
SF:src/middleware/adminAuth.js
FN:13,requireAdmin
FN:99,requireServiceOrAdmin
FNF:2
FNH:2
FNDA:13,requireAdmin
FNDA:5,requireServiceOrAdmin
DA:1,1
DA:2,1
DA:3,1
DA:4,1
DA:5,1
DA:6,1
DA:7,1
DA:8,1
DA:9,1
DA:10,1
DA:11,1
DA:12,1
DA:13,1
DA:14,13
DA:15,13
DA:16,13
DA:17,13
DA:18,3
DA:19,3
DA:20,3
DA:21,3
DA:22,3
DA:23,3
DA:24,3
DA:25,3
DA:26,9
DA:27,9
DA:28,9
DA:29,13
DA:30,1
DA:31,1
DA:32,1
DA:33,1
DA:34,1
DA:35,1
DA:36,1
DA:37,8
DA:38,8
DA:39,13
DA:40,1
DA:41,1
DA:42,1
DA:43,1
DA:44,1
DA:45,1
DA:46,1
DA:47,1
DA:48,7
DA:49,7
DA:50,13
DA:51,3
DA:52,3
DA:53,3
DA:54,3
DA:55,3
DA:56,3
DA:57,3
DA:58,4
DA:59,4
DA:60,13
DA:61,13
DA:62,1
DA:63,1
DA:64,1
DA:65,1
DA:66,1
DA:67,1
DA:68,1
DA:69,1
DA:70,1
DA:71,1
DA:72,1
DA:73,3
DA:74,3
DA:75,3
DA:76,3
DA:77,13
DA:78,13
DA:79,13
DA:80,13
DA:81,13
DA:82,13
DA:83,13
DA:84,1
DA:85,1
DA:86,1
DA:87,1
DA:88,1
DA:89,1
DA:90,1
DA:91,1
DA:92,13
DA:93,1
DA:94,1
DA:95,1
DA:96,1
DA:97,1
DA:98,1
DA:99,1
DA:100,5
DA:101,5
DA:102,5
DA:103,5
DA:104,1
DA:105,1
DA:106,1
DA:107,1
DA:108,1
DA:109,1
DA:110,1
DA:111,1
DA:112,1
DA:113,1
DA:114,3
DA:115,3
DA:116,3
DA:117,5
DA:118,1
DA:119,1
DA:120,1
DA:121,1
DA:122,1
DA:123,1
DA:124,1
DA:125,1
DA:126,5
LF:126
LH:126
BRDA:1,0,0,1
BRDA:13,1,0,13
BRDA:17,2,0,10
BRDA:17,3,0,3
BRDA:26,4,0,9
BRDA:29,5,0,1
BRDA:37,6,0,8
BRDA:39,7,0,1
BRDA:48,8,0,7
BRDA:50,9,0,3
BRDA:58,10,0,4
BRDA:60,11,0,0
BRDA:61,12,0,2
BRDA:61,13,0,1
BRDA:73,14,0,3
BRDA:77,15,0,0
BRDA:77,16,0,0
BRDA:83,17,0,1
BRDA:99,18,0,5
BRDA:103,19,0,1
BRDA:114,20,0,3
BRDA:117,21,0,1
BRF:22
BRH:19
end_of_record
TN:
SF:src/middleware/cors.js
FN:7,handleCORS
FN:27,addCORSHeaders
FN:62,withCORS
FNF:3
FNH:3
FNDA:3,handleCORS
FNDA:7,addCORSHeaders
FNDA:3,withCORS
DA:1,1
DA:2,1
DA:3,1
DA:4,1
DA:5,1
DA:6,1
DA:7,1
DA:8,3
DA:9,3
DA:10,3
DA:11,3
DA:12,3
DA:13,3
DA:14,3
DA:15,3
DA:16,3
DA:17,3
DA:18,3
DA:19,3
DA:20,3
DA:21,3
DA:22,3
DA:23,1
DA:24,1
DA:25,1
DA:26,1
DA:27,1
DA:28,7
DA:29,1
DA:30,1
DA:31,6
DA:32,6
DA:33,7
DA:34,7
DA:35,7
DA:36,7
DA:37,7
DA:38,7
DA:39,7
DA:40,7
DA:41,7
DA:42,7
DA:43,7
DA:44,7
DA:45,7
DA:46,7
DA:47,3
DA:48,3
DA:49,6
DA:50,6
DA:51,6
DA:52,6
DA:53,6
DA:54,6
DA:55,6
DA:56,7
DA:57,1
DA:58,1
DA:59,1
DA:60,1
DA:61,1
DA:62,1
DA:63,3
DA:64,3
DA:65,3
DA:66,1
DA:67,1
DA:68,2
DA:69,2
DA:70,2
DA:71,2
DA:72,2
DA:73,2
DA:74,3
DA:75,3
LF:75
LH:75
BRDA:1,0,0,1
BRDA:7,1,0,3
BRDA:9,2,0,1
BRDA:18,3,0,2
BRDA:18,4,0,1
BRDA:27,5,0,7
BRDA:28,6,0,1
BRDA:31,7,0,6
BRDA:33,8,0,3
BRDA:46,9,0,3
BRDA:49,10,0,6
BRDA:62,11,0,3
BRDA:63,12,0,3
BRDA:65,13,0,1
BRDA:68,14,0,2
BRF:15
BRH:15
end_of_record
TN:
SF:src/middleware/validate.js
FN:7,validateBody
FN:100,validateQuery
FNF:2
FNH:2
FNDA:4,validateBody
FNDA:3,validateQuery
DA:1,1
DA:2,1
DA:3,1
DA:4,1
DA:5,1
DA:6,1
DA:7,1
DA:8,4
DA:9,4
DA:10,4
DA:11,4
DA:12,4
DA:13,3
DA:14,3
DA:15,3
DA:16,3
DA:17,3
DA:18,3
DA:19,3
DA:20,3
DA:21,3
DA:22,3
DA:23,3
DA:24,1
DA:25,1
DA:26,1
DA:27,1
DA:28,1
DA:29,4
DA:30,0
DA:31,0
DA:32,0
DA:33,0
DA:34,0
DA:35,0
DA:36,0
DA:37,0
DA:38,0
DA:39,0
DA:40,0
DA:41,0
DA:42,0
DA:43,0
DA:44,0
DA:45,0
DA:46,0
DA:47,0
DA:48,0
DA:49,0
DA:50,0
DA:51,0
DA:52,0
DA:53,0
DA:54,0
DA:55,0
DA:56,0
DA:57,0
DA:58,0
DA:59,0
DA:60,1
DA:61,1
DA:62,1
DA:63,1
DA:64,1
DA:65,1
DA:66,1
DA:67,1
DA:68,1
DA:69,1
DA:70,1
DA:71,1
DA:72,1
DA:73,1
DA:74,1
DA:75,1
DA:76,1
DA:77,1
DA:78,1
DA:79,1
DA:80,1
DA:81,0
DA:82,0
DA:83,0
DA:84,0
DA:85,0
DA:86,0
DA:87,0
DA:88,0
DA:89,0
DA:90,0
DA:91,0
DA:92,0
DA:93,0
DA:94,4
DA:95,4
DA:96,1
DA:97,1
DA:98,1
DA:99,1
DA:100,1
DA:101,3
DA:102,3
DA:103,3
DA:104,3
DA:105,3
DA:106,3
DA:107,3
DA:108,3
DA:109,3
DA:110,3
DA:111,3
DA:112,3
DA:113,3
DA:114,3
DA:115,3
DA:116,1
DA:117,1
DA:118,1
DA:119,1
DA:120,1
DA:121,1
DA:122,1
DA:123,1
DA:124,1
DA:125,1
DA:126,1
DA:127,1
DA:128,1
DA:129,2
DA:130,2
DA:131,2
DA:132,3
DA:133,3
LF:133
LH:90
BRDA:1,0,0,1
BRDA:7,1,0,4
BRDA:8,2,0,4
BRDA:12,3,0,3
BRDA:14,4,0,0
BRDA:24,5,0,1
BRDA:29,6,0,0
BRDA:60,7,0,1
BRDA:81,8,0,0
BRDA:72,9,0,1
BRDA:100,10,0,3
BRDA:101,11,0,3
BRDA:115,12,0,1
BRDA:129,13,0,2
BRDA:120,14,0,1
BRF:15
BRH:12
end_of_record
TN:
SF:src/routers/inventory.js
FN:422,handle
FNF:1
FNH:1
FNDA:16,handle
DA:1,1
DA:2,1
DA:3,1
DA:4,1
DA:5,1
DA:6,1
DA:7,1
DA:8,1
DA:9,1
DA:10,1
DA:11,1
DA:12,1
DA:13,1
DA:14,1
DA:15,1
DA:16,1
DA:17,1
DA:18,1
DA:19,1
DA:20,1
DA:21,1
DA:22,1
DA:23,1
DA:24,1
DA:25,1
DA:26,1
DA:27,1
DA:28,1
DA:29,1
DA:30,1
DA:31,1
DA:32,1
DA:33,1
DA:34,1
DA:35,1
DA:36,1
DA:37,1
DA:38,1
DA:39,0
DA:40,0
DA:41,0
DA:42,0
DA:43,0
DA:44,0
DA:45,0
DA:46,0
DA:47,0
DA:48,0
DA:49,0
DA:50,0
DA:51,1
DA:52,1
DA:53,1
DA:54,1
DA:55,1
DA:56,1
DA:57,0
DA:58,0
DA:59,0
DA:60,0
DA:61,0
DA:62,0
DA:63,0
DA:64,0
DA:65,0
DA:66,0
DA:67,0
DA:68,0
DA:69,1
DA:70,1
DA:71,1
DA:72,1
DA:73,1
DA:74,1
DA:75,0
DA:76,0
DA:77,0
DA:78,0
DA:79,0
DA:80,0
DA:81,0
DA:82,0
DA:83,0
DA:84,0
DA:85,0
DA:86,0
DA:87,1
DA:88,1
DA:89,1
DA:90,1
DA:91,1
DA:92,3
DA:93,3
DA:94,3
DA:95,3
DA:96,3
DA:97,3
DA:98,3
DA:99,3
DA:100,3
DA:101,3
DA:102,3
DA:103,3
DA:104,3
DA:105,3
DA:106,3
DA:107,3
DA:108,3
DA:109,3
DA:110,3
DA:111,3
DA:112,3
DA:113,3
DA:114,3
DA:115,0
DA:116,0
DA:117,0
DA:118,0
DA:119,0
DA:120,0
DA:121,0
DA:122,0
DA:123,0
DA:124,0
DA:125,0
DA:126,0
DA:127,0
DA:128,0
DA:129,0
DA:130,0
DA:131,0
DA:132,0
DA:133,0
DA:134,0
DA:135,0
DA:136,0
DA:137,0
DA:138,0
DA:139,0
DA:140,0
DA:141,0
DA:142,0
DA:143,0
DA:144,0
DA:145,0
DA:146,0
DA:147,0
DA:148,0
DA:149,0
DA:150,0
DA:151,3
DA:152,3
DA:153,3
DA:154,0
DA:155,0
DA:156,0
DA:157,0
DA:158,0
DA:159,0
DA:160,0
DA:161,0
DA:162,0
DA:163,1
DA:164,1
DA:165,1
DA:166,1
DA:167,1
DA:168,1
DA:169,1
DA:170,1
DA:171,1
DA:172,1
DA:173,1
DA:174,1
DA:175,1
DA:176,1
DA:177,1
DA:178,1
DA:179,1
DA:180,1
DA:181,1
DA:182,1
DA:183,1
DA:184,1
DA:185,1
DA:186,1
DA:187,1
DA:188,1
DA:189,1
DA:190,1
DA:191,1
DA:192,0
DA:193,0
DA:194,0
DA:195,0
DA:196,0
DA:197,0
DA:198,0
DA:199,0
DA:200,0
DA:201,0
DA:202,0
DA:203,0
DA:204,0
DA:205,0
DA:206,0
DA:207,0
DA:208,0
DA:209,0
DA:210,0
DA:211,0
DA:212,0
DA:213,0
DA:214,0
DA:215,0
DA:216,0
DA:217,0
DA:218,0
DA:219,0
DA:220,0
DA:221,0
DA:222,0
DA:223,0
DA:224,0
DA:225,0
DA:226,0
DA:227,0
DA:228,0
DA:229,0
DA:230,0
DA:231,0
DA:232,0
DA:233,0
DA:234,0
DA:235,0
DA:236,0
DA:237,0
DA:238,0
DA:239,0
DA:240,0
DA:241,0
DA:242,0
DA:243,0
DA:244,0
DA:245,0
DA:246,0
DA:247,0
DA:248,0
DA:249,0
DA:250,1
DA:251,1
DA:252,1
DA:253,1
DA:254,1
DA:255,1
DA:256,1
DA:257,0
DA:258,0
DA:259,0
DA:260,0
DA:261,0
DA:262,0
DA:263,0
DA:264,0
DA:265,0
DA:266,0
DA:267,0
DA:268,0
DA:269,0
DA:270,0
DA:271,0
DA:272,0
DA:273,0
DA:274,0
DA:275,0
DA:276,0
DA:277,0
DA:278,0
DA:279,0
DA:280,0
DA:281,0
DA:282,0
DA:283,0
DA:284,0
DA:285,0
DA:286,1
DA:287,1
DA:288,1
DA:289,1
DA:290,1
DA:291,1
DA:292,1
DA:293,1
DA:294,0
DA:295,0
DA:296,0
DA:297,0
DA:298,0
DA:299,0
DA:300,0
DA:301,0
DA:302,0
DA:303,0
DA:304,0
DA:305,0
DA:306,0
DA:307,0
DA:308,0
DA:309,0
DA:310,0
DA:311,0
DA:312,0
DA:313,0
DA:314,0
DA:315,0
DA:316,0
DA:317,0
DA:318,0
DA:319,0
DA:320,0
DA:321,0
DA:322,0
DA:323,1
DA:324,1
DA:325,1
DA:326,1
DA:327,1
DA:328,1
DA:329,1
DA:330,1
DA:331,2
DA:332,2
DA:333,2
DA:334,2
DA:335,2
DA:336,2
DA:337,2
DA:338,0
DA:339,0
DA:340,0
DA:341,0
DA:342,0
DA:343,0
DA:344,0
DA:345,0
DA:346,0
DA:347,0
DA:348,0
DA:349,0
DA:350,0
DA:351,1
DA:352,1
DA:353,1
DA:354,1
DA:355,1
DA:356,1
DA:357,1
DA:358,1
DA:359,3
DA:360,3
DA:361,3
DA:362,3
DA:363,3
DA:364,3
DA:365,0
DA:366,0
DA:367,0
DA:368,0
DA:369,0
DA:370,0
DA:371,0
DA:372,0
DA:373,0
DA:374,0
DA:375,0
DA:376,0
DA:377,1
DA:378,1
DA:379,1
DA:380,1
DA:381,1
DA:382,1
DA:383,1
DA:384,1
DA:385,1
DA:386,1
DA:387,1
DA:388,1
DA:389,0
DA:390,0
DA:391,0
DA:392,0
DA:393,0
DA:394,0
DA:395,0
DA:396,0
DA:397,0
DA:398,0
DA:399,0
DA:400,0
DA:401,1
DA:402,1
DA:403,1
DA:404,1
DA:405,2
DA:406,2
DA:407,2
DA:408,2
DA:409,2
DA:410,2
DA:411,2
DA:412,2
DA:413,2
DA:414,2
DA:415,2
DA:416,2
DA:417,2
DA:418,1
DA:419,1
DA:420,1
DA:421,1
DA:422,1
DA:423,16
DA:424,16
DA:425,16
DA:426,16
DA:427,0
DA:428,0
DA:429,0
DA:430,0
DA:431,0
DA:432,0
DA:433,0
DA:434,0
DA:435,0
DA:436,0
DA:437,16
DA:438,16
DA:439,0
DA:440,0
DA:441,0
DA:442,0
DA:443,0
DA:444,0
DA:445,0
DA:446,0
DA:447,0
DA:448,0
DA:449,1
DA:450,1
DA:451,1
DA:452,1
LF:452
LH:198
BRDA:1,0,0,1
BRDA:21,1,0,1
BRDA:35,2,0,1
BRDA:37,3,0,0
BRDA:38,4,0,0
BRDA:53,5,0,1
BRDA:55,6,0,0
BRDA:56,7,0,0
BRDA:71,8,0,1
BRDA:73,9,0,0
BRDA:74,10,0,0
BRDA:91,11,0,3
BRDA:106,12,0,0
BRDA:115,13,0,0
BRDA:153,14,0,0
BRDA:166,15,0,1
BRDA:330,16,0,2
BRDA:334,17,0,0
BRDA:336,18,0,0
BRDA:337,19,0,0
BRDA:358,20,0,3
BRDA:361,21,0,0
BRDA:363,22,0,0
BRDA:364,23,0,0
BRDA:381,24,0,1
BRDA:386,25,0,0
BRDA:388,26,0,0
BRDA:404,27,0,2
BRDA:422,28,0,16
BRDA:426,29,0,0
BRDA:438,30,0,0
BRF:31
BRH:12
end_of_record
TN:
SF:src/services/inventoryService.js
FN:18,getStock
FN:46,getStocks
FN:68,getProductStocks
FN:90,initializeStock
FN:107,updateStock
FN:121,adjustStock
FN:153,reserveStockForCart
FN:190,releaseReservedStock
FN:225,getHistory
FN:238,checkAvailability
FN:278,deductStockForOrder
FNF:11
FNH:11
FNDA:7,getStock
FNDA:1,getStocks
FNDA:4,getProductStocks
FNDA:2,initializeStock
FNDA:2,updateStock
FNDA:3,adjustStock
FNDA:4,reserveStockForCart
FNDA:4,releaseReservedStock
FNDA:5,getHistory
FNDA:4,checkAvailability
FNDA:9,deductStockForOrder
DA:1,1
DA:2,1
DA:3,1
DA:4,1
DA:5,1
DA:6,1
DA:7,1
DA:8,1
DA:9,1
DA:10,1
DA:11,1
DA:12,1
DA:13,1
DA:14,1
DA:15,1
DA:16,1
DA:17,1
DA:18,1
DA:19,7
DA:20,7
DA:21,7
DA:22,2
DA:23,2
DA:24,3
DA:25,3
DA:26,3
DA:27,3
DA:28,3
DA:29,3
DA:30,3
DA:31,3
DA:32,3
DA:33,3
DA:34,3
DA:35,3
DA:36,3
DA:37,7
DA:38,2
DA:39,2
DA:40,2
DA:41,7
DA:42,1
DA:43,1
DA:44,1
DA:45,1
DA:46,1
DA:47,1
DA:48,1
DA:49,1
DA:50,2
DA:51,2
DA:52,2
DA:53,2
DA:54,2
DA:55,2
DA:56,2
DA:57,2
DA:58,1
DA:59,1
DA:60,0
DA:61,0
DA:62,0
DA:63,1
DA:64,1
DA:65,1
DA:66,1
DA:67,1
DA:68,1
DA:69,4
DA:70,4
DA:71,3
DA:72,3
DA:73,3
DA:74,3
DA:75,3
DA:76,3
DA:77,3
DA:78,3
DA:79,3
DA:80,3
DA:81,4
DA:82,1
DA:83,1
DA:84,1
DA:85,4
DA:86,1
DA:87,1
DA:88,1
DA:89,1
DA:90,1
DA:91,2
DA:92,2
DA:93,2
DA:94,2
DA:95,2
DA:96,2
DA:97,2
DA:98,2
DA:99,0
DA:100,0
DA:101,0
DA:102,2
DA:103,1
DA:104,1
DA:105,1
DA:106,1
DA:107,1
DA:108,2
DA:109,2
DA:110,2
DA:111,2
DA:112,2
DA:113,0
DA:114,0
DA:115,0
DA:116,2
DA:117,1
DA:118,1
DA:119,1
DA:120,1
DA:121,1
DA:122,3
DA:123,3
DA:124,3
DA:125,3
DA:126,3
DA:127,3
DA:128,3
DA:129,3
DA:130,3
DA:131,3
DA:132,3
DA:133,3
DA:134,3
DA:135,3
DA:136,3
DA:137,3
DA:138,2
DA:139,2
DA:140,2
DA:141,2
DA:142,2
DA:143,2
DA:144,3
DA:145,1
DA:146,1
DA:147,1
DA:148,3
DA:149,1
DA:150,1
DA:151,1
DA:152,1
DA:153,1
DA:154,4
DA:155,4
DA:156,4
DA:157,4
DA:158,4
DA:159,4
DA:160,4
DA:161,4
DA:162,4
DA:163,4
DA:164,4
DA:165,4
DA:166,4
DA:167,4
DA:168,4
DA:169,4
DA:170,2
DA:171,2
DA:172,2
DA:173,2
DA:174,2
DA:175,2
DA:176,2
DA:177,2
DA:178,2
DA:179,2
DA:180,2
DA:181,2
DA:182,2
DA:183,2
DA:184,2
DA:185,4
DA:186,1
DA:187,1
DA:188,1
DA:189,1
DA:190,1
DA:191,4
DA:192,4
DA:193,4
DA:194,4
DA:195,4
DA:196,4
DA:197,4
DA:198,4
DA:199,4
DA:200,4
DA:201,4
DA:202,4
DA:203,4
DA:204,4
DA:205,2
DA:206,2
DA:207,2
DA:208,2
DA:209,2
DA:210,2
DA:211,2
DA:212,2
DA:213,2
DA:214,2
DA:215,2
DA:216,2
DA:217,2
DA:218,2
DA:219,2
DA:220,4
DA:221,1
DA:222,1
DA:223,1
DA:224,1
DA:225,1
DA:226,5
DA:227,5
DA:228,4
DA:229,5
DA:230,1
DA:231,1
DA:232,1
DA:233,5
DA:234,1
DA:235,1
DA:236,1
DA:237,1
DA:238,1
DA:239,4
DA:240,4
DA:241,3
DA:242,3
DA:243,4
DA:244,4
DA:245,4
DA:246,4
DA:247,4
DA:248,4
DA:249,4
DA:250,4
DA:251,4
DA:252,4
DA:253,3
DA:254,3
DA:255,4
DA:256,5
DA:257,1
DA:258,1
DA:259,1
DA:260,1
DA:261,1
DA:262,1
DA:263,1
DA:264,1
DA:265,1
DA:266,5
DA:267,3
DA:268,3
DA:269,4
DA:270,1
DA:271,1
DA:272,1
DA:273,4
DA:274,1
DA:275,1
DA:276,1
DA:277,1
DA:278,1
DA:279,9
DA:280,9
DA:281,9
DA:282,9
DA:283,1
DA:284,1
DA:285,7
DA:286,7
DA:287,9
DA:288,2
DA:289,2
DA:290,2
DA:291,2
DA:292,5
DA:293,5
DA:294,5
DA:295,5
DA:296,9
DA:297,9
DA:298,9
DA:299,9
DA:300,9
DA:301,9
DA:302,9
DA:303,9
DA:304,9
DA:305,5
DA:306,5
DA:307,5
DA:308,5
DA:309,5
DA:310,5
DA:311,5
DA:312,5
DA:313,5
DA:314,5
DA:315,9
DA:316,4
DA:317,4
DA:318,4
DA:319,4
DA:320,4
DA:321,4
DA:322,4
DA:323,9
LF:323
LH:314
BRDA:1,0,0,1
BRDA:18,1,0,7
BRDA:21,2,0,5
BRDA:21,3,0,2
BRDA:24,4,0,3
BRDA:37,5,0,2
BRDA:46,6,0,1
BRDA:59,7,0,0
BRDA:49,8,0,2
BRDA:68,9,0,4
BRDA:71,10,0,3
BRDA:81,11,0,1
BRDA:71,12,0,3
BRDA:90,13,0,2
BRDA:98,14,0,0
BRDA:107,15,0,2
BRDA:112,16,0,0
BRDA:121,17,0,3
BRDA:138,18,0,2
BRDA:144,19,0,1
BRDA:153,20,0,4
BRDA:170,21,0,2
BRDA:190,22,0,4
BRDA:205,23,0,2
BRDA:225,24,0,5
BRDA:228,25,0,4
BRDA:229,26,0,1
BRDA:238,27,0,4
BRDA:241,28,0,3
BRDA:253,29,0,3
BRDA:255,30,0,5
BRDA:256,31,0,1
BRDA:267,32,0,3
BRDA:269,33,0,1
BRDA:278,34,0,9
BRDA:282,35,0,8
BRDA:282,36,0,1
BRDA:285,37,0,7
BRDA:287,38,0,2
BRDA:292,39,0,5
BRDA:296,40,0,0
BRDA:305,41,0,5
BRDA:315,42,0,4
BRF:43
BRH:39
end_of_record
TN:
SF:src/utils/jwt.js
FN:5,pemToArrayBuffer
FN:16,base64UrlDecode
FN:25,verifyJWT
FNF:3
FNH:3
FNDA:6,pemToArrayBuffer
FNDA:14,base64UrlDecode
FNDA:15,verifyJWT
DA:1,1
DA:2,1
DA:3,1
DA:4,1
DA:5,6
DA:6,6
DA:7,6
DA:8,6
DA:9,6
DA:10,6
DA:11,6
DA:12,6
DA:13,6
DA:14,6
DA:15,1
DA:16,14
DA:17,14
DA:18,14
DA:19,14
DA:20,14
DA:21,1
DA:22,1
DA:23,1
DA:24,1
DA:25,1
DA:26,15
DA:27,15
DA:28,15
DA:29,1
DA:30,1
DA:31,1
DA:32,1
DA:33,1
DA:34,1
DA:35,1
DA:36,14
DA:37,15
DA:38,1
DA:39,1
DA:40,1
DA:41,1
DA:42,1
DA:43,1
DA:44,13
DA:45,13
DA:46,15
DA:47,3
DA:48,3
DA:49,3
DA:50,3
DA:51,3
DA:52,3
DA:53,3
DA:54,10
DA:55,10
DA:56,10
DA:57,10
DA:58,10
DA:59,10
DA:60,10
DA:61,15
DA:62,4
DA:63,4
DA:64,4
DA:65,4
DA:66,4
DA:67,6
DA:68,6
DA:69,6
DA:70,6
DA:71,6
DA:72,6
DA:73,6
DA:74,6
DA:75,6
DA:76,6
DA:77,6
DA:78,6
DA:79,15
DA:80,0
DA:81,0
DA:82,0
DA:83,0
DA:84,0
DA:85,6
DA:86,6
DA:87,6
DA:88,6
DA:89,6
DA:90,6
DA:91,6
DA:92,15
DA:93,2
DA:94,2
DA:95,2
DA:96,2
DA:97,2
DA:98,4
DA:99,4
DA:100,4
DA:101,4
DA:102,4
DA:103,15
DA:104,0
DA:105,0
DA:106,0
DA:107,0
DA:108,0
DA:109,4
DA:110,4
DA:111,4
DA:112,15
DA:113,0
DA:114,0
DA:115,0
DA:116,0
DA:117,0
DA:118,0
DA:119,0
DA:120,4
DA:121,4
DA:122,15
DA:123,0
DA:124,0
DA:125,0
DA:126,15
LF:126
LH:106
BRDA:1,0,0,1
BRDA:5,1,0,6
BRDA:12,2,0,1764
BRDA:16,3,0,14
BRDA:18,4,0,22
BRDA:19,5,0,1568
BRDA:25,6,0,15
BRDA:28,7,0,1
BRDA:36,8,0,14
BRDA:37,9,0,13
BRDA:37,10,0,1
BRDA:44,11,0,13
BRDA:46,12,0,3
BRDA:54,13,0,10
BRDA:61,14,0,4
BRDA:67,15,0,6
BRDA:79,16,0,0
BRDA:85,17,0,6
BRDA:92,18,0,2
BRDA:98,19,0,4
BRDA:103,20,0,0
BRDA:109,21,0,4
BRDA:112,22,0,0
BRDA:120,23,0,4
BRDA:122,24,0,0
BRF:25
BRH:21
end_of_record
TN:
SF:src/utils/logger.js
FN:11,addLogToSpan
FN:45,logger
FN:72,logError
FN:106,logWarn
FN:129,logInfo
FNF:5
FNH:5
FNDA:128,addLogToSpan
FNDA:44,logger
FNDA:79,logError
FNDA:3,logWarn
FNDA:2,logInfo
DA:1,1
DA:2,1
DA:3,1
DA:4,1
DA:5,1
DA:6,1
DA:7,1
DA:8,1
DA:9,1
DA:10,1
DA:11,128
DA:12,128
DA:13,9
DA:14,9
DA:15,9
DA:16,9
DA:17,9
DA:18,9
DA:19,9
DA:20,9
DA:21,9
DA:22,9
DA:23,9
DA:24,9
DA:25,9
DA:26,9
DA:27,9
DA:28,9
DA:29,9
DA:30,9
DA:31,128
DA:32,128
DA:33,9
DA:34,9
DA:35,128
DA:36,128
DA:37,128
DA:38,128
DA:39,128
DA:40,1
DA:41,1
DA:42,1
DA:43,1
DA:44,1
DA:45,1
DA:46,44
DA:47,44
DA:48,44
DA:49,44
DA:50,44
DA:51,44
DA:52,44
DA:53,44
DA:54,44
DA:55,44
DA:56,44
DA:57,44
DA:58,44
DA:59,44
DA:60,44
DA:61,44
DA:62,44
DA:63,44
DA:64,44
DA:65,44
DA:66,44
DA:67,44
DA:68,1
DA:69,1
DA:70,1
DA:71,1
DA:72,1
DA:73,79
DA:74,79
DA:75,79
DA:76,79
DA:77,79
DA:78,79
DA:79,79
DA:80,79
DA:81,70
DA:82,70
DA:83,70
DA:84,70
DA:85,79
DA:86,79
DA:87,79
DA:88,79
DA:89,79
DA:90,79
DA:91,79
DA:92,79
DA:93,79
DA:94,1
DA:95,1
DA:96,79
DA:97,1
DA:98,1
DA:99,79
DA:100,79
DA:101,79
DA:102,1
DA:103,1
DA:104,1
DA:105,1
DA:106,1
DA:107,3
DA:108,3
DA:109,3
DA:110,3
DA:111,3
DA:112,3
DA:113,3
DA:114,3
DA:115,3
DA:116,3
DA:117,3
DA:118,3
DA:119,3
DA:120,3
DA:121,3
DA:122,3
DA:123,3
DA:124,3
DA:125,1
DA:126,1
DA:127,1
DA:128,1
DA:129,1
DA:130,2
DA:131,2
DA:132,2
DA:133,2
DA:134,2
DA:135,2
DA:136,2
DA:137,2
DA:138,2
DA:139,2
DA:140,2
DA:141,2
DA:142,2
DA:143,2
DA:144,2
DA:145,2
DA:146,2
DA:147,2
LF:147
LH:147
BRDA:1,0,0,1
BRDA:11,1,0,128
BRDA:12,2,0,119
BRDA:13,3,0,9
BRDA:31,4,0,5
BRDA:32,5,0,9
BRDA:32,6,0,5
BRDA:33,7,0,9
BRDA:35,8,0,4
BRDA:35,9,0,0
BRDA:45,10,0,44
BRDA:72,11,0,79
BRDA:80,12,0,70
BRDA:85,13,0,9
BRDA:93,14,0,2
BRDA:93,15,0,1
BRDA:96,16,0,78
BRDA:96,17,0,1
BRDA:106,18,0,3
BRDA:108,19,0,1
BRDA:108,20,0,2
BRDA:109,21,0,1
BRDA:109,22,0,2
BRDA:129,23,0,2
BRDA:131,24,0,1
BRDA:131,25,0,1
BRDA:132,26,0,1
BRDA:132,27,0,1
BRF:28
BRH:27
end_of_record
TN:
SF:src/utils/validators.js
FN:59,validateSkuStock
FN:66,validateSkuStockUpdate
FN:93,validateStockAdjustment
FN:100,validateReserveStock
FN:107,validateReleaseStock
FN:114,validateCheckStock
FN:121,validateSkuId
FNF:7
FNH:7
FNDA:4,validateSkuStock
FNDA:3,validateSkuStockUpdate
FNDA:3,validateStockAdjustment
FNDA:3,validateReserveStock
FNDA:3,validateReleaseStock
FNDA:4,validateCheckStock
FNDA:36,validateSkuId
DA:1,1
DA:2,1
DA:3,1
DA:4,1
DA:5,1
DA:6,1
DA:7,1
DA:8,1
DA:9,1
DA:10,1
DA:11,1
DA:12,1
DA:13,1
DA:14,1
DA:15,1
DA:16,1
DA:17,1
DA:18,1
DA:19,1
DA:20,1
DA:21,1
DA:22,1
DA:23,1
DA:24,1
DA:25,1
DA:26,1
DA:27,1
DA:28,1
DA:29,1
DA:30,1
DA:31,1
DA:32,1
DA:33,1
DA:34,1
DA:35,1
DA:36,1
DA:37,1
DA:38,1
DA:39,1
DA:40,1
DA:41,1
DA:42,1
DA:43,1
DA:44,1
DA:45,1
DA:46,1
DA:47,1
DA:48,1
DA:49,1
DA:50,1
DA:51,1
DA:52,1
DA:53,1
DA:54,1
DA:55,1
DA:56,1
DA:57,1
DA:58,1
DA:59,1
DA:60,4
DA:61,4
DA:62,4
DA:63,4
DA:64,4
DA:65,1
DA:66,1
DA:67,3
DA:68,3
DA:69,3
DA:70,3
DA:71,3
DA:72,3
DA:73,3
DA:74,3
DA:75,1
DA:76,1
DA:77,1
DA:78,1
DA:79,1
DA:80,1
DA:81,1
DA:82,1
DA:83,1
DA:84,1
DA:85,1
DA:86,1
DA:87,0
DA:88,0
DA:89,2
DA:90,2
DA:91,3
DA:92,1
DA:93,1
DA:94,3
DA:95,3
DA:96,3
DA:97,3
DA:98,3
DA:99,1
DA:100,1
DA:101,3
DA:102,3
DA:103,3
DA:104,3
DA:105,3
DA:106,1
DA:107,1
DA:108,3
DA:109,3
DA:110,3
DA:111,3
DA:112,3
DA:113,1
DA:114,1
DA:115,4
DA:116,4
DA:117,4
DA:118,4
DA:119,4
DA:120,1
DA:121,1
DA:122,36
DA:123,36
LF:123
LH:121
BRDA:1,0,0,1
BRDA:59,1,0,4
BRDA:66,2,0,3
BRDA:74,3,0,1
BRDA:87,4,0,0
BRDA:89,5,0,2
BRDA:76,6,0,1
BRDA:93,7,0,3
BRDA:100,8,0,3
BRDA:107,9,0,3
BRDA:114,10,0,4
BRDA:121,11,0,36
BRF:12
BRH:11
end_of_record
