TN:
SF:src/db/db1.js
FN:11,getCheckoutSession
FN:26,createCheckoutSession
FN:60,updateCheckoutSession
FN:131,saveAddress
FN:200,getAddress
FN:215,getShippingMethods
FN:246,getShippingMethod
FN:261,createShippingMethod
FN:297,updateShippingMethod
FN:369,deleteShippingMethod
FN:393,getAllShippingMethods
FN:409,saveCheckoutItems
FN:446,getCheckoutItems
FN:465,getKVReservedQuantity
FN:495,reserveStockInKV
FN:600,releaseStockFromKV
FN:631,releaseAllStockForSession
FN:644,checkStockAvailability
FNF:18
FNH:18
FNDA:60,getCheckoutSession
FNDA:5,createCheckoutSession
FNDA:10,updateCheckoutSession
FNDA:2,saveAddress
FNDA:23,getAddress
FNDA:7,getShippingMethods
FNDA:47,getShippingMethod
FNDA:4,createShippingMethod
FNDA:10,updateShippingMethod
FNDA:6,deleteShippingMethod
FNDA:4,getAllShippingMethods
FNDA:5,saveCheckoutItems
FNDA:22,getCheckoutItems
FNDA:16,getKVReservedQuantity
FNDA:14,reserveStockInKV
FNDA:11,releaseStockFromKV
FNDA:9,releaseAllStockForSession
FNDA:22,checkStockAvailability
DA:1,1
DA:2,1
DA:3,1
DA:4,1
DA:5,1
DA:6,1
DA:7,1
DA:8,1
DA:9,1
DA:10,1
DA:11,1
DA:12,60
DA:13,60
DA:14,60
DA:15,60
DA:16,60
DA:17,60
DA:18,4
DA:19,4
DA:20,4
DA:21,60
DA:22,1
DA:23,1
DA:24,1
DA:25,1
DA:26,1
DA:27,5
DA:28,5
DA:29,5
DA:30,5
DA:31,5
DA:32,5
DA:33,5
DA:34,5
DA:35,5
DA:36,5
DA:37,5
DA:38,5
DA:39,5
DA:40,5
DA:41,5
DA:42,5
DA:43,5
DA:44,5
DA:45,5
DA:46,5
DA:47,5
DA:48,5
DA:49,5
DA:50,5
DA:51,5
DA:52,0
DA:53,0
DA:54,0
DA:55,5
DA:56,1
DA:57,1
DA:58,1
DA:59,1
DA:60,1
DA:61,10
DA:62,10
DA:63,10
DA:64,10
DA:65,10
DA:66,10
DA:67,10
DA:68,10
DA:69,10
DA:70,10
DA:71,0
DA:72,0
DA:73,0
DA:74,10
DA:75,0
DA:76,0
DA:77,0
DA:78,10
DA:79,1
DA:80,1
DA:81,1
DA:82,10
DA:83,1
DA:84,1
DA:85,1
DA:86,10
DA:87,5
DA:88,5
DA:89,5
DA:90,10
DA:91,5
DA:92,5
DA:93,5
DA:94,10
DA:95,5
DA:96,5
DA:97,5
DA:98,10
DA:99,5
DA:100,5
DA:101,5
DA:102,10
DA:103,3
DA:104,3
DA:105,3
DA:106,10
DA:107,3
DA:108,3
DA:109,3
DA:110,10
DA:111,10
DA:112,10
DA:113,10
DA:114,10
DA:115,10
DA:116,10
DA:117,10
DA:118,10
DA:119,10
DA:120,10
DA:121,10
DA:122,10
DA:123,0
DA:124,0
DA:125,0
DA:126,10
DA:127,1
DA:128,1
DA:129,1
DA:130,1
DA:131,1
DA:132,2
DA:133,2
DA:134,2
DA:135,2
DA:136,2
DA:137,2
DA:138,2
DA:139,2
DA:140,2
DA:141,2
DA:142,1
DA:143,1
DA:144,1
DA:145,1
DA:146,1
DA:147,1
DA:148,1
DA:149,1
DA:150,1
DA:151,1
DA:152,1
DA:153,1
DA:154,1
DA:155,1
DA:156,1
DA:157,1
DA:158,1
DA:159,1
DA:160,1
DA:161,1
DA:162,1
DA:163,1
DA:164,1
DA:165,1
DA:166,1
DA:167,1
DA:168,1
DA:169,1
DA:170,1
DA:171,1
DA:172,1
DA:173,1
DA:174,1
DA:175,1
DA:176,1
DA:177,1
DA:178,1
DA:179,1
DA:180,1
DA:181,1
DA:182,1
DA:183,1
DA:184,1
DA:185,1
DA:186,1
DA:187,1
DA:188,1
DA:189,2
DA:190,2
DA:191,2
DA:192,0
DA:193,0
DA:194,0
DA:195,2
DA:196,1
DA:197,1
DA:198,1
DA:199,1
DA:200,1
DA:201,23
DA:202,23
DA:203,23
DA:204,23
DA:205,23
DA:206,23
DA:207,0
DA:208,0
DA:209,0
DA:210,23
DA:211,1
DA:212,1
DA:213,1
DA:214,1
DA:215,1
DA:216,7
DA:217,7
DA:218,7
DA:219,7
DA:220,7
DA:221,7
DA:222,7
DA:223,7
DA:224,7
DA:225,6
DA:226,9
DA:227,4
DA:228,4
DA:229,9
DA:230,9
DA:231,1
DA:232,1
DA:233,6
DA:234,6
DA:235,1
DA:236,1
DA:237,7
DA:238,0
DA:239,0
DA:240,0
DA:241,7
DA:242,1
DA:243,1
DA:244,1
DA:245,1
DA:246,1
DA:247,47
DA:248,47
DA:249,47
DA:250,47
DA:251,47
DA:252,47
DA:253,2
DA:254,2
DA:255,2
DA:256,47
DA:257,1
DA:258,1
DA:259,1
DA:260,1
DA:261,1
DA:262,4
DA:263,4
DA:264,4
DA:265,4
DA:266,4
DA:267,4
DA:268,4
DA:269,4
DA:270,4
DA:271,4
DA:272,4
DA:273,4
DA:274,4
DA:275,4
DA:276,4
DA:277,4
DA:278,4
DA:279,4
DA:280,4
DA:281,4
DA:282,4
DA:283,4
DA:284,4
DA:285,4
DA:286,3
DA:287,3
DA:288,4
DA:289,1
DA:290,1
DA:291,1
DA:292,4
DA:293,1
DA:294,1
DA:295,1
DA:296,1
DA:297,1
DA:298,10
DA:299,10
DA:300,10
DA:301,10
DA:302,1
DA:303,1
DA:304,8
DA:305,8
DA:306,8
DA:307,8
DA:308,10
DA:309,3
DA:310,3
DA:311,3
DA:312,10
DA:313,0
DA:314,0
DA:315,0
DA:316,10
DA:317,0
DA:318,0
DA:319,0
DA:320,10
DA:321,0
DA:322,0
DA:323,0
DA:324,10
DA:325,0
DA:326,0
DA:327,0
DA:328,10
DA:329,0
DA:330,0
DA:331,0
DA:332,10
DA:333,1
DA:334,1
DA:335,1
DA:336,10
DA:337,1
DA:338,1
DA:339,1
DA:340,10
DA:341,2
DA:342,2
DA:343,2
DA:344,8
DA:345,10
DA:346,1
DA:347,1
DA:348,7
DA:349,7
DA:350,7
DA:351,7
DA:352,7
DA:353,7
DA:354,7
DA:355,7
DA:356,7
DA:357,7
DA:358,7
DA:359,7
DA:360,10
DA:361,2
DA:362,2
DA:363,2
DA:364,10
DA:365,1
DA:366,1
DA:367,1
DA:368,1
DA:369,1
DA:370,6
DA:371,6
DA:372,6
DA:373,2
DA:374,2
DA:375,3
DA:376,3
DA:377,3
DA:378,3
DA:379,3
DA:380,3
DA:381,3
DA:382,3
DA:383,3
DA:384,3
DA:385,3
DA:386,3
DA:387,3
DA:388,6
DA:389,1
DA:390,1
DA:391,1
DA:392,1
DA:393,1
DA:394,4
DA:395,4
DA:396,4
DA:397,4
DA:398,3
DA:399,4
DA:400,4
DA:401,1
DA:402,1
DA:403,1
DA:404,4
DA:405,1
DA:406,1
DA:407,1
DA:408,1
DA:409,1
DA:410,5
DA:411,5
DA:412,5
DA:413,5
DA:414,5
DA:415,5
DA:416,5
DA:417,4
DA:418,4
DA:419,5
DA:420,5
DA:421,5
DA:422,5
DA:423,5
DA:424,5
DA:425,5
DA:426,5
DA:427,5
DA:428,5
DA:429,5
DA:430,5
DA:431,5
DA:432,5
DA:433,5
DA:434,5
DA:435,4
DA:436,4
DA:437,5
DA:438,1
DA:439,1
DA:440,1
DA:441,5
DA:442,1
DA:443,1
DA:444,1
DA:445,1
DA:446,1
DA:447,22
DA:448,22
DA:449,22
DA:450,22
DA:451,22
DA:452,22
DA:453,1
DA:454,1
DA:455,1
DA:456,22
DA:457,1
DA:458,1
DA:459,1
DA:460,1
DA:461,1
DA:462,1
DA:463,1
DA:464,1
DA:465,16
DA:466,16
DA:467,16
DA:468,16
DA:469,16
DA:470,16
DA:471,16
DA:472,16
DA:473,3
DA:474,3
DA:475,3
DA:476,3
DA:477,3
DA:478,16
DA:479,3
DA:480,3
DA:481,3
DA:482,3
DA:483,3
DA:484,3
DA:485,16
DA:486,0
DA:487,0
DA:488,0
DA:489,16
DA:490,1
DA:491,1
DA:492,1
DA:493,1
DA:494,1
DA:495,1
DA:496,14
DA:497,14
DA:498,1
DA:499,1
DA:500,13
DA:501,13
DA:502,13
DA:503,13
DA:504,13
DA:505,13
DA:506,13
DA:507,14
DA:508,4
DA:509,4
DA:510,13
DA:511,13
DA:512,14
DA:513,14
DA:514,14
DA:515,14
DA:516,14
DA:517,14
DA:518,14
DA:519,1
DA:520,1
DA:521,12
DA:522,12
DA:523,12
DA:524,12
DA:525,12
DA:526,12
DA:527,12
DA:528,12
DA:529,12
DA:530,12
DA:531,12
DA:532,12
DA:533,12
DA:534,12
DA:535,12
DA:536,12
DA:537,12
DA:538,14
DA:539,1
DA:540,1
DA:541,11
DA:542,11
DA:543,14
DA:544,14
DA:545,14
DA:546,14
DA:547,14
DA:548,14
DA:549,14
DA:550,14
DA:551,14
DA:552,14
DA:553,14
DA:554,14
DA:555,14
DA:556,4
DA:557,4
DA:558,4
DA:559,4
DA:560,4
DA:561,4
DA:562,4
DA:563,4
DA:564,4
DA:565,7
DA:566,7
DA:567,7
DA:568,7
DA:569,7
DA:570,7
DA:571,7
DA:572,7
DA:573,7
DA:574,7
DA:575,7
DA:576,7
DA:577,7
DA:578,7
DA:579,7
DA:580,7
DA:581,7
DA:582,7
DA:583,7
DA:584,7
DA:585,7
DA:586,7
DA:587,7
DA:588,7
DA:589,7
DA:590,7
DA:591,14
DA:592,3
DA:593,3
DA:594,3
DA:595,14
DA:596,1
DA:597,1
DA:598,1
DA:599,1
DA:600,1
DA:601,11
DA:602,11
DA:603,10
DA:604,10
DA:605,10
DA:606,9
DA:607,11
DA:608,4
DA:609,4
DA:610,4
DA:611,4
DA:612,4
DA:613,4
DA:614,4
DA:615,11
DA:616,2
DA:617,2
DA:618,2
DA:619,2
DA:620,4
DA:621,4
DA:622,11
DA:623,1
DA:624,1
DA:625,1
DA:626,11
DA:627,1
DA:628,1
DA:629,1
DA:630,1
DA:631,1
DA:632,9
DA:633,9
DA:634,4
DA:635,4
DA:636,9
DA:637,5
DA:638,5
DA:639,9
DA:640,1
DA:641,1
DA:642,1
DA:643,1
DA:644,1
DA:645,22
DA:646,22
DA:647,22
DA:648,22
DA:649,1
DA:650,1
DA:651,19
DA:652,19
DA:653,19
DA:654,19
DA:655,19
DA:656,19
DA:657,19
DA:658,19
DA:659,19
DA:660,19
DA:661,19
DA:662,19
DA:663,19
DA:664,19
DA:665,19
DA:666,19
DA:667,19
DA:668,22
DA:669,2
DA:670,2
DA:671,16
DA:672,16
DA:673,22
DA:674,22
DA:675,22
DA:676,22
DA:677,16
DA:678,16
DA:679,16
DA:680,16
DA:681,16
DA:682,16
DA:683,16
DA:684,16
DA:685,16
DA:686,16
DA:687,16
DA:688,22
DA:689,4
DA:690,4
DA:691,4
DA:692,22
LF:692
LH:653
BRDA:1,0,0,1
BRDA:11,1,0,60
BRDA:16,2,0,56
BRDA:16,3,0,10
BRDA:17,4,0,4
BRDA:26,5,0,5
BRDA:40,6,0,1
BRDA:41,7,0,4
BRDA:51,8,0,0
BRDA:60,9,0,10
BRDA:70,10,0,0
BRDA:74,11,0,0
BRDA:78,12,0,1
BRDA:82,13,0,1
BRDA:86,14,0,5
BRDA:90,15,0,5
BRDA:94,16,0,5
BRDA:98,17,0,5
BRDA:102,18,0,3
BRDA:106,19,0,3
BRDA:122,20,0,0
BRDA:131,21,0,2
BRDA:134,22,0,1
BRDA:141,23,0,1
BRDA:158,24,0,0
BRDA:172,25,0,0
BRDA:173,26,0,0
BRDA:184,27,0,0
BRDA:191,28,0,0
BRDA:200,29,0,23
BRDA:205,30,0,3
BRDA:206,31,0,0
BRDA:215,32,0,7
BRDA:221,33,0,0
BRDA:224,34,0,6
BRDA:235,35,0,1
BRDA:237,36,0,0
BRDA:225,37,0,9
BRDA:226,38,0,5
BRDA:226,39,0,4
BRDA:229,40,0,2
BRDA:230,41,0,1
BRDA:246,42,0,47
BRDA:251,43,0,45
BRDA:251,44,0,13
BRDA:252,45,0,2
BRDA:261,46,0,4
BRDA:277,47,0,0
BRDA:279,48,0,2
BRDA:280,49,0,2
BRDA:281,50,0,2
BRDA:281,51,0,0
BRDA:281,52,0,2
BRDA:282,53,0,0
BRDA:286,54,0,3
BRDA:288,55,0,1
BRDA:297,56,0,10
BRDA:301,57,0,9
BRDA:301,58,0,1
BRDA:304,59,0,8
BRDA:308,60,0,3
BRDA:312,61,0,8
BRDA:312,62,0,0
BRDA:316,63,0,8
BRDA:316,64,0,0
BRDA:320,65,0,8
BRDA:320,66,0,0
BRDA:324,67,0,8
BRDA:324,68,0,0
BRDA:328,69,0,8
BRDA:328,70,0,0
BRDA:332,71,0,8
BRDA:332,72,0,1
BRDA:336,73,0,8
BRDA:336,74,0,1
BRDA:338,75,0,0
BRDA:340,76,0,8
BRDA:340,77,0,2
BRDA:342,78,0,1
BRDA:342,79,0,1
BRDA:344,80,0,8
BRDA:345,81,0,1
BRDA:348,82,0,7
BRDA:360,83,0,2
BRDA:369,84,0,6
BRDA:372,85,0,5
BRDA:372,86,0,2
BRDA:375,87,0,3
BRDA:393,88,0,4
BRDA:398,89,0,3
BRDA:399,90,0,0
BRDA:400,91,0,1
BRDA:409,92,0,5
BRDA:417,93,0,4
BRDA:435,94,0,4
BRDA:437,95,0,1
BRDA:446,96,0,22
BRDA:451,97,0,21
BRDA:451,98,0,1
BRDA:452,99,0,1
BRDA:465,100,0,16
BRDA:467,101,0,0
BRDA:472,102,0,13
BRDA:473,103,0,3
BRDA:478,104,0,0
BRDA:478,105,0,3
BRDA:485,106,0,0
BRDA:495,107,0,14
BRDA:497,108,0,1
BRDA:500,109,0,13
BRDA:507,110,0,4
BRDA:510,111,0,13
BRDA:512,112,0,0
BRDA:518,113,0,1
BRDA:521,114,0,12
BRDA:538,115,0,1
BRDA:541,116,0,11
BRDA:543,117,0,0
BRDA:555,118,0,4
BRDA:565,119,0,7
BRDA:591,120,0,3
BRDA:513,121,0,4
BRDA:513,122,0,3
BRDA:547,123,0,2
BRDA:547,124,0,0
BRDA:600,125,0,11
BRDA:602,126,0,1
BRDA:603,127,0,10
BRDA:606,128,0,9
BRDA:607,129,0,4
BRDA:607,130,0,5
BRDA:608,131,0,4
BRDA:615,132,0,2
BRDA:620,133,0,4
BRDA:622,134,0,1
BRDA:611,135,0,5
BRDA:631,136,0,9
BRDA:633,137,0,4
BRDA:636,138,0,5
BRDA:644,139,0,22
BRDA:648,140,0,1
BRDA:651,141,0,19
BRDA:668,142,0,18
BRDA:668,143,0,2
BRDA:671,144,0,16
BRDA:673,145,0,0
BRDA:677,146,0,16
BRDA:688,147,0,4
BRF:148
BRH:119
end_of_record
TN:
SF:src/handlers/checkoutHandlers.js
FN:9,createSession
FN:57,getSession
FN:100,setDeliveryAddress
FN:146,setBillingAddress
FN:189,getShippingMethods
FN:223,selectShippingMethod
FN:269,getSummary
FN:306,createShippingMethod
FN:345,getAllShippingMethods
FN:365,getShippingMethodById
FN:399,updateShippingMethod
FN:450,deleteShippingMethod
FNF:12
FNH:10
FNDA:5,createSession
FNDA:5,getSession
FNDA:0,setDeliveryAddress
FNDA:0,setBillingAddress
FNDA:5,getShippingMethods
FNDA:3,selectShippingMethod
FNDA:4,getSummary
FNDA:3,createShippingMethod
FNDA:3,getAllShippingMethods
FNDA:4,getShippingMethodById
FNDA:4,updateShippingMethod
FNDA:4,deleteShippingMethod
DA:1,1
DA:2,1
DA:3,1
DA:4,1
DA:5,1
DA:6,1
DA:7,1
DA:8,1
DA:9,1
DA:10,5
DA:11,5
DA:12,5
DA:13,5
DA:14,5
DA:15,5
DA:16,5
DA:17,5
DA:18,5
DA:19,1
DA:20,1
DA:21,1
DA:22,1
DA:23,1
DA:24,1
DA:25,1
DA:26,1
DA:27,4
DA:28,5
DA:29,1
DA:30,1
DA:31,1
DA:32,1
DA:33,1
DA:34,1
DA:35,1
DA:36,1
DA:37,3
DA:38,3
DA:39,1
DA:40,1
DA:41,1
DA:42,1
DA:43,1
DA:44,5
DA:45,2
DA:46,2
DA:47,2
DA:48,2
DA:49,2
DA:50,2
DA:51,2
DA:52,5
DA:53,1
DA:54,1
DA:55,1
DA:56,1
DA:57,1
DA:58,5
DA:59,5
DA:60,5
DA:61,5
DA:62,5
DA:63,1
DA:64,1
DA:65,1
DA:66,1
DA:67,1
DA:68,1
DA:69,1
DA:70,1
DA:71,4
DA:72,4
DA:73,3
DA:74,5
DA:75,2
DA:76,2
DA:77,2
DA:78,2
DA:79,2
DA:80,2
DA:81,2
DA:82,2
DA:83,1
DA:84,1
DA:85,1
DA:86,1
DA:87,1
DA:88,1
DA:89,1
DA:90,1
DA:91,1
DA:92,1
DA:93,1
DA:94,1
DA:95,5
DA:96,1
DA:97,1
DA:98,1
DA:99,1
DA:100,1
DA:101,0
DA:102,0
DA:103,0
DA:104,0
DA:105,0
DA:106,0
DA:107,0
DA:108,0
DA:109,0
DA:110,0
DA:111,0
DA:112,0
DA:113,0
DA:114,0
DA:115,0
DA:116,0
DA:117,0
DA:118,0
DA:119,0
DA:120,0
DA:121,0
DA:122,0
DA:123,0
DA:124,0
DA:125,0
DA:126,0
DA:127,0
DA:128,0
DA:129,0
DA:130,0
DA:131,0
DA:132,0
DA:133,0
DA:134,0
DA:135,0
DA:136,0
DA:137,0
DA:138,0
DA:139,0
DA:140,0
DA:141,0
DA:142,1
DA:143,1
DA:144,1
DA:145,1
DA:146,1
DA:147,0
DA:148,0
DA:149,0
DA:150,0
DA:151,0
DA:152,0
DA:153,0
DA:154,0
DA:155,0
DA:156,0
DA:157,0
DA:158,0
DA:159,0
DA:160,0
DA:161,0
DA:162,0
DA:163,0
DA:164,0
DA:165,0
DA:166,0
DA:167,0
DA:168,0
DA:169,0
DA:170,0
DA:171,0
DA:172,0
DA:173,0
DA:174,0
DA:175,0
DA:176,0
DA:177,0
DA:178,0
DA:179,0
DA:180,0
DA:181,0
DA:182,0
DA:183,0
DA:184,0
DA:185,1
DA:186,1
DA:187,1
DA:188,1
DA:189,1
DA:190,5
DA:191,5
DA:192,5
DA:193,5
DA:194,5
DA:195,1
DA:196,1
DA:197,1
DA:198,1
DA:199,1
DA:200,1
DA:201,1
DA:202,1
DA:203,4
DA:204,4
DA:205,1
DA:206,1
DA:207,1
DA:208,1
DA:209,1
DA:210,5
DA:211,3
DA:212,3
DA:213,3
DA:214,3
DA:215,3
DA:216,3
DA:217,3
DA:218,5
DA:219,1
DA:220,1
DA:221,1
DA:222,1
DA:223,1
DA:224,3
DA:225,3
DA:226,3
DA:227,3
DA:228,3
DA:229,3
DA:230,1
DA:231,1
DA:232,1
DA:233,1
DA:234,1
DA:235,1
DA:236,1
DA:237,1
DA:238,2
DA:239,2
DA:240,3
DA:241,1
DA:242,1
DA:243,1
DA:244,1
DA:245,1
DA:246,1
DA:247,1
DA:248,1
DA:249,1
DA:250,1
DA:251,0
DA:252,0
DA:253,0
DA:254,0
DA:255,0
DA:256,3
DA:257,1
DA:258,1
DA:259,1
DA:260,1
DA:261,1
DA:262,1
DA:263,1
DA:264,3
DA:265,1
DA:266,1
DA:267,1
DA:268,1
DA:269,1
DA:270,4
DA:271,4
DA:272,4
DA:273,4
DA:274,4
DA:275,1
DA:276,1
DA:277,1
DA:278,1
DA:279,1
DA:280,1
DA:281,1
DA:282,1
DA:283,3
DA:284,3
DA:285,1
DA:286,1
DA:287,1
DA:288,1
DA:289,1
DA:290,4
DA:291,2
DA:292,2
DA:293,2
DA:294,2
DA:295,2
DA:296,2
DA:297,2
DA:298,2
DA:299,4
DA:300,1
DA:301,1
DA:302,1
DA:303,1
DA:304,1
DA:305,1
DA:306,1
DA:307,3
DA:308,3
DA:309,3
DA:310,3
DA:311,3
DA:312,1
DA:313,1
DA:314,1
DA:315,1
DA:316,1
DA:317,2
DA:318,2
DA:319,2
DA:320,1
DA:321,1
DA:322,1
DA:323,1
DA:324,1
DA:325,2
DA:326,2
DA:327,1
DA:328,1
DA:329,1
DA:330,1
DA:331,1
DA:332,1
DA:333,1
DA:334,1
DA:335,1
DA:336,1
DA:337,1
DA:338,1
DA:339,1
DA:340,3
DA:341,1
DA:342,1
DA:343,1
DA:344,1
DA:345,1
DA:346,3
DA:347,3
DA:348,2
DA:349,2
DA:350,2
DA:351,2
DA:352,2
DA:353,3
DA:354,1
DA:355,1
DA:356,1
DA:357,1
DA:358,1
DA:359,1
DA:360,3
DA:361,1
DA:362,1
DA:363,1
DA:364,1
DA:365,1
DA:366,4
DA:367,4
DA:368,4
DA:369,4
DA:370,4
DA:371,1
DA:372,1
DA:373,1
DA:374,1
DA:375,1
DA:376,1
DA:377,1
DA:378,1
DA:379,3
DA:380,3
DA:381,1
DA:382,1
DA:383,1
DA:384,1
DA:385,1
DA:386,4
DA:387,2
DA:388,2
DA:389,2
DA:390,2
DA:391,2
DA:392,2
DA:393,2
DA:394,4
DA:395,1
DA:396,1
DA:397,1
DA:398,1
DA:399,1
DA:400,4
DA:401,4
DA:402,4
DA:403,4
DA:404,4
DA:405,4
DA:406,1
DA:407,1
DA:408,1
DA:409,1
DA:410,1
DA:411,1
DA:412,1
DA:413,1
DA:414,3
DA:415,3
DA:416,4
DA:417,1
DA:418,1
DA:419,1
DA:420,1
DA:421,1
DA:422,1
DA:423,1
DA:424,1
DA:425,1
DA:426,1
DA:427,1
DA:428,1
DA:429,1
DA:430,2
DA:431,2
DA:432,1
DA:433,1
DA:434,1
DA:435,1
DA:436,1
DA:437,1
DA:438,1
DA:439,1
DA:440,1
DA:441,1
DA:442,1
DA:443,1
DA:444,1
DA:445,4
DA:446,1
DA:447,1
DA:448,1
DA:449,1
DA:450,1
DA:451,4
DA:452,4
DA:453,4
DA:454,4
DA:455,4
DA:456,1
DA:457,1
DA:458,1
DA:459,1
DA:460,1
DA:461,1
DA:462,1
DA:463,1
DA:464,3
DA:465,3
DA:466,1
DA:467,1
DA:468,1
DA:469,1
DA:470,1
DA:471,4
DA:472,2
DA:473,2
DA:474,2
DA:475,2
DA:476,2
DA:477,2
DA:478,2
DA:479,4
LF:479
LH:395
BRDA:1,0,0,1
BRDA:9,1,0,5
BRDA:11,2,0,0
BRDA:12,3,0,2
BRDA:18,4,0,1
BRDA:22,5,0,0
BRDA:27,6,0,4
BRDA:28,7,0,1
BRDA:28,8,0,1
BRDA:37,9,0,3
BRDA:39,10,0,1
BRDA:44,11,0,2
BRDA:46,12,0,1
BRDA:46,13,0,1
BRDA:57,14,0,5
BRDA:62,15,0,1
BRDA:66,16,0,0
BRDA:71,17,0,4
BRDA:73,18,0,3
BRDA:74,19,0,2
BRDA:83,20,0,1
BRDA:189,21,0,5
BRDA:194,22,0,1
BRDA:198,23,0,0
BRDA:203,24,0,4
BRDA:205,25,0,1
BRDA:210,26,0,3
BRDA:212,27,0,1
BRDA:212,28,0,0
BRDA:223,29,0,3
BRDA:226,30,0,0
BRDA:229,31,0,1
BRDA:233,32,0,0
BRDA:238,33,0,2
BRDA:240,34,0,1
BRDA:251,35,0,0
BRDA:256,36,0,1
BRDA:258,37,0,0
BRDA:269,38,0,4
BRDA:274,39,0,1
BRDA:278,40,0,0
BRDA:283,41,0,3
BRDA:285,42,0,1
BRDA:290,43,0,2
BRDA:292,44,0,1
BRDA:292,45,0,1
BRDA:293,46,0,0
BRDA:293,47,0,0
BRDA:306,48,0,3
BRDA:308,49,0,0
BRDA:311,50,0,1
BRDA:325,51,0,2
BRDA:327,52,0,1
BRDA:334,53,0,0
BRDA:316,54,0,2
BRDA:345,55,0,3
BRDA:348,56,0,2
BRDA:353,57,0,1
BRDA:365,58,0,4
BRDA:370,59,0,1
BRDA:374,60,0,0
BRDA:379,61,0,3
BRDA:381,62,0,1
BRDA:386,63,0,2
BRDA:388,64,0,0
BRDA:399,65,0,4
BRDA:402,66,0,0
BRDA:405,67,0,1
BRDA:409,68,0,0
BRDA:414,69,0,3
BRDA:416,70,0,1
BRDA:430,71,0,2
BRDA:432,72,0,1
BRDA:439,73,0,0
BRDA:421,74,0,1
BRDA:450,75,0,4
BRDA:455,76,0,1
BRDA:459,77,0,0
BRDA:464,78,0,3
BRDA:466,79,0,1
BRDA:471,80,0,2
BRDA:473,81,0,1
BRDA:473,82,0,1
BRF:83
BRH:63
end_of_record
TN:
SF:src/handlers/webhookHandlers.js
FN:9,handlePaymentStatusWebhook
FNF:1
FNH:1
FNDA:5,handlePaymentStatusWebhook
DA:1,1
DA:2,1
DA:3,1
DA:4,1
DA:5,1
DA:6,1
DA:7,1
DA:8,1
DA:9,1
DA:10,5
DA:11,5
DA:12,5
DA:13,5
DA:14,5
DA:15,2
DA:16,2
DA:17,2
DA:18,2
DA:19,2
DA:20,2
DA:21,2
DA:22,2
DA:23,3
DA:24,3
DA:25,3
DA:26,5
DA:27,2
DA:28,2
DA:29,2
DA:30,2
DA:31,2
DA:32,2
DA:33,2
DA:34,2
DA:35,1
DA:36,1
DA:37,1
DA:38,1
DA:39,1
DA:40,1
DA:41,1
DA:42,1
DA:43,1
DA:44,0
DA:45,0
DA:46,0
DA:47,0
DA:48,0
DA:49,0
DA:50,0
DA:51,0
DA:52,0
DA:53,0
DA:54,0
DA:55,5
DA:56,1
DA:57,1
DA:58,1
DA:59,1
DA:60,1
DA:61,1
DA:62,1
DA:63,1
DA:64,1
DA:65,1
DA:66,1
DA:67,5
LF:67
LH:56
BRDA:1,0,0,1
BRDA:9,1,0,5
BRDA:14,2,0,3
BRDA:14,3,0,2
BRDA:23,4,0,3
BRDA:26,5,0,2
BRDA:26,6,0,1
BRDA:26,7,0,2
BRDA:35,8,0,1
BRDA:44,9,0,0
BRDA:55,10,0,1
BRF:11
BRH:10
end_of_record
TN:
SF:src/middleware/cors.js
FN:7,handleCORS
FN:26,addCORSHeaders
FN:55,withCORS
FNF:3
FNH:3
FNDA:3,handleCORS
FNDA:6,addCORSHeaders
FNDA:2,withCORS
DA:1,1
DA:2,1
DA:3,1
DA:4,1
DA:5,1
DA:6,1
DA:7,1
DA:8,3
DA:9,3
DA:10,3
DA:11,3
DA:12,3
DA:13,3
DA:14,3
DA:15,3
DA:16,3
DA:17,3
DA:18,3
DA:19,3
DA:20,3
DA:21,3
DA:22,1
DA:23,1
DA:24,1
DA:25,1
DA:26,1
DA:27,6
DA:28,1
DA:29,1
DA:30,5
DA:31,5
DA:32,6
DA:33,6
DA:34,6
DA:35,6
DA:36,6
DA:37,6
DA:38,6
DA:39,6
DA:40,3
DA:41,3
DA:42,5
DA:43,5
DA:44,5
DA:45,5
DA:46,5
DA:47,5
DA:48,5
DA:49,6
DA:50,1
DA:51,1
DA:52,1
DA:53,1
DA:54,1
DA:55,1
DA:56,2
DA:57,2
DA:58,2
DA:59,1
DA:60,1
DA:61,1
DA:62,1
DA:63,1
DA:64,1
DA:65,1
DA:66,1
DA:67,2
DA:68,2
LF:68
LH:68
BRDA:1,0,0,1
BRDA:7,1,0,3
BRDA:9,2,0,1
BRDA:17,3,0,2
BRDA:17,4,0,1
BRDA:26,5,0,6
BRDA:27,6,0,1
BRDA:30,7,0,5
BRDA:32,8,0,2
BRDA:39,9,0,3
BRDA:42,10,0,5
BRDA:55,11,0,2
BRDA:56,12,0,2
BRDA:58,13,0,1
BRF:14
BRH:14
end_of_record
TN:
SF:src/middleware/logger.js
FN:8,withLogger
FNF:1
FNH:1
FNDA:7,withLogger
DA:1,1
DA:2,1
DA:3,1
DA:4,1
DA:5,1
DA:6,1
DA:7,1
DA:8,1
DA:9,7
DA:10,7
DA:11,7
DA:12,7
DA:13,7
DA:14,7
DA:15,7
DA:16,7
DA:17,6
DA:18,6
DA:19,6
DA:20,6
DA:21,6
DA:22,6
DA:23,7
DA:24,7
DA:25,7
DA:26,6
DA:27,6
DA:28,6
DA:29,6
DA:30,6
DA:31,6
DA:32,7
DA:33,7
DA:34,7
DA:35,7
DA:36,7
DA:37,7
DA:38,7
DA:39,7
DA:40,7
DA:41,7
DA:42,7
DA:43,7
DA:44,1
DA:45,1
DA:46,1
DA:47,1
DA:48,1
DA:49,1
DA:50,7
DA:51,7
DA:52,7
DA:53,7
DA:54,6
DA:55,6
DA:56,6
DA:57,6
DA:58,6
DA:59,6
DA:60,6
DA:61,5
DA:62,5
DA:63,5
DA:64,5
DA:65,5
DA:66,6
DA:67,6
DA:68,6
DA:69,6
DA:70,6
DA:71,6
DA:72,6
DA:73,7
DA:74,1
DA:75,1
DA:76,1
DA:77,1
DA:78,1
DA:79,1
DA:80,1
DA:81,1
DA:82,1
DA:83,1
DA:84,1
DA:85,1
DA:86,1
DA:87,7
DA:88,0
DA:89,0
DA:90,0
DA:91,0
DA:92,0
DA:93,0
DA:94,0
DA:95,0
DA:96,7
DA:97,7
LF:97
LH:89
BRDA:1,0,0,1
BRDA:8,1,0,7
BRDA:9,2,0,7
BRDA:12,3,0,6
BRDA:12,4,0,1
BRDA:13,5,0,6
BRDA:13,6,0,1
BRDA:16,7,0,6
BRDA:18,8,0,0
BRDA:20,9,0,1
BRDA:21,10,0,0
BRDA:25,11,0,6
BRDA:43,12,0,6
BRDA:43,13,0,1
BRDA:46,14,0,0
BRDA:53,15,0,6
BRDA:60,16,0,5
BRDA:73,17,0,1
BRDA:87,18,0,0
BRF:19
BRH:15
end_of_record
TN:
SF:src/middleware/validate.js
FN:7,validateBody
FN:46,validateQuery
FNF:2
FNH:2
FNDA:4,validateBody
FNDA:3,validateQuery
DA:1,1
DA:2,1
DA:3,1
DA:4,1
DA:5,1
DA:6,1
DA:7,1
DA:8,4
DA:9,4
DA:10,4
DA:11,3
DA:12,3
DA:13,4
DA:14,1
DA:15,1
DA:16,1
DA:17,1
DA:18,1
DA:19,1
DA:20,1
DA:21,1
DA:22,1
DA:23,1
DA:24,1
DA:25,1
DA:26,1
DA:27,2
DA:28,2
DA:29,2
DA:30,4
DA:31,1
DA:32,1
DA:33,1
DA:34,1
DA:35,1
DA:36,1
DA:37,1
DA:38,1
DA:39,1
DA:40,4
DA:41,4
DA:42,1
DA:43,1
DA:44,1
DA:45,1
DA:46,1
DA:47,3
DA:48,3
DA:49,3
DA:50,3
DA:51,3
DA:52,3
DA:53,3
DA:54,3
DA:55,3
DA:56,3
DA:57,3
DA:58,3
DA:59,1
DA:60,1
DA:61,1
DA:62,1
DA:63,1
DA:64,1
DA:65,1
DA:66,1
DA:67,1
DA:68,1
DA:69,1
DA:70,1
DA:71,1
DA:72,2
DA:73,2
DA:74,2
DA:75,3
DA:76,3
LF:76
LH:76
BRDA:1,0,0,1
BRDA:7,1,0,4
BRDA:8,2,0,4
BRDA:11,3,0,3
BRDA:13,4,0,1
BRDA:27,5,0,2
BRDA:30,6,0,1
BRDA:18,7,0,1
BRDA:46,8,0,3
BRDA:47,9,0,3
BRDA:58,10,0,1
BRDA:72,11,0,2
BRDA:63,12,0,1
BRF:13
BRH:13
end_of_record
TN:
SF:src/routers/checkout.js
FNF:0
FNH:0
DA:1,1
DA:2,1
DA:3,1
DA:4,1
DA:5,1
DA:6,1
DA:7,1
DA:8,1
DA:9,1
DA:10,1
DA:11,1
DA:12,1
DA:13,1
DA:14,1
DA:15,1
DA:16,1
DA:17,1
DA:18,1
DA:19,1
DA:20,1
DA:21,1
DA:22,1
DA:23,1
DA:24,1
DA:25,1
DA:26,1
DA:27,3
DA:28,3
DA:29,3
DA:30,3
DA:31,3
DA:32,3
DA:33,3
DA:34,3
DA:35,3
DA:36,3
DA:37,3
DA:38,0
DA:39,0
DA:40,0
DA:41,0
DA:42,0
DA:43,0
DA:44,0
DA:45,0
DA:46,0
DA:47,0
DA:48,0
DA:49,0
DA:50,0
DA:51,0
DA:52,0
DA:53,0
DA:54,0
DA:55,0
DA:56,0
DA:57,0
DA:58,0
DA:59,0
DA:60,0
DA:61,0
DA:62,0
DA:63,0
DA:64,0
DA:65,0
DA:66,0
DA:67,0
DA:68,0
DA:69,3
DA:70,3
DA:71,0
DA:72,0
DA:73,0
DA:74,0
DA:75,0
DA:76,0
DA:77,3
DA:78,1
DA:79,1
DA:80,1
DA:81,1
DA:82,1
DA:83,1
DA:84,1
DA:85,1
DA:86,1
DA:87,1
DA:88,0
DA:89,0
DA:90,0
DA:91,0
DA:92,0
DA:93,0
DA:94,0
DA:95,0
DA:96,0
DA:97,0
DA:98,0
DA:99,0
DA:100,0
DA:101,0
DA:102,0
DA:103,0
DA:104,0
DA:105,0
DA:106,0
DA:107,0
DA:108,0
DA:109,0
DA:110,0
DA:111,0
DA:112,0
DA:113,0
DA:114,0
DA:115,0
DA:116,0
DA:117,0
DA:118,0
DA:119,0
DA:120,0
DA:121,0
DA:122,0
DA:123,0
DA:124,0
DA:125,0
DA:126,0
DA:127,0
DA:128,0
DA:129,0
DA:130,0
DA:131,0
DA:132,0
DA:133,0
DA:134,0
DA:135,0
DA:136,0
DA:137,0
DA:138,0
DA:139,1
DA:140,1
DA:141,1
DA:142,1
DA:143,1
DA:144,0
DA:145,0
DA:146,0
DA:147,0
DA:148,0
DA:149,0
DA:150,0
DA:151,0
DA:152,0
DA:153,0
DA:154,0
DA:155,0
DA:156,0
DA:157,0
DA:158,0
DA:159,0
DA:160,0
DA:161,0
DA:162,0
DA:163,0
DA:164,0
DA:165,0
DA:166,0
DA:167,0
DA:168,0
DA:169,0
DA:170,0
DA:171,0
DA:172,0
DA:173,0
DA:174,0
DA:175,0
DA:176,0
DA:177,0
DA:178,0
DA:179,0
DA:180,0
DA:181,0
DA:182,0
DA:183,0
DA:184,0
DA:185,0
DA:186,0
DA:187,0
DA:188,0
DA:189,0
DA:190,0
DA:191,0
DA:192,0
DA:193,0
DA:194,0
DA:195,1
DA:196,1
DA:197,1
DA:198,1
DA:199,1
DA:200,1
DA:201,1
DA:202,1
DA:203,1
DA:204,1
DA:205,0
DA:206,0
DA:207,0
DA:208,0
DA:209,0
DA:210,0
DA:211,0
DA:212,0
DA:213,0
DA:214,0
DA:215,0
DA:216,0
DA:217,0
DA:218,0
DA:219,0
DA:220,0
DA:221,0
DA:222,0
DA:223,0
DA:224,0
DA:225,0
DA:226,0
DA:227,0
DA:228,0
DA:229,0
DA:230,0
DA:231,0
DA:232,0
DA:233,0
DA:234,0
DA:235,0
DA:236,0
DA:237,0
DA:238,0
DA:239,0
DA:240,0
DA:241,0
DA:242,0
DA:243,0
DA:244,0
DA:245,0
DA:246,0
DA:247,0
DA:248,0
DA:249,0
DA:250,0
DA:251,0
DA:252,0
DA:253,0
DA:254,0
DA:255,0
DA:256,1
DA:257,1
DA:258,1
DA:259,1
DA:260,1
DA:261,1
DA:262,1
DA:263,1
DA:264,1
DA:265,1
DA:266,1
DA:267,1
DA:268,2
DA:269,2
DA:270,2
DA:271,2
DA:272,2
DA:273,2
DA:274,2
DA:275,2
DA:276,2
DA:277,2
DA:278,2
DA:279,0
DA:280,0
DA:281,0
DA:282,0
DA:283,0
DA:284,0
DA:285,0
DA:286,0
DA:287,0
DA:288,0
DA:289,0
DA:290,0
DA:291,0
DA:292,0
DA:293,0
DA:294,0
DA:295,0
DA:296,0
DA:297,0
DA:298,0
DA:299,0
DA:300,0
DA:301,0
DA:302,0
DA:303,0
DA:304,0
DA:305,0
DA:306,0
DA:307,0
DA:308,0
DA:309,0
DA:310,2
DA:311,2
DA:312,0
DA:313,0
DA:314,0
DA:315,0
DA:316,0
DA:317,0
DA:318,2
DA:319,1
DA:320,1
DA:321,1
DA:322,1
DA:323,1
DA:324,1
DA:325,1
DA:326,1
DA:327,1
DA:328,1
DA:329,1
DA:330,1
DA:331,1
DA:332,1
DA:333,1
DA:334,4
DA:335,4
DA:336,4
DA:337,4
DA:338,4
DA:339,4
DA:340,4
DA:341,4
DA:342,4
DA:343,4
DA:344,4
DA:345,0
DA:346,0
DA:347,0
DA:348,0
DA:349,0
DA:350,0
DA:351,0
DA:352,0
DA:353,0
DA:354,0
DA:355,0
DA:356,0
DA:357,0
DA:358,0
DA:359,0
DA:360,0
DA:361,0
DA:362,0
DA:363,0
DA:364,0
DA:365,0
DA:366,0
DA:367,0
DA:368,0
DA:369,0
DA:370,0
DA:371,0
DA:372,0
DA:373,0
DA:374,0
DA:375,0
DA:376,4
DA:377,4
DA:378,0
DA:379,0
DA:380,0
DA:381,0
DA:382,0
DA:383,0
DA:384,4
DA:385,1
DA:386,1
DA:387,1
DA:388,1
DA:389,1
DA:390,1
DA:391,1
DA:392,1
DA:393,1
DA:394,1
DA:395,2
DA:396,2
DA:397,2
DA:398,2
DA:399,0
DA:400,0
DA:401,0
DA:402,0
DA:403,0
DA:404,0
DA:405,2
DA:406,1
DA:407,1
DA:408,1
DA:409,1
DA:410,1
DA:411,1
DA:412,1
DA:413,1
DA:414,1
DA:415,1
DA:416,1
DA:417,1
DA:418,1
DA:419,1
LF:419
LH:149
BRDA:1,0,0,1
BRDA:17,1,0,1
BRDA:26,2,0,3
BRDA:29,3,0,0
BRDA:38,4,0,0
BRDA:70,5,0,0
BRDA:81,6,0,1
BRDA:82,7,0,0
BRDA:198,8,0,1
BRDA:199,9,0,0
BRDA:259,10,0,1
BRDA:260,11,0,0
BRDA:267,12,0,2
BRDA:270,13,0,0
BRDA:279,14,0,0
BRDA:311,15,0,0
BRDA:322,16,0,1
BRDA:323,17,0,0
BRDA:327,18,0,1
BRDA:328,19,0,0
BRDA:333,20,0,4
BRDA:336,21,0,0
BRDA:345,22,0,0
BRDA:377,23,0,0
BRDA:388,24,0,1
BRDA:389,25,0,0
BRDA:394,26,0,2
BRDA:397,27,0,0
BRDA:398,28,0,0
BRDA:409,29,0,1
BRF:30
BRH:13
end_of_record
TN:
SF:src/services/checkoutService.js
FN:26,getCartFromCartWorker
FN:63,getPriceFromPricingWorker
FN:106,calculateDeliveryDate
FN:122,updateCheckoutSessionPaymentStatus
FN:170,createSession
FN:206,getSession
FN:240,setDeliveryAddress
FN:287,setBillingAddress
FN:319,getAvailableShippingMethods
FN:356,selectShippingMethod
FN:397,getSummary
FN:521,createShippingMethodService
FN:535,updateShippingMethodService
FN:549,deleteShippingMethodService
FN:563,getAllShippingMethodsService
FN:576,getShippingMethodByIdService
FNF:16
FNH:16
FNDA:7,getCartFromCartWorker
FNDA:4,getPriceFromPricingWorker
FNDA:1,calculateDeliveryDate
FNDA:4,updateCheckoutSessionPaymentStatus
FNDA:7,createSession
FNDA:7,getSession
FNDA:1,setDeliveryAddress
FNDA:1,setBillingAddress
FNDA:7,getAvailableShippingMethods
FNDA:4,selectShippingMethod
FNDA:15,getSummary
FNDA:3,createShippingMethodService
FNDA:3,updateShippingMethodService
FNDA:4,deleteShippingMethodService
FNDA:4,getAllShippingMethodsService
FNDA:5,getShippingMethodByIdService
DA:1,1
DA:2,1
DA:3,1
DA:4,1
DA:5,1
DA:6,1
DA:7,1
DA:8,1
DA:9,1
DA:10,1
DA:11,1
DA:12,1
DA:13,1
DA:14,1
DA:15,1
DA:16,1
DA:17,1
DA:18,1
DA:19,1
DA:20,1
DA:21,1
DA:22,1
DA:23,1
DA:24,1
DA:25,1
DA:26,7
DA:27,7
DA:28,7
DA:29,7
DA:30,0
DA:31,0
DA:32,7
DA:33,7
DA:34,7
DA:35,7
DA:36,7
DA:37,7
DA:38,7
DA:39,7
DA:40,7
DA:41,7
DA:42,7
DA:43,7
DA:44,7
DA:45,7
DA:46,7
DA:47,7
DA:48,7
DA:49,7
DA:50,2
DA:51,2
DA:52,5
DA:53,5
DA:54,7
DA:55,2
DA:56,2
DA:57,2
DA:58,7
DA:59,1
DA:60,1
DA:61,1
DA:62,1
DA:63,4
DA:64,4
DA:65,4
DA:66,4
DA:67,0
DA:68,0
DA:69,0
DA:70,4
DA:71,4
DA:72,4
DA:73,4
DA:74,4
DA:75,4
DA:76,4
DA:77,4
DA:78,4
DA:79,4
DA:80,4
DA:81,4
DA:82,4
DA:83,4
DA:84,4
DA:85,4
DA:86,4
DA:87,4
DA:88,1
DA:89,1
DA:90,1
DA:91,1
DA:92,1
DA:93,1
DA:94,3
DA:95,3
DA:96,4
DA:97,4
DA:98,0
DA:99,0
DA:100,0
DA:101,4
DA:102,1
DA:103,1
DA:104,1
DA:105,1
DA:106,1
DA:107,1
DA:108,1
DA:109,1
DA:110,1
DA:111,1
DA:112,1
DA:113,1
DA:114,1
DA:115,1
DA:116,1
DA:117,1
DA:118,1
DA:119,1
DA:120,1
DA:121,1
DA:122,1
DA:123,4
DA:124,4
DA:125,4
DA:126,0
DA:127,0
DA:128,3
DA:129,3
DA:130,3
DA:131,4
DA:132,0
DA:133,4
DA:134,3
DA:135,3
DA:136,3
DA:137,3
DA:138,3
DA:139,3
DA:140,0
DA:141,0
DA:142,3
DA:143,3
DA:144,3
DA:145,3
DA:146,3
DA:147,3
DA:148,3
DA:149,3
DA:150,3
DA:151,3
DA:152,3
DA:153,3
DA:154,3
DA:155,3
DA:156,3
DA:157,3
DA:158,3
DA:159,3
DA:160,3
DA:161,4
DA:162,1
DA:163,1
DA:164,1
DA:165,4
DA:166,1
DA:167,1
DA:168,1
DA:169,1
DA:170,1
DA:171,7
DA:172,7
DA:173,7
DA:174,7
DA:175,0
DA:176,0
DA:177,5
DA:178,7
DA:179,2
DA:180,2
DA:181,3
DA:182,3
DA:183,3
DA:184,3
DA:185,3
DA:186,3
DA:187,3
DA:188,3
DA:189,3
DA:190,3
DA:191,3
DA:192,3
DA:193,3
DA:194,3
DA:195,3
DA:196,3
DA:197,7
DA:198,4
DA:199,4
DA:200,4
DA:201,7
DA:202,1
DA:203,1
DA:204,1
DA:205,1
DA:206,1
DA:207,7
DA:208,7
DA:209,7
DA:210,3
DA:211,3
DA:212,3
DA:213,3
DA:214,3
DA:215,7
DA:216,7
DA:217,7
DA:218,7
DA:219,7
DA:220,7
DA:221,7
DA:222,7
DA:223,7
DA:224,7
DA:225,7
DA:226,7
DA:227,7
DA:228,7
DA:229,7
DA:230,7
DA:231,7
DA:232,1
DA:233,1
DA:234,1
DA:235,7
DA:236,1
DA:237,1
DA:238,1
DA:239,1
DA:240,1
DA:241,1
DA:242,1
DA:243,1
DA:244,1
DA:245,1
DA:246,0
DA:247,0
DA:248,0
DA:249,0
DA:250,0
DA:251,0
DA:252,0
DA:253,0
DA:254,0
DA:255,0
DA:256,0
DA:257,0
DA:258,0
DA:259,0
DA:260,0
DA:261,0
DA:262,0
DA:263,0
DA:264,0
DA:265,0
DA:266,0
DA:267,0
DA:268,0
DA:269,0
DA:270,0
DA:271,0
DA:272,0
DA:273,0
DA:274,0
DA:275,0
DA:276,0
DA:277,0
DA:278,1
DA:279,1
DA:280,1
DA:281,1
DA:282,1
DA:283,1
DA:284,1
DA:285,1
DA:286,1
DA:287,1
DA:288,1
DA:289,1
DA:290,1
DA:291,1
DA:292,1
DA:293,0
DA:294,0
DA:295,0
DA:296,0
DA:297,0
DA:298,0
DA:299,0
DA:300,0
DA:301,0
DA:302,0
DA:303,0
DA:304,0
DA:305,0
DA:306,0
DA:307,0
DA:308,0
DA:309,0
DA:310,1
DA:311,1
DA:312,1
DA:313,1
DA:314,1
DA:315,1
DA:316,1
DA:317,1
DA:318,1
DA:319,1
DA:320,7
DA:321,7
DA:322,7
DA:323,1
DA:324,1
DA:325,6
DA:326,7
DA:327,2
DA:328,2
DA:329,4
DA:330,4
DA:331,7
DA:332,2
DA:333,2
DA:334,2
DA:335,2
DA:336,2
DA:337,2
DA:338,2
DA:339,2
DA:340,2
DA:341,2
DA:342,2
DA:343,2
DA:344,2
DA:345,2
DA:346,2
DA:347,7
DA:348,5
DA:349,5
DA:350,5
DA:351,7
DA:352,1
DA:353,1
DA:354,1
DA:355,1
DA:356,1
DA:357,4
DA:358,4
DA:359,4
DA:360,0
DA:361,0
DA:362,3
DA:363,4
DA:364,1
DA:365,1
DA:366,2
DA:367,2
DA:368,4
DA:369,1
DA:370,1
DA:371,1
DA:372,1
DA:373,1
DA:374,1
DA:375,1
DA:376,1
DA:377,1
DA:378,1
DA:379,1
DA:380,1
DA:381,1
DA:382,1
DA:383,1
DA:384,1
DA:385,1
DA:386,1
DA:387,1
DA:388,4
DA:389,3
DA:390,3
DA:391,3
DA:392,4
DA:393,1
DA:394,1
DA:395,1
DA:396,1
DA:397,1
DA:398,15
DA:399,15
DA:400,15
DA:401,2
DA:402,2
DA:403,13
DA:404,15
DA:405,1
DA:406,1
DA:407,15
DA:408,1
DA:409,1
DA:410,11
DA:411,11
DA:412,11
DA:413,11
DA:414,15
DA:415,15
DA:416,15
DA:417,11
DA:418,11
DA:419,11
DA:420,11
DA:421,11
DA:422,11
DA:423,11
DA:424,11
DA:425,11
DA:426,11
DA:427,11
DA:428,11
DA:429,4
DA:430,4
DA:431,4
DA:432,4
DA:433,4
DA:434,4
DA:435,4
DA:436,11
DA:437,7
DA:438,7
DA:439,7
DA:440,4
DA:441,7
DA:442,3
DA:443,3
DA:444,3
DA:445,3
DA:446,3
DA:447,3
DA:448,3
DA:449,3
DA:450,7
DA:451,11
DA:452,11
DA:453,11
DA:454,15
DA:455,7
DA:456,0
DA:457,0
DA:458,7
DA:459,7
DA:460,4
DA:461,4
DA:462,4
DA:463,4
DA:464,4
DA:465,4
DA:466,4
DA:467,4
DA:468,4
DA:469,4
DA:470,4
DA:471,4
DA:472,4
DA:473,4
DA:474,4
DA:475,4
DA:476,4
DA:477,4
DA:478,15
DA:479,15
DA:480,15
DA:481,15
DA:482,15
DA:483,15
DA:484,15
DA:485,15
DA:486,15
DA:487,15
DA:488,15
DA:489,15
DA:490,4
DA:491,4
DA:492,4
DA:493,4
DA:494,4
DA:495,4
DA:496,4
DA:497,4
DA:498,4
DA:499,4
DA:500,4
DA:501,4
DA:502,4
DA:503,15
DA:504,15
DA:505,15
DA:506,15
DA:507,15
DA:508,15
DA:509,15
DA:510,15
DA:511,11
DA:512,11
DA:513,11
DA:514,15
DA:515,1
DA:516,1
DA:517,1
DA:518,1
DA:519,1
DA:520,1
DA:521,1
DA:522,3
DA:523,3
DA:524,2
DA:525,2
DA:526,3
DA:527,1
DA:528,1
DA:529,1
DA:530,3
DA:531,1
DA:532,1
DA:533,1
DA:534,1
DA:535,1
DA:536,3
DA:537,3
DA:538,2
DA:539,2
DA:540,3
DA:541,1
DA:542,1
DA:543,1
DA:544,3
DA:545,1
DA:546,1
DA:547,1
DA:548,1
DA:549,1
DA:550,4
DA:551,4
DA:552,2
DA:553,2
DA:554,2
DA:555,2
DA:556,2
DA:557,2
DA:558,4
DA:559,1
DA:560,1
DA:561,1
DA:562,1
DA:563,1
DA:564,4
DA:565,4
DA:566,3
DA:567,4
DA:568,1
DA:569,1
DA:570,1
DA:571,4
DA:572,1
DA:573,1
DA:574,1
DA:575,1
DA:576,1
DA:577,5
DA:578,5
DA:579,5
DA:580,3
DA:581,3
DA:582,2
DA:583,5
DA:584,3
DA:585,3
DA:586,3
DA:587,5
LF:587
LH:519
BRDA:1,0,0,1
BRDA:26,1,0,7
BRDA:29,2,0,0
BRDA:49,3,0,2
BRDA:52,4,0,5
BRDA:54,5,0,2
BRDA:63,6,0,4
BRDA:66,7,0,0
BRDA:87,8,0,1
BRDA:94,9,0,3
BRDA:96,10,0,0
BRDA:96,11,0,0
BRDA:97,12,0,0
BRDA:106,13,0,1
BRDA:122,14,0,4
BRDA:125,15,0,3
BRDA:125,16,0,0
BRDA:128,17,0,3
BRDA:131,18,0,0
BRDA:133,19,0,3
BRDA:133,20,0,2
BRDA:139,21,0,0
BRDA:161,22,0,1
BRDA:170,23,0,7
BRDA:174,24,0,5
BRDA:174,25,0,0
BRDA:177,26,0,5
BRDA:178,27,0,2
BRDA:181,28,0,3
BRDA:197,29,0,4
BRDA:186,30,0,3
BRDA:189,31,0,0
BRDA:190,32,0,0
BRDA:206,33,0,7
BRDA:209,34,0,6
BRDA:209,35,0,3
BRDA:215,36,0,1
BRDA:216,37,0,2
BRDA:218,38,0,1
BRDA:219,39,0,2
BRDA:221,40,0,1
BRDA:222,41,0,2
BRDA:231,42,0,1
BRDA:240,43,0,1
BRDA:246,44,0,0
BRDA:287,45,0,1
BRDA:293,46,0,0
BRDA:319,47,0,7
BRDA:322,48,0,1
BRDA:325,49,0,6
BRDA:326,50,0,2
BRDA:329,51,0,4
BRDA:331,52,0,2
BRDA:347,53,0,5
BRDA:337,54,0,2
BRDA:356,55,0,4
BRDA:359,56,0,3
BRDA:359,57,0,0
BRDA:362,58,0,3
BRDA:363,59,0,1
BRDA:366,60,0,2
BRDA:368,61,0,1
BRDA:388,62,0,3
BRDA:397,63,0,15
BRDA:400,64,0,2
BRDA:403,65,0,13
BRDA:404,66,0,1
BRDA:407,67,0,12
BRDA:407,68,0,1
BRDA:410,69,0,11
BRDA:414,70,0,1
BRDA:415,71,0,10
BRDA:417,72,0,11
BRDA:428,73,0,4
BRDA:436,74,0,7
BRDA:439,75,0,4
BRDA:441,76,0,3
BRDA:447,77,0,0
BRDA:454,78,0,7
BRDA:455,79,0,0
BRDA:460,80,0,4
BRDA:466,81,0,1
BRDA:478,82,0,0
BRDA:490,83,0,4
BRDA:503,84,0,0
BRDA:510,85,0,11
BRDA:521,86,0,3
BRDA:524,87,0,2
BRDA:526,88,0,1
BRDA:535,89,0,3
BRDA:538,90,0,2
BRDA:540,91,0,1
BRDA:549,92,0,4
BRDA:552,93,0,2
BRDA:563,94,0,4
BRDA:566,95,0,3
BRDA:567,96,0,1
BRDA:576,97,0,5
BRDA:579,98,0,3
BRDA:582,99,0,2
BRDA:583,100,0,3
BRF:101
BRH:83
end_of_record
TN:
SF:src/utils/logger.js
FN:11,addLogToSpan
FN:45,logger
FN:72,logError
FN:104,logWarn
FN:127,logInfo
FNF:5
FNH:5
FNDA:130,addLogToSpan
FNDA:39,logger
FNDA:87,logError
FNDA:2,logWarn
FNDA:2,logInfo
DA:1,1
DA:2,1
DA:3,1
DA:4,1
DA:5,1
DA:6,1
DA:7,1
DA:8,1
DA:9,1
DA:10,1
DA:11,130
DA:12,130
DA:13,6
DA:14,6
DA:15,6
DA:16,6
DA:17,6
DA:18,6
DA:19,6
DA:20,6
DA:21,6
DA:22,6
DA:23,6
DA:24,6
DA:25,6
DA:26,6
DA:27,6
DA:28,6
DA:29,6
DA:30,6
DA:31,130
DA:32,130
DA:33,6
DA:34,6
DA:35,130
DA:36,130
DA:37,130
DA:38,130
DA:39,130
DA:40,1
DA:41,1
DA:42,1
DA:43,1
DA:44,1
DA:45,1
DA:46,39
DA:47,39
DA:48,39
DA:49,39
DA:50,39
DA:51,39
DA:52,39
DA:53,39
DA:54,39
DA:55,39
DA:56,39
DA:57,39
DA:58,39
DA:59,39
DA:60,39
DA:61,39
DA:62,39
DA:63,39
DA:64,39
DA:65,39
DA:66,39
DA:67,39
DA:68,1
DA:69,1
DA:70,1
DA:71,1
DA:72,1
DA:73,87
DA:74,87
DA:75,87
DA:76,87
DA:77,87
DA:78,87
DA:79,87
DA:80,85
DA:81,85
DA:82,85
DA:83,87
DA:84,87
DA:85,87
DA:86,87
DA:87,87
DA:88,87
DA:89,87
DA:90,87
DA:91,87
DA:92,1
DA:93,1
DA:94,87
DA:95,1
DA:96,1
DA:97,87
DA:98,87
DA:99,87
DA:100,1
DA:101,1
DA:102,1
DA:103,1
DA:104,1
DA:105,2
DA:106,2
DA:107,2
DA:108,2
DA:109,2
DA:110,2
DA:111,2
DA:112,2
DA:113,2
DA:114,2
DA:115,2
DA:116,2
DA:117,2
DA:118,2
DA:119,2
DA:120,2
DA:121,2
DA:122,2
DA:123,1
DA:124,1
DA:125,1
DA:126,1
DA:127,1
DA:128,2
DA:129,2
DA:130,2
DA:131,2
DA:132,2
DA:133,2
DA:134,2
DA:135,2
DA:136,2
DA:137,2
DA:138,2
DA:139,2
DA:140,2
DA:141,2
DA:142,2
DA:143,2
DA:144,2
DA:145,2
LF:145
LH:145
BRDA:1,0,0,1
BRDA:11,1,0,130
BRDA:12,2,0,124
BRDA:13,3,0,6
BRDA:31,4,0,4
BRDA:32,5,0,6
BRDA:32,6,0,2
BRDA:33,7,0,6
BRDA:35,8,0,4
BRDA:35,9,0,0
BRDA:45,10,0,39
BRDA:72,11,0,87
BRDA:79,12,0,85
BRDA:83,13,0,2
BRDA:91,14,0,2
BRDA:91,15,0,1
BRDA:94,16,0,86
BRDA:94,17,0,1
BRDA:104,18,0,2
BRDA:106,19,0,1
BRDA:106,20,0,1
BRDA:107,21,0,1
BRDA:107,22,0,1
BRDA:127,23,0,2
BRDA:129,24,0,1
BRDA:129,25,0,1
BRDA:130,26,0,1
BRDA:130,27,0,1
BRF:28
BRH:27
end_of_record
TN:
SF:src/utils/tracing.js
FN:5,resolveConfig
FNF:1
FNH:1
FNDA:8,resolveConfig
DA:1,1
DA:2,1
DA:3,1
DA:4,1
DA:5,1
DA:6,8
DA:7,8
DA:8,8
DA:9,8
DA:10,8
DA:11,8
DA:12,8
DA:13,8
DA:14,8
DA:15,8
DA:16,8
DA:17,8
DA:18,8
DA:19,8
DA:20,8
DA:21,8
DA:22,8
DA:23,8
DA:24,8
DA:25,8
DA:26,8
DA:27,8
DA:28,8
DA:29,8
DA:30,8
DA:31,8
DA:32,8
DA:33,8
DA:34,8
DA:35,8
LF:35
LH:35
BRDA:1,0,0,1
BRDA:5,1,0,8
BRDA:7,2,0,7
BRDA:8,3,0,7
BRDA:8,4,0,6
BRDA:9,5,0,7
BRF:6
BRH:6
end_of_record
TN:
SF:src/utils/validators.js
FN:37,validateAddress
FN:41,validateSetDeliveryAddress
FN:45,validateSetBillingAddress
FN:49,validateSelectShippingMethod
FN:53,validateCreateCheckoutSession
FN:57,validateSessionId
FN:61,validateCartId
FN:93,validateShippingMethod
FN:97,validateShippingMethodUpdate
FN:101,validateShippingMethodId
FNF:10
FNH:10
FNDA:3,validateAddress
FNDA:1,validateSetDeliveryAddress
FNDA:1,validateSetBillingAddress
FNDA:2,validateSelectShippingMethod
FNDA:2,validateCreateCheckoutSession
FNDA:20,validateSessionId
FNDA:7,validateCartId
FNDA:5,validateShippingMethod
FNDA:5,validateShippingMethodUpdate
FNDA:14,validateShippingMethodId
DA:1,1
DA:2,1
DA:3,1
DA:4,1
DA:5,1
DA:6,1
DA:7,1
DA:8,1
DA:9,1
DA:10,1
DA:11,1
DA:12,1
DA:13,1
DA:14,1
DA:15,1
DA:16,1
DA:17,1
DA:18,1
DA:19,1
DA:20,1
DA:21,1
DA:22,1
DA:23,1
DA:24,1
DA:25,1
DA:26,1
DA:27,1
DA:28,1
DA:29,1
DA:30,1
DA:31,1
DA:32,1
DA:33,1
DA:34,1
DA:35,1
DA:36,1
DA:37,1
DA:38,3
DA:39,3
DA:40,1
DA:41,1
DA:42,1
DA:43,1
DA:44,1
DA:45,1
DA:46,1
DA:47,1
DA:48,1
DA:49,1
DA:50,2
DA:51,2
DA:52,1
DA:53,1
DA:54,2
DA:55,2
DA:56,1
DA:57,1
DA:58,20
DA:59,20
DA:60,1
DA:61,1
DA:62,7
DA:63,7
DA:64,1
DA:65,1
DA:66,1
DA:67,1
DA:68,1
DA:69,1
DA:70,1
DA:71,1
DA:72,1
DA:73,1
DA:74,1
DA:75,1
DA:76,1
DA:77,1
DA:78,1
DA:79,1
DA:80,1
DA:81,1
DA:82,1
DA:83,1
DA:84,1
DA:85,1
DA:86,1
DA:87,1
DA:88,1
DA:89,1
DA:90,1
DA:91,1
DA:92,1
DA:93,1
DA:94,5
DA:95,5
DA:96,1
DA:97,1
DA:98,5
DA:99,5
DA:100,1
DA:101,1
DA:102,14
DA:103,14
LF:103
LH:103
BRDA:1,0,0,1
BRDA:37,1,0,3
BRDA:41,2,0,1
BRDA:45,3,0,1
BRDA:49,4,0,2
BRDA:53,5,0,2
BRDA:57,6,0,20
BRDA:61,7,0,7
BRDA:93,8,0,5
BRDA:97,9,0,5
BRDA:101,10,0,14
BRF:11
BRH:11
end_of_record
